<?xml version="1.0" ?>
<testsuites disabled="0" errors="0" failures="1" tests="16" time="442.3561017513275">
	<testsuite disabled="0" errors="0" failures="1" name="lbry_publish-3tz0o2k6" skipped="0" tests="16" time="442.3561017513275">
		<testcase name="[testhost] testhost: Gathering Facts gather_subset=['all'], gather_timeout=10" time="1.942307">
			<system-out>{
&quot;ansible_facts&quot;: {
&quot;ansible_apparmor&quot;: {
&quot;status&quot;: &quot;disabled&quot;
},
&quot;ansible_architecture&quot;: &quot;x86_64&quot;,
&quot;ansible_bios_date&quot;: &quot;03/14/2014&quot;,
&quot;ansible_bios_vendor&quot;: &quot;BHYVE&quot;,
&quot;ansible_bios_version&quot;: &quot;1.00&quot;,
&quot;ansible_board_asset_tag&quot;: &quot;NA&quot;,
&quot;ansible_board_name&quot;: &quot;NA&quot;,
&quot;ansible_board_serial&quot;: &quot;NA&quot;,
&quot;ansible_board_vendor&quot;: &quot;NA&quot;,
&quot;ansible_board_version&quot;: &quot;NA&quot;,
&quot;ansible_chassis_asset_tag&quot;: &quot;None&quot;,
&quot;ansible_chassis_serial&quot;: &quot;None&quot;,
&quot;ansible_chassis_vendor&quot;: &quot;NA&quot;,
&quot;ansible_chassis_version&quot;: &quot;1.0&quot;,
&quot;ansible_cmdline&quot;: {
&quot;console&quot;: &quot;ttyS1&quot;,
&quot;earlyprintk&quot;: &quot;serial&quot;,
&quot;mitigations&quot;: &quot;off&quot;,
&quot;no_stf_barrier&quot;: true,
&quot;noibpb&quot;: true,
&quot;noibrs&quot;: true,
&quot;nospec_store_bypass_disable&quot;: true,
&quot;page_poison&quot;: &quot;1&quot;,
&quot;panic&quot;: &quot;1&quot;,
&quot;vpnkit.connect&quot;: &quot;connect://2/1999&quot;,
&quot;vsyscall&quot;: &quot;emulate&quot;
},
&quot;ansible_date_time&quot;: {
&quot;date&quot;: &quot;2021-09-10&quot;,
&quot;day&quot;: &quot;10&quot;,
&quot;epoch&quot;: &quot;1631271772&quot;,
&quot;hour&quot;: &quot;11&quot;,
&quot;iso8601&quot;: &quot;2021-09-10T11:02:52Z&quot;,
&quot;iso8601_basic&quot;: &quot;20210910T110252858628&quot;,
&quot;iso8601_basic_short&quot;: &quot;20210910T110252&quot;,
&quot;iso8601_micro&quot;: &quot;2021-09-10T11:02:52.858628Z&quot;,
&quot;minute&quot;: &quot;02&quot;,
&quot;month&quot;: &quot;09&quot;,
&quot;second&quot;: &quot;52&quot;,
&quot;time&quot;: &quot;11:02:52&quot;,
&quot;tz&quot;: &quot;UTC&quot;,
&quot;tz_offset&quot;: &quot;+0000&quot;,
&quot;weekday&quot;: &quot;Friday&quot;,
&quot;weekday_number&quot;: &quot;5&quot;,
&quot;weeknumber&quot;: &quot;36&quot;,
&quot;year&quot;: &quot;2021&quot;
},
&quot;ansible_device_links&quot;: {
&quot;ids&quot;: {},
&quot;labels&quot;: {},
&quot;masters&quot;: {},
&quot;uuids&quot;: {}
},
&quot;ansible_devices&quot;: {
&quot;loop0&quot;: {
&quot;holders&quot;: [],
&quot;host&quot;: &quot;&quot;,
&quot;links&quot;: {
&quot;ids&quot;: [],
&quot;labels&quot;: [],
&quot;masters&quot;: [],
&quot;uuids&quot;: []
},
&quot;model&quot;: null,
&quot;partitions&quot;: {},
&quot;removable&quot;: &quot;0&quot;,
&quot;rotational&quot;: &quot;1&quot;,
&quot;sas_address&quot;: null,
&quot;sas_device_handle&quot;: null,
&quot;scheduler_mode&quot;: &quot;mq-deadline&quot;,
&quot;sectors&quot;: &quot;0&quot;,
&quot;sectorsize&quot;: &quot;512&quot;,
&quot;size&quot;: &quot;0.00 Bytes&quot;,
&quot;support_discard&quot;: &quot;0&quot;,
&quot;vendor&quot;: null,
&quot;virtual&quot;: 1
},
&quot;loop1&quot;: {
&quot;holders&quot;: [],
&quot;host&quot;: &quot;&quot;,
&quot;links&quot;: {
&quot;ids&quot;: [],
&quot;labels&quot;: [],
&quot;masters&quot;: [],
&quot;uuids&quot;: []
},
&quot;model&quot;: null,
&quot;partitions&quot;: {},
&quot;removable&quot;: &quot;0&quot;,
&quot;rotational&quot;: &quot;1&quot;,
&quot;sas_address&quot;: null,
&quot;sas_device_handle&quot;: null,
&quot;scheduler_mode&quot;: &quot;mq-deadline&quot;,
&quot;sectors&quot;: &quot;0&quot;,
&quot;sectorsize&quot;: &quot;512&quot;,
&quot;size&quot;: &quot;0.00 Bytes&quot;,
&quot;support_discard&quot;: &quot;0&quot;,
&quot;vendor&quot;: null,
&quot;virtual&quot;: 1
},
&quot;loop2&quot;: {
&quot;holders&quot;: [],
&quot;host&quot;: &quot;&quot;,
&quot;links&quot;: {
&quot;ids&quot;: [],
&quot;labels&quot;: [],
&quot;masters&quot;: [],
&quot;uuids&quot;: []
},
&quot;model&quot;: null,
&quot;partitions&quot;: {},
&quot;removable&quot;: &quot;0&quot;,
&quot;rotational&quot;: &quot;1&quot;,
&quot;sas_address&quot;: null,
&quot;sas_device_handle&quot;: null,
&quot;scheduler_mode&quot;: &quot;mq-deadline&quot;,
&quot;sectors&quot;: &quot;0&quot;,
&quot;sectorsize&quot;: &quot;512&quot;,
&quot;size&quot;: &quot;0.00 Bytes&quot;,
&quot;support_discard&quot;: &quot;0&quot;,
&quot;vendor&quot;: null,
&quot;virtual&quot;: 1
},
&quot;loop3&quot;: {
&quot;holders&quot;: [],
&quot;host&quot;: &quot;&quot;,
&quot;links&quot;: {
&quot;ids&quot;: [],
&quot;labels&quot;: [],
&quot;masters&quot;: [],
&quot;uuids&quot;: []
},
&quot;model&quot;: null,
&quot;partitions&quot;: {},
&quot;removable&quot;: &quot;0&quot;,
&quot;rotational&quot;: &quot;1&quot;,
&quot;sas_address&quot;: null,
&quot;sas_device_handle&quot;: null,
&quot;scheduler_mode&quot;: &quot;mq-deadline&quot;,
&quot;sectors&quot;: &quot;0&quot;,
&quot;sectorsize&quot;: &quot;512&quot;,
&quot;size&quot;: &quot;0.00 Bytes&quot;,
&quot;support_discard&quot;: &quot;0&quot;,
&quot;vendor&quot;: null,
&quot;virtual&quot;: 1
},
&quot;loop4&quot;: {
&quot;holders&quot;: [],
&quot;host&quot;: &quot;&quot;,
&quot;links&quot;: {
&quot;ids&quot;: [],
&quot;labels&quot;: [],
&quot;masters&quot;: [],
&quot;uuids&quot;: []
},
&quot;model&quot;: null,
&quot;partitions&quot;: {},
&quot;removable&quot;: &quot;0&quot;,
&quot;rotational&quot;: &quot;1&quot;,
&quot;sas_address&quot;: null,
&quot;sas_device_handle&quot;: null,
&quot;scheduler_mode&quot;: &quot;mq-deadline&quot;,
&quot;sectors&quot;: &quot;0&quot;,
&quot;sectorsize&quot;: &quot;512&quot;,
&quot;size&quot;: &quot;0.00 Bytes&quot;,
&quot;support_discard&quot;: &quot;0&quot;,
&quot;vendor&quot;: null,
&quot;virtual&quot;: 1
},
&quot;loop5&quot;: {
&quot;holders&quot;: [],
&quot;host&quot;: &quot;&quot;,
&quot;links&quot;: {
&quot;ids&quot;: [],
&quot;labels&quot;: [],
&quot;masters&quot;: [],
&quot;uuids&quot;: []
},
&quot;model&quot;: null,
&quot;partitions&quot;: {},
&quot;removable&quot;: &quot;0&quot;,
&quot;rotational&quot;: &quot;1&quot;,
&quot;sas_address&quot;: null,
&quot;sas_device_handle&quot;: null,
&quot;scheduler_mode&quot;: &quot;mq-deadline&quot;,
&quot;sectors&quot;: &quot;0&quot;,
&quot;sectorsize&quot;: &quot;512&quot;,
&quot;size&quot;: &quot;0.00 Bytes&quot;,
&quot;support_discard&quot;: &quot;0&quot;,
&quot;vendor&quot;: null,
&quot;virtual&quot;: 1
},
&quot;loop6&quot;: {
&quot;holders&quot;: [],
&quot;host&quot;: &quot;&quot;,
&quot;links&quot;: {
&quot;ids&quot;: [],
&quot;labels&quot;: [],
&quot;masters&quot;: [],
&quot;uuids&quot;: []
},
&quot;model&quot;: null,
&quot;partitions&quot;: {},
&quot;removable&quot;: &quot;0&quot;,
&quot;rotational&quot;: &quot;1&quot;,
&quot;sas_address&quot;: null,
&quot;sas_device_handle&quot;: null,
&quot;scheduler_mode&quot;: &quot;mq-deadline&quot;,
&quot;sectors&quot;: &quot;0&quot;,
&quot;sectorsize&quot;: &quot;512&quot;,
&quot;size&quot;: &quot;0.00 Bytes&quot;,
&quot;support_discard&quot;: &quot;0&quot;,
&quot;vendor&quot;: null,
&quot;virtual&quot;: 1
},
&quot;loop7&quot;: {
&quot;holders&quot;: [],
&quot;host&quot;: &quot;&quot;,
&quot;links&quot;: {
&quot;ids&quot;: [],
&quot;labels&quot;: [],
&quot;masters&quot;: [],
&quot;uuids&quot;: []
},
&quot;model&quot;: null,
&quot;partitions&quot;: {},
&quot;removable&quot;: &quot;0&quot;,
&quot;rotational&quot;: &quot;1&quot;,
&quot;sas_address&quot;: null,
&quot;sas_device_handle&quot;: null,
&quot;scheduler_mode&quot;: &quot;mq-deadline&quot;,
&quot;sectors&quot;: &quot;0&quot;,
&quot;sectorsize&quot;: &quot;512&quot;,
&quot;size&quot;: &quot;0.00 Bytes&quot;,
&quot;support_discard&quot;: &quot;0&quot;,
&quot;vendor&quot;: null,
&quot;virtual&quot;: 1
},
&quot;nbd0&quot;: {
&quot;holders&quot;: [],
&quot;host&quot;: &quot;&quot;,
&quot;links&quot;: {
&quot;ids&quot;: [],
&quot;labels&quot;: [],
&quot;masters&quot;: [],
&quot;uuids&quot;: []
},
&quot;model&quot;: null,
&quot;partitions&quot;: {},
&quot;removable&quot;: &quot;0&quot;,
&quot;rotational&quot;: &quot;0&quot;,
&quot;sas_address&quot;: null,
&quot;sas_device_handle&quot;: null,
&quot;scheduler_mode&quot;: &quot;mq-deadline&quot;,
&quot;sectors&quot;: &quot;0&quot;,
&quot;sectorsize&quot;: &quot;512&quot;,
&quot;size&quot;: &quot;0.00 Bytes&quot;,
&quot;support_discard&quot;: &quot;0&quot;,
&quot;vendor&quot;: null,
&quot;virtual&quot;: 1
},
&quot;nbd1&quot;: {
&quot;holders&quot;: [],
&quot;host&quot;: &quot;&quot;,
&quot;links&quot;: {
&quot;ids&quot;: [],
&quot;labels&quot;: [],
&quot;masters&quot;: [],
&quot;uuids&quot;: []
},
&quot;model&quot;: null,
&quot;partitions&quot;: {},
&quot;removable&quot;: &quot;0&quot;,
&quot;rotational&quot;: &quot;0&quot;,
&quot;sas_address&quot;: null,
&quot;sas_device_handle&quot;: null,
&quot;scheduler_mode&quot;: &quot;mq-deadline&quot;,
&quot;sectors&quot;: &quot;0&quot;,
&quot;sectorsize&quot;: &quot;512&quot;,
&quot;size&quot;: &quot;0.00 Bytes&quot;,
&quot;support_discard&quot;: &quot;0&quot;,
&quot;vendor&quot;: null,
&quot;virtual&quot;: 1
},
&quot;nbd10&quot;: {
&quot;holders&quot;: [],
&quot;host&quot;: &quot;&quot;,
&quot;links&quot;: {
&quot;ids&quot;: [],
&quot;labels&quot;: [],
&quot;masters&quot;: [],
&quot;uuids&quot;: []
},
&quot;model&quot;: null,
&quot;partitions&quot;: {},
&quot;removable&quot;: &quot;0&quot;,
&quot;rotational&quot;: &quot;0&quot;,
&quot;sas_address&quot;: null,
&quot;sas_device_handle&quot;: null,
&quot;scheduler_mode&quot;: &quot;mq-deadline&quot;,
&quot;sectors&quot;: &quot;0&quot;,
&quot;sectorsize&quot;: &quot;512&quot;,
&quot;size&quot;: &quot;0.00 Bytes&quot;,
&quot;support_discard&quot;: &quot;0&quot;,
&quot;vendor&quot;: null,
&quot;virtual&quot;: 1
},
&quot;nbd11&quot;: {
&quot;holders&quot;: [],
&quot;host&quot;: &quot;&quot;,
&quot;links&quot;: {
&quot;ids&quot;: [],
&quot;labels&quot;: [],
&quot;masters&quot;: [],
&quot;uuids&quot;: []
},
&quot;model&quot;: null,
&quot;partitions&quot;: {},
&quot;removable&quot;: &quot;0&quot;,
&quot;rotational&quot;: &quot;0&quot;,
&quot;sas_address&quot;: null,
&quot;sas_device_handle&quot;: null,
&quot;scheduler_mode&quot;: &quot;mq-deadline&quot;,
&quot;sectors&quot;: &quot;0&quot;,
&quot;sectorsize&quot;: &quot;512&quot;,
&quot;size&quot;: &quot;0.00 Bytes&quot;,
&quot;support_discard&quot;: &quot;0&quot;,
&quot;vendor&quot;: null,
&quot;virtual&quot;: 1
},
&quot;nbd12&quot;: {
&quot;holders&quot;: [],
&quot;host&quot;: &quot;&quot;,
&quot;links&quot;: {
&quot;ids&quot;: [],
&quot;labels&quot;: [],
&quot;masters&quot;: [],
&quot;uuids&quot;: []
},
&quot;model&quot;: null,
&quot;partitions&quot;: {},
&quot;removable&quot;: &quot;0&quot;,
&quot;rotational&quot;: &quot;0&quot;,
&quot;sas_address&quot;: null,
&quot;sas_device_handle&quot;: null,
&quot;scheduler_mode&quot;: &quot;mq-deadline&quot;,
&quot;sectors&quot;: &quot;0&quot;,
&quot;sectorsize&quot;: &quot;512&quot;,
&quot;size&quot;: &quot;0.00 Bytes&quot;,
&quot;support_discard&quot;: &quot;0&quot;,
&quot;vendor&quot;: null,
&quot;virtual&quot;: 1
},
&quot;nbd13&quot;: {
&quot;holders&quot;: [],
&quot;host&quot;: &quot;&quot;,
&quot;links&quot;: {
&quot;ids&quot;: [],
&quot;labels&quot;: [],
&quot;masters&quot;: [],
&quot;uuids&quot;: []
},
&quot;model&quot;: null,
&quot;partitions&quot;: {},
&quot;removable&quot;: &quot;0&quot;,
&quot;rotational&quot;: &quot;0&quot;,
&quot;sas_address&quot;: null,
&quot;sas_device_handle&quot;: null,
&quot;scheduler_mode&quot;: &quot;mq-deadline&quot;,
&quot;sectors&quot;: &quot;0&quot;,
&quot;sectorsize&quot;: &quot;512&quot;,
&quot;size&quot;: &quot;0.00 Bytes&quot;,
&quot;support_discard&quot;: &quot;0&quot;,
&quot;vendor&quot;: null,
&quot;virtual&quot;: 1
},
&quot;nbd14&quot;: {
&quot;holders&quot;: [],
&quot;host&quot;: &quot;&quot;,
&quot;links&quot;: {
&quot;ids&quot;: [],
&quot;labels&quot;: [],
&quot;masters&quot;: [],
&quot;uuids&quot;: []
},
&quot;model&quot;: null,
&quot;partitions&quot;: {},
&quot;removable&quot;: &quot;0&quot;,
&quot;rotational&quot;: &quot;0&quot;,
&quot;sas_address&quot;: null,
&quot;sas_device_handle&quot;: null,
&quot;scheduler_mode&quot;: &quot;mq-deadline&quot;,
&quot;sectors&quot;: &quot;0&quot;,
&quot;sectorsize&quot;: &quot;512&quot;,
&quot;size&quot;: &quot;0.00 Bytes&quot;,
&quot;support_discard&quot;: &quot;0&quot;,
&quot;vendor&quot;: null,
&quot;virtual&quot;: 1
},
&quot;nbd15&quot;: {
&quot;holders&quot;: [],
&quot;host&quot;: &quot;&quot;,
&quot;links&quot;: {
&quot;ids&quot;: [],
&quot;labels&quot;: [],
&quot;masters&quot;: [],
&quot;uuids&quot;: []
},
&quot;model&quot;: null,
&quot;partitions&quot;: {},
&quot;removable&quot;: &quot;0&quot;,
&quot;rotational&quot;: &quot;0&quot;,
&quot;sas_address&quot;: null,
&quot;sas_device_handle&quot;: null,
&quot;scheduler_mode&quot;: &quot;mq-deadline&quot;,
&quot;sectors&quot;: &quot;0&quot;,
&quot;sectorsize&quot;: &quot;512&quot;,
&quot;size&quot;: &quot;0.00 Bytes&quot;,
&quot;support_discard&quot;: &quot;0&quot;,
&quot;vendor&quot;: null,
&quot;virtual&quot;: 1
},
&quot;nbd2&quot;: {
&quot;holders&quot;: [],
&quot;host&quot;: &quot;&quot;,
&quot;links&quot;: {
&quot;ids&quot;: [],
&quot;labels&quot;: [],
&quot;masters&quot;: [],
&quot;uuids&quot;: []
},
&quot;model&quot;: null,
&quot;partitions&quot;: {},
&quot;removable&quot;: &quot;0&quot;,
&quot;rotational&quot;: &quot;0&quot;,
&quot;sas_address&quot;: null,
&quot;sas_device_handle&quot;: null,
&quot;scheduler_mode&quot;: &quot;mq-deadline&quot;,
&quot;sectors&quot;: &quot;0&quot;,
&quot;sectorsize&quot;: &quot;512&quot;,
&quot;size&quot;: &quot;0.00 Bytes&quot;,
&quot;support_discard&quot;: &quot;0&quot;,
&quot;vendor&quot;: null,
&quot;virtual&quot;: 1
},
&quot;nbd3&quot;: {
&quot;holders&quot;: [],
&quot;host&quot;: &quot;&quot;,
&quot;links&quot;: {
&quot;ids&quot;: [],
&quot;labels&quot;: [],
&quot;masters&quot;: [],
&quot;uuids&quot;: []
},
&quot;model&quot;: null,
&quot;partitions&quot;: {},
&quot;removable&quot;: &quot;0&quot;,
&quot;rotational&quot;: &quot;0&quot;,
&quot;sas_address&quot;: null,
&quot;sas_device_handle&quot;: null,
&quot;scheduler_mode&quot;: &quot;mq-deadline&quot;,
&quot;sectors&quot;: &quot;0&quot;,
&quot;sectorsize&quot;: &quot;512&quot;,
&quot;size&quot;: &quot;0.00 Bytes&quot;,
&quot;support_discard&quot;: &quot;0&quot;,
&quot;vendor&quot;: null,
&quot;virtual&quot;: 1
},
&quot;nbd4&quot;: {
&quot;holders&quot;: [],
&quot;host&quot;: &quot;&quot;,
&quot;links&quot;: {
&quot;ids&quot;: [],
&quot;labels&quot;: [],
&quot;masters&quot;: [],
&quot;uuids&quot;: []
},
&quot;model&quot;: null,
&quot;partitions&quot;: {},
&quot;removable&quot;: &quot;0&quot;,
&quot;rotational&quot;: &quot;0&quot;,
&quot;sas_address&quot;: null,
&quot;sas_device_handle&quot;: null,
&quot;scheduler_mode&quot;: &quot;mq-deadline&quot;,
&quot;sectors&quot;: &quot;0&quot;,
&quot;sectorsize&quot;: &quot;512&quot;,
&quot;size&quot;: &quot;0.00 Bytes&quot;,
&quot;support_discard&quot;: &quot;0&quot;,
&quot;vendor&quot;: null,
&quot;virtual&quot;: 1
},
&quot;nbd5&quot;: {
&quot;holders&quot;: [],
&quot;host&quot;: &quot;&quot;,
&quot;links&quot;: {
&quot;ids&quot;: [],
&quot;labels&quot;: [],
&quot;masters&quot;: [],
&quot;uuids&quot;: []
},
&quot;model&quot;: null,
&quot;partitions&quot;: {},
&quot;removable&quot;: &quot;0&quot;,
&quot;rotational&quot;: &quot;0&quot;,
&quot;sas_address&quot;: null,
&quot;sas_device_handle&quot;: null,
&quot;scheduler_mode&quot;: &quot;mq-deadline&quot;,
&quot;sectors&quot;: &quot;0&quot;,
&quot;sectorsize&quot;: &quot;512&quot;,
&quot;size&quot;: &quot;0.00 Bytes&quot;,
&quot;support_discard&quot;: &quot;0&quot;,
&quot;vendor&quot;: null,
&quot;virtual&quot;: 1
},
&quot;nbd6&quot;: {
&quot;holders&quot;: [],
&quot;host&quot;: &quot;&quot;,
&quot;links&quot;: {
&quot;ids&quot;: [],
&quot;labels&quot;: [],
&quot;masters&quot;: [],
&quot;uuids&quot;: []
},
&quot;model&quot;: null,
&quot;partitions&quot;: {},
&quot;removable&quot;: &quot;0&quot;,
&quot;rotational&quot;: &quot;0&quot;,
&quot;sas_address&quot;: null,
&quot;sas_device_handle&quot;: null,
&quot;scheduler_mode&quot;: &quot;mq-deadline&quot;,
&quot;sectors&quot;: &quot;0&quot;,
&quot;sectorsize&quot;: &quot;512&quot;,
&quot;size&quot;: &quot;0.00 Bytes&quot;,
&quot;support_discard&quot;: &quot;0&quot;,
&quot;vendor&quot;: null,
&quot;virtual&quot;: 1
},
&quot;nbd7&quot;: {
&quot;holders&quot;: [],
&quot;host&quot;: &quot;&quot;,
&quot;links&quot;: {
&quot;ids&quot;: [],
&quot;labels&quot;: [],
&quot;masters&quot;: [],
&quot;uuids&quot;: []
},
&quot;model&quot;: null,
&quot;partitions&quot;: {},
&quot;removable&quot;: &quot;0&quot;,
&quot;rotational&quot;: &quot;0&quot;,
&quot;sas_address&quot;: null,
&quot;sas_device_handle&quot;: null,
&quot;scheduler_mode&quot;: &quot;mq-deadline&quot;,
&quot;sectors&quot;: &quot;0&quot;,
&quot;sectorsize&quot;: &quot;512&quot;,
&quot;size&quot;: &quot;0.00 Bytes&quot;,
&quot;support_discard&quot;: &quot;0&quot;,
&quot;vendor&quot;: null,
&quot;virtual&quot;: 1
},
&quot;nbd8&quot;: {
&quot;holders&quot;: [],
&quot;host&quot;: &quot;&quot;,
&quot;links&quot;: {
&quot;ids&quot;: [],
&quot;labels&quot;: [],
&quot;masters&quot;: [],
&quot;uuids&quot;: []
},
&quot;model&quot;: null,
&quot;partitions&quot;: {},
&quot;removable&quot;: &quot;0&quot;,
&quot;rotational&quot;: &quot;0&quot;,
&quot;sas_address&quot;: null,
&quot;sas_device_handle&quot;: null,
&quot;scheduler_mode&quot;: &quot;mq-deadline&quot;,
&quot;sectors&quot;: &quot;0&quot;,
&quot;sectorsize&quot;: &quot;512&quot;,
&quot;size&quot;: &quot;0.00 Bytes&quot;,
&quot;support_discard&quot;: &quot;0&quot;,
&quot;vendor&quot;: null,
&quot;virtual&quot;: 1
},
&quot;nbd9&quot;: {
&quot;holders&quot;: [],
&quot;host&quot;: &quot;&quot;,
&quot;links&quot;: {
&quot;ids&quot;: [],
&quot;labels&quot;: [],
&quot;masters&quot;: [],
&quot;uuids&quot;: []
},
&quot;model&quot;: null,
&quot;partitions&quot;: {},
&quot;removable&quot;: &quot;0&quot;,
&quot;rotational&quot;: &quot;0&quot;,
&quot;sas_address&quot;: null,
&quot;sas_device_handle&quot;: null,
&quot;scheduler_mode&quot;: &quot;mq-deadline&quot;,
&quot;sectors&quot;: &quot;0&quot;,
&quot;sectorsize&quot;: &quot;512&quot;,
&quot;size&quot;: &quot;0.00 Bytes&quot;,
&quot;support_discard&quot;: &quot;0&quot;,
&quot;vendor&quot;: null,
&quot;virtual&quot;: 1
},
&quot;ram0&quot;: {
&quot;holders&quot;: [],
&quot;host&quot;: &quot;&quot;,
&quot;links&quot;: {
&quot;ids&quot;: [],
&quot;labels&quot;: [],
&quot;masters&quot;: [],
&quot;uuids&quot;: []
},
&quot;model&quot;: null,
&quot;partitions&quot;: {},
&quot;removable&quot;: &quot;0&quot;,
&quot;rotational&quot;: &quot;0&quot;,
&quot;sas_address&quot;: null,
&quot;sas_device_handle&quot;: null,
&quot;scheduler_mode&quot;: &quot;&quot;,
&quot;sectors&quot;: &quot;131072&quot;,
&quot;sectorsize&quot;: &quot;512&quot;,
&quot;size&quot;: &quot;64.00 MB&quot;,
&quot;support_discard&quot;: &quot;0&quot;,
&quot;vendor&quot;: null,
&quot;virtual&quot;: 1
},
&quot;ram1&quot;: {
&quot;holders&quot;: [],
&quot;host&quot;: &quot;&quot;,
&quot;links&quot;: {
&quot;ids&quot;: [],
&quot;labels&quot;: [],
&quot;masters&quot;: [],
&quot;uuids&quot;: []
},
&quot;model&quot;: null,
&quot;partitions&quot;: {},
&quot;removable&quot;: &quot;0&quot;,
&quot;rotational&quot;: &quot;0&quot;,
&quot;sas_address&quot;: null,
&quot;sas_device_handle&quot;: null,
&quot;scheduler_mode&quot;: &quot;&quot;,
&quot;sectors&quot;: &quot;131072&quot;,
&quot;sectorsize&quot;: &quot;512&quot;,
&quot;size&quot;: &quot;64.00 MB&quot;,
&quot;support_discard&quot;: &quot;0&quot;,
&quot;vendor&quot;: null,
&quot;virtual&quot;: 1
},
&quot;ram10&quot;: {
&quot;holders&quot;: [],
&quot;host&quot;: &quot;&quot;,
&quot;links&quot;: {
&quot;ids&quot;: [],
&quot;labels&quot;: [],
&quot;masters&quot;: [],
&quot;uuids&quot;: []
},
&quot;model&quot;: null,
&quot;partitions&quot;: {},
&quot;removable&quot;: &quot;0&quot;,
&quot;rotational&quot;: &quot;0&quot;,
&quot;sas_address&quot;: null,
&quot;sas_device_handle&quot;: null,
&quot;scheduler_mode&quot;: &quot;&quot;,
&quot;sectors&quot;: &quot;131072&quot;,
&quot;sectorsize&quot;: &quot;512&quot;,
&quot;size&quot;: &quot;64.00 MB&quot;,
&quot;support_discard&quot;: &quot;0&quot;,
&quot;vendor&quot;: null,
&quot;virtual&quot;: 1
},
&quot;ram11&quot;: {
&quot;holders&quot;: [],
&quot;host&quot;: &quot;&quot;,
&quot;links&quot;: {
&quot;ids&quot;: [],
&quot;labels&quot;: [],
&quot;masters&quot;: [],
&quot;uuids&quot;: []
},
&quot;model&quot;: null,
&quot;partitions&quot;: {},
&quot;removable&quot;: &quot;0&quot;,
&quot;rotational&quot;: &quot;0&quot;,
&quot;sas_address&quot;: null,
&quot;sas_device_handle&quot;: null,
&quot;scheduler_mode&quot;: &quot;&quot;,
&quot;sectors&quot;: &quot;131072&quot;,
&quot;sectorsize&quot;: &quot;512&quot;,
&quot;size&quot;: &quot;64.00 MB&quot;,
&quot;support_discard&quot;: &quot;0&quot;,
&quot;vendor&quot;: null,
&quot;virtual&quot;: 1
},
&quot;ram12&quot;: {
&quot;holders&quot;: [],
&quot;host&quot;: &quot;&quot;,
&quot;links&quot;: {
&quot;ids&quot;: [],
&quot;labels&quot;: [],
&quot;masters&quot;: [],
&quot;uuids&quot;: []
},
&quot;model&quot;: null,
&quot;partitions&quot;: {},
&quot;removable&quot;: &quot;0&quot;,
&quot;rotational&quot;: &quot;0&quot;,
&quot;sas_address&quot;: null,
&quot;sas_device_handle&quot;: null,
&quot;scheduler_mode&quot;: &quot;&quot;,
&quot;sectors&quot;: &quot;131072&quot;,
&quot;sectorsize&quot;: &quot;512&quot;,
&quot;size&quot;: &quot;64.00 MB&quot;,
&quot;support_discard&quot;: &quot;0&quot;,
&quot;vendor&quot;: null,
&quot;virtual&quot;: 1
},
&quot;ram13&quot;: {
&quot;holders&quot;: [],
&quot;host&quot;: &quot;&quot;,
&quot;links&quot;: {
&quot;ids&quot;: [],
&quot;labels&quot;: [],
&quot;masters&quot;: [],
&quot;uuids&quot;: []
},
&quot;model&quot;: null,
&quot;partitions&quot;: {},
&quot;removable&quot;: &quot;0&quot;,
&quot;rotational&quot;: &quot;0&quot;,
&quot;sas_address&quot;: null,
&quot;sas_device_handle&quot;: null,
&quot;scheduler_mode&quot;: &quot;&quot;,
&quot;sectors&quot;: &quot;131072&quot;,
&quot;sectorsize&quot;: &quot;512&quot;,
&quot;size&quot;: &quot;64.00 MB&quot;,
&quot;support_discard&quot;: &quot;0&quot;,
&quot;vendor&quot;: null,
&quot;virtual&quot;: 1
},
&quot;ram14&quot;: {
&quot;holders&quot;: [],
&quot;host&quot;: &quot;&quot;,
&quot;links&quot;: {
&quot;ids&quot;: [],
&quot;labels&quot;: [],
&quot;masters&quot;: [],
&quot;uuids&quot;: []
},
&quot;model&quot;: null,
&quot;partitions&quot;: {},
&quot;removable&quot;: &quot;0&quot;,
&quot;rotational&quot;: &quot;0&quot;,
&quot;sas_address&quot;: null,
&quot;sas_device_handle&quot;: null,
&quot;scheduler_mode&quot;: &quot;&quot;,
&quot;sectors&quot;: &quot;131072&quot;,
&quot;sectorsize&quot;: &quot;512&quot;,
&quot;size&quot;: &quot;64.00 MB&quot;,
&quot;support_discard&quot;: &quot;0&quot;,
&quot;vendor&quot;: null,
&quot;virtual&quot;: 1
},
&quot;ram15&quot;: {
&quot;holders&quot;: [],
&quot;host&quot;: &quot;&quot;,
&quot;links&quot;: {
&quot;ids&quot;: [],
&quot;labels&quot;: [],
&quot;masters&quot;: [],
&quot;uuids&quot;: []
},
&quot;model&quot;: null,
&quot;partitions&quot;: {},
&quot;removable&quot;: &quot;0&quot;,
&quot;rotational&quot;: &quot;0&quot;,
&quot;sas_address&quot;: null,
&quot;sas_device_handle&quot;: null,
&quot;scheduler_mode&quot;: &quot;&quot;,
&quot;sectors&quot;: &quot;131072&quot;,
&quot;sectorsize&quot;: &quot;512&quot;,
&quot;size&quot;: &quot;64.00 MB&quot;,
&quot;support_discard&quot;: &quot;0&quot;,
&quot;vendor&quot;: null,
&quot;virtual&quot;: 1
},
&quot;ram2&quot;: {
&quot;holders&quot;: [],
&quot;host&quot;: &quot;&quot;,
&quot;links&quot;: {
&quot;ids&quot;: [],
&quot;labels&quot;: [],
&quot;masters&quot;: [],
&quot;uuids&quot;: []
},
&quot;model&quot;: null,
&quot;partitions&quot;: {},
&quot;removable&quot;: &quot;0&quot;,
&quot;rotational&quot;: &quot;0&quot;,
&quot;sas_address&quot;: null,
&quot;sas_device_handle&quot;: null,
&quot;scheduler_mode&quot;: &quot;&quot;,
&quot;sectors&quot;: &quot;131072&quot;,
&quot;sectorsize&quot;: &quot;512&quot;,
&quot;size&quot;: &quot;64.00 MB&quot;,
&quot;support_discard&quot;: &quot;0&quot;,
&quot;vendor&quot;: null,
&quot;virtual&quot;: 1
},
&quot;ram3&quot;: {
&quot;holders&quot;: [],
&quot;host&quot;: &quot;&quot;,
&quot;links&quot;: {
&quot;ids&quot;: [],
&quot;labels&quot;: [],
&quot;masters&quot;: [],
&quot;uuids&quot;: []
},
&quot;model&quot;: null,
&quot;partitions&quot;: {},
&quot;removable&quot;: &quot;0&quot;,
&quot;rotational&quot;: &quot;0&quot;,
&quot;sas_address&quot;: null,
&quot;sas_device_handle&quot;: null,
&quot;scheduler_mode&quot;: &quot;&quot;,
&quot;sectors&quot;: &quot;131072&quot;,
&quot;sectorsize&quot;: &quot;512&quot;,
&quot;size&quot;: &quot;64.00 MB&quot;,
&quot;support_discard&quot;: &quot;0&quot;,
&quot;vendor&quot;: null,
&quot;virtual&quot;: 1
},
&quot;ram4&quot;: {
&quot;holders&quot;: [],
&quot;host&quot;: &quot;&quot;,
&quot;links&quot;: {
&quot;ids&quot;: [],
&quot;labels&quot;: [],
&quot;masters&quot;: [],
&quot;uuids&quot;: []
},
&quot;model&quot;: null,
&quot;partitions&quot;: {},
&quot;removable&quot;: &quot;0&quot;,
&quot;rotational&quot;: &quot;0&quot;,
&quot;sas_address&quot;: null,
&quot;sas_device_handle&quot;: null,
&quot;scheduler_mode&quot;: &quot;&quot;,
&quot;sectors&quot;: &quot;131072&quot;,
&quot;sectorsize&quot;: &quot;512&quot;,
&quot;size&quot;: &quot;64.00 MB&quot;,
&quot;support_discard&quot;: &quot;0&quot;,
&quot;vendor&quot;: null,
&quot;virtual&quot;: 1
},
&quot;ram5&quot;: {
&quot;holders&quot;: [],
&quot;host&quot;: &quot;&quot;,
&quot;links&quot;: {
&quot;ids&quot;: [],
&quot;labels&quot;: [],
&quot;masters&quot;: [],
&quot;uuids&quot;: []
},
&quot;model&quot;: null,
&quot;partitions&quot;: {},
&quot;removable&quot;: &quot;0&quot;,
&quot;rotational&quot;: &quot;0&quot;,
&quot;sas_address&quot;: null,
&quot;sas_device_handle&quot;: null,
&quot;scheduler_mode&quot;: &quot;&quot;,
&quot;sectors&quot;: &quot;131072&quot;,
&quot;sectorsize&quot;: &quot;512&quot;,
&quot;size&quot;: &quot;64.00 MB&quot;,
&quot;support_discard&quot;: &quot;0&quot;,
&quot;vendor&quot;: null,
&quot;virtual&quot;: 1
},
&quot;ram6&quot;: {
&quot;holders&quot;: [],
&quot;host&quot;: &quot;&quot;,
&quot;links&quot;: {
&quot;ids&quot;: [],
&quot;labels&quot;: [],
&quot;masters&quot;: [],
&quot;uuids&quot;: []
},
&quot;model&quot;: null,
&quot;partitions&quot;: {},
&quot;removable&quot;: &quot;0&quot;,
&quot;rotational&quot;: &quot;0&quot;,
&quot;sas_address&quot;: null,
&quot;sas_device_handle&quot;: null,
&quot;scheduler_mode&quot;: &quot;&quot;,
&quot;sectors&quot;: &quot;131072&quot;,
&quot;sectorsize&quot;: &quot;512&quot;,
&quot;size&quot;: &quot;64.00 MB&quot;,
&quot;support_discard&quot;: &quot;0&quot;,
&quot;vendor&quot;: null,
&quot;virtual&quot;: 1
},
&quot;ram7&quot;: {
&quot;holders&quot;: [],
&quot;host&quot;: &quot;&quot;,
&quot;links&quot;: {
&quot;ids&quot;: [],
&quot;labels&quot;: [],
&quot;masters&quot;: [],
&quot;uuids&quot;: []
},
&quot;model&quot;: null,
&quot;partitions&quot;: {},
&quot;removable&quot;: &quot;0&quot;,
&quot;rotational&quot;: &quot;0&quot;,
&quot;sas_address&quot;: null,
&quot;sas_device_handle&quot;: null,
&quot;scheduler_mode&quot;: &quot;&quot;,
&quot;sectors&quot;: &quot;131072&quot;,
&quot;sectorsize&quot;: &quot;512&quot;,
&quot;size&quot;: &quot;64.00 MB&quot;,
&quot;support_discard&quot;: &quot;0&quot;,
&quot;vendor&quot;: null,
&quot;virtual&quot;: 1
},
&quot;ram8&quot;: {
&quot;holders&quot;: [],
&quot;host&quot;: &quot;&quot;,
&quot;links&quot;: {
&quot;ids&quot;: [],
&quot;labels&quot;: [],
&quot;masters&quot;: [],
&quot;uuids&quot;: []
},
&quot;model&quot;: null,
&quot;partitions&quot;: {},
&quot;removable&quot;: &quot;0&quot;,
&quot;rotational&quot;: &quot;0&quot;,
&quot;sas_address&quot;: null,
&quot;sas_device_handle&quot;: null,
&quot;scheduler_mode&quot;: &quot;&quot;,
&quot;sectors&quot;: &quot;131072&quot;,
&quot;sectorsize&quot;: &quot;512&quot;,
&quot;size&quot;: &quot;64.00 MB&quot;,
&quot;support_discard&quot;: &quot;0&quot;,
&quot;vendor&quot;: null,
&quot;virtual&quot;: 1
},
&quot;ram9&quot;: {
&quot;holders&quot;: [],
&quot;host&quot;: &quot;&quot;,
&quot;links&quot;: {
&quot;ids&quot;: [],
&quot;labels&quot;: [],
&quot;masters&quot;: [],
&quot;uuids&quot;: []
},
&quot;model&quot;: null,
&quot;partitions&quot;: {},
&quot;removable&quot;: &quot;0&quot;,
&quot;rotational&quot;: &quot;0&quot;,
&quot;sas_address&quot;: null,
&quot;sas_device_handle&quot;: null,
&quot;scheduler_mode&quot;: &quot;&quot;,
&quot;sectors&quot;: &quot;131072&quot;,
&quot;sectorsize&quot;: &quot;512&quot;,
&quot;size&quot;: &quot;64.00 MB&quot;,
&quot;support_discard&quot;: &quot;0&quot;,
&quot;vendor&quot;: null,
&quot;virtual&quot;: 1
},
&quot;vda&quot;: {
&quot;holders&quot;: [],
&quot;host&quot;: &quot;&quot;,
&quot;links&quot;: {
&quot;ids&quot;: [],
&quot;labels&quot;: [],
&quot;masters&quot;: [],
&quot;uuids&quot;: []
},
&quot;model&quot;: null,
&quot;partitions&quot;: {
&quot;vda1&quot;: {
&quot;holders&quot;: [],
&quot;links&quot;: {
&quot;ids&quot;: [],
&quot;labels&quot;: [],
&quot;masters&quot;: [],
&quot;uuids&quot;: []
},
&quot;sectors&quot;: &quot;124997632&quot;,
&quot;sectorsize&quot;: 512,
&quot;size&quot;: &quot;59.60 GB&quot;,
&quot;start&quot;: &quot;2048&quot;,
&quot;uuid&quot;: null
}
},
&quot;removable&quot;: &quot;0&quot;,
&quot;rotational&quot;: &quot;1&quot;,
&quot;sas_address&quot;: null,
&quot;sas_device_handle&quot;: null,
&quot;scheduler_mode&quot;: &quot;mq-deadline&quot;,
&quot;sectors&quot;: &quot;124999680&quot;,
&quot;sectorsize&quot;: &quot;512&quot;,
&quot;size&quot;: &quot;59.60 GB&quot;,
&quot;support_discard&quot;: &quot;512&quot;,
&quot;vendor&quot;: &quot;0x1af4&quot;,
&quot;virtual&quot;: 1
}
},
&quot;ansible_distribution&quot;: &quot;Ubuntu&quot;,
&quot;ansible_distribution_file_parsed&quot;: true,
&quot;ansible_distribution_file_path&quot;: &quot;/etc/os-release&quot;,
&quot;ansible_distribution_file_variety&quot;: &quot;Debian&quot;,
&quot;ansible_distribution_major_version&quot;: &quot;18&quot;,
&quot;ansible_distribution_release&quot;: &quot;bionic&quot;,
&quot;ansible_distribution_version&quot;: &quot;18.04&quot;,
&quot;ansible_dns&quot;: {
&quot;nameservers&quot;: [
&quot;192.168.65.5&quot;
]
},
&quot;ansible_domain&quot;: &quot;&quot;,
&quot;ansible_effective_group_id&quot;: 0,
&quot;ansible_effective_user_id&quot;: 0,
&quot;ansible_env&quot;: {
&quot;ANSIBLE_CALLBACK_WHITELIST&quot;: &quot;junit&quot;,
&quot;ANSIBLE_COLLECTIONS_PATH&quot;: &quot;/root&quot;,
&quot;ANSIBLE_CONFIG&quot;: &quot;/root/ansible_collections/community/lbry/tests/output/.tmp/integration/lbry_publish-g70x_koc-ÅÑŚÌβŁÈ/tests/integration/integration.cfg&quot;,
&quot;ANSIBLE_DEPRECATION_WARNINGS&quot;: &quot;false&quot;,
&quot;ANSIBLE_DEVEL_WARNING&quot;: &quot;false&quot;,
&quot;ANSIBLE_FORCE_COLOR&quot;: &quot;true&quot;,
&quot;ANSIBLE_FORCE_HANDLERS&quot;: &quot;true&quot;,
&quot;ANSIBLE_HOST_KEY_CHECKING&quot;: &quot;false&quot;,
&quot;ANSIBLE_HOST_PATTERN_MISMATCH&quot;: &quot;error&quot;,
&quot;ANSIBLE_INVENTORY&quot;: &quot;/dev/null&quot;,
&quot;ANSIBLE_LIBRARY&quot;: &quot;/dev/null&quot;,
&quot;ANSIBLE_PLAYBOOK_DIR&quot;: &quot;/root/ansible_collections/community/lbry/tests/output/.tmp/integration/lbry_publish-g70x_koc-ÅÑŚÌβŁÈ/tests/integration&quot;,
&quot;ANSIBLE_PYTHON_INTERPRETER&quot;: &quot;/set/ansible_python_interpreter/in/inventory&quot;,
&quot;ANSIBLE_PYTHON_MODULE_RLIMIT_NOFILE&quot;: &quot;1024&quot;,
&quot;ANSIBLE_RETRY_FILES_ENABLED&quot;: &quot;false&quot;,
&quot;ANSIBLE_ROLES_PATH&quot;: &quot;/root/ansible_collections/community/lbry/tests/output/.tmp/integration/lbry_publish-g70x_koc-ÅÑŚÌβŁÈ/tests/integration/targets&quot;,
&quot;ANSIBLE_TEST_CI&quot;: &quot;&quot;,
&quot;ANSIBLE_TEST_COVERAGE&quot;: &quot;&quot;,
&quot;ANSIBLE_TEST_PYTHON_INTERPRETER&quot;: &quot;/usr/bin/python3.6&quot;,
&quot;ANSIBLE_TEST_PYTHON_VERSION&quot;: &quot;3.6&quot;,
&quot;ANSIBLE_WORKER_SHUTDOWN_POLL_COUNT&quot;: &quot;100&quot;,
&quot;ANSIBLE_WORKER_SHUTDOWN_POLL_DELAY&quot;: &quot;0.1&quot;,
&quot;HOME&quot;: &quot;/root&quot;,
&quot;INVENTORY_PATH&quot;: &quot;/root/ansible_collections/community/lbry/tests/output/.tmp/integration/lbry_publish-g70x_koc-ÅÑŚÌβŁÈ/tests/integration/inventory&quot;,
&quot;JUNIT_OUTPUT_DIR&quot;: &quot;/root/ansible_collections/community/lbry/tests/output/junit&quot;,
&quot;LC_ALL&quot;: &quot;en_US.UTF-8&quot;,
&quot;OUTPUT_DIR&quot;: &quot;/root/ansible_collections/community/lbry/tests/output/.tmp/output_dir&quot;,
&quot;PAGER&quot;: &quot;/bin/cat&quot;,
&quot;PATH&quot;: &quot;/tmp/python-5i6dy7wt-ansible:/root/ansible/test/lib/ansible_test/_data/injector:/root/ansible/bin:/usr/local/sbin:/usr/local/bin:/usr/sbin:/usr/bin:/sbin:/bin&quot;,
&quot;PWD&quot;: &quot;/root/ansible_collections/community/lbry/tests/output/.tmp/integration/lbry_publish-g70x_koc-ÅÑŚÌβŁÈ/tests/integration&quot;,
&quot;PYTHONPATH&quot;: &quot;/root/ansible/lib&quot;
},
&quot;ansible_fibre_channel_wwn&quot;: [],
&quot;ansible_fips&quot;: false,
&quot;ansible_form_factor&quot;: &quot;Unknown&quot;,
&quot;ansible_fqdn&quot;: &quot;594df9c2f8a6&quot;,
&quot;ansible_hostname&quot;: &quot;594df9c2f8a6&quot;,
&quot;ansible_hostnqn&quot;: &quot;&quot;,
&quot;ansible_is_chroot&quot;: false,
&quot;ansible_iscsi_iqn&quot;: &quot;&quot;,
&quot;ansible_kernel&quot;: &quot;5.10.25-linuxkit&quot;,
&quot;ansible_kernel_version&quot;: &quot;#1 SMP Tue Mar 23 09:27:39 UTC 2021&quot;,
&quot;ansible_local&quot;: {},
&quot;ansible_lsb&quot;: {
&quot;codename&quot;: &quot;bionic&quot;,
&quot;description&quot;: &quot;Ubuntu 18.04.5 LTS&quot;,
&quot;id&quot;: &quot;Ubuntu&quot;,
&quot;major_release&quot;: &quot;18&quot;,
&quot;release&quot;: &quot;18.04&quot;
},
&quot;ansible_machine&quot;: &quot;x86_64&quot;,
&quot;ansible_machine_id&quot;: &quot;8bab3c65459e4582b95ca278b459dc10&quot;,
&quot;ansible_memfree_mb&quot;: 5375,
&quot;ansible_memory_mb&quot;: {
&quot;nocache&quot;: {
&quot;free&quot;: 7305,
&quot;used&quot;: 657
},
&quot;real&quot;: {
&quot;free&quot;: 5375,
&quot;total&quot;: 7962,
&quot;used&quot;: 2587
},
&quot;swap&quot;: {
&quot;cached&quot;: 0,
&quot;free&quot;: 2047,
&quot;total&quot;: 2047,
&quot;used&quot;: 0
}
},
&quot;ansible_memtotal_mb&quot;: 7962,
&quot;ansible_mounts&quot;: [
{
&quot;block_available&quot;: 1956473,
&quot;block_size&quot;: 4096,
&quot;block_total&quot;: 15313873,
&quot;block_used&quot;: 13357400,
&quot;device&quot;: &quot;/dev/vda1&quot;,
&quot;fstype&quot;: &quot;ext4&quot;,
&quot;inode_available&quot;: 2657242,
&quot;inode_total&quot;: 3907584,
&quot;inode_used&quot;: 1250342,
&quot;mount&quot;: &quot;/run&quot;,
&quot;options&quot;: &quot;rw,relatime,bind&quot;,
&quot;size_available&quot;: 8013713408,
&quot;size_total&quot;: 62725623808,
&quot;uuid&quot;: &quot;N/A&quot;
},
{
&quot;block_available&quot;: 1956473,
&quot;block_size&quot;: 4096,
&quot;block_total&quot;: 15313873,
&quot;block_used&quot;: 13357400,
&quot;device&quot;: &quot;/dev/vda1&quot;,
&quot;fstype&quot;: &quot;ext4&quot;,
&quot;inode_available&quot;: 2657242,
&quot;inode_total&quot;: 3907584,
&quot;inode_used&quot;: 1250342,
&quot;mount&quot;: &quot;/tmp&quot;,
&quot;options&quot;: &quot;rw,relatime,bind&quot;,
&quot;size_available&quot;: 8013713408,
&quot;size_total&quot;: 62725623808,
&quot;uuid&quot;: &quot;N/A&quot;
},
{
&quot;block_available&quot;: 1956473,
&quot;block_size&quot;: 4096,
&quot;block_total&quot;: 15313873,
&quot;block_used&quot;: 13357400,
&quot;device&quot;: &quot;/dev/vda1&quot;,
&quot;fstype&quot;: &quot;ext4&quot;,
&quot;inode_available&quot;: 2657242,
&quot;inode_total&quot;: 3907584,
&quot;inode_used&quot;: 1250342,
&quot;mount&quot;: &quot;/run/lock&quot;,
&quot;options&quot;: &quot;rw,relatime,bind&quot;,
&quot;size_available&quot;: 8013713408,
&quot;size_total&quot;: 62725623808,
&quot;uuid&quot;: &quot;N/A&quot;
},
{
&quot;block_available&quot;: 1956473,
&quot;block_size&quot;: 4096,
&quot;block_total&quot;: 15313873,
&quot;block_used&quot;: 13357400,
&quot;device&quot;: &quot;/dev/vda1&quot;,
&quot;fstype&quot;: &quot;ext4&quot;,
&quot;inode_available&quot;: 2657242,
&quot;inode_total&quot;: 3907584,
&quot;inode_used&quot;: 1250342,
&quot;mount&quot;: &quot;/etc/resolv.conf&quot;,
&quot;options&quot;: &quot;rw,relatime,bind&quot;,
&quot;size_available&quot;: 8013713408,
&quot;size_total&quot;: 62725623808,
&quot;uuid&quot;: &quot;N/A&quot;
},
{
&quot;block_available&quot;: 1956473,
&quot;block_size&quot;: 4096,
&quot;block_total&quot;: 15313873,
&quot;block_used&quot;: 13357400,
&quot;device&quot;: &quot;/dev/vda1&quot;,
&quot;fstype&quot;: &quot;ext4&quot;,
&quot;inode_available&quot;: 2657242,
&quot;inode_total&quot;: 3907584,
&quot;inode_used&quot;: 1250342,
&quot;mount&quot;: &quot;/etc/hostname&quot;,
&quot;options&quot;: &quot;rw,relatime,bind&quot;,
&quot;size_available&quot;: 8013713408,
&quot;size_total&quot;: 62725623808,
&quot;uuid&quot;: &quot;N/A&quot;
},
{
&quot;block_available&quot;: 1956473,
&quot;block_size&quot;: 4096,
&quot;block_total&quot;: 15313873,
&quot;block_used&quot;: 13357400,
&quot;device&quot;: &quot;/dev/vda1&quot;,
&quot;fstype&quot;: &quot;ext4&quot;,
&quot;inode_available&quot;: 2657242,
&quot;inode_total&quot;: 3907584,
&quot;inode_used&quot;: 1250342,
&quot;mount&quot;: &quot;/etc/hosts&quot;,
&quot;options&quot;: &quot;rw,relatime,bind&quot;,
&quot;size_available&quot;: 8013713408,
&quot;size_total&quot;: 62725623808,
&quot;uuid&quot;: &quot;N/A&quot;
}
],
&quot;ansible_nodename&quot;: &quot;594df9c2f8a6&quot;,
&quot;ansible_os_family&quot;: &quot;Debian&quot;,
&quot;ansible_pkg_mgr&quot;: &quot;apt&quot;,
&quot;ansible_proc_cmdline&quot;: {
&quot;console&quot;: [
&quot;ttyS0&quot;,
&quot;ttyS1&quot;
],
&quot;earlyprintk&quot;: &quot;serial&quot;,
&quot;mitigations&quot;: &quot;off&quot;,
&quot;no_stf_barrier&quot;: true,
&quot;noibpb&quot;: true,
&quot;noibrs&quot;: true,
&quot;nospec_store_bypass_disable&quot;: true,
&quot;page_poison&quot;: &quot;1&quot;,
&quot;panic&quot;: &quot;1&quot;,
&quot;vpnkit.connect&quot;: &quot;connect://2/1999&quot;,
&quot;vsyscall&quot;: &quot;emulate&quot;
},
&quot;ansible_processor&quot;: [
&quot;0&quot;,
&quot;GenuineIntel&quot;,
&quot;Intel(R) Core(TM) i5-7267U CPU @ 3.10GHz&quot;,
&quot;1&quot;,
&quot;GenuineIntel&quot;,
&quot;Intel(R) Core(TM) i5-7267U CPU @ 3.10GHz&quot;
],
&quot;ansible_processor_cores&quot;: 1,
&quot;ansible_processor_count&quot;: 2,
&quot;ansible_processor_nproc&quot;: 2,
&quot;ansible_processor_threads_per_core&quot;: 1,
&quot;ansible_processor_vcpus&quot;: 2,
&quot;ansible_product_name&quot;: &quot;BHYVE&quot;,
&quot;ansible_product_serial&quot;: &quot;None&quot;,
&quot;ansible_product_uuid&quot;: &quot;87354797-0000-0000-8601-0478246b1b30&quot;,
&quot;ansible_product_version&quot;: &quot;1.0&quot;,
&quot;ansible_python&quot;: {
&quot;executable&quot;: &quot;/tmp/python-5i6dy7wt-ansible/python&quot;,
&quot;has_sslcontext&quot;: true,
&quot;type&quot;: &quot;cpython&quot;,
&quot;version&quot;: {
&quot;major&quot;: 3,
&quot;micro&quot;: 9,
&quot;minor&quot;: 6,
&quot;releaselevel&quot;: &quot;final&quot;,
&quot;serial&quot;: 0
},
&quot;version_info&quot;: [
3,
6,
9,
&quot;final&quot;,
0
]
},
&quot;ansible_python_version&quot;: &quot;3.6.9&quot;,
&quot;ansible_real_group_id&quot;: 0,
&quot;ansible_real_user_id&quot;: 0,
&quot;ansible_selinux&quot;: {
&quot;status&quot;: &quot;Missing selinux Python library&quot;
},
&quot;ansible_selinux_python_present&quot;: false,
&quot;ansible_service_mgr&quot;: &quot;systemd&quot;,
&quot;ansible_ssh_host_key_ecdsa_public&quot;: &quot;AAAAE2VjZHNhLXNoYTItbmlzdHAyNTYAAAAIbmlzdHAyNTYAAABBBKXFFhScxe+xztmWiEzCRrS33+gQnEBnUZEdGfZzV849lAQZRcK0YSCjce3dvMs7rV4FulR1UqA9fSJGtUfCO6A=&quot;,
&quot;ansible_ssh_host_key_ecdsa_public_keytype&quot;: &quot;ecdsa-sha2-nistp256&quot;,
&quot;ansible_ssh_host_key_ed25519_public&quot;: &quot;AAAAC3NzaC1lZDI1NTE5AAAAIDQw7DVlh6zXPucmio1fvrd5X1pTIovmDPBbr9oQ7DsF&quot;,
&quot;ansible_ssh_host_key_ed25519_public_keytype&quot;: &quot;ssh-ed25519&quot;,
&quot;ansible_ssh_host_key_rsa_public&quot;: &quot;AAAAB3NzaC1yc2EAAAADAQABAAABAQDXZrK4B3u/pq7Y+YfaFPr+5QEzcN+JLg/RlYXqQtLPjI3E19pNY27mGlaLm726NDbA4ouPIkqCo9y0Rkqyeaprn8EQO2gCqr06qZ7M3o4jaksHxNqo7uVxeFRQhvt3Q566bj/11uGOy01BlBRHi07G+IO9e02bNn55jR8rZURj4navuEgr0+l4CvuSrIbcEMB/qAYFAW4B1oNrsH4g09kIJxY9d3/JsOGUddOkwHwfP1+YmFAPZFruWXi/WPOnlWdaHtW4LCOdJMbHZxAGKiQtdEpWZBmNIdH2JfcVB9vjBv/WJtOgRpPhJEJIIJU6kZvipGxicPz3kj/nBUqyY4M5&quot;,
&quot;ansible_ssh_host_key_rsa_public_keytype&quot;: &quot;ssh-rsa&quot;,
&quot;ansible_swapfree_mb&quot;: 2047,
&quot;ansible_swaptotal_mb&quot;: 2047,
&quot;ansible_system&quot;: &quot;Linux&quot;,
&quot;ansible_system_vendor&quot;: &quot;NA&quot;,
&quot;ansible_uptime_seconds&quot;: 11343,
&quot;ansible_user_dir&quot;: &quot;/root&quot;,
&quot;ansible_user_gecos&quot;: &quot;root&quot;,
&quot;ansible_user_gid&quot;: 0,
&quot;ansible_user_id&quot;: &quot;root&quot;,
&quot;ansible_user_shell&quot;: &quot;/bin/bash&quot;,
&quot;ansible_user_uid&quot;: 0,
&quot;ansible_userspace_architecture&quot;: &quot;x86_64&quot;,
&quot;ansible_userspace_bits&quot;: &quot;64&quot;,
&quot;ansible_virtualization_role&quot;: &quot;guest&quot;,
&quot;ansible_virtualization_type&quot;: &quot;docker&quot;,
&quot;gather_subset&quot;: [
&quot;all&quot;
],
&quot;module_setup&quot;: true
},
&quot;changed&quot;: false,
&quot;deprecations&quot;: [],
&quot;warnings&quot;: []
}</system-out>
		</testcase>
		<testcase classname="/root/ansible_collections/community/lbry/tests/output/.tmp/integration/lbry_publish-g70x_koc-ÅÑŚÌβŁÈ/tests/integration/targets/setup_regtest/tasks/main.yml:4" name="[testhost] testhost: setup_regtest : Ensure required packages are installed name={{ required_packages }}, state=present" time="96.658336">
			<system-out>{
&quot;cache_update_time&quot;: 1631271785,
&quot;cache_updated&quot;: false,
&quot;changed&quot;: true,
&quot;stderr&quot;: &quot;debconf: delaying package configuration, since apt-utils is not installed\n&quot;,
&quot;stderr_lines&quot;: [
&quot;debconf: delaying package configuration, since apt-utils is not installed&quot;
],
&quot;stdout&quot;: &quot;Reading package lists...\nBuilding dependency tree...\nReading state information...\nThe following additional packages will be installed:\n  build-essential cmake-data dbus fontconfig fontconfig-config\n  fonts-dejavu-core i965-va-driver libaacs0 libarchive13 libasound2\n  libasound2-data libass9 libasyncns0 libavc1394-0 libavcodec57 libavdevice57\n  libavfilter6 libavformat57 libavresample3 libavutil55 libbdplus0 libbluray2\n  libbs2b0 libcaca0 libcairo2 libcdio-cdda2 libcdio-paranoia2 libcdio17\n  libchromaprint1 libcroco3 libcrystalhd3 libdatrie1 libdbus-1-3 libdc1394-22\n  libdrm-amdgpu1 libdrm-common libdrm-intel1 libdrm-nouveau2 libdrm-radeon1\n  libdrm2 libegl-mesa0 libegl1 libfftw3-double3 libflac8 libflite1\n  libfontconfig1 libfribidi0 libgbm1 libgdk-pixbuf2.0-0 libgdk-pixbuf2.0-bin\n  libgdk-pixbuf2.0-common libgl1 libgl1-mesa-dri libglapi-mesa libglvnd0\n  libglx-mesa0 libglx0 libgme0 libgsm1 libiec61883-0 libjack-jackd2-0 libjbig0\n  libjpeg-turbo8 libjpeg8 libjsoncpp1 libllvm10 liblzo2-2 libmp3lame0\n  libmpg123-0 libmysofa0 libnorm1 libnuma1 libogg0 libopenal-data libopenal1\n  libopenjp2-7 libopenmpt0 libopus0 libpango-1.0-0 libpangocairo-1.0-0\n  libpangoft2-1.0-0 libpciaccess0 libpgm-5.2-0 libpixman-1-0 libpostproc54\n  libpulse0 libpython-all-dev libpython-dev libpython-stdlib libraw1394-11\n  librhash0 librsvg2-2 librsvg2-common librubberband2 libsamplerate0\n  libsdl2-2.0-0 libsensors4 libshine3 libslang2 libsnappy1v5 libsndfile1\n  libsndio6.1 libsodium23 libsoxr0 libspeex1 libssh-gcrypt-4 libswresample2\n  libswscale4 libthai-data libthai0 libtheora0 libtiff5 libtwolame0\n  libusb-1.0-0 libuv1 libva-drm2 libva-x11-2 libva2 libvdpau1 libvorbis0a\n  libvorbisenc2 libvorbisfile3 libvpx5 libwavpack1 libwayland-client0\n  libwayland-cursor0 libwayland-egl1 libwayland-egl1-mesa libwayland-server0\n  libwebp6 libwebpmux3 libx11-6 libx11-data libx11-xcb1 libx264-152\n  libx265-146 libxau6 libxcb-dri2-0 libxcb-dri3-0 libxcb-glx0 libxcb-present0\n  libxcb-render0 libxcb-shape0 libxcb-shm0 libxcb-sync1 libxcb-xfixes0 libxcb1\n  libxcursor1 libxdamage1 libxdmcp6 libxext6 libxfixes3 libxi6 libxinerama1\n  libxkbcommon0 libxrandr2 libxrender1 libxshmfence1 libxss1 libxv1\n  libxvidcore4 libxxf86vm1 libzmq5 libzvbi-common libzvbi0 mesa-va-drivers\n  mesa-vdpau-drivers multiarch-support python python-all python-all-dev\n  python-asn1crypto python-cffi-backend python-crypto python-cryptography\n  python-dbus python-dev python-enum34 python-gi python-idna python-ipaddress\n  python-keyring python-keyrings.alt python-minimal python-pip-whl\n  python-pkg-resources python-secretstorage python-setuptools python-six\n  python-wheel python-xdg shared-mime-info va-driver-all vdpau-driver-all\n  x11-common xkb-data\nSuggested packages:\n  cmake-doc ninja-build default-dbus-session-bus | dbus-session-bus ffmpeg-doc\n  i965-va-driver-shaders lrzip libasound2-plugins alsa-utils libbluray-bdj\n  firmware-crystalhd libfftw3-bin libfftw3-dev jackd2 libportaudio2 opus-tools\n  pciutils pulseaudio libraw1394-doc librsvg2-bin lm-sensors sndiod speex\n  python-doc python-tk python-crypto-doc python-cryptography-doc\n  python-cryptography-vectors python-dbus-dbg python-dbus-doc\n  python-enum34-doc python-gi-cairo gnome-keyring libkf5wallet-bin\n  gir1.2-gnomekeyring-1.0 python-fs python-gdata python-keyczar\n  python-secretstorage-doc python-setuptools-doc libvdpau-va-gl1\n  nvidia-vdpau-driver nvidia-legacy-340xx-vdpau-driver\nThe following NEW packages will be installed:\n  build-essential cmake cmake-data dbus ffmpeg fontconfig fontconfig-config\n  fonts-dejavu-core i965-va-driver libaacs0 libarchive13 libasound2\n  libasound2-data libass9 libasyncns0 libavc1394-0 libavcodec57 libavdevice57\n  libavfilter6 libavformat57 libavresample3 libavutil55 libbdplus0 libbluray2\n  libbs2b0 libcaca0 libcairo2 libcdio-cdda2 libcdio-paranoia2 libcdio17\n  libchromaprint1 libcroco3 libcrystalhd3 libdatrie1 libdbus-1-3 libdc1394-22\n  libdrm-amdgpu1 libdrm-common libdrm-intel1 libdrm-nouveau2 libdrm-radeon1\n  libdrm2 libegl-mesa0 libegl1 libfftw3-double3 libflac8 libflite1\n  libfontconfig1 libfribidi0 libgbm1 libgdk-pixbuf2.0-0 libgdk-pixbuf2.0-bin\n  libgdk-pixbuf2.0-common libgl1 libgl1-mesa-dri libglapi-mesa libglvnd0\n  libglx-mesa0 libglx0 libgme0 libgsm1 libiec61883-0 libjack-jackd2-0 libjbig0\n  libjpeg-turbo8 libjpeg8 libjsoncpp1 libllvm10 liblzo2-2 libmp3lame0\n  libmpg123-0 libmysofa0 libnorm1 libnuma1 libogg0 libopenal-data libopenal1\n  libopenjp2-7 libopenmpt0 libopus0 libpango-1.0-0 libpangocairo-1.0-0\n  libpangoft2-1.0-0 libpciaccess0 libpgm-5.2-0 libpixman-1-0 libpostproc54\n  libpulse0 libpython-all-dev libpython-dev libpython-stdlib libraw1394-11\n  librhash0 librsvg2-2 librsvg2-common librubberband2 libsamplerate0\n  libsdl2-2.0-0 libsensors4 libshine3 libslang2 libsnappy-dev libsnappy1v5\n  libsndfile1 libsndio6.1 libsodium23 libsoxr0 libspeex1 libssh-gcrypt-4\n  libswresample2 libswscale4 libthai-data libthai0 libtheora0 libtiff5\n  libtwolame0 libusb-1.0-0 libuv1 libva-drm2 libva-x11-2 libva2 libvdpau1\n  libvorbis0a libvorbisenc2 libvorbisfile3 libvpx5 libwavpack1\n  libwayland-client0 libwayland-cursor0 libwayland-egl1 libwayland-egl1-mesa\n  libwayland-server0 libwebp6 libwebpmux3 libx11-6 libx11-data libx11-xcb1\n  libx264-152 libx265-146 libxau6 libxcb-dri2-0 libxcb-dri3-0 libxcb-glx0\n  libxcb-present0 libxcb-render0 libxcb-shape0 libxcb-shm0 libxcb-sync1\n  libxcb-xfixes0 libxcb1 libxcursor1 libxdamage1 libxdmcp6 libxext6 libxfixes3\n  libxi6 libxinerama1 libxkbcommon0 libxrandr2 libxrender1 libxshmfence1\n  libxss1 libxv1 libxvidcore4 libxxf86vm1 libzmq5 libzvbi-common libzvbi0\n  mesa-va-drivers mesa-vdpau-drivers multiarch-support net-tools python\n  python-all python-all-dev python-asn1crypto python-cffi-backend\n  python-crypto python-cryptography python-dbus python-dev python-enum34\n  python-gi python-idna python-ipaddress python-keyring python-keyrings.alt\n  python-minimal python-pip python-pkg-resources python-secretstorage\n  python-setuptools python-six python-wheel python-xdg shared-mime-info unzip\n  va-driver-all vdpau-driver-all wget x11-common xkb-data zip\nThe following packages will be upgraded:\n  python-pip-whl\n1 upgraded, 203 newly installed, 0 to remove and 126 not upgraded.\nNeed to get 79.0 MB of archives.\nAfter this operation, 556 MB of additional disk space will be used.\nGet:1 http://archive.ubuntu.com/ubuntu bionic-updates/main amd64 multiarch-support amd64 2.27-3ubuntu1.4 [6944 B]\nGet:2 http://archive.ubuntu.com/ubuntu bionic-updates/main amd64 libxau6 amd64 1:1.0.8-1ubuntu1 [7556 B]\nGet:3 http://archive.ubuntu.com/ubuntu bionic/main amd64 libxdmcp6 amd64 1:1.1.2-3 [10.7 kB]\nGet:4 http://archive.ubuntu.com/ubuntu bionic-updates/main amd64 libxcb1 amd64 1.13-2~ubuntu18.04 [45.5 kB]\nGet:5 http://archive.ubuntu.com/ubuntu bionic-updates/main amd64 libx11-data all 2:1.6.4-3ubuntu0.4 [114 kB]\nGet:6 http://archive.ubuntu.com/ubuntu bionic-updates/main amd64 libx11-6 amd64 2:1.6.4-3ubuntu0.4 [572 kB]\nGet:7 http://archive.ubuntu.com/ubuntu bionic/main amd64 libxext6 amd64 2:1.3.3-1 [29.4 kB]\nGet:8 http://archive.ubuntu.com/ubuntu bionic/main amd64 fonts-dejavu-core all 2.37-1 [1041 kB]\nGet:9 http://archive.ubuntu.com/ubuntu bionic/main amd64 fontconfig-config all 2.12.6-0ubuntu2 [55.8 kB]\nGet:10 http://archive.ubuntu.com/ubuntu bionic/main amd64 libfontconfig1 amd64 2.12.6-0ubuntu2 [137 kB]\nGet:11 http://archive.ubuntu.com/ubuntu bionic/main amd64 fontconfig amd64 2.12.6-0ubuntu2 [169 kB]\nGet:12 http://archive.ubuntu.com/ubuntu bionic-updates/main amd64 libjpeg-turbo8 amd64 1.5.2-0ubuntu5.18.04.4 [110 kB]\nGet:13 http://archive.ubuntu.com/ubuntu bionic/main amd64 liblzo2-2 amd64 2.08-1.2 [48.7 kB]\nGet:14 http://archive.ubuntu.com/ubuntu bionic/main amd64 libogg0 amd64 1.3.2-1 [17.2 kB]\nGet:15 http://archive.ubuntu.com/ubuntu bionic/main amd64 libxinerama1 amd64 2:1.1.3-1 [7908 B]\nGet:16 http://archive.ubuntu.com/ubuntu bionic-updates/main amd64 x11-common all 1:7.7+19ubuntu7.1 [22.5 kB]\nGet:17 http://archive.ubuntu.com/ubuntu bionic/main amd64 libxss1 amd64 1:1.2.2-1 [8582 B]\nGet:18 http://archive.ubuntu.com/ubuntu bionic/main amd64 libxxf86vm1 amd64 1:1.1.4-1 [10.6 kB]\nGet:19 http://archive.ubuntu.com/ubuntu bionic/main amd64 python-minimal amd64 2.7.15~rc1-1 [28.1 kB]\nGet:20 http://archive.ubuntu.com/ubuntu bionic/main amd64 libpython-stdlib amd64 2.7.15~rc1-1 [7620 B]\nGet:21 http://archive.ubuntu.com/ubuntu bionic/main amd64 python amd64 2.7.15~rc1-1 [140 kB]\nGet:22 http://archive.ubuntu.com/ubuntu bionic-updates/main amd64 libdbus-1-3 amd64 1.12.2-1ubuntu1.2 [175 kB]\nGet:23 http://archive.ubuntu.com/ubuntu bionic-updates/main amd64 dbus amd64 1.12.2-1ubuntu1.2 [150 kB]\nGet:24 http://archive.ubuntu.com/ubuntu bionic/main amd64 libfribidi0 amd64 0.19.7-2 [24.9 kB]\nGet:25 http://archive.ubuntu.com/ubuntu bionic/main amd64 libslang2 amd64 2.3.1a-3ubuntu1 [424 kB]\nGet:26 http://archive.ubuntu.com/ubuntu bionic/main amd64 shared-mime-info amd64 1.9-2 [426 kB]\nGet:27 http://archive.ubuntu.com/ubuntu bionic-updates/main amd64 xkb-data all 2.23.1-1ubuntu1.18.04.1 [325 kB]\nGet:28 http://archive.ubuntu.com/ubuntu bionic-updates/main amd64 libdrm-common all 2.4.101-2~18.04.1 [5560 B]\nGet:29 http://archive.ubuntu.com/ubuntu bionic-updates/main amd64 libdrm2 amd64 2.4.101-2~18.04.1 [32.3 kB]\nGet:30 http://archive.ubuntu.com/ubuntu bionic-updates/main amd64 libnuma1 amd64 2.0.11-2.1ubuntu0.1 [22.0 kB]\nGet:31 http://archive.ubuntu.com/ubuntu bionic/main amd64 libusb-1.0-0 amd64 2:1.0.21-2 [43.3 kB]\nGet:32 http://archive.ubuntu.com/ubuntu bionic-updates/main amd64 wget amd64 1.19.4-1ubuntu2.2 [316 kB]\nGet:33 http://archive.ubuntu.com/ubuntu bionic/main amd64 build-essential amd64 12.4ubuntu1 [4758 B]\nGet:34 http://archive.ubuntu.com/ubuntu bionic-updates/main amd64 cmake-data all 3.10.2-1ubuntu2.18.04.2 [1332 kB]\nGet:35 http://archive.ubuntu.com/ubuntu bionic-updates/main amd64 libarchive13 amd64 3.2.2-3.1ubuntu0.7 [288 kB]\nGet:36 http://archive.ubuntu.com/ubuntu bionic/main amd64 libjsoncpp1 amd64 1.7.4-3 [73.6 kB]\nGet:37 http://archive.ubuntu.com/ubuntu bionic/main amd64 librhash0 amd64 1.3.6-2 [78.1 kB]\nGet:38 http://archive.ubuntu.com/ubuntu bionic/main amd64 libuv1 amd64 1.18.0-3 [64.4 kB]\nGet:39 http://archive.ubuntu.com/ubuntu bionic-updates/main amd64 cmake amd64 3.10.2-1ubuntu2.18.04.2 [3152 kB]\nGet:40 http://archive.ubuntu.com/ubuntu bionic/universe amd64 libva2 amd64 2.1.0-3 [47.6 kB]\nGet:41 http://archive.ubuntu.com/ubuntu bionic/universe amd64 libva-drm2 amd64 2.1.0-3 [6880 B]\nGet:42 http://archive.ubuntu.com/ubuntu bionic/main amd64 libxfixes3 amd64 1:5.0.3-1 [10.8 kB]\nGet:43 http://archive.ubuntu.com/ubuntu bionic/universe amd64 libva-x11-2 amd64 2.1.0-3 [11.5 kB]\nGet:44 http://archive.ubuntu.com/ubuntu bionic/main amd64 libvdpau1 amd64 1.1.1-3ubuntu1 [25.5 kB]\nGet:45 http://archive.ubuntu.com/ubuntu bionic-updates/universe amd64 libavutil55 amd64 7:3.4.8-0ubuntu0.2 [190 kB]\nGet:46 http://archive.ubuntu.com/ubuntu bionic/main amd64 libpixman-1-0 amd64 0.34.0-2 [229 kB]\nGet:47 http://archive.ubuntu.com/ubuntu bionic-updates/main amd64 libxcb-render0 amd64 1.13-2~ubuntu18.04 [14.7 kB]\nGet:48 http://archive.ubuntu.com/ubuntu bionic-updates/main amd64 libxcb-shm0 amd64 1.13-2~ubuntu18.04 [5600 B]\nGet:49 http://archive.ubuntu.com/ubuntu bionic/main amd64 libxrender1 amd64 1:0.9.10-1 [18.7 kB]\nGet:50 http://archive.ubuntu.com/ubuntu bionic-updates/main amd64 libcairo2 amd64 1.15.10-2ubuntu0.1 [580 kB]\nGet:51 http://archive.ubuntu.com/ubuntu bionic/universe amd64 libcrystalhd3 amd64 1:0.0~git20110715.fdd2f19-12 [45.8 kB]\nGet:52 http://archive.ubuntu.com/ubuntu bionic/universe amd64 libgsm1 amd64 1.0.13-4build1 [22.4 kB]\nGet:53 http://archive.ubuntu.com/ubuntu bionic/main amd64 libmp3lame0 amd64 3.100-2 [136 kB]\nGet:54 http://archive.ubuntu.com/ubuntu bionic-updates/universe amd64 libopenjp2-7 amd64 2.3.0-2build0.18.04.1 [145 kB]\nGet:55 http://archive.ubuntu.com/ubuntu bionic/main amd64 libopus0 amd64 1.1.2-1ubuntu1 [159 kB]\nGet:56 http://archive.ubuntu.com/ubuntu bionic/main amd64 libcroco3 amd64 0.6.12-2 [81.3 kB]\nGet:57 http://archive.ubuntu.com/ubuntu bionic/main amd64 libjpeg8 amd64 8c-2ubuntu8 [2194 B]\nGet:58 http://archive.ubuntu.com/ubuntu bionic/main amd64 libjbig0 amd64 2.1-3.1build1 [26.7 kB]\nGet:59 http://archive.ubuntu.com/ubuntu bionic-updates/main amd64 libtiff5 amd64 4.0.9-5ubuntu0.4 [153 kB]\nGet:60 http://archive.ubuntu.com/ubuntu bionic/main amd64 libgdk-pixbuf2.0-common all 2.36.11-2 [4536 B]\nGet:61 http://archive.ubuntu.com/ubuntu bionic/main amd64 libgdk-pixbuf2.0-0 amd64 2.36.11-2 [165 kB]\nGet:62 http://archive.ubuntu.com/ubuntu bionic/main amd64 libthai-data all 0.1.27-2 [133 kB]\nGet:63 http://archive.ubuntu.com/ubuntu bionic/main amd64 libdatrie1 amd64 0.2.10-7 [17.8 kB]\nGet:64 http://archive.ubuntu.com/ubuntu bionic/main amd64 libthai0 amd64 0.1.27-2 [18.0 kB]\nGet:65 http://archive.ubuntu.com/ubuntu bionic-updates/main amd64 libpango-1.0-0 amd64 1.40.14-1ubuntu0.1 [153 kB]\nGet:66 http://archive.ubuntu.com/ubuntu bionic-updates/main amd64 libpangoft2-1.0-0 amd64 1.40.14-1ubuntu0.1 [33.2 kB]\nGet:67 http://archive.ubuntu.com/ubuntu bionic-updates/main amd64 libpangocairo-1.0-0 amd64 1.40.14-1ubuntu0.1 [20.8 kB]\nGet:68 http://archive.ubuntu.com/ubuntu bionic-updates/main amd64 librsvg2-2 amd64 2.40.20-2ubuntu0.2 [98.6 kB]\nGet:69 http://archive.ubuntu.com/ubuntu bionic/universe amd64 libshine3 amd64 3.1.1-1 [22.9 kB]\nGet:70 http://archive.ubuntu.com/ubuntu bionic/main amd64 libsnappy1v5 amd64 1.1.7-1 [16.0 kB]\nGet:71 http://archive.ubuntu.com/ubuntu bionic/main amd64 libspeex1 amd64 1.2~rc1.2-1ubuntu2 [52.1 kB]\nGet:72 http://archive.ubuntu.com/ubuntu bionic/universe amd64 libsoxr0 amd64 0.1.2-3 [65.9 kB]\nGet:73 http://archive.ubuntu.com/ubuntu bionic-updates/universe amd64 libswresample2 amd64 7:3.4.8-0ubuntu0.2 [55.2 kB]\nGet:74 http://archive.ubuntu.com/ubuntu bionic/main amd64 libtheora0 amd64 1.1.1+dfsg.1-14 [170 kB]\nGet:75 http://archive.ubuntu.com/ubuntu bionic/main amd64 libtwolame0 amd64 0.3.13-3 [46.7 kB]\nGet:76 http://archive.ubuntu.com/ubuntu bionic/main amd64 libvorbis0a amd64 1.3.5-4.2 [86.4 kB]\nGet:77 http://archive.ubuntu.com/ubuntu bionic/main amd64 libvorbisenc2 amd64 1.3.5-4.2 [70.7 kB]\nGet:78 http://archive.ubuntu.com/ubuntu bionic-updates/main amd64 libvpx5 amd64 1.7.0-3ubuntu0.18.04.1 [796 kB]\nGet:79 http://archive.ubuntu.com/ubuntu bionic-updates/main amd64 libwavpack1 amd64 5.1.0-2ubuntu1.5 [76.8 kB]\nGet:80 http://archive.ubuntu.com/ubuntu bionic-updates/main amd64 libwebp6 amd64 0.6.1-2ubuntu0.18.04.1 [186 kB]\nGet:81 http://archive.ubuntu.com/ubuntu bionic-updates/main amd64 libwebpmux3 amd64 0.6.1-2ubuntu0.18.04.1 [19.6 kB]\nGet:82 http://archive.ubuntu.com/ubuntu bionic/universe amd64 libx264-152 amd64 2:0.152.2854+gite9a5903-2 [609 kB]\nGet:83 http://archive.ubuntu.com/ubuntu bionic/universe amd64 libx265-146 amd64 2.6-3 [1026 kB]\nGet:84 http://archive.ubuntu.com/ubuntu bionic/universe amd64 libxvidcore4 amd64 2:1.3.5-1 [200 kB]\nGet:85 http://archive.ubuntu.com/ubuntu bionic/universe amd64 libzvbi-common all 0.2.35-13 [32.1 kB]\nGet:86 http://archive.ubuntu.com/ubuntu bionic/universe amd64 libzvbi0 amd64 0.2.35-13 [235 kB]\nGet:87 http://archive.ubuntu.com/ubuntu bionic-updates/universe amd64 libavcodec57 amd64 7:3.4.8-0ubuntu0.2 [4595 kB]\nGet:88 http://archive.ubuntu.com/ubuntu bionic-updates/main amd64 libasound2-data all 1.1.3-5ubuntu0.6 [38.5 kB]\nGet:89 http://archive.ubuntu.com/ubuntu bionic-updates/main amd64 libasound2 amd64 1.1.3-5ubuntu0.6 [360 kB]\nGet:90 http://archive.ubuntu.com/ubuntu bionic/main amd64 libraw1394-11 amd64 2.1.2-1 [30.7 kB]\nGet:91 http://archive.ubuntu.com/ubuntu bionic/main amd64 libavc1394-0 amd64 0.5.4-4build1 [16.1 kB]\nGet:92 http://archive.ubuntu.com/ubuntu bionic/universe amd64 libass9 amd64 1:0.14.0-1 [88.2 kB]\nGet:93 http://archive.ubuntu.com/ubuntu bionic/universe amd64 libbluray2 amd64 1:1.0.2-3 [141 kB]\nGet:94 http://archive.ubuntu.com/ubuntu bionic/universe amd64 libchromaprint1 amd64 1.4.3-1 [36.8 kB]\nGet:95 http://archive.ubuntu.com/ubuntu bionic/universe amd64 libgme0 amd64 0.6.2-1 [121 kB]\nGet:96 http://archive.ubuntu.com/ubuntu bionic/main amd64 libmpg123-0 amd64 1.25.10-1 [125 kB]\nGet:97 http://archive.ubuntu.com/ubuntu bionic/main amd64 libvorbisfile3 amd64 1.3.5-4.2 [16.0 kB]\nGet:98 http://archive.ubuntu.com/ubuntu bionic/universe amd64 libopenmpt0 amd64 0.3.6-1 [561 kB]\nGet:99 http://archive.ubuntu.com/ubuntu bionic-updates/main amd64 libssh-gcrypt-4 amd64 0.8.0~20170825.94fa1e38-1ubuntu0.7 [172 kB]\nGet:100 http://archive.ubuntu.com/ubuntu bionic-updates/universe amd64 libavformat57 amd64 7:3.4.8-0ubuntu0.2 [953 kB]\nGet:101 http://archive.ubuntu.com/ubuntu bionic-updates/universe amd64 libavresample3 amd64 7:3.4.8-0ubuntu0.2 [52.6 kB]\nGet:102 http://archive.ubuntu.com/ubuntu bionic/universe amd64 libbs2b0 amd64 3.1.0+dfsg-2.2 [10.5 kB]\nGet:103 http://archive.ubuntu.com/ubuntu bionic/universe amd64 libflite1 amd64 2.1-release-1 [12.8 MB]\nGet:104 http://archive.ubuntu.com/ubuntu bionic-updates/universe amd64 libmysofa0 amd64 0.6~dfsg0-3+deb10u1build1 [38.5 kB]\nGet:105 http://archive.ubuntu.com/ubuntu bionic-updates/universe amd64 libpostproc54 amd64 7:3.4.8-0ubuntu0.2 [50.3 kB]\nGet:106 http://archive.ubuntu.com/ubuntu bionic/main amd64 libfftw3-double3 amd64 3.3.7-1 [735 kB]\nGet:107 http://archive.ubuntu.com/ubuntu bionic/main amd64 libsamplerate0 amd64 0.1.9-1 [938 kB]\nGet:108 http://archive.ubuntu.com/ubuntu bionic/universe amd64 librubberband2 amd64 1.8.1-7ubuntu2 [86.7 kB]\nGet:109 http://archive.ubuntu.com/ubuntu bionic-updates/universe amd64 libswscale4 amd64 7:3.4.8-0ubuntu0.2 [150 kB]\nGet:110 http://archive.ubuntu.com/ubuntu bionic/universe amd64 libnorm1 amd64 1.5r6+dfsg1-6 [224 kB]\nGet:111 http://archive.ubuntu.com/ubuntu bionic/universe amd64 libpgm-5.2-0 amd64 5.2.122~dfsg-2 [157 kB]\nGet:112 http://archive.ubuntu.com/ubuntu bionic/main amd64 libsodium23 amd64 1.0.16-2 [143 kB]\nGet:113 http://archive.ubuntu.com/ubuntu bionic-updates/universe amd64 libzmq5 amd64 4.2.5-1ubuntu0.2 [221 kB]\nGet:114 http://archive.ubuntu.com/ubuntu bionic-updates/universe amd64 libavfilter6 amd64 7:3.4.8-0ubuntu0.2 [874 kB]\nGet:115 http://archive.ubuntu.com/ubuntu bionic-updates/main amd64 libcaca0 amd64 0.99.beta19-2ubuntu0.18.04.2 [202 kB]\nGet:116 http://archive.ubuntu.com/ubuntu bionic/main amd64 libcdio17 amd64 1.0.0-2ubuntu2 [58.8 kB]\nGet:117 http://archive.ubuntu.com/ubuntu bionic/main amd64 libcdio-cdda2 amd64 10.2+0.94+2-2build1 [17.7 kB]\nGet:118 http://archive.ubuntu.com/ubuntu bionic/main amd64 libcdio-paranoia2 amd64 10.2+0.94+2-2build1 [17.2 kB]\nGet:119 http://archive.ubuntu.com/ubuntu bionic/universe amd64 libdc1394-22 amd64 2.2.5-1 [77.5 kB]\nGet:120 http://archive.ubuntu.com/ubuntu bionic-updates/main amd64 libglvnd0 amd64 1.0.0-2ubuntu2.3 [47.0 kB]\nGet:121 http://archive.ubuntu.com/ubuntu bionic-updates/main amd64 libglapi-mesa amd64 20.0.8-0ubuntu1~18.04.1 [26.6 kB]\nGet:122 http://archive.ubuntu.com/ubuntu bionic-updates/main amd64 libx11-xcb1 amd64 2:1.6.4-3ubuntu0.4 [9720 B]\nGet:123 http://archive.ubuntu.com/ubuntu bionic-updates/main amd64 libxcb-dri2-0 amd64 1.13-2~ubuntu18.04 [6920 B]\nGet:124 http://archive.ubuntu.com/ubuntu bionic-updates/main amd64 libxcb-dri3-0 amd64 1.13-2~ubuntu18.04 [6568 B]\nGet:125 http://archive.ubuntu.com/ubuntu bionic-updates/main amd64 libxcb-glx0 amd64 1.13-2~ubuntu18.04 [22.1 kB]\nGet:126 http://archive.ubuntu.com/ubuntu bionic-updates/main amd64 libxcb-present0 amd64 1.13-2~ubuntu18.04 [5552 B]\nGet:127 http://archive.ubuntu.com/ubuntu bionic-updates/main amd64 libxcb-sync1 amd64 1.13-2~ubuntu18.04 [8808 B]\nGet:128 http://archive.ubuntu.com/ubuntu bionic/main amd64 libxdamage1 amd64 1:1.1.4-3 [6934 B]\nGet:129 http://archive.ubuntu.com/ubuntu bionic/main amd64 libxshmfence1 amd64 1.3-1 [5028 B]\nGet:130 http://archive.ubuntu.com/ubuntu bionic-updates/main amd64 libdrm-amdgpu1 amd64 2.4.101-2~18.04.1 [18.2 kB]\nGet:131 http://archive.ubuntu.com/ubuntu bionic/main amd64 libpciaccess0 amd64 0.14-1 [17.9 kB]\nGet:132 http://archive.ubuntu.com/ubuntu bionic-updates/main amd64 libdrm-intel1 amd64 2.4.101-2~18.04.1 [60.0 kB]\nGet:133 http://archive.ubuntu.com/ubuntu bionic-updates/main amd64 libdrm-nouveau2 amd64 2.4.101-2~18.04.1 [16.5 kB]\nGet:134 http://archive.ubuntu.com/ubuntu bionic-updates/main amd64 libdrm-radeon1 amd64 2.4.101-2~18.04.1 [21.7 kB]\nGet:135 http://archive.ubuntu.com/ubuntu bionic-updates/main amd64 libllvm10 amd64 1:10.0.0-4ubuntu1~18.04.2 [15.4 MB]\nGet:136 http://archive.ubuntu.com/ubuntu bionic/main amd64 libsensors4 amd64 1:3.4.0-4 [28.8 kB]\nGet:137 http://archive.ubuntu.com/ubuntu bionic-updates/main amd64 libgl1-mesa-dri amd64 20.0.8-0ubuntu1~18.04.1 [9333 kB]\nGet:138 http://archive.ubuntu.com/ubuntu bionic-updates/main amd64 libglx-mesa0 amd64 20.0.8-0ubuntu1~18.04.1 [139 kB]\nGet:139 http://archive.ubuntu.com/ubuntu bionic-updates/main amd64 libglx0 amd64 1.0.0-2ubuntu2.3 [28.1 kB]\nGet:140 http://archive.ubuntu.com/ubuntu bionic-updates/main amd64 libgl1 amd64 1.0.0-2ubuntu2.3 [86.2 kB]\nGet:141 http://archive.ubuntu.com/ubuntu bionic/main amd64 libiec61883-0 amd64 1.2.0-2 [23.5 kB]\nGet:142 http://archive.ubuntu.com/ubuntu bionic/main amd64 libjack-jackd2-0 amd64 1.9.12~dfsg-2 [263 kB]\nGet:143 http://archive.ubuntu.com/ubuntu bionic/universe amd64 libopenal-data all 1:1.18.2-2 [102 kB]\nGet:144 http://archive.ubuntu.com/ubuntu bionic/universe amd64 libsndio6.1 amd64 1.1.0-3 [23.4 kB]\nGet:145 http://archive.ubuntu.com/ubuntu bionic/universe amd64 libopenal1 amd64 1:1.18.2-2 [266 kB]\nGet:146 http://archive.ubuntu.com/ubuntu bionic/main amd64 libasyncns0 amd64 0.8-6 [12.1 kB]\nGet:147 http://archive.ubuntu.com/ubuntu bionic/main amd64 libflac8 amd64 1.3.2-1 [213 kB]\nGet:148 http://archive.ubuntu.com/ubuntu bionic-updates/main amd64 libsndfile1 amd64 1.0.28-4ubuntu0.18.04.2 [170 kB]\nGet:149 http://archive.ubuntu.com/ubuntu bionic-updates/main amd64 libpulse0 amd64 1:11.1-1ubuntu7.11 [266 kB]\nGet:150 http://archive.ubuntu.com/ubuntu bionic-updates/main amd64 libwayland-client0 amd64 1.16.0-1ubuntu1.1~18.04.3 [23.6 kB]\nGet:151 http://archive.ubuntu.com/ubuntu bionic-updates/main amd64 libwayland-cursor0 amd64 1.16.0-1ubuntu1.1~18.04.3 [10.1 kB]\nGet:152 http://archive.ubuntu.com/ubuntu bionic-updates/main amd64 libwayland-server0 amd64 1.16.0-1ubuntu1.1~18.04.3 [29.6 kB]\nGet:153 http://archive.ubuntu.com/ubuntu bionic-updates/main amd64 libgbm1 amd64 20.0.8-0ubuntu1~18.04.1 [27.6 kB]\nGet:154 http://archive.ubuntu.com/ubuntu bionic-updates/main amd64 libxcb-xfixes0 amd64 1.13-2~ubuntu18.04 [9352 B]\nGet:155 http://archive.ubuntu.com/ubuntu bionic-updates/main amd64 libegl-mesa0 amd64 20.0.8-0ubuntu1~18.04.1 [96.3 kB]\nGet:156 http://archive.ubuntu.com/ubuntu bionic-updates/main amd64 libegl1 amd64 1.0.0-2ubuntu2.3 [32.0 kB]\nGet:157 http://archive.ubuntu.com/ubuntu bionic-updates/main amd64 libwayland-egl1 amd64 1.16.0-1ubuntu1.1~18.04.3 [5464 B]\nGet:158 http://archive.ubuntu.com/ubuntu bionic-updates/main amd64 libwayland-egl1-mesa amd64 20.0.8-0ubuntu1~18.04.1 [6444 B]\nGet:159 http://archive.ubuntu.com/ubuntu bionic/main amd64 libxcursor1 amd64 1:1.1.15-1 [19.8 kB]\nGet:160 http://archive.ubuntu.com/ubuntu bionic/main amd64 libxi6 amd64 2:1.7.9-1 [29.2 kB]\nGet:161 http://archive.ubuntu.com/ubuntu bionic-updates/main amd64 libxkbcommon0 amd64 0.8.2-1~ubuntu18.04.1 [97.8 kB]\nGet:162 http://archive.ubuntu.com/ubuntu bionic/main amd64 libxrandr2 amd64 2:1.5.1-1 [18.1 kB]\nGet:163 http://archive.ubuntu.com/ubuntu bionic-updates/universe amd64 libsdl2-2.0-0 amd64 2.0.8+dfsg1-1ubuntu1.18.04.4 [382 kB]\nGet:164 http://archive.ubuntu.com/ubuntu bionic-updates/main amd64 libxcb-shape0 amd64 1.13-2~ubuntu18.04 [5972 B]\nGet:165 http://archive.ubuntu.com/ubuntu bionic/main amd64 libxv1 amd64 2:1.0.11-1 [10.7 kB]\nGet:166 http://archive.ubuntu.com/ubuntu bionic-updates/universe amd64 libavdevice57 amd64 7:3.4.8-0ubuntu0.2 [74.9 kB]\nGet:167 http://archive.ubuntu.com/ubuntu bionic-updates/universe amd64 ffmpeg amd64 7:3.4.8-0ubuntu0.2 [1587 kB]\nGet:168 http://archive.ubuntu.com/ubuntu bionic/universe amd64 libaacs0 amd64 0.9.0-1 [51.4 kB]\nGet:169 http://archive.ubuntu.com/ubuntu bionic/universe amd64 libbdplus0 amd64 0.1.2-2 [46.6 kB]\nGet:170 http://archive.ubuntu.com/ubuntu bionic/main amd64 libgdk-pixbuf2.0-bin amd64 2.36.11-2 [7864 B]\nGet:171 http://archive.ubuntu.com/ubuntu bionic/main amd64 libpython-dev amd64 2.7.15~rc1-1 [7684 B]\nGet:172 http://archive.ubuntu.com/ubuntu bionic/main amd64 libpython-all-dev amd64 2.7.15~rc1-1 [1092 B]\nGet:173 http://archive.ubuntu.com/ubuntu bionic-updates/main amd64 librsvg2-common amd64 2.40.20-2ubuntu0.2 [5064 B]\nGet:174 http://archive.ubuntu.com/ubuntu bionic-updates/universe amd64 mesa-va-drivers amd64 20.0.8-0ubuntu1~18.04.1 [2376 kB]\nGet:175 http://archive.ubuntu.com/ubuntu bionic-updates/main amd64 mesa-vdpau-drivers amd64 20.0.8-0ubuntu1~18.04.1 [2496 kB]\nGet:176 http://archive.ubuntu.com/ubuntu bionic/main amd64 net-tools amd64 1.60+git20161116.90da8a0-1ubuntu1 [194 kB]\nGet:177 http://archive.ubuntu.com/ubuntu bionic/main amd64 python-all amd64 2.7.15~rc1-1 [1076 B]\nGet:178 http://archive.ubuntu.com/ubuntu bionic/main amd64 python-dev amd64 2.7.15~rc1-1 [1256 B]\nGet:179 http://archive.ubuntu.com/ubuntu bionic/main amd64 python-all-dev amd64 2.7.15~rc1-1 [1100 B]\nGet:180 http://archive.ubuntu.com/ubuntu bionic/main amd64 python-asn1crypto all 0.24.0-1 [72.7 kB]\nGet:181 http://archive.ubuntu.com/ubuntu bionic/main amd64 python-cffi-backend amd64 1.11.5-1 [63.4 kB]\nGet:182 http://archive.ubuntu.com/ubuntu bionic/main amd64 python-crypto amd64 2.6.1-8ubuntu2 [244 kB]\nGet:183 http://archive.ubuntu.com/ubuntu bionic/main amd64 python-enum34 all 1.1.6-2 [34.8 kB]\nGet:184 http://archive.ubuntu.com/ubuntu bionic/main amd64 python-idna all 2.6-1 [32.4 kB]\nGet:185 http://archive.ubuntu.com/ubuntu bionic/main amd64 python-ipaddress all 1.0.17-1 [18.2 kB]\nGet:186 http://archive.ubuntu.com/ubuntu bionic/main amd64 python-six all 1.11.0-2 [11.3 kB]\nGet:187 http://archive.ubuntu.com/ubuntu bionic-updates/main amd64 python-cryptography amd64 2.1.4-1ubuntu1.4 [276 kB]\nGet:188 http://archive.ubuntu.com/ubuntu bionic/main amd64 python-dbus amd64 1.2.6-1 [90.2 kB]\nGet:189 http://archive.ubuntu.com/ubuntu bionic-updates/main amd64 python-gi amd64 3.26.1-2ubuntu1 [197 kB]\nGet:190 http://archive.ubuntu.com/ubuntu bionic/main amd64 python-secretstorage all 2.3.1-2 [11.8 kB]\nGet:191 http://archive.ubuntu.com/ubuntu bionic/main amd64 python-keyring all 10.6.0-1 [30.6 kB]\nGet:192 http://archive.ubuntu.com/ubuntu bionic/main amd64 python-keyrings.alt all 3.0-1 [16.7 kB]\nGet:193 http://archive.ubuntu.com/ubuntu bionic-updates/universe amd64 python-pip-whl all 9.0.1-2.3~ubuntu1.18.04.5 [1653 kB]\nGet:194 http://archive.ubuntu.com/ubuntu bionic-updates/universe amd64 python-pip all 9.0.1-2.3~ubuntu1.18.04.5 [151 kB]\nGet:195 http://archive.ubuntu.com/ubuntu bionic/main amd64 python-pkg-resources all 39.0.1-2 [128 kB]\nGet:196 http://archive.ubuntu.com/ubuntu bionic/main amd64 python-setuptools all 39.0.1-2 [329 kB]\nGet:197 http://archive.ubuntu.com/ubuntu bionic/universe amd64 python-wheel all 0.30.0-0.2 [36.4 kB]\nGet:198 http://archive.ubuntu.com/ubuntu bionic-updates/universe amd64 python-xdg all 0.25-4ubuntu1.1 [31.2 kB]\nGet:199 http://archive.ubuntu.com/ubuntu bionic-updates/main amd64 unzip amd64 6.0-21ubuntu1.1 [168 kB]\nGet:200 http://archive.ubuntu.com/ubuntu bionic/universe amd64 i965-va-driver amd64 2.1.0-0ubuntu1 [925 kB]\nGet:201 http://archive.ubuntu.com/ubuntu bionic/universe amd64 va-driver-all amd64 2.1.0-3 [4376 B]\nGet:202 http://archive.ubuntu.com/ubuntu bionic/main amd64 vdpau-driver-all amd64 1.1.1-3ubuntu1 [4674 B]\nGet:203 http://archive.ubuntu.com/ubuntu bionic/main amd64 zip amd64 3.0-11build1 [167 kB]\nGet:204 http://archive.ubuntu.com/ubuntu bionic/main amd64 libsnappy-dev amd64 1.1.7-1 [27.2 kB]\nFetched 79.0 MB in 47s (1668 kB/s)\nSelecting previously unselected package multiarch-support.\r\n(Reading database ... \r(Reading database ... 5%\r(Reading database ... 10%\r(Reading database ... 15%\r(Reading database ... 20%\r(Reading database ... 25%\r(Reading database ... 30%\r(Reading database ... 35%\r(Reading database ... 40%\r(Reading database ... 45%\r(Reading database ... 50%\r(Reading database ... 55%\r(Reading database ... 60%\r(Reading database ... 65%\r(Reading database ... 70%\r(Reading database ... 75%\r(Reading database ... 80%\r(Reading database ... 85%\r(Reading database ... 90%\r(Reading database ... 95%\r(Reading database ... 100%\r(Reading database ... 21086 files and directories currently installed.)\r\nPreparing to unpack .../0-multiarch-support_2.27-3ubuntu1.4_amd64.deb ...\r\nUnpacking multiarch-support (2.27-3ubuntu1.4) ...\r\nSelecting previously unselected package libxau6:amd64.\r\nPreparing to unpack .../1-libxau6_1%3a1.0.8-1ubuntu1_amd64.deb ...\r\nUnpacking libxau6:amd64 (1:1.0.8-1ubuntu1) ...\r\nSelecting previously unselected package libxdmcp6:amd64.\r\nPreparing to unpack .../2-libxdmcp6_1%3a1.1.2-3_amd64.deb ...\r\nUnpacking libxdmcp6:amd64 (1:1.1.2-3) ...\r\nSelecting previously unselected package libxcb1:amd64.\r\nPreparing to unpack .../3-libxcb1_1.13-2~ubuntu18.04_amd64.deb ...\r\nUnpacking libxcb1:amd64 (1.13-2~ubuntu18.04) ...\r\nSelecting previously unselected package libx11-data.\r\nPreparing to unpack .../4-libx11-data_2%3a1.6.4-3ubuntu0.4_all.deb ...\r\nUnpacking libx11-data (2:1.6.4-3ubuntu0.4) ...\r\nSelecting previously unselected package libx11-6:amd64.\r\nPreparing to unpack .../5-libx11-6_2%3a1.6.4-3ubuntu0.4_amd64.deb ...\r\nUnpacking libx11-6:amd64 (2:1.6.4-3ubuntu0.4) ...\r\nSetting up multiarch-support (2.27-3ubuntu1.4) ...\r\nSelecting previously unselected package libxext6:amd64.\r\n(Reading database ... \r(Reading database ... 5%\r(Reading database ... 10%\r(Reading database ... 15%\r(Reading database ... 20%\r(Reading database ... 25%\r(Reading database ... 30%\r(Reading database ... 35%\r(Reading database ... 40%\r(Reading database ... 45%\r(Reading database ... 50%\r(Reading database ... 55%\r(Reading database ... 60%\r(Reading database ... 65%\r(Reading database ... 70%\r(Reading database ... 75%\r(Reading database ... 80%\r(Reading database ... 85%\r(Reading database ... 90%\r(Reading database ... 95%\r(Reading database ... 100%\r(Reading database ... 21371 files and directories currently installed.)\r\nPreparing to unpack .../00-libxext6_2%3a1.3.3-1_amd64.deb ...\r\nUnpacking libxext6:amd64 (2:1.3.3-1) ...\r\nSelecting previously unselected package fonts-dejavu-core.\r\nPreparing to unpack .../01-fonts-dejavu-core_2.37-1_all.deb ...\r\nUnpacking fonts-dejavu-core (2.37-1) ...\r\nSelecting previously unselected package fontconfig-config.\r\nPreparing to unpack .../02-fontconfig-config_2.12.6-0ubuntu2_all.deb ...\r\nUnpacking fontconfig-config (2.12.6-0ubuntu2) ...\r\nSelecting previously unselected package libfontconfig1:amd64.\r\nPreparing to unpack .../03-libfontconfig1_2.12.6-0ubuntu2_amd64.deb ...\r\nUnpacking libfontconfig1:amd64 (2.12.6-0ubuntu2) ...\r\nSelecting previously unselected package fontconfig.\r\nPreparing to unpack .../04-fontconfig_2.12.6-0ubuntu2_amd64.deb ...\r\nUnpacking fontconfig (2.12.6-0ubuntu2) ...\r\nSelecting previously unselected package libjpeg-turbo8:amd64.\r\nPreparing to unpack .../05-libjpeg-turbo8_1.5.2-0ubuntu5.18.04.4_amd64.deb ...\r\nUnpacking libjpeg-turbo8:amd64 (1.5.2-0ubuntu5.18.04.4) ...\r\nSelecting previously unselected package liblzo2-2:amd64.\r\nPreparing to unpack .../06-liblzo2-2_2.08-1.2_amd64.deb ...\r\nUnpacking liblzo2-2:amd64 (2.08-1.2) ...\r\nSelecting previously unselected package libogg0:amd64.\r\nPreparing to unpack .../07-libogg0_1.3.2-1_amd64.deb ...\r\nUnpacking libogg0:amd64 (1.3.2-1) ...\r\nSelecting previously unselected package libxinerama1:amd64.\r\nPreparing to unpack .../08-libxinerama1_2%3a1.1.3-1_amd64.deb ...\r\nUnpacking libxinerama1:amd64 (2:1.1.3-1) ...\r\nSelecting previously unselected package x11-common.\r\nPreparing to unpack .../09-x11-common_1%3a7.7+19ubuntu7.1_all.deb ...\r\ndpkg-query: no packages found matching nux-tools\r\nUnpacking x11-common (1:7.7+19ubuntu7.1) ...\r\nSelecting previously unselected package libxss1:amd64.\r\nPreparing to unpack .../10-libxss1_1%3a1.2.2-1_amd64.deb ...\r\nUnpacking libxss1:amd64 (1:1.2.2-1) ...\r\nSelecting previously unselected package libxxf86vm1:amd64.\r\nPreparing to unpack .../11-libxxf86vm1_1%3a1.1.4-1_amd64.deb ...\r\nUnpacking libxxf86vm1:amd64 (1:1.1.4-1) ...\r\nSelecting previously unselected package python-minimal.\r\nPreparing to unpack .../12-python-minimal_2.7.15~rc1-1_amd64.deb ...\r\nUnpacking python-minimal (2.7.15~rc1-1) ...\r\nSelecting previously unselected package libpython-stdlib:amd64.\r\nPreparing to unpack .../13-libpython-stdlib_2.7.15~rc1-1_amd64.deb ...\r\nUnpacking libpython-stdlib:amd64 (2.7.15~rc1-1) ...\r\nSetting up python-minimal (2.7.15~rc1-1) ...\r\nSelecting previously unselected package python.\r\n(Reading database ... \r(Reading database ... 5%\r(Reading database ... 10%\r(Reading database ... 15%\r(Reading database ... 20%\r(Reading database ... 25%\r(Reading database ... 30%\r(Reading database ... 35%\r(Reading database ... 40%\r(Reading database ... 45%\r(Reading database ... 50%\r(Reading database ... 55%\r(Reading database ... 60%\r(Reading database ... 65%\r(Reading database ... 70%\r(Reading database ... 75%\r(Reading database ... 80%\r(Reading database ... 85%\r(Reading database ... 90%\r(Reading database ... 95%\r(Reading database ... 100%\r(Reading database ... 21620 files and directories currently installed.)\r\nPreparing to unpack .../000-python_2.7.15~rc1-1_amd64.deb ...\r\nUnpacking python (2.7.15~rc1-1) ...\r\nSelecting previously unselected package libdbus-1-3:amd64.\r\nPreparing to unpack .../001-libdbus-1-3_1.12.2-1ubuntu1.2_amd64.deb ...\r\nUnpacking libdbus-1-3:amd64 (1.12.2-1ubuntu1.2) ...\r\nSelecting previously unselected package dbus.\r\nPreparing to unpack .../002-dbus_1.12.2-1ubuntu1.2_amd64.deb ...\r\nUnpacking dbus (1.12.2-1ubuntu1.2) ...\r\nSelecting previously unselected package libfribidi0:amd64.\r\nPreparing to unpack .../003-libfribidi0_0.19.7-2_amd64.deb ...\r\nUnpacking libfribidi0:amd64 (0.19.7-2) ...\r\nSelecting previously unselected package libslang2:amd64.\r\nPreparing to unpack .../004-libslang2_2.3.1a-3ubuntu1_amd64.deb ...\r\nUnpacking libslang2:amd64 (2.3.1a-3ubuntu1) ...\r\nSelecting previously unselected package shared-mime-info.\r\nPreparing to unpack .../005-shared-mime-info_1.9-2_amd64.deb ...\r\nUnpacking shared-mime-info (1.9-2) ...\r\nSelecting previously unselected package xkb-data.\r\nPreparing to unpack .../006-xkb-data_2.23.1-1ubuntu1.18.04.1_all.deb ...\r\nUnpacking xkb-data (2.23.1-1ubuntu1.18.04.1) ...\r\nSelecting previously unselected package libdrm-common.\r\nPreparing to unpack .../007-libdrm-common_2.4.101-2~18.04.1_all.deb ...\r\nUnpacking libdrm-common (2.4.101-2~18.04.1) ...\r\nSelecting previously unselected package libdrm2:amd64.\r\nPreparing to unpack .../008-libdrm2_2.4.101-2~18.04.1_amd64.deb ...\r\nUnpacking libdrm2:amd64 (2.4.101-2~18.04.1) ...\r\nSelecting previously unselected package libnuma1:amd64.\r\nPreparing to unpack .../009-libnuma1_2.0.11-2.1ubuntu0.1_amd64.deb ...\r\nUnpacking libnuma1:amd64 (2.0.11-2.1ubuntu0.1) ...\r\nSelecting previously unselected package libusb-1.0-0:amd64.\r\nPreparing to unpack .../010-libusb-1.0-0_2%3a1.0.21-2_amd64.deb ...\r\nUnpacking libusb-1.0-0:amd64 (2:1.0.21-2) ...\r\nSelecting previously unselected package wget.\r\nPreparing to unpack .../011-wget_1.19.4-1ubuntu2.2_amd64.deb ...\r\nUnpacking wget (1.19.4-1ubuntu2.2) ...\r\nSelecting previously unselected package build-essential.\r\nPreparing to unpack .../012-build-essential_12.4ubuntu1_amd64.deb ...\r\nUnpacking build-essential (12.4ubuntu1) ...\r\nSelecting previously unselected package cmake-data.\r\nPreparing to unpack .../013-cmake-data_3.10.2-1ubuntu2.18.04.2_all.deb ...\r\nUnpacking cmake-data (3.10.2-1ubuntu2.18.04.2) ...\r\nSelecting previously unselected package libarchive13:amd64.\r\nPreparing to unpack .../014-libarchive13_3.2.2-3.1ubuntu0.7_amd64.deb ...\r\nUnpacking libarchive13:amd64 (3.2.2-3.1ubuntu0.7) ...\r\nSelecting previously unselected package libjsoncpp1:amd64.\r\nPreparing to unpack .../015-libjsoncpp1_1.7.4-3_amd64.deb ...\r\nUnpacking libjsoncpp1:amd64 (1.7.4-3) ...\r\nSelecting previously unselected package librhash0:amd64.\r\nPreparing to unpack .../016-librhash0_1.3.6-2_amd64.deb ...\r\nUnpacking librhash0:amd64 (1.3.6-2) ...\r\nSelecting previously unselected package libuv1:amd64.\r\nPreparing to unpack .../017-libuv1_1.18.0-3_amd64.deb ...\r\nUnpacking libuv1:amd64 (1.18.0-3) ...\r\nSelecting previously unselected package cmake.\r\nPreparing to unpack .../018-cmake_3.10.2-1ubuntu2.18.04.2_amd64.deb ...\r\nUnpacking cmake (3.10.2-1ubuntu2.18.04.2) ...\r\nSelecting previously unselected package libva2:amd64.\r\nPreparing to unpack .../019-libva2_2.1.0-3_amd64.deb ...\r\nUnpacking libva2:amd64 (2.1.0-3) ...\r\nSelecting previously unselected package libva-drm2:amd64.\r\nPreparing to unpack .../020-libva-drm2_2.1.0-3_amd64.deb ...\r\nUnpacking libva-drm2:amd64 (2.1.0-3) ...\r\nSelecting previously unselected package libxfixes3:amd64.\r\nPreparing to unpack .../021-libxfixes3_1%3
[...]
&quot;  \&quot;a49db965c32bb309a1495f7a968396745eab3ca8eb82c36379bc773566f70a85\&quot;,&quot;,
&quot;  \&quot;99a3f922afbef1a443bc57916ac5a89f509cd55c9b0c597608d498d91317aad9\&quot;,&quot;,
&quot;  \&quot;c0664fecf86a571d76deb4f0eb2bba64a64441e51b855164e01db24e717d8aed\&quot;,&quot;,
&quot;  \&quot;a8d40dbe052306a463c72f87d1d54da773bdc06cddbbbf73d45723bab6f89b02\&quot;,&quot;,
&quot;  \&quot;8053b3f8918fa8880ee2715985d907d62a6e7003a9879800a9140ebf936f0a7e\&quot;,&quot;,
&quot;  \&quot;6260236cab5a1541146b80a9b247e90decf3cd4ae15200886721b577312eeb59\&quot;,&quot;,
&quot;  \&quot;3322a330b8334bc76130c81d39fb2e49be0dfe6c67184bd73a5d437872698073\&quot;,&quot;,
&quot;  \&quot;de1b0c3db5bb91cc36d35334f063ba45f0fdd285e2db07cf613a83c3eb02cd6c\&quot;,&quot;,
&quot;  \&quot;43a91708d21130e44e47a6e6808af1b5932811b482d304feeeb0722003a25f19\&quot;,&quot;,
&quot;  \&quot;5eb1576550b82c2e1ddc02d1256dfc6e977a555c2fdf87777514d46606c05f84\&quot;,&quot;,
&quot;  \&quot;307138c3e131ff1ba4dbcd23c00be458ee84ff9d7bd4b937a044e09135a67634\&quot;,&quot;,
&quot;  \&quot;69b454228aec6c0015853dc418078341ef235baa98c806d6bff687c1477898de\&quot;,&quot;,
&quot;  \&quot;962010f476add2ffa47cd39e0aceba2f3b3b28660f11dbbc13b39b8a9d4b860d\&quot;,&quot;,
&quot;  \&quot;8c4d7292d31371340fbdcf5321d4dc6f41b65bb304571ab7cc2a0779608cdb63\&quot;,&quot;,
&quot;  \&quot;ebc8d088f8358da528e9ab862ac2ea5bd51cddc335ada5094d1fd7efc51ec487\&quot;,&quot;,
&quot;  \&quot;e9fdd392c043063d4254a42521fe6ce5b2228521233461c7f9c98eb52018912b\&quot;,&quot;,
&quot;  \&quot;3ccf1de842f01f2843a63cddc4ed5e739b6b5accf328a01c703fd05077d151d9\&quot;,&quot;,
&quot;  \&quot;f7481a39700356695450cd8ea5535eca94c25db8d527f39bbef0d5193a23031a\&quot;,&quot;,
&quot;  \&quot;8aac51bfaf3a1d0eb6333c638e12cfb1f14cf4f9bb4d26fa19df02bc3209bf0a\&quot;,&quot;,
&quot;  \&quot;fe64f84c62ee1fd6394fdd4f8687f9b2c5fb869217fc0b5255857426589a5fc5\&quot;,&quot;,
&quot;  \&quot;99d1aa8ec1887e9f5e0c573eee896838015f7a24a9d42ea10a65058286fc901e\&quot;,&quot;,
&quot;  \&quot;0060ab71ad613334ae77b76be38d610ac8722c59d2cfeb01f923d09d981b00f7\&quot;,&quot;,
&quot;  \&quot;6d3424d6e1656ab0d7ef55753fa49548783037abd6783e6e72bac8edf2936588\&quot;,&quot;,
&quot;  \&quot;1a9964d86d345c1d8c59fd457d6ad6d2a552fa025bedd044ead32dbdbedca956\&quot;,&quot;,
&quot;  \&quot;1c696c1fef243a7c8741097695a79bfc569aa0c6302b8518c9e088801364257d\&quot;,&quot;,
&quot;  \&quot;7d75ae652ae225d5816f27a840c7013214555d5867811a3c5d901a1ec5c1d72d\&quot;,&quot;,
&quot;  \&quot;20dcdf99c6c254d523dbeef1cd92598c2603dfecfcc69d798f9a9278ff4aa118\&quot;,&quot;,
&quot;  \&quot;afc089c1dfa5e3c4e5e8fea9f7fcb657e6518f89afad911fffdc0fcdd02dfd63\&quot;,&quot;,
&quot;  \&quot;9a63ff387b0aefe847075fc57fffa6308f88510a5d6c9dee3867b2a6b22765b2\&quot;,&quot;,
&quot;  \&quot;82b5fcd378ff03022606ae80fcc3dc8724d3cda527c30421651ac4fac6bfb56f\&quot;,&quot;,
&quot;  \&quot;7ec22ebfa91d40ec00140375a4354a85fb8e389c11387d244f38c3a541dcc568\&quot;,&quot;,
&quot;  \&quot;fb2a2cc3f22a0f4ce5905faa40f43f6d221b1940d05cd7d10f2929bb3910a0e8\&quot;,&quot;,
&quot;  \&quot;24a430feb65fe4dd7a1b77274b1324907c335b3168f95f8de7b5d40ec675e58b\&quot;,&quot;,
&quot;  \&quot;66cacd692ab2368b02d281813671b27dcfe4a714f7fa01cc58203f2106649fd4\&quot;,&quot;,
&quot;  \&quot;945a2b6f2ad1fb69d5f4b1590d4799ea2c2ae7ed7cf1410dc9ae8cb781b86d72\&quot;,&quot;,
&quot;  \&quot;a5e2900b03f589db239d566026c3cf1a4cb93263e8281432d7e73d7244f83ed2\&quot;,&quot;,
&quot;  \&quot;2bbf450b61cad5d42cbc760b52ec37160d0efcdc29dfc2eab25f4dac36b78eac\&quot;,&quot;,
&quot;  \&quot;cb45355292fd2ae70426b63f670c18ea5df00a29246909064dffcafd02f92d0e\&quot;,&quot;,
&quot;  \&quot;e169c8b7d4960a675b9acad8b7a235284d52e4a9e4b4129c6750096b849a71d4\&quot;,&quot;,
&quot;  \&quot;345d4184f8463444f5255a89215b69c85cecdb829f0afb090d343cd2b3ebff49\&quot;,&quot;,
&quot;  \&quot;c764259ab63fb4d34b923c940ab390ffbd3a4c6941f50cb8027efa50cd59b698\&quot;,&quot;,
&quot;  \&quot;3505cd558d84a954f470c92204f4d61b616c27bcd1372ce157257a4bcd50356b\&quot;,&quot;,
&quot;  \&quot;7eb1cffd92ae667467066e0b4fb202b48bcfa02f4381d812ccf009d33f7d4d13\&quot;,&quot;,
&quot;  \&quot;cb4a48e9c3ca41d30f487cb1a98a85495b0a2e28f4bf28dd6718432279d2c844\&quot;,&quot;,
&quot;  \&quot;f1882606866991d0b90e33a35a42d34b19f7112852fe44072833c05ebfe09090\&quot;,&quot;,
&quot;  \&quot;04635050754b777181ffe769e0e08e4faa66ad1511f7fce02aa15653c4a75ce9\&quot;,&quot;,
&quot;  \&quot;6e73f5f0c24338771a38a720a2039f34c8e73eb7dd8b108aec46c161179c9d55\&quot;,&quot;,
&quot;  \&quot;08c662149791f902b23b37a6cdfbcbd754ec5e3554604a240c26a59facc1b6dc\&quot;,&quot;,
&quot;  \&quot;1228f3d2e049b16da9ac706ec0d7eac61f70b07729ff516f20842f099a017e9a\&quot;,&quot;,
&quot;  \&quot;23e0f2dd250038cf2c0ff1f7ac28229cf6a8e72878b710e38b017b007db93e04\&quot;,&quot;,
&quot;  \&quot;e325eff29e13aa1471573fbf81368455aafb81cb545aaf75233cc632594c78f0\&quot;,&quot;,
&quot;  \&quot;4924711f3827b0052c325f353d6bb894ce6bda774a1d4ad51e08563be6bd573e\&quot;,&quot;,
&quot;  \&quot;fca47b75494a4433ddff74a6343a5d7c76d677b3984f8ba7aad1f3fd9691f49f\&quot;,&quot;,
&quot;  \&quot;de3d38290a4250f18b32605b15a3e0f42a123d07cd4c4b39cf471327528a0a7a\&quot;,&quot;,
&quot;  \&quot;0c6c756f00879090bf95bde8e90cf14a8e8ca146f3bc5719827ecfcbccc90df9\&quot;,&quot;,
&quot;  \&quot;30c1fb3ea74b6940cc9ef8dd68b2f1304c8bdce6c851d85236ce2a70b7db1e36\&quot;,&quot;,
&quot;  \&quot;3e49a3434c436992180d95e33d591c5b23d3d0a1da0d3b95e3cf2a310e8e1807\&quot;,&quot;,
&quot;  \&quot;bb42d6de15844e71570485116a33c5d5f6d4fddfb7acd6a9c01e2f5c34cc8bce\&quot;,&quot;,
&quot;  \&quot;2633efeaea08db0fd3fd5dd52af9703fa5ff56ac9e327af1e8a0347799157472\&quot;,&quot;,
&quot;  \&quot;c5ad32d87a0cea350f7d84f7169ae6d0255a16aad1fb0185b5638bf65f3150c0\&quot;,&quot;,
&quot;  \&quot;fa3f0f3b4e78c80fa4e160036c10b914c8f2dccd49d5d8c08b8e5cf86ecb0671\&quot;,&quot;,
&quot;  \&quot;78598caa0a4ad800a8905993ffdad442a77cabdc917deaf3771a21e093aa95f5\&quot;,&quot;,
&quot;  \&quot;d31cf2284241397904eae0c6a1ae45790b6d9d46ef4440e18fdd7cfa682e43bc\&quot;,&quot;,
&quot;  \&quot;7a9ce97674e398916092f35b5a1c7058e37e2dccc33487397becaad34251346e\&quot;,&quot;,
&quot;  \&quot;07dba205e4524fd2e69bd3a519784cc33842968cf7eceb3cea4ed289ba544a39\&quot;,&quot;,
&quot;  \&quot;cfd73a826a343e5f263499151f15dc40f406df025796a18776c48140896ac290\&quot;,&quot;,
&quot;  \&quot;d9641f047f5e7730cec45402f1191b2fa5f2022b88c5e40693b3f581f3def401\&quot;,&quot;,
&quot;  \&quot;1aaf006aef517979be7f45a8af9704b931b8e67bb931093e369d3d41d8f75c3d\&quot;,&quot;,
&quot;  \&quot;85cc2e89ead9aaffc2a088be7fc3a5fef945d1df635b1ff06627eb01a4c8538e\&quot;,&quot;,
&quot;  \&quot;de15282033c88b16831a6e8ef764e60b5eced001ca15b2ed8ddbeb9086b2c826\&quot;,&quot;,
&quot;  \&quot;d0344a8fcea272d93436e9f1a23bf2d9cff1da1746f98ec5efe97c7d1e6a9f53\&quot;,&quot;,
&quot;  \&quot;4963ec20760ed36e0816bb7a2b85088db7c8e3bc185f1ab5865534f9bc0d7651\&quot;,&quot;,
&quot;  \&quot;e81d839e4b8b399db5a16e9502895c7f828829bf0b263230855028401892b1e0\&quot;,&quot;,
&quot;  \&quot;f0635ff1a6ba536aa2f5b5e8df1064680d9d66807691da5c340a534ee16b1351\&quot;,&quot;,
&quot;  \&quot;3cb22034814566d2fd7f3f69115cfee9a79c910dd4029b845648f43a37beeb37\&quot;,&quot;,
&quot;  \&quot;44131795b342745278c3b3c32e4700ecff57312c620e66630faac90dc37faa8b\&quot;,&quot;,
&quot;  \&quot;7efa02092daec56f9797e8c8b31b3b063e85f3defb8a5cd3fbe60f6c5f7f87eb\&quot;,&quot;,
&quot;  \&quot;71e6885be7e1e075fbbd985652d44356af9b3e7ef84d463a2c5a535e28f7f9c9\&quot;,&quot;,
&quot;  \&quot;25ee268fb402ab8fc024eb8be9b59978702a622da1efebf5e96cfd659c2c6cbf\&quot;,&quot;,
&quot;  \&quot;b4db423de3c9a8a21f59861eb3d380009c010a27fbce18fd3eeed90665a98c6f\&quot;,&quot;,
&quot;  \&quot;21dbb68abbe01802f2780feb322ab405ef61460a4c5ebb2c31f903092f18844f\&quot;,&quot;,
&quot;  \&quot;bcce17e66cb8d59353fc7c8e4fee522aa9095d8fe9c55bec3336d3c9fda1bce3\&quot;,&quot;,
&quot;  \&quot;dd8ff9eb7537583c8bd627c105685c964a7d30a603d3164f3ff279de253a05bb\&quot;,&quot;,
&quot;  \&quot;87a03201c9fe3e5cb601f37ae2093ca1d13ef96684d6a51f5c0863570f23d60d\&quot;,&quot;,
&quot;  \&quot;2c84023f5f9fd8b815d1ad13add50e1b9ba894070c8a512a373ef1d77525fc6c\&quot;,&quot;,
&quot;  \&quot;90fe98268bbd68aa78c8bb212a2cf7163b6801ed6378340c7711ee016862ec72\&quot;,&quot;,
&quot;  \&quot;9b95176bb1d6df79e6dc8db7afe72fb5d183d44f9dbf4d55d831b4a271b84f60\&quot;,&quot;,
&quot;  \&quot;5d5134fc716b0f3006c6059fa461d2d1217355b831310eef2954da3bcb1bfa5e\&quot;,&quot;,
&quot;  \&quot;a521abc00e280130991a7b1ce9a3045dc39a262acaf380e28fe961c54afc41c9\&quot;,&quot;,
&quot;  \&quot;94ab837abe43e493046c9d3185d00365c4975e9460b1c20b0907dbbe20e0a8f6\&quot;,&quot;,
&quot;  \&quot;5d7baa7495499cd6a1adf386f76832c0e3c301ef740aafd6e05ffc471eaa1352\&quot;,&quot;,
&quot;  \&quot;55b566707bb0ba2492349e13f8fe03060e377f6faafb9ec0c9202bcc2af06c3d\&quot;,&quot;,
&quot;  \&quot;a2be5797bcdb681e2e1f24a0954d10699efd89a49502a843b1f0980ec4424a8b\&quot;,&quot;,
&quot;  \&quot;42ebf31ac6d63b403cebb64ff07b5259ab88df7f7d66d56fa6fea90964949358\&quot;,&quot;,
&quot;  \&quot;9c4c671ad4a5992cde500e3aa42adc3ef9996ac90db194ed234097daa4a8f7a7\&quot;,&quot;,
&quot;  \&quot;36e1e396682c10757496fda0fa8728745e2185ec386d0b657d59b2310f2160f4\&quot;,&quot;,
&quot;  \&quot;bbd1cfb19f87ce425e621cf99e8537e93b58b0c45d8ac4e9a54b63d5b2040c9e\&quot;,&quot;,
&quot;  \&quot;361f4a96546ff8f50c248284c836d76a1b57f2319713ee61425ab73ca3392ab1\&quot;,&quot;,
&quot;  \&quot;415513c0831c1bf91b74873e9380ac570eaacaf80f6bf51800b02197856b2762\&quot;,&quot;,
&quot;  \&quot;3e2fabb84b56df428febbaf4158f7c69166fbb126ab06a015e92a30dbfa8bc16\&quot;,&quot;,
&quot;  \&quot;e2ba235e818ea607af0e1212dad5d935c66d0c3754e7b08c85dc3145fd13dca6\&quot;,&quot;,
&quot;  \&quot;ed43b28e210c8937354648135f7c08913f944bb54b98647e11bbd9498da13c98\&quot;,&quot;,
&quot;  \&quot;847ad4e7c2521c492e68466b97313ffa0f5e24af6656494eb10bf5001f0acb98\&quot;,&quot;,
&quot;  \&quot;671ea26a54f3400679cecdff60288158021d511c26751cf3a56fc32d00266150\&quot;,&quot;,
&quot;  \&quot;88b54b67118e168df4cb79b54329269cefbc7a308a68c5e4822e50ce29b2c568\&quot;,&quot;,
&quot;  \&quot;7f67e0f110c2cbdece62253ced36e54f7fa60b6c0052278b97bf93875d1e5e9f\&quot;,&quot;,
&quot;  \&quot;4c20ac5b8f827a8f6c7375d2aa26edd75b219f3a7c9864f9bb43b23e8d2ff925\&quot;,&quot;,
&quot;  \&quot;d353d59e857ad76e0daf4dbfb3608888632905271db1c40645d012f5f40930c4\&quot;,&quot;,
&quot;  \&quot;6bcd98eb880dba8c81eecaedeb079db5081d07e6e6adcdc7d7895c043687ec53\&quot;,&quot;,
&quot;  \&quot;cc4be84104b569e80c7112159cc067b0012d0e1b2e31aee4e37618972673cf24\&quot;,&quot;,
&quot;  \&quot;2f7838a592870ae482f88383a0a523cb8c63d6c038093f53e9966f33283e392b\&quot;,&quot;,
&quot;  \&quot;a83673ae4d3a208af39dd96e91013f23cdf7dc8216cd777d4dd33cdb3c2901d0\&quot;,&quot;,
&quot;  \&quot;ddadf881336f12af7d747fc94833db13ea24ee766e2894d32c6a4ba084bcfadb\&quot;,&quot;,
&quot;  \&quot;36a0e02bebd6e253f3542513df3f6e6de21d7104c023cc17daed7191419a36a2\&quot;,&quot;,
&quot;  \&quot;f5584b9609a3366e4bf456052d939dbe6034fd3675bf936b0063fdc42415dadb\&quot;,&quot;,
&quot;  \&quot;d796c658e379cecf4cdaf9d9e1715663bc058663f20017e9379e2c20564e4bb1\&quot;,&quot;,
&quot;  \&quot;d23d61159e5707632c872a0efd6265e8c2fefe5ad113e157608a4261e844d1c5\&quot;,&quot;,
&quot;  \&quot;2097bfd3bb95946825930a9159cd5e309166b21d312d0268713bf4435c7566cb\&quot;,&quot;,
&quot;  \&quot;b57bfe32591cc992b3043e2bc29d9f8f55c85055916cb6a5eb3be838fcaced1e\&quot;,&quot;,
&quot;  \&quot;dc34d8c38a197d7311407409a64721dbebc50ac711fa146759c2bd63ebc1cf91\&quot;,&quot;,
&quot;  \&quot;0ec7cfd472392392dbcfbcf86279b3716d4a61b5f1d89ef3e0cb710f182d1ab1\&quot;,&quot;,
&quot;  \&quot;c068b435bff6b372ecfa03e9f24d364ab4efafde5cc571ad452c57e4b3030320\&quot;,&quot;,
&quot;  \&quot;d5551ee40a941970feafefaac391ea55708101560495c6c9e1698b52b0f35776\&quot;,&quot;,
&quot;  \&quot;fe79be831b9c9536f11bb98ad2acba30e2e92580e32578381400034eaba31b86\&quot;,&quot;,
&quot;  \&quot;c0c6f206e852e9b0cc8556114ab934f60c42a1a63b0b0d797efb25ff383b4b20\&quot;,&quot;,
&quot;  \&quot;5bc173eed84eb782c143214eebac73f8137d56c44e9b2dfe9b85164deea3010e\&quot;,&quot;,
&quot;  \&quot;65ecd155b51537f52dd8fd77b53c62459f5ea3f597a9973a623290ab8f261bf4\&quot;,&quot;,
&quot;  \&quot;0ac33fbea2cf81c2b8bc46e3f0bf5db540f9c96b8c059cd544af8d65e3825e02\&quot;,&quot;,
&quot;  \&quot;3885b4655746724836acaa358012a8fa997bf2a774fc9961b9a5b20c68c65cbe\&quot;,&quot;,
&quot;  \&quot;6462915e61c0e02edb029510401b544bceb1b544568f57ebdc187c098db5a223\&quot;,&quot;,
&quot;  \&quot;f1c1c9c42efa3b06bc82e62b2d3c5a27f4b72b099d38ff915577b5b803ab9e75\&quot;,&quot;,
&quot;  \&quot;5a7a6a0ece1d55a390f74d5d0794347be330bd31596ee52625a2a5e530af0c08\&quot;,&quot;,
&quot;  \&quot;4ae34030251b99a2504517470f83b16c81a473fdbeca21ea96509206a24c4398\&quot;,&quot;,
&quot;  \&quot;0ae694bc5e34e7d7b2a333c0be821a4b13a09587047e45c65ac07b90b81db39e\&quot;,&quot;,
&quot;  \&quot;b0e70bd729635622e89bc120df6370cd1fa029f0fd28e25175811540e79114ae\&quot;,&quot;,
&quot;  \&quot;d0e3eb519b7162472b4d8d688125bcf05e5b5bcca2636408d3fbad1dae7db118\&quot;,&quot;,
&quot;  \&quot;d194e26d940b93225b7c14921c4f0b81b36997e0448956451552a7f2ea082ffa\&quot;,&quot;,
&quot;  \&quot;e46abc9c0aa58ee4cc7aeb84618a7905c9fa8252350395e76f2fe254ee1b7cf7\&quot;,&quot;,
&quot;  \&quot;642dc6a9501efb6f0f68f3d3e53f0bd223695fe908da755c4619b1b9d857cd41\&quot;,&quot;,
&quot;  \&quot;41aed6f03be67917d1b0b35abdc7df04906f2409ea32bfc7dcdc273f11242bc6\&quot;,&quot;,
&quot;  \&quot;6d92ec9e7a556d512efbfbccffff1815ad72a99ac15ff8b3f2da2a5ea4055ff7\&quot;,&quot;,
&quot;  \&quot;82bc227a5663051472d53c11b66e3b3d62ddfde498d86b849beb784455af2f3f\&quot;,&quot;,
&quot;  \&quot;3b8c84e2be50c704c19c46c5e134ab0a409f90cc545e4623a03ca76b76a181b0\&quot;,&quot;,
&quot;  \&quot;d75389bf56d97d687ea7c05822b8ae56c7300e976b2b53d9fc49a1581839bd03\&quot;,&quot;,
&quot;  \&quot;be8c697d7cac963ab545f0fd77adf34b294830d45890dd6d3990edfb279f15d3\&quot;,&quot;,
&quot;  \&quot;f450790f0e5f50d412fdb19a992cca697eb0e6615532bb9ac6ac7fefecd94494\&quot;,&quot;,
&quot;  \&quot;89bf4c2abc6f22df2db69bc6047a2071916df7df4465195a2f902a74ceba7a60\&quot;,&quot;,
&quot;  \&quot;5cf925df1d92280c5d7bcb4c2e6699af4bad68abc78b785224c726b22f584b34\&quot;,&quot;,
&quot;  \&quot;0fe4a4cd61caa78f86e5e36c9a926ea7ede3c4a737e3b531d0c144516e4c750c\&quot;,&quot;,
&quot;  \&quot;cc39d38f14f94047232aab53317eaab5dcd4dc573fde35b05a7709a944302bd2\&quot;,&quot;,
&quot;  \&quot;230a95942589b23388298cb1bbcb81de19515c3650909f8eea7f46981fd86bb6\&quot;,&quot;,
&quot;  \&quot;8d77c3e918b5ff1f1352a4924d481289ecbebe84debb7454351c4c6102ec20d6\&quot;,&quot;,
&quot;  \&quot;4f60fdeed3ed2fb1e632776cc89f6521e29fe22a7c24287518352e4026b53816\&quot;,&quot;,
&quot;  \&quot;dc35a36269902f0e51defc93eb58e626439a9f179e168633e9e8c58af85e7df6\&quot;,&quot;,
&quot;  \&quot;81f46bee46af40d279a52700374049a5f31dd6fd8f9c3b8a56b52977a8dc2773\&quot;,&quot;,
&quot;  \&quot;1e5a970e00fca201257fa54db4fca8a82524598fa099a4246bf1655806ec9b71\&quot;,&quot;,
&quot;  \&quot;61d5f6de312d6fcc361330b2666606267ca229a86c61d679be061d3bc205ac0e\&quot;,&quot;,
&quot;  \&quot;1fad7efa8721012ae8957d7037bc425ad00c71568836f6b740c8fa38afcf8a13\&quot;,&quot;,
&quot;  \&quot;6bdaaabe830241c30a9b8f3bb62dd434d19860327e662ba086dc862831513017\&quot;,&quot;,
&quot;  \&quot;270ac9eefcdd465445be86ff8c22ba16879d07a4be13f703332fd6d454fbbca7\&quot;,&quot;,
&quot;  \&quot;f17feac9115a94a32e7eddb92df2cbdc2942578861822ff6a74fb4e502391843\&quot;,&quot;,
&quot;  \&quot;f9fea5dc2f849ca11905ba27ff71cf94d566abf83e27d7d66833ee2670ae8bf3\&quot;,&quot;,
&quot;  \&quot;79974862fa6c938c3be13bf68b8cf61925c6bec0f2d40725c6a3ff7cba6ff72b\&quot;,&quot;,
&quot;  \&quot;7273cdb2942e7582bf7478ba7ca2ce037640f0416b50c080a29a43b95ca1742a\&quot;,&quot;,
&quot;  \&quot;d4a119de2cda06d32cfb049162d21d1b633d2de8dc432b6d5902afab9bcb3309\&quot;,&quot;,
&quot;  \&quot;d9e646e5a193f87fd1dc3932b03f19f6365a7714e66da36d9929d0e1821a5910\&quot;,&quot;,
&quot;  \&quot;9359e65a9d631437e884e7802d00a0801b7d500dfb00a126e2ffadd5a92b5538\&quot;&quot;,
&quot;]&quot;
]
}</system-out>
		</testcase>
		<testcase classname="/root/ansible_collections/community/lbry/tests/output/.tmp/integration/lbry_publish-g70x_koc-ÅÑŚÌβŁÈ/tests/integration/targets/setup_regtest/tasks/main.yml:107" name="[testhost] testhost: setup_regtest : Start lbrynet daemon chdir=/opt, _raw_params=nohup ./lbrynet start --api 127.0.0.1:5279 --streaming-server 127.0.0.1:5280 --config ~/.lbrynet/daemon_settings.yml &amp;" time="1.290117">
			<system-out>{
&quot;changed&quot;: true,
&quot;cmd&quot;: &quot;nohup ./lbrynet start --api 127.0.0.1:5279 --streaming-server 127.0.0.1:5280 --config ~/.lbrynet/daemon_settings.yml &amp;&quot;,
&quot;delta&quot;: &quot;0:00:01.003993&quot;,
&quot;end&quot;: &quot;2021-09-10 11:05:47.422851&quot;,
&quot;rc&quot;: 0,
&quot;start&quot;: &quot;2021-09-10 11:05:46.418858&quot;,
&quot;stderr&quot;: &quot;&quot;,
&quot;stderr_lines&quot;: [],
&quot;stdout&quot;: &quot;&quot;,
&quot;stdout_lines&quot;: []
}</system-out>
		</testcase>
		<testcase classname="/root/ansible_collections/community/lbry/tests/output/.tmp/integration/lbry_publish-g70x_koc-ÅÑŚÌβŁÈ/tests/integration/targets/setup_regtest/tasks/main.yml:112" name="[testhost] testhost: setup_regtest : Wait for lbrynet to respond port=5279, delay=5, timeout=30" time="5.500576">
			<system-out>{
&quot;changed&quot;: false,
&quot;elapsed&quot;: 5,
&quot;match_groupdict&quot;: {},
&quot;match_groups&quot;: [],
&quot;path&quot;: null,
&quot;port&quot;: 5279,
&quot;search_regex&quot;: null,
&quot;state&quot;: &quot;started&quot;
}</system-out>
		</testcase>
		<testcase classname="/root/ansible_collections/community/lbry/tests/output/.tmp/integration/lbry_publish-g70x_koc-ÅÑŚÌβŁÈ/tests/integration/targets/setup_regtest/tasks/main.yml:118" name="[testhost] testhost: setup_regtest : Wait for lbrynet server components to fully load" time="261.211135">
			<failure message="rc=0" type="failure">{
&quot;attempts&quot;: 25,
&quot;changed&quot;: false,
&quot;jsonrpc&quot;: &quot;2.0&quot;,
&quot;result&quot;: {
&quot;blob_manager&quot;: {
&quot;connections&quot;: {
&quot;incoming_bps&quot;: {},
&quot;max_incoming_mbs&quot;: 0.0,
&quot;max_outgoing_mbs&quot;: 0.0,
&quot;outgoing_bps&quot;: {},
&quot;total_incoming_mbs&quot;: 0.0,
&quot;total_outgoing_mbs&quot;: 0.0,
&quot;total_received&quot;: 0,
&quot;total_sent&quot;: 0
},
&quot;finished_blobs&quot;: 0
},
&quot;dht&quot;: {
&quot;node_id&quot;: &quot;edd2ac2d4fa17fb7426a0206a87366988636a1028db216a26a8fa5ba2211782442ac9a4b9889afd1818705951489c431&quot;,
&quot;peers_in_routing_table&quot;: 78
},
&quot;disk_space&quot;: {
&quot;running&quot;: true,
&quot;space_used&quot;: &quot;0&quot;
},
&quot;ffmpeg_status&quot;: {
&quot;analyze_audio_volume&quot;: true,
&quot;available&quot;: true,
&quot;which&quot;: &quot;/usr/bin/ffmpeg&quot;
},
&quot;hash_announcer&quot;: {
&quot;announce_queue_size&quot;: 0
},
&quot;installation_id&quot;: &quot;2p88jaiFzKPYDTQH8zcdfBpCZLhrwW3dvAvPyM8VL1yjKXmvjhFoj9HHHL1zffyW7r&quot;,
&quot;is_running&quot;: false,
&quot;skipped_components&quot;: [],
&quot;startup_status&quot;: {
&quot;blob_manager&quot;: true,
&quot;database&quot;: true,
&quot;dht&quot;: true,
&quot;disk_space&quot;: true,
&quot;exchange_rate_manager&quot;: true,
&quot;file_manager&quot;: false,
&quot;hash_announcer&quot;: false,
&quot;libtorrent_component&quot;: true,
&quot;peer_protocol_server&quot;: false,
&quot;upnp&quot;: true,
&quot;wallet&quot;: false,
&quot;wallet_server_payments&quot;: false
},
&quot;upnp&quot;: {
&quot;aioupnp_version&quot;: &quot;0.0.18&quot;,
&quot;dht_redirect_set&quot;: false,
&quot;external_ip&quot;: &quot;2.120.149.149&quot;,
&quot;gateway&quot;: &quot;No gateway found&quot;,
&quot;peer_redirect_set&quot;: false,
&quot;redirects&quot;: {}
},
&quot;wallet&quot;: {
&quot;available_servers&quot;: 0,
&quot;connected&quot;: null,
&quot;connected_features&quot;: null,
&quot;known_servers&quot;: 1,
&quot;servers&quot;: []
},
&quot;wallet_server_payments&quot;: {
&quot;max_fee&quot;: &quot;0.0&quot;,
&quot;running&quot;: false
}
}
}</failure>
		</testcase>
	</testsuite>
</testsuites>
