<?xml version="1.0" ?>
<testsuites disabled="0" errors="0" failures="1" tests="18" time="120.60580444335938">
	<testsuite disabled="0" errors="0" failures="1" name="lbry_stop-5d2vfrhu" skipped="0" tests="18" time="120.60580444335938">
		<testcase name="[testhost] testhost: Gathering Facts gather_subset=['all'], gather_timeout=10" time="0.825338">
			<system-out>{
&quot;ansible_facts&quot;: {
&quot;ansible_apparmor&quot;: {
&quot;status&quot;: &quot;disabled&quot;
},
&quot;ansible_architecture&quot;: &quot;x86_64&quot;,
&quot;ansible_bios_date&quot;: &quot;03/14/2014&quot;,
&quot;ansible_bios_vendor&quot;: &quot;BHYVE&quot;,
&quot;ansible_bios_version&quot;: &quot;1.00&quot;,
&quot;ansible_board_asset_tag&quot;: &quot;NA&quot;,
&quot;ansible_board_name&quot;: &quot;NA&quot;,
&quot;ansible_board_serial&quot;: &quot;NA&quot;,
&quot;ansible_board_vendor&quot;: &quot;NA&quot;,
&quot;ansible_board_version&quot;: &quot;NA&quot;,
&quot;ansible_chassis_asset_tag&quot;: &quot;None&quot;,
&quot;ansible_chassis_serial&quot;: &quot;None&quot;,
&quot;ansible_chassis_vendor&quot;: &quot;NA&quot;,
&quot;ansible_chassis_version&quot;: &quot;1.0&quot;,
&quot;ansible_cmdline&quot;: {
&quot;console&quot;: &quot;ttyS1&quot;,
&quot;earlyprintk&quot;: &quot;serial&quot;,
&quot;mitigations&quot;: &quot;off&quot;,
&quot;no_stf_barrier&quot;: true,
&quot;noibpb&quot;: true,
&quot;noibrs&quot;: true,
&quot;nospec_store_bypass_disable&quot;: true,
&quot;page_poison&quot;: &quot;1&quot;,
&quot;panic&quot;: &quot;1&quot;,
&quot;vpnkit.connect&quot;: &quot;connect://2/1999&quot;,
&quot;vsyscall&quot;: &quot;emulate&quot;
},
&quot;ansible_date_time&quot;: {
&quot;date&quot;: &quot;2021-09-08&quot;,
&quot;day&quot;: &quot;08&quot;,
&quot;epoch&quot;: &quot;1631098495&quot;,
&quot;hour&quot;: &quot;10&quot;,
&quot;iso8601&quot;: &quot;2021-09-08T10:54:55Z&quot;,
&quot;iso8601_basic&quot;: &quot;20210908T105455493317&quot;,
&quot;iso8601_basic_short&quot;: &quot;20210908T105455&quot;,
&quot;iso8601_micro&quot;: &quot;2021-09-08T10:54:55.493317Z&quot;,
&quot;minute&quot;: &quot;54&quot;,
&quot;month&quot;: &quot;09&quot;,
&quot;second&quot;: &quot;55&quot;,
&quot;time&quot;: &quot;10:54:55&quot;,
&quot;tz&quot;: &quot;UTC&quot;,
&quot;tz_offset&quot;: &quot;+0000&quot;,
&quot;weekday&quot;: &quot;Wednesday&quot;,
&quot;weekday_number&quot;: &quot;3&quot;,
&quot;weeknumber&quot;: &quot;36&quot;,
&quot;year&quot;: &quot;2021&quot;
},
&quot;ansible_device_links&quot;: {
&quot;ids&quot;: {},
&quot;labels&quot;: {},
&quot;masters&quot;: {},
&quot;uuids&quot;: {}
},
&quot;ansible_devices&quot;: {
&quot;loop0&quot;: {
&quot;holders&quot;: [],
&quot;host&quot;: &quot;&quot;,
&quot;links&quot;: {
&quot;ids&quot;: [],
&quot;labels&quot;: [],
&quot;masters&quot;: [],
&quot;uuids&quot;: []
},
&quot;model&quot;: null,
&quot;partitions&quot;: {},
&quot;removable&quot;: &quot;0&quot;,
&quot;rotational&quot;: &quot;1&quot;,
&quot;sas_address&quot;: null,
&quot;sas_device_handle&quot;: null,
&quot;scheduler_mode&quot;: &quot;mq-deadline&quot;,
&quot;sectors&quot;: &quot;0&quot;,
&quot;sectorsize&quot;: &quot;512&quot;,
&quot;size&quot;: &quot;0.00 Bytes&quot;,
&quot;support_discard&quot;: &quot;0&quot;,
&quot;vendor&quot;: null,
&quot;virtual&quot;: 1
},
&quot;loop1&quot;: {
&quot;holders&quot;: [],
&quot;host&quot;: &quot;&quot;,
&quot;links&quot;: {
&quot;ids&quot;: [],
&quot;labels&quot;: [],
&quot;masters&quot;: [],
&quot;uuids&quot;: []
},
&quot;model&quot;: null,
&quot;partitions&quot;: {},
&quot;removable&quot;: &quot;0&quot;,
&quot;rotational&quot;: &quot;1&quot;,
&quot;sas_address&quot;: null,
&quot;sas_device_handle&quot;: null,
&quot;scheduler_mode&quot;: &quot;mq-deadline&quot;,
&quot;sectors&quot;: &quot;0&quot;,
&quot;sectorsize&quot;: &quot;512&quot;,
&quot;size&quot;: &quot;0.00 Bytes&quot;,
&quot;support_discard&quot;: &quot;0&quot;,
&quot;vendor&quot;: null,
&quot;virtual&quot;: 1
},
&quot;loop2&quot;: {
&quot;holders&quot;: [],
&quot;host&quot;: &quot;&quot;,
&quot;links&quot;: {
&quot;ids&quot;: [],
&quot;labels&quot;: [],
&quot;masters&quot;: [],
&quot;uuids&quot;: []
},
&quot;model&quot;: null,
&quot;partitions&quot;: {},
&quot;removable&quot;: &quot;0&quot;,
&quot;rotational&quot;: &quot;1&quot;,
&quot;sas_address&quot;: null,
&quot;sas_device_handle&quot;: null,
&quot;scheduler_mode&quot;: &quot;mq-deadline&quot;,
&quot;sectors&quot;: &quot;0&quot;,
&quot;sectorsize&quot;: &quot;512&quot;,
&quot;size&quot;: &quot;0.00 Bytes&quot;,
&quot;support_discard&quot;: &quot;0&quot;,
&quot;vendor&quot;: null,
&quot;virtual&quot;: 1
},
&quot;loop3&quot;: {
&quot;holders&quot;: [],
&quot;host&quot;: &quot;&quot;,
&quot;links&quot;: {
&quot;ids&quot;: [],
&quot;labels&quot;: [],
&quot;masters&quot;: [],
&quot;uuids&quot;: []
},
&quot;model&quot;: null,
&quot;partitions&quot;: {},
&quot;removable&quot;: &quot;0&quot;,
&quot;rotational&quot;: &quot;1&quot;,
&quot;sas_address&quot;: null,
&quot;sas_device_handle&quot;: null,
&quot;scheduler_mode&quot;: &quot;mq-deadline&quot;,
&quot;sectors&quot;: &quot;0&quot;,
&quot;sectorsize&quot;: &quot;512&quot;,
&quot;size&quot;: &quot;0.00 Bytes&quot;,
&quot;support_discard&quot;: &quot;0&quot;,
&quot;vendor&quot;: null,
&quot;virtual&quot;: 1
},
&quot;loop4&quot;: {
&quot;holders&quot;: [],
&quot;host&quot;: &quot;&quot;,
&quot;links&quot;: {
&quot;ids&quot;: [],
&quot;labels&quot;: [],
&quot;masters&quot;: [],
&quot;uuids&quot;: []
},
&quot;model&quot;: null,
&quot;partitions&quot;: {},
&quot;removable&quot;: &quot;0&quot;,
&quot;rotational&quot;: &quot;1&quot;,
&quot;sas_address&quot;: null,
&quot;sas_device_handle&quot;: null,
&quot;scheduler_mode&quot;: &quot;mq-deadline&quot;,
&quot;sectors&quot;: &quot;0&quot;,
&quot;sectorsize&quot;: &quot;512&quot;,
&quot;size&quot;: &quot;0.00 Bytes&quot;,
&quot;support_discard&quot;: &quot;0&quot;,
&quot;vendor&quot;: null,
&quot;virtual&quot;: 1
},
&quot;loop5&quot;: {
&quot;holders&quot;: [],
&quot;host&quot;: &quot;&quot;,
&quot;links&quot;: {
&quot;ids&quot;: [],
&quot;labels&quot;: [],
&quot;masters&quot;: [],
&quot;uuids&quot;: []
},
&quot;model&quot;: null,
&quot;partitions&quot;: {},
&quot;removable&quot;: &quot;0&quot;,
&quot;rotational&quot;: &quot;1&quot;,
&quot;sas_address&quot;: null,
&quot;sas_device_handle&quot;: null,
&quot;scheduler_mode&quot;: &quot;mq-deadline&quot;,
&quot;sectors&quot;: &quot;0&quot;,
&quot;sectorsize&quot;: &quot;512&quot;,
&quot;size&quot;: &quot;0.00 Bytes&quot;,
&quot;support_discard&quot;: &quot;0&quot;,
&quot;vendor&quot;: null,
&quot;virtual&quot;: 1
},
&quot;loop6&quot;: {
&quot;holders&quot;: [],
&quot;host&quot;: &quot;&quot;,
&quot;links&quot;: {
&quot;ids&quot;: [],
&quot;labels&quot;: [],
&quot;masters&quot;: [],
&quot;uuids&quot;: []
},
&quot;model&quot;: null,
&quot;partitions&quot;: {},
&quot;removable&quot;: &quot;0&quot;,
&quot;rotational&quot;: &quot;1&quot;,
&quot;sas_address&quot;: null,
&quot;sas_device_handle&quot;: null,
&quot;scheduler_mode&quot;: &quot;mq-deadline&quot;,
&quot;sectors&quot;: &quot;0&quot;,
&quot;sectorsize&quot;: &quot;512&quot;,
&quot;size&quot;: &quot;0.00 Bytes&quot;,
&quot;support_discard&quot;: &quot;0&quot;,
&quot;vendor&quot;: null,
&quot;virtual&quot;: 1
},
&quot;loop7&quot;: {
&quot;holders&quot;: [],
&quot;host&quot;: &quot;&quot;,
&quot;links&quot;: {
&quot;ids&quot;: [],
&quot;labels&quot;: [],
&quot;masters&quot;: [],
&quot;uuids&quot;: []
},
&quot;model&quot;: null,
&quot;partitions&quot;: {},
&quot;removable&quot;: &quot;0&quot;,
&quot;rotational&quot;: &quot;1&quot;,
&quot;sas_address&quot;: null,
&quot;sas_device_handle&quot;: null,
&quot;scheduler_mode&quot;: &quot;mq-deadline&quot;,
&quot;sectors&quot;: &quot;0&quot;,
&quot;sectorsize&quot;: &quot;512&quot;,
&quot;size&quot;: &quot;0.00 Bytes&quot;,
&quot;support_discard&quot;: &quot;0&quot;,
&quot;vendor&quot;: null,
&quot;virtual&quot;: 1
},
&quot;nbd0&quot;: {
&quot;holders&quot;: [],
&quot;host&quot;: &quot;&quot;,
&quot;links&quot;: {
&quot;ids&quot;: [],
&quot;labels&quot;: [],
&quot;masters&quot;: [],
&quot;uuids&quot;: []
},
&quot;model&quot;: null,
&quot;partitions&quot;: {},
&quot;removable&quot;: &quot;0&quot;,
&quot;rotational&quot;: &quot;0&quot;,
&quot;sas_address&quot;: null,
&quot;sas_device_handle&quot;: null,
&quot;scheduler_mode&quot;: &quot;mq-deadline&quot;,
&quot;sectors&quot;: &quot;0&quot;,
&quot;sectorsize&quot;: &quot;512&quot;,
&quot;size&quot;: &quot;0.00 Bytes&quot;,
&quot;support_discard&quot;: &quot;0&quot;,
&quot;vendor&quot;: null,
&quot;virtual&quot;: 1
},
&quot;nbd1&quot;: {
&quot;holders&quot;: [],
&quot;host&quot;: &quot;&quot;,
&quot;links&quot;: {
&quot;ids&quot;: [],
&quot;labels&quot;: [],
&quot;masters&quot;: [],
&quot;uuids&quot;: []
},
&quot;model&quot;: null,
&quot;partitions&quot;: {},
&quot;removable&quot;: &quot;0&quot;,
&quot;rotational&quot;: &quot;0&quot;,
&quot;sas_address&quot;: null,
&quot;sas_device_handle&quot;: null,
&quot;scheduler_mode&quot;: &quot;mq-deadline&quot;,
&quot;sectors&quot;: &quot;0&quot;,
&quot;sectorsize&quot;: &quot;512&quot;,
&quot;size&quot;: &quot;0.00 Bytes&quot;,
&quot;support_discard&quot;: &quot;0&quot;,
&quot;vendor&quot;: null,
&quot;virtual&quot;: 1
},
&quot;nbd10&quot;: {
&quot;holders&quot;: [],
&quot;host&quot;: &quot;&quot;,
&quot;links&quot;: {
&quot;ids&quot;: [],
&quot;labels&quot;: [],
&quot;masters&quot;: [],
&quot;uuids&quot;: []
},
&quot;model&quot;: null,
&quot;partitions&quot;: {},
&quot;removable&quot;: &quot;0&quot;,
&quot;rotational&quot;: &quot;0&quot;,
&quot;sas_address&quot;: null,
&quot;sas_device_handle&quot;: null,
&quot;scheduler_mode&quot;: &quot;mq-deadline&quot;,
&quot;sectors&quot;: &quot;0&quot;,
&quot;sectorsize&quot;: &quot;512&quot;,
&quot;size&quot;: &quot;0.00 Bytes&quot;,
&quot;support_discard&quot;: &quot;0&quot;,
&quot;vendor&quot;: null,
&quot;virtual&quot;: 1
},
&quot;nbd11&quot;: {
&quot;holders&quot;: [],
&quot;host&quot;: &quot;&quot;,
&quot;links&quot;: {
&quot;ids&quot;: [],
&quot;labels&quot;: [],
&quot;masters&quot;: [],
&quot;uuids&quot;: []
},
&quot;model&quot;: null,
&quot;partitions&quot;: {},
&quot;removable&quot;: &quot;0&quot;,
&quot;rotational&quot;: &quot;0&quot;,
&quot;sas_address&quot;: null,
&quot;sas_device_handle&quot;: null,
&quot;scheduler_mode&quot;: &quot;mq-deadline&quot;,
&quot;sectors&quot;: &quot;0&quot;,
&quot;sectorsize&quot;: &quot;512&quot;,
&quot;size&quot;: &quot;0.00 Bytes&quot;,
&quot;support_discard&quot;: &quot;0&quot;,
&quot;vendor&quot;: null,
&quot;virtual&quot;: 1
},
&quot;nbd12&quot;: {
&quot;holders&quot;: [],
&quot;host&quot;: &quot;&quot;,
&quot;links&quot;: {
&quot;ids&quot;: [],
&quot;labels&quot;: [],
&quot;masters&quot;: [],
&quot;uuids&quot;: []
},
&quot;model&quot;: null,
&quot;partitions&quot;: {},
&quot;removable&quot;: &quot;0&quot;,
&quot;rotational&quot;: &quot;0&quot;,
&quot;sas_address&quot;: null,
&quot;sas_device_handle&quot;: null,
&quot;scheduler_mode&quot;: &quot;mq-deadline&quot;,
&quot;sectors&quot;: &quot;0&quot;,
&quot;sectorsize&quot;: &quot;512&quot;,
&quot;size&quot;: &quot;0.00 Bytes&quot;,
&quot;support_discard&quot;: &quot;0&quot;,
&quot;vendor&quot;: null,
&quot;virtual&quot;: 1
},
&quot;nbd13&quot;: {
&quot;holders&quot;: [],
&quot;host&quot;: &quot;&quot;,
&quot;links&quot;: {
&quot;ids&quot;: [],
&quot;labels&quot;: [],
&quot;masters&quot;: [],
&quot;uuids&quot;: []
},
&quot;model&quot;: null,
&quot;partitions&quot;: {},
&quot;removable&quot;: &quot;0&quot;,
&quot;rotational&quot;: &quot;0&quot;,
&quot;sas_address&quot;: null,
&quot;sas_device_handle&quot;: null,
&quot;scheduler_mode&quot;: &quot;mq-deadline&quot;,
&quot;sectors&quot;: &quot;0&quot;,
&quot;sectorsize&quot;: &quot;512&quot;,
&quot;size&quot;: &quot;0.00 Bytes&quot;,
&quot;support_discard&quot;: &quot;0&quot;,
&quot;vendor&quot;: null,
&quot;virtual&quot;: 1
},
&quot;nbd14&quot;: {
&quot;holders&quot;: [],
&quot;host&quot;: &quot;&quot;,
&quot;links&quot;: {
&quot;ids&quot;: [],
&quot;labels&quot;: [],
&quot;masters&quot;: [],
&quot;uuids&quot;: []
},
&quot;model&quot;: null,
&quot;partitions&quot;: {},
&quot;removable&quot;: &quot;0&quot;,
&quot;rotational&quot;: &quot;0&quot;,
&quot;sas_address&quot;: null,
&quot;sas_device_handle&quot;: null,
&quot;scheduler_mode&quot;: &quot;mq-deadline&quot;,
&quot;sectors&quot;: &quot;0&quot;,
&quot;sectorsize&quot;: &quot;512&quot;,
&quot;size&quot;: &quot;0.00 Bytes&quot;,
&quot;support_discard&quot;: &quot;0&quot;,
&quot;vendor&quot;: null,
&quot;virtual&quot;: 1
},
&quot;nbd15&quot;: {
&quot;holders&quot;: [],
&quot;host&quot;: &quot;&quot;,
&quot;links&quot;: {
&quot;ids&quot;: [],
&quot;labels&quot;: [],
&quot;masters&quot;: [],
&quot;uuids&quot;: []
},
&quot;model&quot;: null,
&quot;partitions&quot;: {},
&quot;removable&quot;: &quot;0&quot;,
&quot;rotational&quot;: &quot;0&quot;,
&quot;sas_address&quot;: null,
&quot;sas_device_handle&quot;: null,
&quot;scheduler_mode&quot;: &quot;mq-deadline&quot;,
&quot;sectors&quot;: &quot;0&quot;,
&quot;sectorsize&quot;: &quot;512&quot;,
&quot;size&quot;: &quot;0.00 Bytes&quot;,
&quot;support_discard&quot;: &quot;0&quot;,
&quot;vendor&quot;: null,
&quot;virtual&quot;: 1
},
&quot;nbd2&quot;: {
&quot;holders&quot;: [],
&quot;host&quot;: &quot;&quot;,
&quot;links&quot;: {
&quot;ids&quot;: [],
&quot;labels&quot;: [],
&quot;masters&quot;: [],
&quot;uuids&quot;: []
},
&quot;model&quot;: null,
&quot;partitions&quot;: {},
&quot;removable&quot;: &quot;0&quot;,
&quot;rotational&quot;: &quot;0&quot;,
&quot;sas_address&quot;: null,
&quot;sas_device_handle&quot;: null,
&quot;scheduler_mode&quot;: &quot;mq-deadline&quot;,
&quot;sectors&quot;: &quot;0&quot;,
&quot;sectorsize&quot;: &quot;512&quot;,
&quot;size&quot;: &quot;0.00 Bytes&quot;,
&quot;support_discard&quot;: &quot;0&quot;,
&quot;vendor&quot;: null,
&quot;virtual&quot;: 1
},
&quot;nbd3&quot;: {
&quot;holders&quot;: [],
&quot;host&quot;: &quot;&quot;,
&quot;links&quot;: {
&quot;ids&quot;: [],
&quot;labels&quot;: [],
&quot;masters&quot;: [],
&quot;uuids&quot;: []
},
&quot;model&quot;: null,
&quot;partitions&quot;: {},
&quot;removable&quot;: &quot;0&quot;,
&quot;rotational&quot;: &quot;0&quot;,
&quot;sas_address&quot;: null,
&quot;sas_device_handle&quot;: null,
&quot;scheduler_mode&quot;: &quot;mq-deadline&quot;,
&quot;sectors&quot;: &quot;0&quot;,
&quot;sectorsize&quot;: &quot;512&quot;,
&quot;size&quot;: &quot;0.00 Bytes&quot;,
&quot;support_discard&quot;: &quot;0&quot;,
&quot;vendor&quot;: null,
&quot;virtual&quot;: 1
},
&quot;nbd4&quot;: {
&quot;holders&quot;: [],
&quot;host&quot;: &quot;&quot;,
&quot;links&quot;: {
&quot;ids&quot;: [],
&quot;labels&quot;: [],
&quot;masters&quot;: [],
&quot;uuids&quot;: []
},
&quot;model&quot;: null,
&quot;partitions&quot;: {},
&quot;removable&quot;: &quot;0&quot;,
&quot;rotational&quot;: &quot;0&quot;,
&quot;sas_address&quot;: null,
&quot;sas_device_handle&quot;: null,
&quot;scheduler_mode&quot;: &quot;mq-deadline&quot;,
&quot;sectors&quot;: &quot;0&quot;,
&quot;sectorsize&quot;: &quot;512&quot;,
&quot;size&quot;: &quot;0.00 Bytes&quot;,
&quot;support_discard&quot;: &quot;0&quot;,
&quot;vendor&quot;: null,
&quot;virtual&quot;: 1
},
&quot;nbd5&quot;: {
&quot;holders&quot;: [],
&quot;host&quot;: &quot;&quot;,
&quot;links&quot;: {
&quot;ids&quot;: [],
&quot;labels&quot;: [],
&quot;masters&quot;: [],
&quot;uuids&quot;: []
},
&quot;model&quot;: null,
&quot;partitions&quot;: {},
&quot;removable&quot;: &quot;0&quot;,
&quot;rotational&quot;: &quot;0&quot;,
&quot;sas_address&quot;: null,
&quot;sas_device_handle&quot;: null,
&quot;scheduler_mode&quot;: &quot;mq-deadline&quot;,
&quot;sectors&quot;: &quot;0&quot;,
&quot;sectorsize&quot;: &quot;512&quot;,
&quot;size&quot;: &quot;0.00 Bytes&quot;,
&quot;support_discard&quot;: &quot;0&quot;,
&quot;vendor&quot;: null,
&quot;virtual&quot;: 1
},
&quot;nbd6&quot;: {
&quot;holders&quot;: [],
&quot;host&quot;: &quot;&quot;,
&quot;links&quot;: {
&quot;ids&quot;: [],
&quot;labels&quot;: [],
&quot;masters&quot;: [],
&quot;uuids&quot;: []
},
&quot;model&quot;: null,
&quot;partitions&quot;: {},
&quot;removable&quot;: &quot;0&quot;,
&quot;rotational&quot;: &quot;0&quot;,
&quot;sas_address&quot;: null,
&quot;sas_device_handle&quot;: null,
&quot;scheduler_mode&quot;: &quot;mq-deadline&quot;,
&quot;sectors&quot;: &quot;0&quot;,
&quot;sectorsize&quot;: &quot;512&quot;,
&quot;size&quot;: &quot;0.00 Bytes&quot;,
&quot;support_discard&quot;: &quot;0&quot;,
&quot;vendor&quot;: null,
&quot;virtual&quot;: 1
},
&quot;nbd7&quot;: {
&quot;holders&quot;: [],
&quot;host&quot;: &quot;&quot;,
&quot;links&quot;: {
&quot;ids&quot;: [],
&quot;labels&quot;: [],
&quot;masters&quot;: [],
&quot;uuids&quot;: []
},
&quot;model&quot;: null,
&quot;partitions&quot;: {},
&quot;removable&quot;: &quot;0&quot;,
&quot;rotational&quot;: &quot;0&quot;,
&quot;sas_address&quot;: null,
&quot;sas_device_handle&quot;: null,
&quot;scheduler_mode&quot;: &quot;mq-deadline&quot;,
&quot;sectors&quot;: &quot;0&quot;,
&quot;sectorsize&quot;: &quot;512&quot;,
&quot;size&quot;: &quot;0.00 Bytes&quot;,
&quot;support_discard&quot;: &quot;0&quot;,
&quot;vendor&quot;: null,
&quot;virtual&quot;: 1
},
&quot;nbd8&quot;: {
&quot;holders&quot;: [],
&quot;host&quot;: &quot;&quot;,
&quot;links&quot;: {
&quot;ids&quot;: [],
&quot;labels&quot;: [],
&quot;masters&quot;: [],
&quot;uuids&quot;: []
},
&quot;model&quot;: null,
&quot;partitions&quot;: {},
&quot;removable&quot;: &quot;0&quot;,
&quot;rotational&quot;: &quot;0&quot;,
&quot;sas_address&quot;: null,
&quot;sas_device_handle&quot;: null,
&quot;scheduler_mode&quot;: &quot;mq-deadline&quot;,
&quot;sectors&quot;: &quot;0&quot;,
&quot;sectorsize&quot;: &quot;512&quot;,
&quot;size&quot;: &quot;0.00 Bytes&quot;,
&quot;support_discard&quot;: &quot;0&quot;,
&quot;vendor&quot;: null,
&quot;virtual&quot;: 1
},
&quot;nbd9&quot;: {
&quot;holders&quot;: [],
&quot;host&quot;: &quot;&quot;,
&quot;links&quot;: {
&quot;ids&quot;: [],
&quot;labels&quot;: [],
&quot;masters&quot;: [],
&quot;uuids&quot;: []
},
&quot;model&quot;: null,
&quot;partitions&quot;: {},
&quot;removable&quot;: &quot;0&quot;,
&quot;rotational&quot;: &quot;0&quot;,
&quot;sas_address&quot;: null,
&quot;sas_device_handle&quot;: null,
&quot;scheduler_mode&quot;: &quot;mq-deadline&quot;,
&quot;sectors&quot;: &quot;0&quot;,
&quot;sectorsize&quot;: &quot;512&quot;,
&quot;size&quot;: &quot;0.00 Bytes&quot;,
&quot;support_discard&quot;: &quot;0&quot;,
&quot;vendor&quot;: null,
&quot;virtual&quot;: 1
},
&quot;ram0&quot;: {
&quot;holders&quot;: [],
&quot;host&quot;: &quot;&quot;,
&quot;links&quot;: {
&quot;ids&quot;: [],
&quot;labels&quot;: [],
&quot;masters&quot;: [],
&quot;uuids&quot;: []
},
&quot;model&quot;: null,
&quot;partitions&quot;: {},
&quot;removable&quot;: &quot;0&quot;,
&quot;rotational&quot;: &quot;0&quot;,
&quot;sas_address&quot;: null,
&quot;sas_device_handle&quot;: null,
&quot;scheduler_mode&quot;: &quot;&quot;,
&quot;sectors&quot;: &quot;131072&quot;,
&quot;sectorsize&quot;: &quot;512&quot;,
&quot;size&quot;: &quot;64.00 MB&quot;,
&quot;support_discard&quot;: &quot;0&quot;,
&quot;vendor&quot;: null,
&quot;virtual&quot;: 1
},
&quot;ram1&quot;: {
&quot;holders&quot;: [],
&quot;host&quot;: &quot;&quot;,
&quot;links&quot;: {
&quot;ids&quot;: [],
&quot;labels&quot;: [],
&quot;masters&quot;: [],
&quot;uuids&quot;: []
},
&quot;model&quot;: null,
&quot;partitions&quot;: {},
&quot;removable&quot;: &quot;0&quot;,
&quot;rotational&quot;: &quot;0&quot;,
&quot;sas_address&quot;: null,
&quot;sas_device_handle&quot;: null,
&quot;scheduler_mode&quot;: &quot;&quot;,
&quot;sectors&quot;: &quot;131072&quot;,
&quot;sectorsize&quot;: &quot;512&quot;,
&quot;size&quot;: &quot;64.00 MB&quot;,
&quot;support_discard&quot;: &quot;0&quot;,
&quot;vendor&quot;: null,
&quot;virtual&quot;: 1
},
&quot;ram10&quot;: {
&quot;holders&quot;: [],
&quot;host&quot;: &quot;&quot;,
&quot;links&quot;: {
&quot;ids&quot;: [],
&quot;labels&quot;: [],
&quot;masters&quot;: [],
&quot;uuids&quot;: []
},
&quot;model&quot;: null,
&quot;partitions&quot;: {},
&quot;removable&quot;: &quot;0&quot;,
&quot;rotational&quot;: &quot;0&quot;,
&quot;sas_address&quot;: null,
&quot;sas_device_handle&quot;: null,
&quot;scheduler_mode&quot;: &quot;&quot;,
&quot;sectors&quot;: &quot;131072&quot;,
&quot;sectorsize&quot;: &quot;512&quot;,
&quot;size&quot;: &quot;64.00 MB&quot;,
&quot;support_discard&quot;: &quot;0&quot;,
&quot;vendor&quot;: null,
&quot;virtual&quot;: 1
},
&quot;ram11&quot;: {
&quot;holders&quot;: [],
&quot;host&quot;: &quot;&quot;,
&quot;links&quot;: {
&quot;ids&quot;: [],
&quot;labels&quot;: [],
&quot;masters&quot;: [],
&quot;uuids&quot;: []
},
&quot;model&quot;: null,
&quot;partitions&quot;: {},
&quot;removable&quot;: &quot;0&quot;,
&quot;rotational&quot;: &quot;0&quot;,
&quot;sas_address&quot;: null,
&quot;sas_device_handle&quot;: null,
&quot;scheduler_mode&quot;: &quot;&quot;,
&quot;sectors&quot;: &quot;131072&quot;,
&quot;sectorsize&quot;: &quot;512&quot;,
&quot;size&quot;: &quot;64.00 MB&quot;,
&quot;support_discard&quot;: &quot;0&quot;,
&quot;vendor&quot;: null,
&quot;virtual&quot;: 1
},
&quot;ram12&quot;: {
&quot;holders&quot;: [],
&quot;host&quot;: &quot;&quot;,
&quot;links&quot;: {
&quot;ids&quot;: [],
&quot;labels&quot;: [],
&quot;masters&quot;: [],
&quot;uuids&quot;: []
},
&quot;model&quot;: null,
&quot;partitions&quot;: {},
&quot;removable&quot;: &quot;0&quot;,
&quot;rotational&quot;: &quot;0&quot;,
&quot;sas_address&quot;: null,
&quot;sas_device_handle&quot;: null,
&quot;scheduler_mode&quot;: &quot;&quot;,
&quot;sectors&quot;: &quot;131072&quot;,
&quot;sectorsize&quot;: &quot;512&quot;,
&quot;size&quot;: &quot;64.00 MB&quot;,
&quot;support_discard&quot;: &quot;0&quot;,
&quot;vendor&quot;: null,
&quot;virtual&quot;: 1
},
&quot;ram13&quot;: {
&quot;holders&quot;: [],
&quot;host&quot;: &quot;&quot;,
&quot;links&quot;: {
&quot;ids&quot;: [],
&quot;labels&quot;: [],
&quot;masters&quot;: [],
&quot;uuids&quot;: []
},
&quot;model&quot;: null,
&quot;partitions&quot;: {},
&quot;removable&quot;: &quot;0&quot;,
&quot;rotational&quot;: &quot;0&quot;,
&quot;sas_address&quot;: null,
&quot;sas_device_handle&quot;: null,
&quot;scheduler_mode&quot;: &quot;&quot;,
&quot;sectors&quot;: &quot;131072&quot;,
&quot;sectorsize&quot;: &quot;512&quot;,
&quot;size&quot;: &quot;64.00 MB&quot;,
&quot;support_discard&quot;: &quot;0&quot;,
&quot;vendor&quot;: null,
&quot;virtual&quot;: 1
},
&quot;ram14&quot;: {
&quot;holders&quot;: [],
&quot;host&quot;: &quot;&quot;,
&quot;links&quot;: {
&quot;ids&quot;: [],
&quot;labels&quot;: [],
&quot;masters&quot;: [],
&quot;uuids&quot;: []
},
&quot;model&quot;: null,
&quot;partitions&quot;: {},
&quot;removable&quot;: &quot;0&quot;,
&quot;rotational&quot;: &quot;0&quot;,
&quot;sas_address&quot;: null,
&quot;sas_device_handle&quot;: null,
&quot;scheduler_mode&quot;: &quot;&quot;,
&quot;sectors&quot;: &quot;131072&quot;,
&quot;sectorsize&quot;: &quot;512&quot;,
&quot;size&quot;: &quot;64.00 MB&quot;,
&quot;support_discard&quot;: &quot;0&quot;,
&quot;vendor&quot;: null,
&quot;virtual&quot;: 1
},
&quot;ram15&quot;: {
&quot;holders&quot;: [],
&quot;host&quot;: &quot;&quot;,
&quot;links&quot;: {
&quot;ids&quot;: [],
&quot;labels&quot;: [],
&quot;masters&quot;: [],
&quot;uuids&quot;: []
},
&quot;model&quot;: null,
&quot;partitions&quot;: {},
&quot;removable&quot;: &quot;0&quot;,
&quot;rotational&quot;: &quot;0&quot;,
&quot;sas_address&quot;: null,
&quot;sas_device_handle&quot;: null,
&quot;scheduler_mode&quot;: &quot;&quot;,
&quot;sectors&quot;: &quot;131072&quot;,
&quot;sectorsize&quot;: &quot;512&quot;,
&quot;size&quot;: &quot;64.00 MB&quot;,
&quot;support_discard&quot;: &quot;0&quot;,
&quot;vendor&quot;: null,
&quot;virtual&quot;: 1
},
&quot;ram2&quot;: {
&quot;holders&quot;: [],
&quot;host&quot;: &quot;&quot;,
&quot;links&quot;: {
&quot;ids&quot;: [],
&quot;labels&quot;: [],
&quot;masters&quot;: [],
&quot;uuids&quot;: []
},
&quot;model&quot;: null,
&quot;partitions&quot;: {},
&quot;removable&quot;: &quot;0&quot;,
&quot;rotational&quot;: &quot;0&quot;,
&quot;sas_address&quot;: null,
&quot;sas_device_handle&quot;: null,
&quot;scheduler_mode&quot;: &quot;&quot;,
&quot;sectors&quot;: &quot;131072&quot;,
&quot;sectorsize&quot;: &quot;512&quot;,
&quot;size&quot;: &quot;64.00 MB&quot;,
&quot;support_discard&quot;: &quot;0&quot;,
&quot;vendor&quot;: null,
&quot;virtual&quot;: 1
},
&quot;ram3&quot;: {
&quot;holders&quot;: [],
&quot;host&quot;: &quot;&quot;,
&quot;links&quot;: {
&quot;ids&quot;: [],
&quot;labels&quot;: [],
&quot;masters&quot;: [],
&quot;uuids&quot;: []
},
&quot;model&quot;: null,
&quot;partitions&quot;: {},
&quot;removable&quot;: &quot;0&quot;,
&quot;rotational&quot;: &quot;0&quot;,
&quot;sas_address&quot;: null,
&quot;sas_device_handle&quot;: null,
&quot;scheduler_mode&quot;: &quot;&quot;,
&quot;sectors&quot;: &quot;131072&quot;,
&quot;sectorsize&quot;: &quot;512&quot;,
&quot;size&quot;: &quot;64.00 MB&quot;,
&quot;support_discard&quot;: &quot;0&quot;,
&quot;vendor&quot;: null,
&quot;virtual&quot;: 1
},
&quot;ram4&quot;: {
&quot;holders&quot;: [],
&quot;host&quot;: &quot;&quot;,
&quot;links&quot;: {
&quot;ids&quot;: [],
&quot;labels&quot;: [],
&quot;masters&quot;: [],
&quot;uuids&quot;: []
},
&quot;model&quot;: null,
&quot;partitions&quot;: {},
&quot;removable&quot;: &quot;0&quot;,
&quot;rotational&quot;: &quot;0&quot;,
&quot;sas_address&quot;: null,
&quot;sas_device_handle&quot;: null,
&quot;scheduler_mode&quot;: &quot;&quot;,
&quot;sectors&quot;: &quot;131072&quot;,
&quot;sectorsize&quot;: &quot;512&quot;,
&quot;size&quot;: &quot;64.00 MB&quot;,
&quot;support_discard&quot;: &quot;0&quot;,
&quot;vendor&quot;: null,
&quot;virtual&quot;: 1
},
&quot;ram5&quot;: {
&quot;holders&quot;: [],
&quot;host&quot;: &quot;&quot;,
&quot;links&quot;: {
&quot;ids&quot;: [],
&quot;labels&quot;: [],
&quot;masters&quot;: [],
&quot;uuids&quot;: []
},
&quot;model&quot;: null,
&quot;partitions&quot;: {},
&quot;removable&quot;: &quot;0&quot;,
&quot;rotational&quot;: &quot;0&quot;,
&quot;sas_address&quot;: null,
&quot;sas_device_handle&quot;: null,
&quot;scheduler_mode&quot;: &quot;&quot;,
&quot;sectors&quot;: &quot;131072&quot;,
&quot;sectorsize&quot;: &quot;512&quot;,
&quot;size&quot;: &quot;64.00 MB&quot;,
&quot;support_discard&quot;: &quot;0&quot;,
&quot;vendor&quot;: null,
&quot;virtual&quot;: 1
},
&quot;ram6&quot;: {
&quot;holders&quot;: [],
&quot;host&quot;: &quot;&quot;,
&quot;links&quot;: {
&quot;ids&quot;: [],
&quot;labels&quot;: [],
&quot;masters&quot;: [],
&quot;uuids&quot;: []
},
&quot;model&quot;: null,
&quot;partitions&quot;: {},
&quot;removable&quot;: &quot;0&quot;,
&quot;rotational&quot;: &quot;0&quot;,
&quot;sas_address&quot;: null,
&quot;sas_device_handle&quot;: null,
&quot;scheduler_mode&quot;: &quot;&quot;,
&quot;sectors&quot;: &quot;131072&quot;,
&quot;sectorsize&quot;: &quot;512&quot;,
&quot;size&quot;: &quot;64.00 MB&quot;,
&quot;support_discard&quot;: &quot;0&quot;,
&quot;vendor&quot;: null,
&quot;virtual&quot;: 1
},
&quot;ram7&quot;: {
&quot;holders&quot;: [],
&quot;host&quot;: &quot;&quot;,
&quot;links&quot;: {
&quot;ids&quot;: [],
&quot;labels&quot;: [],
&quot;masters&quot;: [],
&quot;uuids&quot;: []
},
&quot;model&quot;: null,
&quot;partitions&quot;: {},
&quot;removable&quot;: &quot;0&quot;,
&quot;rotational&quot;: &quot;0&quot;,
&quot;sas_address&quot;: null,
&quot;sas_device_handle&quot;: null,
&quot;scheduler_mode&quot;: &quot;&quot;,
&quot;sectors&quot;: &quot;131072&quot;,
&quot;sectorsize&quot;: &quot;512&quot;,
&quot;size&quot;: &quot;64.00 MB&quot;,
&quot;support_discard&quot;: &quot;0&quot;,
&quot;vendor&quot;: null,
&quot;virtual&quot;: 1
},
&quot;ram8&quot;: {
&quot;holders&quot;: [],
&quot;host&quot;: &quot;&quot;,
&quot;links&quot;: {
&quot;ids&quot;: [],
&quot;labels&quot;: [],
&quot;masters&quot;: [],
&quot;uuids&quot;: []
},
&quot;model&quot;: null,
&quot;partitions&quot;: {},
&quot;removable&quot;: &quot;0&quot;,
&quot;rotational&quot;: &quot;0&quot;,
&quot;sas_address&quot;: null,
&quot;sas_device_handle&quot;: null,
&quot;scheduler_mode&quot;: &quot;&quot;,
&quot;sectors&quot;: &quot;131072&quot;,
&quot;sectorsize&quot;: &quot;512&quot;,
&quot;size&quot;: &quot;64.00 MB&quot;,
&quot;support_discard&quot;: &quot;0&quot;,
&quot;vendor&quot;: null,
&quot;virtual&quot;: 1
},
&quot;ram9&quot;: {
&quot;holders&quot;: [],
&quot;host&quot;: &quot;&quot;,
&quot;links&quot;: {
&quot;ids&quot;: [],
&quot;labels&quot;: [],
&quot;masters&quot;: [],
&quot;uuids&quot;: []
},
&quot;model&quot;: null,
&quot;partitions&quot;: {},
&quot;removable&quot;: &quot;0&quot;,
&quot;rotational&quot;: &quot;0&quot;,
&quot;sas_address&quot;: null,
&quot;sas_device_handle&quot;: null,
&quot;scheduler_mode&quot;: &quot;&quot;,
&quot;sectors&quot;: &quot;131072&quot;,
&quot;sectorsize&quot;: &quot;512&quot;,
&quot;size&quot;: &quot;64.00 MB&quot;,
&quot;support_discard&quot;: &quot;0&quot;,
&quot;vendor&quot;: null,
&quot;virtual&quot;: 1
},
&quot;vda&quot;: {
&quot;holders&quot;: [],
&quot;host&quot;: &quot;&quot;,
&quot;links&quot;: {
&quot;ids&quot;: [],
&quot;labels&quot;: [],
&quot;masters&quot;: [],
&quot;uuids&quot;: []
},
&quot;model&quot;: null,
&quot;partitions&quot;: {
&quot;vda1&quot;: {
&quot;holders&quot;: [],
&quot;links&quot;: {
&quot;ids&quot;: [],
&quot;labels&quot;: [],
&quot;masters&quot;: [],
&quot;uuids&quot;: []
},
&quot;sectors&quot;: &quot;124997632&quot;,
&quot;sectorsize&quot;: 512,
&quot;size&quot;: &quot;59.60 GB&quot;,
&quot;start&quot;: &quot;2048&quot;,
&quot;uuid&quot;: null
}
},
&quot;removable&quot;: &quot;0&quot;,
&quot;rotational&quot;: &quot;1&quot;,
&quot;sas_address&quot;: null,
&quot;sas_device_handle&quot;: null,
&quot;scheduler_mode&quot;: &quot;mq-deadline&quot;,
&quot;sectors&quot;: &quot;124999680&quot;,
&quot;sectorsize&quot;: &quot;512&quot;,
&quot;size&quot;: &quot;59.60 GB&quot;,
&quot;support_discard&quot;: &quot;512&quot;,
&quot;vendor&quot;: &quot;0x1af4&quot;,
&quot;virtual&quot;: 1
}
},
&quot;ansible_distribution&quot;: &quot;Ubuntu&quot;,
&quot;ansible_distribution_file_parsed&quot;: true,
&quot;ansible_distribution_file_path&quot;: &quot;/etc/os-release&quot;,
&quot;ansible_distribution_file_variety&quot;: &quot;Debian&quot;,
&quot;ansible_distribution_major_version&quot;: &quot;18&quot;,
&quot;ansible_distribution_release&quot;: &quot;bionic&quot;,
&quot;ansible_distribution_version&quot;: &quot;18.04&quot;,
&quot;ansible_dns&quot;: {
&quot;nameservers&quot;: [
&quot;192.168.65.5&quot;
]
},
&quot;ansible_domain&quot;: &quot;&quot;,
&quot;ansible_effective_group_id&quot;: 0,
&quot;ansible_effective_user_id&quot;: 0,
&quot;ansible_env&quot;: {
&quot;ANSIBLE_CALLBACK_WHITELIST&quot;: &quot;junit&quot;,
&quot;ANSIBLE_COLLECTIONS_PATH&quot;: &quot;/root&quot;,
&quot;ANSIBLE_CONFIG&quot;: &quot;/root/ansible_collections/community/lbry/tests/output/.tmp/integration/lbry_stop-bv3uh3ba-ÅÑŚÌβŁÈ/tests/integration/integration.cfg&quot;,
&quot;ANSIBLE_DEPRECATION_WARNINGS&quot;: &quot;false&quot;,
&quot;ANSIBLE_DEVEL_WARNING&quot;: &quot;false&quot;,
&quot;ANSIBLE_FORCE_COLOR&quot;: &quot;true&quot;,
&quot;ANSIBLE_FORCE_HANDLERS&quot;: &quot;true&quot;,
&quot;ANSIBLE_HOST_KEY_CHECKING&quot;: &quot;false&quot;,
&quot;ANSIBLE_HOST_PATTERN_MISMATCH&quot;: &quot;error&quot;,
&quot;ANSIBLE_INVENTORY&quot;: &quot;/dev/null&quot;,
&quot;ANSIBLE_LIBRARY&quot;: &quot;/dev/null&quot;,
&quot;ANSIBLE_PLAYBOOK_DIR&quot;: &quot;/root/ansible_collections/community/lbry/tests/output/.tmp/integration/lbry_stop-bv3uh3ba-ÅÑŚÌβŁÈ/tests/integration&quot;,
&quot;ANSIBLE_PYTHON_INTERPRETER&quot;: &quot;/set/ansible_python_interpreter/in/inventory&quot;,
&quot;ANSIBLE_PYTHON_MODULE_RLIMIT_NOFILE&quot;: &quot;1024&quot;,
&quot;ANSIBLE_RETRY_FILES_ENABLED&quot;: &quot;false&quot;,
&quot;ANSIBLE_ROLES_PATH&quot;: &quot;/root/ansible_collections/community/lbry/tests/output/.tmp/integration/lbry_stop-bv3uh3ba-ÅÑŚÌβŁÈ/tests/integration/targets&quot;,
&quot;ANSIBLE_TEST_CI&quot;: &quot;&quot;,
&quot;ANSIBLE_TEST_COVERAGE&quot;: &quot;&quot;,
&quot;ANSIBLE_TEST_PYTHON_INTERPRETER&quot;: &quot;/usr/bin/python3.6&quot;,
&quot;ANSIBLE_TEST_PYTHON_VERSION&quot;: &quot;3.6&quot;,
&quot;ANSIBLE_WORKER_SHUTDOWN_POLL_COUNT&quot;: &quot;100&quot;,
&quot;ANSIBLE_WORKER_SHUTDOWN_POLL_DELAY&quot;: &quot;0.1&quot;,
&quot;HOME&quot;: &quot;/root&quot;,
&quot;INVENTORY_PATH&quot;: &quot;/root/ansible_collections/community/lbry/tests/output/.tmp/integration/lbry_stop-bv3uh3ba-ÅÑŚÌβŁÈ/tests/integration/inventory&quot;,
&quot;JUNIT_OUTPUT_DIR&quot;: &quot;/root/ansible_collections/community/lbry/tests/output/junit&quot;,
&quot;LC_ALL&quot;: &quot;en_US.UTF-8&quot;,
&quot;OUTPUT_DIR&quot;: &quot;/root/ansible_collections/community/lbry/tests/output/.tmp/output_dir&quot;,
&quot;PAGER&quot;: &quot;/bin/cat&quot;,
&quot;PATH&quot;: &quot;/tmp/python-z9cn1871-ansible:/root/ansible/test/lib/ansible_test/_data/injector:/root/ansible/bin:/usr/local/sbin:/usr/local/bin:/usr/sbin:/usr/bin:/sbin:/bin&quot;,
&quot;PWD&quot;: &quot;/root/ansible_collections/community/lbry/tests/output/.tmp/integration/lbry_stop-bv3uh3ba-ÅÑŚÌβŁÈ/tests/integration&quot;,
&quot;PYTHONPATH&quot;: &quot;/root/ansible/lib&quot;
},
&quot;ansible_fibre_channel_wwn&quot;: [],
&quot;ansible_fips&quot;: false,
&quot;ansible_form_factor&quot;: &quot;Unknown&quot;,
&quot;ansible_fqdn&quot;: &quot;92bfc1557bf4&quot;,
&quot;ansible_hostname&quot;: &quot;92bfc1557bf4&quot;,
&quot;ansible_hostnqn&quot;: &quot;&quot;,
&quot;ansible_is_chroot&quot;: false,
&quot;ansible_iscsi_iqn&quot;: &quot;&quot;,
&quot;ansible_kernel&quot;: &quot;5.10.25-linuxkit&quot;,
&quot;ansible_kernel_version&quot;: &quot;#1 SMP Tue Mar 23 09:27:39 UTC 2021&quot;,
&quot;ansible_local&quot;: {},
&quot;ansible_lsb&quot;: {
&quot;codename&quot;: &quot;bionic&quot;,
&quot;description&quot;: &quot;Ubuntu 18.04.5 LTS&quot;,
&quot;id&quot;: &quot;Ubuntu&quot;,
&quot;major_release&quot;: &quot;18&quot;,
&quot;release&quot;: &quot;18.04&quot;
},
&quot;ansible_machine&quot;: &quot;x86_64&quot;,
&quot;ansible_machine_id&quot;: &quot;8bab3c65459e4582b95ca278b459dc10&quot;,
&quot;ansible_memfree_mb&quot;: 5707,
&quot;ansible_memory_mb&quot;: {
&quot;nocache&quot;: {
&quot;free&quot;: 7332,
&quot;used&quot;: 630
},
&quot;real&quot;: {
&quot;free&quot;: 5707,
&quot;total&quot;: 7962,
&quot;used&quot;: 2255
},
&quot;swap&quot;: {
&quot;cached&quot;: 0,
&quot;free&quot;: 2047,
&quot;total&quot;: 2047,
&quot;used&quot;: 0
}
},
&quot;ansible_memtotal_mb&quot;: 7962,
&quot;ansible_mounts&quot;: [
{
&quot;block_available&quot;: 2925866,
&quot;block_size&quot;: 4096,
&quot;block_total&quot;: 15313873,
&quot;block_used&quot;: 12388007,
&quot;device&quot;: &quot;/dev/vda1&quot;,
&quot;fstype&quot;: &quot;ext4&quot;,
&quot;inode_available&quot;: 2695198,
&quot;inode_total&quot;: 3907584,
&quot;inode_used&quot;: 1212386,
&quot;mount&quot;: &quot;/tmp&quot;,
&quot;options&quot;: &quot;rw,relatime,bind&quot;,
&quot;size_available&quot;: 11984347136,
&quot;size_total&quot;: 62725623808,
&quot;uuid&quot;: &quot;N/A&quot;
},
{
&quot;block_available&quot;: 2925866,
&quot;block_size&quot;: 4096,
&quot;block_total&quot;: 15313873,
&quot;block_used&quot;: 12388007,
&quot;device&quot;: &quot;/dev/vda1&quot;,
&quot;fstype&quot;: &quot;ext4&quot;,
&quot;inode_available&quot;: 2695198,
&quot;inode_total&quot;: 3907584,
&quot;inode_used&quot;: 1212386,
&quot;mount&quot;: &quot;/run&quot;,
&quot;options&quot;: &quot;rw,relatime,bind&quot;,
&quot;size_available&quot;: 11984347136,
&quot;size_total&quot;: 62725623808,
&quot;uuid&quot;: &quot;N/A&quot;
},
{
&quot;block_available&quot;: 2925866,
&quot;block_size&quot;: 4096,
&quot;block_total&quot;: 15313873,
&quot;block_used&quot;: 12388007,
&quot;device&quot;: &quot;/dev/vda1&quot;,
&quot;fstype&quot;: &quot;ext4&quot;,
&quot;inode_available&quot;: 2695198,
&quot;inode_total&quot;: 3907584,
&quot;inode_used&quot;: 1212386,
&quot;mount&quot;: &quot;/run/lock&quot;,
&quot;options&quot;: &quot;rw,relatime,bind&quot;,
&quot;size_available&quot;: 11984347136,
&quot;size_total&quot;: 62725623808,
&quot;uuid&quot;: &quot;N/A&quot;
},
{
&quot;block_available&quot;: 2925866,
&quot;block_size&quot;: 4096,
&quot;block_total&quot;: 15313873,
&quot;block_used&quot;: 12388007,
&quot;device&quot;: &quot;/dev/vda1&quot;,
&quot;fstype&quot;: &quot;ext4&quot;,
&quot;inode_available&quot;: 2695198,
&quot;inode_total&quot;: 3907584,
&quot;inode_used&quot;: 1212386,
&quot;mount&quot;: &quot;/etc/resolv.conf&quot;,
&quot;options&quot;: &quot;rw,relatime,bind&quot;,
&quot;size_available&quot;: 11984347136,
&quot;size_total&quot;: 62725623808,
&quot;uuid&quot;: &quot;N/A&quot;
},
{
&quot;block_available&quot;: 2925866,
&quot;block_size&quot;: 4096,
&quot;block_total&quot;: 15313873,
&quot;block_used&quot;: 12388007,
&quot;device&quot;: &quot;/dev/vda1&quot;,
&quot;fstype&quot;: &quot;ext4&quot;,
&quot;inode_available&quot;: 2695198,
&quot;inode_total&quot;: 3907584,
&quot;inode_used&quot;: 1212386,
&quot;mount&quot;: &quot;/etc/hostname&quot;,
&quot;options&quot;: &quot;rw,relatime,bind&quot;,
&quot;size_available&quot;: 11984347136,
&quot;size_total&quot;: 62725623808,
&quot;uuid&quot;: &quot;N/A&quot;
},
{
&quot;block_available&quot;: 2925866,
&quot;block_size&quot;: 4096,
&quot;block_total&quot;: 15313873,
&quot;block_used&quot;: 12388007,
&quot;device&quot;: &quot;/dev/vda1&quot;,
&quot;fstype&quot;: &quot;ext4&quot;,
&quot;inode_available&quot;: 2695198,
&quot;inode_total&quot;: 3907584,
&quot;inode_used&quot;: 1212386,
&quot;mount&quot;: &quot;/etc/hosts&quot;,
&quot;options&quot;: &quot;rw,relatime,bind&quot;,
&quot;size_available&quot;: 11984347136,
&quot;size_total&quot;: 62725623808,
&quot;uuid&quot;: &quot;N/A&quot;
}
],
&quot;ansible_nodename&quot;: &quot;92bfc1557bf4&quot;,
&quot;ansible_os_family&quot;: &quot;Debian&quot;,
&quot;ansible_pkg_mgr&quot;: &quot;apt&quot;,
&quot;ansible_proc_cmdline&quot;: {
&quot;console&quot;: [
&quot;ttyS0&quot;,
&quot;ttyS1&quot;
],
&quot;earlyprintk&quot;: &quot;serial&quot;,
&quot;mitigations&quot;: &quot;off&quot;,
&quot;no_stf_barrier&quot;: true,
&quot;noibpb&quot;: true,
&quot;noibrs&quot;: true,
&quot;nospec_store_bypass_disable&quot;: true,
&quot;page_poison&quot;: &quot;1&quot;,
&quot;panic&quot;: &quot;1&quot;,
&quot;vpnkit.connect&quot;: &quot;connect://2/1999&quot;,
&quot;vsyscall&quot;: &quot;emulate&quot;
},
&quot;ansible_processor&quot;: [
&quot;0&quot;,
&quot;GenuineIntel&quot;,
&quot;Intel(R) Core(TM) i5-7267U CPU @ 3.10GHz&quot;,
&quot;1&quot;,
&quot;GenuineIntel&quot;,
&quot;Intel(R) Core(TM) i5-7267U CPU @ 3.10GHz&quot;
],
&quot;ansible_processor_cores&quot;: 1,
&quot;ansible_processor_count&quot;: 2,
&quot;ansible_processor_nproc&quot;: 2,
&quot;ansible_processor_threads_per_core&quot;: 1,
&quot;ansible_processor_vcpus&quot;: 2,
&quot;ansible_product_name&quot;: &quot;BHYVE&quot;,
&quot;ansible_product_serial&quot;: &quot;None&quot;,
&quot;ansible_product_uuid&quot;: &quot;a184417a-0000-0000-9858-9cc18823151e&quot;,
&quot;ansible_product_version&quot;: &quot;1.0&quot;,
&quot;ansible_python&quot;: {
&quot;executable&quot;: &quot;/tmp/python-z9cn1871-ansible/python&quot;,
&quot;has_sslcontext&quot;: true,
&quot;type&quot;: &quot;cpython&quot;,
&quot;version&quot;: {
&quot;major&quot;: 3,
&quot;micro&quot;: 9,
&quot;minor&quot;: 6,
&quot;releaselevel&quot;: &quot;final&quot;,
&quot;serial&quot;: 0
},
&quot;version_info&quot;: [
3,
6,
9,
&quot;final&quot;,
0
]
},
&quot;ansible_python_version&quot;: &quot;3.6.9&quot;,
&quot;ansible_real_group_id&quot;: 0,
&quot;ansible_real_user_id&quot;: 0,
&quot;ansible_selinux&quot;: {
&quot;status&quot;: &quot;Missing selinux Python library&quot;
},
&quot;ansible_selinux_python_present&quot;: false,
&quot;ansible_service_mgr&quot;: &quot;systemd&quot;,
&quot;ansible_ssh_host_key_ecdsa_public&quot;: &quot;AAAAE2VjZHNhLXNoYTItbmlzdHAyNTYAAAAIbmlzdHAyNTYAAABBBKXFFhScxe+xztmWiEzCRrS33+gQnEBnUZEdGfZzV849lAQZRcK0YSCjce3dvMs7rV4FulR1UqA9fSJGtUfCO6A=&quot;,
&quot;ansible_ssh_host_key_ecdsa_public_keytype&quot;: &quot;ecdsa-sha2-nistp256&quot;,
&quot;ansible_ssh_host_key_ed25519_public&quot;: &quot;AAAAC3NzaC1lZDI1NTE5AAAAIDQw7DVlh6zXPucmio1fvrd5X1pTIovmDPBbr9oQ7DsF&quot;,
&quot;ansible_ssh_host_key_ed25519_public_keytype&quot;: &quot;ssh-ed25519&quot;,
&quot;ansible_ssh_host_key_rsa_public&quot;: &quot;AAAAB3NzaC1yc2EAAAADAQABAAABAQDXZrK4B3u/pq7Y+YfaFPr+5QEzcN+JLg/RlYXqQtLPjI3E19pNY27mGlaLm726NDbA4ouPIkqCo9y0Rkqyeaprn8EQO2gCqr06qZ7M3o4jaksHxNqo7uVxeFRQhvt3Q566bj/11uGOy01BlBRHi07G+IO9e02bNn55jR8rZURj4navuEgr0+l4CvuSrIbcEMB/qAYFAW4B1oNrsH4g09kIJxY9d3/JsOGUddOkwHwfP1+YmFAPZFruWXi/WPOnlWdaHtW4LCOdJMbHZxAGKiQtdEpWZBmNIdH2JfcVB9vjBv/WJtOgRpPhJEJIIJU6kZvipGxicPz3kj/nBUqyY4M5&quot;,
&quot;ansible_ssh_host_key_rsa_public_keytype&quot;: &quot;ssh-rsa&quot;,
&quot;ansible_swapfree_mb&quot;: 2047,
&quot;ansible_swaptotal_mb&quot;: 2047,
&quot;ansible_system&quot;: &quot;Linux&quot;,
&quot;ansible_system_vendor&quot;: &quot;NA&quot;,
&quot;ansible_uptime_seconds&quot;: 4001,
&quot;ansible_user_dir&quot;: &quot;/root&quot;,
&quot;ansible_user_gecos&quot;: &quot;root&quot;,
&quot;ansible_user_gid&quot;: 0,
&quot;ansible_user_id&quot;: &quot;root&quot;,
&quot;ansible_user_shell&quot;: &quot;/bin/bash&quot;,
&quot;ansible_user_uid&quot;: 0,
&quot;ansible_userspace_architecture&quot;: &quot;x86_64&quot;,
&quot;ansible_userspace_bits&quot;: &quot;64&quot;,
&quot;ansible_virtualization_role&quot;: &quot;guest&quot;,
&quot;ansible_virtualization_type&quot;: &quot;docker&quot;,
&quot;gather_subset&quot;: [
&quot;all&quot;
],
&quot;module_setup&quot;: true
},
&quot;changed&quot;: false,
&quot;deprecations&quot;: [],
&quot;warnings&quot;: []
}</system-out>
		</testcase>
		<testcase classname="/root/ansible_collections/community/lbry/tests/output/.tmp/integration/lbry_stop-bv3uh3ba-ÅÑŚÌβŁÈ/tests/integration/targets/setup_regtest/tasks/main.yml:4" name="[testhost] testhost: setup_regtest : Ensure required packages are installed name={{ required_packages }}, state=present" time="76.158889">
			<system-out>{
&quot;cache_update_time&quot;: 1631098501,
&quot;cache_updated&quot;: false,
&quot;changed&quot;: true,
&quot;stderr&quot;: &quot;debconf: delaying package configuration, since apt-utils is not installed\n&quot;,
&quot;stderr_lines&quot;: [
&quot;debconf: delaying package configuration, since apt-utils is not installed&quot;
],
&quot;stdout&quot;: &quot;Reading package lists...\nBuilding dependency tree...\nReading state information...\nThe following additional packages will be installed:\n  build-essential cmake-data dbus fontconfig fontconfig-config\n  fonts-dejavu-core i965-va-driver libaacs0 libarchive13 libasound2\n  libasound2-data libass9 libasyncns0 libavc1394-0 libavcodec57 libavdevice57\n  libavfilter6 libavformat57 libavresample3 libavutil55 libbdplus0 libbluray2\n  libbs2b0 libcaca0 libcairo2 libcdio-cdda2 libcdio-paranoia2 libcdio17\n  libchromaprint1 libcroco3 libcrystalhd3 libdatrie1 libdbus-1-3 libdc1394-22\n  libdrm-amdgpu1 libdrm-common libdrm-intel1 libdrm-nouveau2 libdrm-radeon1\n  libdrm2 libegl-mesa0 libegl1 libfftw3-double3 libflac8 libflite1\n  libfontconfig1 libfribidi0 libgbm1 libgdk-pixbuf2.0-0 libgdk-pixbuf2.0-bin\n  libgdk-pixbuf2.0-common libgl1 libgl1-mesa-dri libglapi-mesa libglvnd0\n  libglx-mesa0 libglx0 libgme0 libgsm1 libiec61883-0 libjack-jackd2-0 libjbig0\n  libjpeg-turbo8 libjpeg8 libjsoncpp1 libllvm10 liblzo2-2 libmp3lame0\n  libmpg123-0 libmysofa0 libnorm1 libnuma1 libogg0 libopenal-data libopenal1\n  libopenjp2-7 libopenmpt0 libopus0 libpango-1.0-0 libpangocairo-1.0-0\n  libpangoft2-1.0-0 libpciaccess0 libpgm-5.2-0 libpixman-1-0 libpostproc54\n  libpulse0 libpython-all-dev libpython-dev libpython-stdlib libraw1394-11\n  librhash0 librsvg2-2 librsvg2-common librubberband2 libsamplerate0\n  libsdl2-2.0-0 libsensors4 libshine3 libslang2 libsnappy1v5 libsndfile1\n  libsndio6.1 libsodium23 libsoxr0 libspeex1 libssh-gcrypt-4 libswresample2\n  libswscale4 libthai-data libthai0 libtheora0 libtiff5 libtwolame0\n  libusb-1.0-0 libuv1 libva-drm2 libva-x11-2 libva2 libvdpau1 libvorbis0a\n  libvorbisenc2 libvorbisfile3 libvpx5 libwavpack1 libwayland-client0\n  libwayland-cursor0 libwayland-egl1 libwayland-egl1-mesa libwayland-server0\n  libwebp6 libwebpmux3 libx11-6 libx11-data libx11-xcb1 libx264-152\n  libx265-146 libxau6 libxcb-dri2-0 libxcb-dri3-0 libxcb-glx0 libxcb-present0\n  libxcb-render0 libxcb-shape0 libxcb-shm0 libxcb-sync1 libxcb-xfixes0 libxcb1\n  libxcursor1 libxdamage1 libxdmcp6 libxext6 libxfixes3 libxi6 libxinerama1\n  libxkbcommon0 libxrandr2 libxrender1 libxshmfence1 libxss1 libxv1\n  libxvidcore4 libxxf86vm1 libzmq5 libzvbi-common libzvbi0 mesa-va-drivers\n  mesa-vdpau-drivers multiarch-support python python-all python-all-dev\n  python-asn1crypto python-cffi-backend python-crypto python-cryptography\n  python-dbus python-dev python-enum34 python-gi python-idna python-ipaddress\n  python-keyring python-keyrings.alt python-minimal python-pip-whl\n  python-pkg-resources python-secretstorage python-setuptools python-six\n  python-wheel python-xdg shared-mime-info va-driver-all vdpau-driver-all\n  x11-common xkb-data\nSuggested packages:\n  cmake-doc ninja-build default-dbus-session-bus | dbus-session-bus ffmpeg-doc\n  i965-va-driver-shaders lrzip libasound2-plugins alsa-utils libbluray-bdj\n  firmware-crystalhd libfftw3-bin libfftw3-dev jackd2 libportaudio2 opus-tools\n  pciutils pulseaudio libraw1394-doc librsvg2-bin lm-sensors sndiod speex\n  python-doc python-tk python-crypto-doc python-cryptography-doc\n  python-cryptography-vectors python-dbus-dbg python-dbus-doc\n  python-enum34-doc python-gi-cairo gnome-keyring libkf5wallet-bin\n  gir1.2-gnomekeyring-1.0 python-fs python-gdata python-keyczar\n  python-secretstorage-doc python-setuptools-doc libvdpau-va-gl1\n  nvidia-vdpau-driver nvidia-legacy-340xx-vdpau-driver\nThe following NEW packages will be installed:\n  build-essential cmake cmake-data dbus ffmpeg fontconfig fontconfig-config\n  fonts-dejavu-core i965-va-driver libaacs0 libarchive13 libasound2\n  libasound2-data libass9 libasyncns0 libavc1394-0 libavcodec57 libavdevice57\n  libavfilter6 libavformat57 libavresample3 libavutil55 libbdplus0 libbluray2\n  libbs2b0 libcaca0 libcairo2 libcdio-cdda2 libcdio-paranoia2 libcdio17\n  libchromaprint1 libcroco3 libcrystalhd3 libdatrie1 libdbus-1-3 libdc1394-22\n  libdrm-amdgpu1 libdrm-common libdrm-intel1 libdrm-nouveau2 libdrm-radeon1\n  libdrm2 libegl-mesa0 libegl1 libfftw3-double3 libflac8 libflite1\n  libfontconfig1 libfribidi0 libgbm1 libgdk-pixbuf2.0-0 libgdk-pixbuf2.0-bin\n  libgdk-pixbuf2.0-common libgl1 libgl1-mesa-dri libglapi-mesa libglvnd0\n  libglx-mesa0 libglx0 libgme0 libgsm1 libiec61883-0 libjack-jackd2-0 libjbig0\n  libjpeg-turbo8 libjpeg8 libjsoncpp1 libllvm10 liblzo2-2 libmp3lame0\n  libmpg123-0 libmysofa0 libnorm1 libnuma1 libogg0 libopenal-data libopenal1\n  libopenjp2-7 libopenmpt0 libopus0 libpango-1.0-0 libpangocairo-1.0-0\n  libpangoft2-1.0-0 libpciaccess0 libpgm-5.2-0 libpixman-1-0 libpostproc54\n  libpulse0 libpython-all-dev libpython-dev libpython-stdlib libraw1394-11\n  librhash0 librsvg2-2 librsvg2-common librubberband2 libsamplerate0\n  libsdl2-2.0-0 libsensors4 libshine3 libslang2 libsnappy-dev libsnappy1v5\n  libsndfile1 libsndio6.1 libsodium23 libsoxr0 libspeex1 libssh-gcrypt-4\n  libswresample2 libswscale4 libthai-data libthai0 libtheora0 libtiff5\n  libtwolame0 libusb-1.0-0 libuv1 libva-drm2 libva-x11-2 libva2 libvdpau1\n  libvorbis0a libvorbisenc2 libvorbisfile3 libvpx5 libwavpack1\n  libwayland-client0 libwayland-cursor0 libwayland-egl1 libwayland-egl1-mesa\n  libwayland-server0 libwebp6 libwebpmux3 libx11-6 libx11-data libx11-xcb1\n  libx264-152 libx265-146 libxau6 libxcb-dri2-0 libxcb-dri3-0 libxcb-glx0\n  libxcb-present0 libxcb-render0 libxcb-shape0 libxcb-shm0 libxcb-sync1\n  libxcb-xfixes0 libxcb1 libxcursor1 libxdamage1 libxdmcp6 libxext6 libxfixes3\n  libxi6 libxinerama1 libxkbcommon0 libxrandr2 libxrender1 libxshmfence1\n  libxss1 libxv1 libxvidcore4 libxxf86vm1 libzmq5 libzvbi-common libzvbi0\n  mesa-va-drivers mesa-vdpau-drivers multiarch-support net-tools python\n  python-all python-all-dev python-asn1crypto python-cffi-backend\n  python-crypto python-cryptography python-dbus python-dev python-enum34\n  python-gi python-idna python-ipaddress python-keyring python-keyrings.alt\n  python-minimal python-pip python-pkg-resources python-secretstorage\n  python-setuptools python-six python-wheel python-xdg shared-mime-info unzip\n  va-driver-all vdpau-driver-all wget x11-common xkb-data zip\nThe following packages will be upgraded:\n  python-pip-whl\n1 upgraded, 203 newly installed, 0 to remove and 126 not upgraded.\nNeed to get 79.0 MB of archives.\nAfter this operation, 556 MB of additional disk space will be used.\nGet:1 http://archive.ubuntu.com/ubuntu bionic-updates/main amd64 multiarch-support amd64 2.27-3ubuntu1.4 [6944 B]\nGet:2 http://archive.ubuntu.com/ubuntu bionic-updates/main amd64 libxau6 amd64 1:1.0.8-1ubuntu1 [7556 B]\nGet:3 http://archive.ubuntu.com/ubuntu bionic/main amd64 libxdmcp6 amd64 1:1.1.2-3 [10.7 kB]\nGet:4 http://archive.ubuntu.com/ubuntu bionic-updates/main amd64 libxcb1 amd64 1.13-2~ubuntu18.04 [45.5 kB]\nGet:5 http://archive.ubuntu.com/ubuntu bionic-updates/main amd64 libx11-data all 2:1.6.4-3ubuntu0.4 [114 kB]\nGet:6 http://archive.ubuntu.com/ubuntu bionic-updates/main amd64 libx11-6 amd64 2:1.6.4-3ubuntu0.4 [572 kB]\nGet:7 http://archive.ubuntu.com/ubuntu bionic/main amd64 libxext6 amd64 2:1.3.3-1 [29.4 kB]\nGet:8 http://archive.ubuntu.com/ubuntu bionic/main amd64 fonts-dejavu-core all 2.37-1 [1041 kB]\nGet:9 http://archive.ubuntu.com/ubuntu bionic/main amd64 fontconfig-config all 2.12.6-0ubuntu2 [55.8 kB]\nGet:10 http://archive.ubuntu.com/ubuntu bionic/main amd64 libfontconfig1 amd64 2.12.6-0ubuntu2 [137 kB]\nGet:11 http://archive.ubuntu.com/ubuntu bionic/main amd64 fontconfig amd64 2.12.6-0ubuntu2 [169 kB]\nGet:12 http://archive.ubuntu.com/ubuntu bionic-updates/main amd64 libjpeg-turbo8 amd64 1.5.2-0ubuntu5.18.04.4 [110 kB]\nGet:13 http://archive.ubuntu.com/ubuntu bionic/main amd64 liblzo2-2 amd64 2.08-1.2 [48.7 kB]\nGet:14 http://archive.ubuntu.com/ubuntu bionic/main amd64 libogg0 amd64 1.3.2-1 [17.2 kB]\nGet:15 http://archive.ubuntu.com/ubuntu bionic/main amd64 libxinerama1 amd64 2:1.1.3-1 [7908 B]\nGet:16 http://archive.ubuntu.com/ubuntu bionic-updates/main amd64 x11-common all 1:7.7+19ubuntu7.1 [22.5 kB]\nGet:17 http://archive.ubuntu.com/ubuntu bionic/main amd64 libxss1 amd64 1:1.2.2-1 [8582 B]\nGet:18 http://archive.ubuntu.com/ubuntu bionic/main amd64 libxxf86vm1 amd64 1:1.1.4-1 [10.6 kB]\nGet:19 http://archive.ubuntu.com/ubuntu bionic/main amd64 python-minimal amd64 2.7.15~rc1-1 [28.1 kB]\nGet:20 http://archive.ubuntu.com/ubuntu bionic/main amd64 libpython-stdlib amd64 2.7.15~rc1-1 [7620 B]\nGet:21 http://archive.ubuntu.com/ubuntu bionic/main amd64 python amd64 2.7.15~rc1-1 [140 kB]\nGet:22 http://archive.ubuntu.com/ubuntu bionic-updates/main amd64 libdbus-1-3 amd64 1.12.2-1ubuntu1.2 [175 kB]\nGet:23 http://archive.ubuntu.com/ubuntu bionic-updates/main amd64 dbus amd64 1.12.2-1ubuntu1.2 [150 kB]\nGet:24 http://archive.ubuntu.com/ubuntu bionic/main amd64 libfribidi0 amd64 0.19.7-2 [24.9 kB]\nGet:25 http://archive.ubuntu.com/ubuntu bionic/main amd64 libslang2 amd64 2.3.1a-3ubuntu1 [424 kB]\nGet:26 http://archive.ubuntu.com/ubuntu bionic/main amd64 shared-mime-info amd64 1.9-2 [426 kB]\nGet:27 http://archive.ubuntu.com/ubuntu bionic-updates/main amd64 xkb-data all 2.23.1-1ubuntu1.18.04.1 [325 kB]\nGet:28 http://archive.ubuntu.com/ubuntu bionic-updates/main amd64 libdrm-common all 2.4.101-2~18.04.1 [5560 B]\nGet:29 http://archive.ubuntu.com/ubuntu bionic-updates/main amd64 libdrm2 amd64 2.4.101-2~18.04.1 [32.3 kB]\nGet:30 http://archive.ubuntu.com/ubuntu bionic-updates/main amd64 libnuma1 amd64 2.0.11-2.1ubuntu0.1 [22.0 kB]\nGet:31 http://archive.ubuntu.com/ubuntu bionic/main amd64 libusb-1.0-0 amd64 2:1.0.21-2 [43.3 kB]\nGet:32 http://archive.ubuntu.com/ubuntu bionic-updates/main amd64 wget amd64 1.19.4-1ubuntu2.2 [316 kB]\nGet:33 http://archive.ubuntu.com/ubuntu bionic/main amd64 build-essential amd64 12.4ubuntu1 [4758 B]\nGet:34 http://archive.ubuntu.com/ubuntu bionic-updates/main amd64 cmake-data all 3.10.2-1ubuntu2.18.04.2 [1332 kB]\nGet:35 http://archive.ubuntu.com/ubuntu bionic-updates/main amd64 libarchive13 amd64 3.2.2-3.1ubuntu0.7 [288 kB]\nGet:36 http://archive.ubuntu.com/ubuntu bionic/main amd64 libjsoncpp1 amd64 1.7.4-3 [73.6 kB]\nGet:37 http://archive.ubuntu.com/ubuntu bionic/main amd64 librhash0 amd64 1.3.6-2 [78.1 kB]\nGet:38 http://archive.ubuntu.com/ubuntu bionic/main amd64 libuv1 amd64 1.18.0-3 [64.4 kB]\nGet:39 http://archive.ubuntu.com/ubuntu bionic-updates/main amd64 cmake amd64 3.10.2-1ubuntu2.18.04.2 [3152 kB]\nGet:40 http://archive.ubuntu.com/ubuntu bionic/universe amd64 libva2 amd64 2.1.0-3 [47.6 kB]\nGet:41 http://archive.ubuntu.com/ubuntu bionic/universe amd64 libva-drm2 amd64 2.1.0-3 [6880 B]\nGet:42 http://archive.ubuntu.com/ubuntu bionic/main amd64 libxfixes3 amd64 1:5.0.3-1 [10.8 kB]\nGet:43 http://archive.ubuntu.com/ubuntu bionic/universe amd64 libva-x11-2 amd64 2.1.0-3 [11.5 kB]\nGet:44 http://archive.ubuntu.com/ubuntu bionic/main amd64 libvdpau1 amd64 1.1.1-3ubuntu1 [25.5 kB]\nGet:45 http://archive.ubuntu.com/ubuntu bionic-updates/universe amd64 libavutil55 amd64 7:3.4.8-0ubuntu0.2 [190 kB]\nGet:46 http://archive.ubuntu.com/ubuntu bionic/main amd64 libpixman-1-0 amd64 0.34.0-2 [229 kB]\nGet:47 http://archive.ubuntu.com/ubuntu bionic-updates/main amd64 libxcb-render0 amd64 1.13-2~ubuntu18.04 [14.7 kB]\nGet:48 http://archive.ubuntu.com/ubuntu bionic-updates/main amd64 libxcb-shm0 amd64 1.13-2~ubuntu18.04 [5600 B]\nGet:49 http://archive.ubuntu.com/ubuntu bionic/main amd64 libxrender1 amd64 1:0.9.10-1 [18.7 kB]\nGet:50 http://archive.ubuntu.com/ubuntu bionic-updates/main amd64 libcairo2 amd64 1.15.10-2ubuntu0.1 [580 kB]\nGet:51 http://archive.ubuntu.com/ubuntu bionic/universe amd64 libcrystalhd3 amd64 1:0.0~git20110715.fdd2f19-12 [45.8 kB]\nGet:52 http://archive.ubuntu.com/ubuntu bionic/universe amd64 libgsm1 amd64 1.0.13-4build1 [22.4 kB]\nGet:53 http://archive.ubuntu.com/ubuntu bionic/main amd64 libmp3lame0 amd64 3.100-2 [136 kB]\nGet:54 http://archive.ubuntu.com/ubuntu bionic-updates/universe amd64 libopenjp2-7 amd64 2.3.0-2build0.18.04.1 [145 kB]\nGet:55 http://archive.ubuntu.com/ubuntu bionic/main amd64 libopus0 amd64 1.1.2-1ubuntu1 [159 kB]\nGet:56 http://archive.ubuntu.com/ubuntu bionic/main amd64 libcroco3 amd64 0.6.12-2 [81.3 kB]\nGet:57 http://archive.ubuntu.com/ubuntu bionic/main amd64 libjpeg8 amd64 8c-2ubuntu8 [2194 B]\nGet:58 http://archive.ubuntu.com/ubuntu bionic/main amd64 libjbig0 amd64 2.1-3.1build1 [26.7 kB]\nGet:59 http://archive.ubuntu.com/ubuntu bionic-updates/main amd64 libtiff5 amd64 4.0.9-5ubuntu0.4 [153 kB]\nGet:60 http://archive.ubuntu.com/ubuntu bionic/main amd64 libgdk-pixbuf2.0-common all 2.36.11-2 [4536 B]\nGet:61 http://archive.ubuntu.com/ubuntu bionic/main amd64 libgdk-pixbuf2.0-0 amd64 2.36.11-2 [165 kB]\nGet:62 http://archive.ubuntu.com/ubuntu bionic/main amd64 libthai-data all 0.1.27-2 [133 kB]\nGet:63 http://archive.ubuntu.com/ubuntu bionic/main amd64 libdatrie1 amd64 0.2.10-7 [17.8 kB]\nGet:64 http://archive.ubuntu.com/ubuntu bionic/main amd64 libthai0 amd64 0.1.27-2 [18.0 kB]\nGet:65 http://archive.ubuntu.com/ubuntu bionic-updates/main amd64 libpango-1.0-0 amd64 1.40.14-1ubuntu0.1 [153 kB]\nGet:66 http://archive.ubuntu.com/ubuntu bionic-updates/main amd64 libpangoft2-1.0-0 amd64 1.40.14-1ubuntu0.1 [33.2 kB]\nGet:67 http://archive.ubuntu.com/ubuntu bionic-updates/main amd64 libpangocairo-1.0-0 amd64 1.40.14-1ubuntu0.1 [20.8 kB]\nGet:68 http://archive.ubuntu.com/ubuntu bionic-updates/main amd64 librsvg2-2 amd64 2.40.20-2ubuntu0.2 [98.6 kB]\nGet:69 http://archive.ubuntu.com/ubuntu bionic/universe amd64 libshine3 amd64 3.1.1-1 [22.9 kB]\nGet:70 http://archive.ubuntu.com/ubuntu bionic/main amd64 libsnappy1v5 amd64 1.1.7-1 [16.0 kB]\nGet:71 http://archive.ubuntu.com/ubuntu bionic/main amd64 libspeex1 amd64 1.2~rc1.2-1ubuntu2 [52.1 kB]\nGet:72 http://archive.ubuntu.com/ubuntu bionic/universe amd64 libsoxr0 amd64 0.1.2-3 [65.9 kB]\nGet:73 http://archive.ubuntu.com/ubuntu bionic-updates/universe amd64 libswresample2 amd64 7:3.4.8-0ubuntu0.2 [55.2 kB]\nGet:74 http://archive.ubuntu.com/ubuntu bionic/main amd64 libtheora0 amd64 1.1.1+dfsg.1-14 [170 kB]\nGet:75 http://archive.ubuntu.com/ubuntu bionic/main amd64 libtwolame0 amd64 0.3.13-3 [46.7 kB]\nGet:76 http://archive.ubuntu.com/ubuntu bionic/main amd64 libvorbis0a amd64 1.3.5-4.2 [86.4 kB]\nGet:77 http://archive.ubuntu.com/ubuntu bionic/main amd64 libvorbisenc2 amd64 1.3.5-4.2 [70.7 kB]\nGet:78 http://archive.ubuntu.com/ubuntu bionic-updates/main amd64 libvpx5 amd64 1.7.0-3ubuntu0.18.04.1 [796 kB]\nGet:79 http://archive.ubuntu.com/ubuntu bionic-updates/main amd64 libwavpack1 amd64 5.1.0-2ubuntu1.5 [76.8 kB]\nGet:80 http://archive.ubuntu.com/ubuntu bionic-updates/main amd64 libwebp6 amd64 0.6.1-2ubuntu0.18.04.1 [186 kB]\nGet:81 http://archive.ubuntu.com/ubuntu bionic-updates/main amd64 libwebpmux3 amd64 0.6.1-2ubuntu0.18.04.1 [19.6 kB]\nGet:82 http://archive.ubuntu.com/ubuntu bionic/universe amd64 libx264-152 amd64 2:0.152.2854+gite9a5903-2 [609 kB]\nGet:83 http://archive.ubuntu.com/ubuntu bionic/universe amd64 libx265-146 amd64 2.6-3 [1026 kB]\nGet:84 http://archive.ubuntu.com/ubuntu bionic/universe amd64 libxvidcore4 amd64 2:1.3.5-1 [200 kB]\nGet:85 http://archive.ubuntu.com/ubuntu bionic/universe amd64 libzvbi-common all 0.2.35-13 [32.1 kB]\nGet:86 http://archive.ubuntu.com/ubuntu bionic/universe amd64 libzvbi0 amd64 0.2.35-13 [235 kB]\nGet:87 http://archive.ubuntu.com/ubuntu bionic-updates/universe amd64 libavcodec57 amd64 7:3.4.8-0ubuntu0.2 [4595 kB]\nGet:88 http://archive.ubuntu.com/ubuntu bionic-updates/main amd64 libasound2-data all 1.1.3-5ubuntu0.6 [38.5 kB]\nGet:89 http://archive.ubuntu.com/ubuntu bionic-updates/main amd64 libasound2 amd64 1.1.3-5ubuntu0.6 [360 kB]\nGet:90 http://archive.ubuntu.com/ubuntu bionic/main amd64 libraw1394-11 amd64 2.1.2-1 [30.7 kB]\nGet:91 http://archive.ubuntu.com/ubuntu bionic/main amd64 libavc1394-0 amd64 0.5.4-4build1 [16.1 kB]\nGet:92 http://archive.ubuntu.com/ubuntu bionic/universe amd64 libass9 amd64 1:0.14.0-1 [88.2 kB]\nGet:93 http://archive.ubuntu.com/ubuntu bionic/universe amd64 libbluray2 amd64 1:1.0.2-3 [141 kB]\nGet:94 http://archive.ubuntu.com/ubuntu bionic/universe amd64 libchromaprint1 amd64 1.4.3-1 [36.8 kB]\nGet:95 http://archive.ubuntu.com/ubuntu bionic/universe amd64 libgme0 amd64 0.6.2-1 [121 kB]\nGet:96 http://archive.ubuntu.com/ubuntu bionic/main amd64 libmpg123-0 amd64 1.25.10-1 [125 kB]\nGet:97 http://archive.ubuntu.com/ubuntu bionic/main amd64 libvorbisfile3 amd64 1.3.5-4.2 [16.0 kB]\nGet:98 http://archive.ubuntu.com/ubuntu bionic/universe amd64 libopenmpt0 amd64 0.3.6-1 [561 kB]\nGet:99 http://archive.ubuntu.com/ubuntu bionic-updates/main amd64 libssh-gcrypt-4 amd64 0.8.0~20170825.94fa1e38-1ubuntu0.7 [172 kB]\nGet:100 http://archive.ubuntu.com/ubuntu bionic-updates/universe amd64 libavformat57 amd64 7:3.4.8-0ubuntu0.2 [953 kB]\nGet:101 http://archive.ubuntu.com/ubuntu bionic-updates/universe amd64 libavresample3 amd64 7:3.4.8-0ubuntu0.2 [52.6 kB]\nGet:102 http://archive.ubuntu.com/ubuntu bionic/universe amd64 libbs2b0 amd64 3.1.0+dfsg-2.2 [10.5 kB]\nGet:103 http://archive.ubuntu.com/ubuntu bionic/universe amd64 libflite1 amd64 2.1-release-1 [12.8 MB]\nGet:104 http://archive.ubuntu.com/ubuntu bionic-updates/universe amd64 libmysofa0 amd64 0.6~dfsg0-3+deb10u1build1 [38.5 kB]\nGet:105 http://archive.ubuntu.com/ubuntu bionic-updates/universe amd64 libpostproc54 amd64 7:3.4.8-0ubuntu0.2 [50.3 kB]\nGet:106 http://archive.ubuntu.com/ubuntu bionic/main amd64 libfftw3-double3 amd64 3.3.7-1 [735 kB]\nGet:107 http://archive.ubuntu.com/ubuntu bionic/main amd64 libsamplerate0 amd64 0.1.9-1 [938 kB]\nGet:108 http://archive.ubuntu.com/ubuntu bionic/universe amd64 librubberband2 amd64 1.8.1-7ubuntu2 [86.7 kB]\nGet:109 http://archive.ubuntu.com/ubuntu bionic-updates/universe amd64 libswscale4 amd64 7:3.4.8-0ubuntu0.2 [150 kB]\nGet:110 http://archive.ubuntu.com/ubuntu bionic/universe amd64 libnorm1 amd64 1.5r6+dfsg1-6 [224 kB]\nGet:111 http://archive.ubuntu.com/ubuntu bionic/universe amd64 libpgm-5.2-0 amd64 5.2.122~dfsg-2 [157 kB]\nGet:112 http://archive.ubuntu.com/ubuntu bionic/main amd64 libsodium23 amd64 1.0.16-2 [143 kB]\nGet:113 http://archive.ubuntu.com/ubuntu bionic-updates/universe amd64 libzmq5 amd64 4.2.5-1ubuntu0.2 [221 kB]\nGet:114 http://archive.ubuntu.com/ubuntu bionic-updates/universe amd64 libavfilter6 amd64 7:3.4.8-0ubuntu0.2 [874 kB]\nGet:115 http://archive.ubuntu.com/ubuntu bionic-updates/main amd64 libcaca0 amd64 0.99.beta19-2ubuntu0.18.04.2 [202 kB]\nGet:116 http://archive.ubuntu.com/ubuntu bionic/main amd64 libcdio17 amd64 1.0.0-2ubuntu2 [58.8 kB]\nGet:117 http://archive.ubuntu.com/ubuntu bionic/main amd64 libcdio-cdda2 amd64 10.2+0.94+2-2build1 [17.7 kB]\nGet:118 http://archive.ubuntu.com/ubuntu bionic/main amd64 libcdio-paranoia2 amd64 10.2+0.94+2-2build1 [17.2 kB]\nGet:119 http://archive.ubuntu.com/ubuntu bionic/universe amd64 libdc1394-22 amd64 2.2.5-1 [77.5 kB]\nGet:120 http://archive.ubuntu.com/ubuntu bionic-updates/main amd64 libglvnd0 amd64 1.0.0-2ubuntu2.3 [47.0 kB]\nGet:121 http://archive.ubuntu.com/ubuntu bionic-updates/main amd64 libglapi-mesa amd64 20.0.8-0ubuntu1~18.04.1 [26.6 kB]\nGet:122 http://archive.ubuntu.com/ubuntu bionic-updates/main amd64 libx11-xcb1 amd64 2:1.6.4-3ubuntu0.4 [9720 B]\nGet:123 http://archive.ubuntu.com/ubuntu bionic-updates/main amd64 libxcb-dri2-0 amd64 1.13-2~ubuntu18.04 [6920 B]\nGet:124 http://archive.ubuntu.com/ubuntu bionic-updates/main amd64 libxcb-dri3-0 amd64 1.13-2~ubuntu18.04 [6568 B]\nGet:125 http://archive.ubuntu.com/ubuntu bionic-updates/main amd64 libxcb-glx0 amd64 1.13-2~ubuntu18.04 [22.1 kB]\nGet:126 http://archive.ubuntu.com/ubuntu bionic-updates/main amd64 libxcb-present0 amd64 1.13-2~ubuntu18.04 [5552 B]\nGet:127 http://archive.ubuntu.com/ubuntu bionic-updates/main amd64 libxcb-sync1 amd64 1.13-2~ubuntu18.04 [8808 B]\nGet:128 http://archive.ubuntu.com/ubuntu bionic/main amd64 libxdamage1 amd64 1:1.1.4-3 [6934 B]\nGet:129 http://archive.ubuntu.com/ubuntu bionic/main amd64 libxshmfence1 amd64 1.3-1 [5028 B]\nGet:130 http://archive.ubuntu.com/ubuntu bionic-updates/main amd64 libdrm-amdgpu1 amd64 2.4.101-2~18.04.1 [18.2 kB]\nGet:131 http://archive.ubuntu.com/ubuntu bionic/main amd64 libpciaccess0 amd64 0.14-1 [17.9 kB]\nGet:132 http://archive.ubuntu.com/ubuntu bionic-updates/main amd64 libdrm-intel1 amd64 2.4.101-2~18.04.1 [60.0 kB]\nGet:133 http://archive.ubuntu.com/ubuntu bionic-updates/main amd64 libdrm-nouveau2 amd64 2.4.101-2~18.04.1 [16.5 kB]\nGet:134 http://archive.ubuntu.com/ubuntu bionic-updates/main amd64 libdrm-radeon1 amd64 2.4.101-2~18.04.1 [21.7 kB]\nGet:135 http://archive.ubuntu.com/ubuntu bionic-updates/main amd64 libllvm10 amd64 1:10.0.0-4ubuntu1~18.04.2 [15.4 MB]\nGet:136 http://archive.ubuntu.com/ubuntu bionic/main amd64 libsensors4 amd64 1:3.4.0-4 [28.8 kB]\nGet:137 http://archive.ubuntu.com/ubuntu bionic-updates/main amd64 libgl1-mesa-dri amd64 20.0.8-0ubuntu1~18.04.1 [9333 kB]\nGet:138 http://archive.ubuntu.com/ubuntu bionic-updates/main amd64 libglx-mesa0 amd64 20.0.8-0ubuntu1~18.04.1 [139 kB]\nGet:139 http://archive.ubuntu.com/ubuntu bionic-updates/main amd64 libglx0 amd64 1.0.0-2ubuntu2.3 [28.1 kB]\nGet:140 http://archive.ubuntu.com/ubuntu bionic-updates/main amd64 libgl1 amd64 1.0.0-2ubuntu2.3 [86.2 kB]\nGet:141 http://archive.ubuntu.com/ubuntu bionic/main amd64 libiec61883-0 amd64 1.2.0-2 [23.5 kB]\nGet:142 http://archive.ubuntu.com/ubuntu bionic/main amd64 libjack-jackd2-0 amd64 1.9.12~dfsg-2 [263 kB]\nGet:143 http://archive.ubuntu.com/ubuntu bionic/universe amd64 libopenal-data all 1:1.18.2-2 [102 kB]\nGet:144 http://archive.ubuntu.com/ubuntu bionic/universe amd64 libsndio6.1 amd64 1.1.0-3 [23.4 kB]\nGet:145 http://archive.ubuntu.com/ubuntu bionic/universe amd64 libopenal1 amd64 1:1.18.2-2 [266 kB]\nGet:146 http://archive.ubuntu.com/ubuntu bionic/main amd64 libasyncns0 amd64 0.8-6 [12.1 kB]\nGet:147 http://archive.ubuntu.com/ubuntu bionic/main amd64 libflac8 amd64 1.3.2-1 [213 kB]\nGet:148 http://archive.ubuntu.com/ubuntu bionic-updates/main amd64 libsndfile1 amd64 1.0.28-4ubuntu0.18.04.2 [170 kB]\nGet:149 http://archive.ubuntu.com/ubuntu bionic-updates/main amd64 libpulse0 amd64 1:11.1-1ubuntu7.11 [266 kB]\nGet:150 http://archive.ubuntu.com/ubuntu bionic-updates/main amd64 libwayland-client0 amd64 1.16.0-1ubuntu1.1~18.04.3 [23.6 kB]\nGet:151 http://archive.ubuntu.com/ubuntu bionic-updates/main amd64 libwayland-cursor0 amd64 1.16.0-1ubuntu1.1~18.04.3 [10.1 kB]\nGet:152 http://archive.ubuntu.com/ubuntu bionic-updates/main amd64 libwayland-server0 amd64 1.16.0-1ubuntu1.1~18.04.3 [29.6 kB]\nGet:153 http://archive.ubuntu.com/ubuntu bionic-updates/main amd64 libgbm1 amd64 20.0.8-0ubuntu1~18.04.1 [27.6 kB]\nGet:154 http://archive.ubuntu.com/ubuntu bionic-updates/main amd64 libxcb-xfixes0 amd64 1.13-2~ubuntu18.04 [9352 B]\nGet:155 http://archive.ubuntu.com/ubuntu bionic-updates/main amd64 libegl-mesa0 amd64 20.0.8-0ubuntu1~18.04.1 [96.3 kB]\nGet:156 http://archive.ubuntu.com/ubuntu bionic-updates/main amd64 libegl1 amd64 1.0.0-2ubuntu2.3 [32.0 kB]\nGet:157 http://archive.ubuntu.com/ubuntu bionic-updates/main amd64 libwayland-egl1 amd64 1.16.0-1ubuntu1.1~18.04.3 [5464 B]\nGet:158 http://archive.ubuntu.com/ubuntu bionic-updates/main amd64 libwayland-egl1-mesa amd64 20.0.8-0ubuntu1~18.04.1 [6444 B]\nGet:159 http://archive.ubuntu.com/ubuntu bionic/main amd64 libxcursor1 amd64 1:1.1.15-1 [19.8 kB]\nGet:160 http://archive.ubuntu.com/ubuntu bionic/main amd64 libxi6 amd64 2:1.7.9-1 [29.2 kB]\nGet:161 http://archive.ubuntu.com/ubuntu bionic-updates/main amd64 libxkbcommon0 amd64 0.8.2-1~ubuntu18.04.1 [97.8 kB]\nGet:162 http://archive.ubuntu.com/ubuntu bionic/main amd64 libxrandr2 amd64 2:1.5.1-1 [18.1 kB]\nGet:163 http://archive.ubuntu.com/ubuntu bionic-updates/universe amd64 libsdl2-2.0-0 amd64 2.0.8+dfsg1-1ubuntu1.18.04.4 [382 kB]\nGet:164 http://archive.ubuntu.com/ubuntu bionic-updates/main amd64 libxcb-shape0 amd64 1.13-2~ubuntu18.04 [5972 B]\nGet:165 http://archive.ubuntu.com/ubuntu bionic/main amd64 libxv1 amd64 2:1.0.11-1 [10.7 kB]\nGet:166 http://archive.ubuntu.com/ubuntu bionic-updates/universe amd64 libavdevice57 amd64 7:3.4.8-0ubuntu0.2 [74.9 kB]\nGet:167 http://archive.ubuntu.com/ubuntu bionic-updates/universe amd64 ffmpeg amd64 7:3.4.8-0ubuntu0.2 [1587 kB]\nGet:168 http://archive.ubuntu.com/ubuntu bionic/universe amd64 libaacs0 amd64 0.9.0-1 [51.4 kB]\nGet:169 http://archive.ubuntu.com/ubuntu bionic/universe amd64 libbdplus0 amd64 0.1.2-2 [46.6 kB]\nGet:170 http://archive.ubuntu.com/ubuntu bionic/main amd64 libgdk-pixbuf2.0-bin amd64 2.36.11-2 [7864 B]\nGet:171 http://archive.ubuntu.com/ubuntu bionic/main amd64 libpython-dev amd64 2.7.15~rc1-1 [7684 B]\nGet:172 http://archive.ubuntu.com/ubuntu bionic/main amd64 libpython-all-dev amd64 2.7.15~rc1-1 [1092 B]\nGet:173 http://archive.ubuntu.com/ubuntu bionic-updates/main amd64 librsvg2-common amd64 2.40.20-2ubuntu0.2 [5064 B]\nGet:174 http://archive.ubuntu.com/ubuntu bionic-updates/universe amd64 mesa-va-drivers amd64 20.0.8-0ubuntu1~18.04.1 [2376 kB]\nGet:175 http://archive.ubuntu.com/ubuntu bionic-updates/main amd64 mesa-vdpau-drivers amd64 20.0.8-0ubuntu1~18.04.1 [2496 kB]\nGet:176 http://archive.ubuntu.com/ubuntu bionic/main amd64 net-tools amd64 1.60+git20161116.90da8a0-1ubuntu1 [194 kB]\nGet:177 http://archive.ubuntu.com/ubuntu bionic/main amd64 python-all amd64 2.7.15~rc1-1 [1076 B]\nGet:178 http://archive.ubuntu.com/ubuntu bionic/main amd64 python-dev amd64 2.7.15~rc1-1 [1256 B]\nGet:179 http://archive.ubuntu.com/ubuntu bionic/main amd64 python-all-dev amd64 2.7.15~rc1-1 [1100 B]\nGet:180 http://archive.ubuntu.com/ubuntu bionic/main amd64 python-asn1crypto all 0.24.0-1 [72.7 kB]\nGet:181 http://archive.ubuntu.com/ubuntu bionic/main amd64 python-cffi-backend amd64 1.11.5-1 [63.4 kB]\nGet:182 http://archive.ubuntu.com/ubuntu bionic/main amd64 python-crypto amd64 2.6.1-8ubuntu2 [244 kB]\nGet:183 http://archive.ubuntu.com/ubuntu bionic/main amd64 python-enum34 all 1.1.6-2 [34.8 kB]\nGet:184 http://archive.ubuntu.com/ubuntu bionic/main amd64 python-idna all 2.6-1 [32.4 kB]\nGet:185 http://archive.ubuntu.com/ubuntu bionic/main amd64 python-ipaddress all 1.0.17-1 [18.2 kB]\nGet:186 http://archive.ubuntu.com/ubuntu bionic/main amd64 python-six all 1.11.0-2 [11.3 kB]\nGet:187 http://archive.ubuntu.com/ubuntu bionic-updates/main amd64 python-cryptography amd64 2.1.4-1ubuntu1.4 [276 kB]\nGet:188 http://archive.ubuntu.com/ubuntu bionic/main amd64 python-dbus amd64 1.2.6-1 [90.2 kB]\nGet:189 http://archive.ubuntu.com/ubuntu bionic-updates/main amd64 python-gi amd64 3.26.1-2ubuntu1 [197 kB]\nGet:190 http://archive.ubuntu.com/ubuntu bionic/main amd64 python-secretstorage all 2.3.1-2 [11.8 kB]\nGet:191 http://archive.ubuntu.com/ubuntu bionic/main amd64 python-keyring all 10.6.0-1 [30.6 kB]\nGet:192 http://archive.ubuntu.com/ubuntu bionic/main amd64 python-keyrings.alt all 3.0-1 [16.7 kB]\nGet:193 http://archive.ubuntu.com/ubuntu bionic-updates/universe amd64 python-pip-whl all 9.0.1-2.3~ubuntu1.18.04.5 [1653 kB]\nGet:194 http://archive.ubuntu.com/ubuntu bionic-updates/universe amd64 python-pip all 9.0.1-2.3~ubuntu1.18.04.5 [151 kB]\nGet:195 http://archive.ubuntu.com/ubuntu bionic/main amd64 python-pkg-resources all 39.0.1-2 [128 kB]\nGet:196 http://archive.ubuntu.com/ubuntu bionic/main amd64 python-setuptools all 39.0.1-2 [329 kB]\nGet:197 http://archive.ubuntu.com/ubuntu bionic/universe amd64 python-wheel all 0.30.0-0.2 [36.4 kB]\nGet:198 http://archive.ubuntu.com/ubuntu bionic-updates/universe amd64 python-xdg all 0.25-4ubuntu1.1 [31.2 kB]\nGet:199 http://archive.ubuntu.com/ubuntu bionic-updates/main amd64 unzip amd64 6.0-21ubuntu1.1 [168 kB]\nGet:200 http://archive.ubuntu.com/ubuntu bionic/universe amd64 i965-va-driver amd64 2.1.0-0ubuntu1 [925 kB]\nGet:201 http://archive.ubuntu.com/ubuntu bionic/universe amd64 va-driver-all amd64 2.1.0-3 [4376 B]\nGet:202 http://archive.ubuntu.com/ubuntu bionic/main amd64 vdpau-driver-all amd64 1.1.1-3ubuntu1 [4674 B]\nGet:203 http://archive.ubuntu.com/ubuntu bionic/main amd64 zip amd64 3.0-11build1 [167 kB]\nGet:204 http://archive.ubuntu.com/ubuntu bionic/main amd64 libsnappy-dev amd64 1.1.7-1 [27.2 kB]\nFetched 79.0 MB in 38s (2100 kB/s)\nSelecting previously unselected package multiarch-support.\r\n(Reading database ... \r(Reading database ... 5%\r(Reading database ... 10%\r(Reading database ... 15%\r(Reading database ... 20%\r(Reading database ... 25%\r(Reading database ... 30%\r(Reading database ... 35%\r(Reading database ... 40%\r(Reading database ... 45%\r(Reading database ... 50%\r(Reading database ... 55%\r(Reading database ... 60%\r(Reading database ... 65%\r(Reading database ... 70%\r(Reading database ... 75%\r(Reading database ... 80%\r(Reading database ... 85%\r(Reading database ... 90%\r(Reading database ... 95%\r(Reading database ... 100%\r(Reading database ... 21086 files and directories currently installed.)\r\nPreparing to unpack .../0-multiarch-support_2.27-3ubuntu1.4_amd64.deb ...\r\nUnpacking multiarch-support (2.27-3ubuntu1.4) ...\r\nSelecting previously unselected package libxau6:amd64.\r\nPreparing to unpack .../1-libxau6_1%3a1.0.8-1ubuntu1_amd64.deb ...\r\nUnpacking libxau6:amd64 (1:1.0.8-1ubuntu1) ...\r\nSelecting previously unselected package libxdmcp6:amd64.\r\nPreparing to unpack .../2-libxdmcp6_1%3a1.1.2-3_amd64.deb ...\r\nUnpacking libxdmcp6:amd64 (1:1.1.2-3) ...\r\nSelecting previously unselected package libxcb1:amd64.\r\nPreparing to unpack .../3-libxcb1_1.13-2~ubuntu18.04_amd64.deb ...\r\nUnpacking libxcb1:amd64 (1.13-2~ubuntu18.04) ...\r\nSelecting previously unselected package libx11-data.\r\nPreparing to unpack .../4-libx11-data_2%3a1.6.4-3ubuntu0.4_all.deb ...\r\nUnpacking libx11-data (2:1.6.4-3ubuntu0.4) ...\r\nSelecting previously unselected package libx11-6:amd64.\r\nPreparing to unpack .../5-libx11-6_2%3a1.6.4-3ubuntu0.4_amd64.deb ...\r\nUnpacking libx11-6:amd64 (2:1.6.4-3ubuntu0.4) ...\r\nSetting up multiarch-support (2.27-3ubuntu1.4) ...\r\nSelecting previously unselected package libxext6:amd64.\r\n(Reading database ... \r(Reading database ... 5%\r(Reading database ... 10%\r(Reading database ... 15%\r(Reading database ... 20%\r(Reading database ... 25%\r(Reading database ... 30%\r(Reading database ... 35%\r(Reading database ... 40%\r(Reading database ... 45%\r(Reading database ... 50%\r(Reading database ... 55%\r(Reading database ... 60%\r(Reading database ... 65%\r(Reading database ... 70%\r(Reading database ... 75%\r(Reading database ... 80%\r(Reading database ... 85%\r(Reading database ... 90%\r(Reading database ... 95%\r(Reading database ... 100%\r(Reading database ... 21371 files and directories currently installed.)\r\nPreparing to unpack .../00-libxext6_2%3a1.3.3-1_amd64.deb ...\r\nUnpacking libxext6:amd64 (2:1.3.3-1) ...\r\nSelecting previously unselected package fonts-dejavu-core.\r\nPreparing to unpack .../01-fonts-dejavu-core_2.37-1_all.deb ...\r\nUnpacking fonts-dejavu-core (2.37-1) ...\r\nSelecting previously unselected package fontconfig-config.\r\nPreparing to unpack .../02-fontconfig-config_2.12.6-0ubuntu2_all.deb ...\r\nUnpacking fontconfig-config (2.12.6-0ubuntu2) ...\r\nSelecting previously unselected package libfontconfig1:amd64.\r\nPreparing to unpack .../03-libfontconfig1_2.12.6-0ubuntu2_amd64.deb ...\r\nUnpacking libfontconfig1:amd64 (2.12.6-0ubuntu2) ...\r\nSelecting previously unselected package fontconfig.\r\nPreparing to unpack .../04-fontconfig_2.12.6-0ubuntu2_amd64.deb ...\r\nUnpacking fontconfig (2.12.6-0ubuntu2) ...\r\nSelecting previously unselected package libjpeg-turbo8:amd64.\r\nPreparing to unpack .../05-libjpeg-turbo8_1.5.2-0ubuntu5.18.04.4_amd64.deb ...\r\nUnpacking libjpeg-turbo8:amd64 (1.5.2-0ubuntu5.18.04.4) ...\r\nSelecting previously unselected package liblzo2-2:amd64.\r\nPreparing to unpack .../06-liblzo2-2_2.08-1.2_amd64.deb ...\r\nUnpacking liblzo2-2:amd64 (2.08-1.2) ...\r\nSelecting previously unselected package libogg0:amd64.\r\nPreparing to unpack .../07-libogg0_1.3.2-1_amd64.deb ...\r\nUnpacking libogg0:amd64 (1.3.2-1) ...\r\nSelecting previously unselected package libxinerama1:amd64.\r\nPreparing to unpack .../08-libxinerama1_2%3a1.1.3-1_amd64.deb ...\r\nUnpacking libxinerama1:amd64 (2:1.1.3-1) ...\r\nSelecting previously unselected package x11-common.\r\nPreparing to unpack .../09-x11-common_1%3a7.7+19ubuntu7.1_all.deb ...\r\ndpkg-query: no packages found matching nux-tools\r\nUnpacking x11-common (1:7.7+19ubuntu7.1) ...\r\nSelecting previously unselected package libxss1:amd64.\r\nPreparing to unpack .../10-libxss1_1%3a1.2.2-1_amd64.deb ...\r\nUnpacking libxss1:amd64 (1:1.2.2-1) ...\r\nSelecting previously unselected package libxxf86vm1:amd64.\r\nPreparing to unpack .../11-libxxf86vm1_1%3a1.1.4-1_amd64.deb ...\r\nUnpacking libxxf86vm1:amd64 (1:1.1.4-1) ...\r\nSelecting previously unselected package python-minimal.\r\nPreparing to unpack .../12-python-minimal_2.7.15~rc1-1_amd64.deb ...\r\nUnpacking python-minimal (2.7.15~rc1-1) ...\r\nSelecting previously unselected package libpython-stdlib:amd64.\r\nPreparing to unpack .../13-libpython-stdlib_2.7.15~rc1-1_amd64.deb ...\r\nUnpacking libpython-stdlib:amd64 (2.7.15~rc1-1) ...\r\nSetting up python-minimal (2.7.15~rc1-1) ...\r\nSelecting previously unselected package python.\r\n(Reading database ... \r(Reading database ... 5%\r(Reading database ... 10%\r(Reading database ... 15%\r(Reading database ... 20%\r(Reading database ... 25%\r(Reading database ... 30%\r(Reading database ... 35%\r(Reading database ... 40%\r(Reading database ... 45%\r(Reading database ... 50%\r(Reading database ... 55%\r(Reading database ... 60%\r(Reading database ... 65%\r(Reading database ... 70%\r(Reading database ... 75%\r(Reading database ... 80%\r(Reading database ... 85%\r(Reading database ... 90%\r(Reading database ... 95%\r(Reading database ... 100%\r(Reading database ... 21620 files and directories currently installed.)\r\nPreparing to unpack .../000-python_2.7.15~rc1-1_amd64.deb ...\r\nUnpacking python (2.7.15~rc1-1) ...\r\nSelecting previously unselected package libdbus-1-3:amd64.\r\nPreparing to unpack .../001-libdbus-1-3_1.12.2-1ubuntu1.2_amd64.deb ...\r\nUnpacking libdbus-1-3:amd64 (1.12.2-1ubuntu1.2) ...\r\nSelecting previously unselected package dbus.\r\nPreparing to unpack .../002-dbus_1.12.2-1ubuntu1.2_amd64.deb ...\r\nUnpacking dbus (1.12.2-1ubuntu1.2) ...\r\nSelecting previously unselected package libfribidi0:amd64.\r\nPreparing to unpack .../003-libfribidi0_0.19.7-2_amd64.deb ...\r\nUnpacking libfribidi0:amd64 (0.19.7-2) ...\r\nSelecting previously unselected package libslang2:amd64.\r\nPreparing to unpack .../004-libslang2_2.3.1a-3ubuntu1_amd64.deb ...\r\nUnpacking libslang2:amd64 (2.3.1a-3ubuntu1) ...\r\nSelecting previously unselected package shared-mime-info.\r\nPreparing to unpack .../005-shared-mime-info_1.9-2_amd64.deb ...\r\nUnpacking shared-mime-info (1.9-2) ...\r\nSelecting previously unselected package xkb-data.\r\nPreparing to unpack .../006-xkb-data_2.23.1-1ubuntu1.18.04.1_all.deb ...\r\nUnpacking xkb-data (2.23.1-1ubuntu1.18.04.1) ...\r\nSelecting previously unselected package libdrm-common.\r\nPreparing to unpack .../007-libdrm-common_2.4.101-2~18.04.1_all.deb ...\r\nUnpacking libdrm-common (2.4.101-2~18.04.1) ...\r\nSelecting previously unselected package libdrm2:amd64.\r\nPreparing to unpack .../008-libdrm2_2.4.101-2~18.04.1_amd64.deb ...\r\nUnpacking libdrm2:amd64 (2.4.101-2~18.04.1) ...\r\nSelecting previously unselected package libnuma1:amd64.\r\nPreparing to unpack .../009-libnuma1_2.0.11-2.1ubuntu0.1_amd64.deb ...\r\nUnpacking libnuma1:amd64 (2.0.11-2.1ubuntu0.1) ...\r\nSelecting previously unselected package libusb-1.0-0:amd64.\r\nPreparing to unpack .../010-libusb-1.0-0_2%3a1.0.21-2_amd64.deb ...\r\nUnpacking libusb-1.0-0:amd64 (2:1.0.21-2) ...\r\nSelecting previously unselected package wget.\r\nPreparing to unpack .../011-wget_1.19.4-1ubuntu2.2_amd64.deb ...\r\nUnpacking wget (1.19.4-1ubuntu2.2) ...\r\nSelecting previously unselected package build-essential.\r\nPreparing to unpack .../012-build-essential_12.4ubuntu1_amd64.deb ...\r\nUnpacking build-essential (12.4ubuntu1) ...\r\nSelecting previously unselected package cmake-data.\r\nPreparing to unpack .../013-cmake-data_3.10.2-1ubuntu2.18.04.2_all.deb ...\r\nUnpacking cmake-data (3.10.2-1ubuntu2.18.04.2) ...\r\nSelecting previously unselected package libarchive13:amd64.\r\nPreparing to unpack .../014-libarchive13_3.2.2-3.1ubuntu0.7_amd64.deb ...\r\nUnpacking libarchive13:amd64 (3.2.2-3.1ubuntu0.7) ...\r\nSelecting previously unselected package libjsoncpp1:amd64.\r\nPreparing to unpack .../015-libjsoncpp1_1.7.4-3_amd64.deb ...\r\nUnpacking libjsoncpp1:amd64 (1.7.4-3) ...\r\nSelecting previously unselected package librhash0:amd64.\r\nPreparing to unpack .../016-librhash0_1.3.6-2_amd64.deb ...\r\nUnpacking librhash0:amd64 (1.3.6-2) ...\r\nSelecting previously unselected package libuv1:amd64.\r\nPreparing to unpack .../017-libuv1_1.18.0-3_amd64.deb ...\r\nUnpacking libuv1:amd64 (1.18.0-3) ...\r\nSelecting previously unselected package cmake.\r\nPreparing to unpack .../018-cmake_3.10.2-1ubuntu2.18.04.2_amd64.deb ...\r\nUnpacking cmake (3.10.2-1ubuntu2.18.04.2) ...\r\nSelecting previously unselected package libva2:amd64.\r\nPreparing to unpack .../019-libva2_2.1.0-3_amd64.deb ...\r\nUnpacking libva2:amd64 (2.1.0-3) ...\r\nSelecting previously unselected package libva-drm2:amd64.\r\nPreparing to unpack .../020-libva-drm2_2.1.0-3_amd64.deb ...\r\nUnpacking libva-drm2:amd64 (2.1.0-3) ...\r\nSelecting previously unselected package libxfixes3:amd64.\r\nPreparing to unpack .../021-libxfixes3_1%3a5.0.3-1_am
[...]
&quot;  \&quot;20ab71efd74e2beba224c0b8b30471426fb2faa054418bd3070ac1de2871e88a\&quot;,&quot;,
&quot;  \&quot;44ee2c37275b0e8efe10ab92c508e06c1648a4c93302ee63976bde245af0cc75\&quot;,&quot;,
&quot;  \&quot;0d8f3e04e2b24aa63422d05680680c9b35e2734a4450e078d7241f41120895cc\&quot;,&quot;,
&quot;  \&quot;5e00058a5a6bcee92f41c531969ac76a30a446cdb8da99c534b6dedbe19d1a15\&quot;,&quot;,
&quot;  \&quot;821f6fd80ea47dd6de45ba79fc9dabd47bbc49dda33e6b808d3f4d9ce0498869\&quot;,&quot;,
&quot;  \&quot;443e789147cbc5513ae36c2ff51861290f77abeda26d374b5a82b9c19f3c0e2f\&quot;,&quot;,
&quot;  \&quot;751beeb364b8bd230db7f26fb7ecc7fc0cbcddb2686094f53cd4f7428c953dc4\&quot;,&quot;,
&quot;  \&quot;4d51fa4af5c980351762831f69bbb30d42f88dff109640422f7231466260caa0\&quot;,&quot;,
&quot;  \&quot;18e484682e5296714d00628b1158bab3cc721da53eeca3b899a970312a17b571\&quot;,&quot;,
&quot;  \&quot;60f0d9c25e1d3b1f9581e0eb660b847e09a50be373ad36ae23f9dad506c2fd25\&quot;,&quot;,
&quot;  \&quot;5532ccbb76d78237cf54ef6209c34a2884866600e5bc6f0c5c3d775312a65e5d\&quot;,&quot;,
&quot;  \&quot;eb488ea3c48ed7b27f64f94dcf06c62bda03d22e336e28edd4af19478e030a92\&quot;,&quot;,
&quot;  \&quot;e42f1ed97e6b5e36187b24aa44c7b5e186a33b37d0bebc4a7951a60aee7f4702\&quot;,&quot;,
&quot;  \&quot;ddb31e40872096ff34c06eb1ce525dba68d317df8569f1163cb6f486b2e759c8\&quot;,&quot;,
&quot;  \&quot;2909e7eec966cf3ec59eed6eede1548c722118dd1f1d721464a4b1002f3bc95b\&quot;,&quot;,
&quot;  \&quot;e43a989eb00aec3bf171d83024ec3ec4e6d1f78f395aa5f1b0ed48fb9031120a\&quot;,&quot;,
&quot;  \&quot;8f092f2d4dbfcea815aad819884340a8c45588bec2f25992c14bd571a3e99406\&quot;,&quot;,
&quot;  \&quot;b78d38989924f81974825ff355f6ed059ae441758a4483476f5c7998f9a20300\&quot;,&quot;,
&quot;  \&quot;444bc9416a71c1c0288c5b35b5df809c70b010fbc9f5cecc57b67ecc48021e58\&quot;,&quot;,
&quot;  \&quot;4776d2cee16b63c3bd3da8df198a4550938e940513532abaf60f3beb3dadb406\&quot;,&quot;,
&quot;  \&quot;3673c53db829997249213d6552525649551c69ddb9be29a87250aa9a9690571b\&quot;,&quot;,
&quot;  \&quot;c57af3aaf37c2eb9edc24af6b4063b8fad708b4a5f360b6a3ff78a6e2fb641ce\&quot;,&quot;,
&quot;  \&quot;d733604c6f43f71ae3759694a6d3c231483637ca87b98f42649f69f929913458\&quot;,&quot;,
&quot;  \&quot;1256c74367029290f7c3dece9ffb38e065f5d8e6b17cf282bb54954bf8fab95d\&quot;,&quot;,
&quot;  \&quot;aae66306342784153054cc7efd5bbdd49e4a90136f4e48bfe6e559b52203e088\&quot;,&quot;,
&quot;  \&quot;77b023fa9b7639949e7aac1f7c6c5e6d3e170618c0794a23a23bf550911324c0\&quot;,&quot;,
&quot;  \&quot;e0108c0e5b0dfa755891cd6c6e0e10192ce99851f8ca040374a905ba0aa70708\&quot;,&quot;,
&quot;  \&quot;99b6ceee5b92219044186a2e95d0d39e5857fdb1886365edca659742c626a35b\&quot;,&quot;,
&quot;  \&quot;385a7d4054877284e37f94ecf865600e34100d82fcc753071d00d342a6b5b115\&quot;,&quot;,
&quot;  \&quot;853e804c692697f6ea5903e503e05af1b5ba07e2dfccf2de7087d9e45c0054a6\&quot;,&quot;,
&quot;  \&quot;9a76eabd2aedb4e93193cb28709e10aa2ac9f3fd8ef9d7a9f6763e00e305e445\&quot;,&quot;,
&quot;  \&quot;a29dc0b024c7bec51a1119d86c41b54b96aa783fd5faa424ec3a7f5dd9127c3c\&quot;,&quot;,
&quot;  \&quot;3479912f31a78612e36235d0f4c5a728fb4ceca7d199aed32881b32ddf07b01a\&quot;,&quot;,
&quot;  \&quot;16bec945bcb6a064df1d9a7896456d9f46bb1cd3af6b9427c6a45d9484c4c194\&quot;,&quot;,
&quot;  \&quot;ae12e9400f540cfb1665400e194b200f8969eb9219d9e75005f7befb30a08a87\&quot;,&quot;,
&quot;  \&quot;ddb6d9caa1b892ca21861493a94b9f1c53abda05083b249c3a0ac96458f98ee4\&quot;,&quot;,
&quot;  \&quot;2f23853e867c09a68de32d94ecc166bdddcbea6ec90623848065d7fe732bd2c6\&quot;,&quot;,
&quot;  \&quot;5011df197dd4acc5096e2ca10e4d72cc0c9484e175908ca4822cc2d5b298ed88\&quot;,&quot;,
&quot;  \&quot;3687b4b1fa258ffc10c9d8be75e9948c5ed77aa85d6d65802621cc4f172b25a2\&quot;,&quot;,
&quot;  \&quot;fad983bbb1af48d818d0adf9bc37840bf28d40b4072a2d4a5618a0242e0269b7\&quot;,&quot;,
&quot;  \&quot;b7d614997713d98ab2ffccb1433e1cea9ce8c5d0f04b4fd6c00c68323ededff8\&quot;,&quot;,
&quot;  \&quot;029e48688159d3bd84a66fc48535e8f5df0dd19d58cf3b2ac74e9ad905a81f28\&quot;,&quot;,
&quot;  \&quot;c88c5ececd5ca22024f5287ec8d64755442c821060f1bb896b2c967e838ddbe9\&quot;,&quot;,
&quot;  \&quot;a7aae9a0562e23c7b0e8201cb35441bf4d17c544a5bc6fe82fe94d03bb5b5d3f\&quot;,&quot;,
&quot;  \&quot;267fb8f4ad4653b99f37eaff64d7a75863b0be81c56a5f39e14e6e725658ed86\&quot;,&quot;,
&quot;  \&quot;ae241c951631ca59b0dab2317eed2aa29cb8d7623b6b9150eea2b0e706d63cdd\&quot;,&quot;,
&quot;  \&quot;74c5db6cac27110e91c620b75949827de14fc8938e4e90ada90c0ff18546aff5\&quot;,&quot;,
&quot;  \&quot;1e329bd24efc1e01a2c3be00db1952f964490c8b138dbaae22f7f4e85a5c3952\&quot;,&quot;,
&quot;  \&quot;84414fb506fd30a48756cb027f9efa891152ed3d20671f94fbdf51e8c34f5a81\&quot;,&quot;,
&quot;  \&quot;6cb2998b3ca52dde288b6af4b1f890c382b6ea7192d5eb9142866f8b4e5b69f6\&quot;,&quot;,
&quot;  \&quot;6b2f7e16233539dfc1a1efa2d95def8b5cc555255b4bbba2792fa452e9b3cbf7\&quot;,&quot;,
&quot;  \&quot;5c206442fa873485149acef9c1b6a99a34f80769c2750419a438f23185cf3058\&quot;,&quot;,
&quot;  \&quot;5961db12d8e9d87126dea43184ea0b6dffc96eba0226cf412a5cbeb0d6d9c578\&quot;,&quot;,
&quot;  \&quot;05794b9fa957ad842de108a943fedf92039f36d3546ef2dd223252fafd0a96dd\&quot;,&quot;,
&quot;  \&quot;5d72f5b5d90d06a25586ef0652512e0fa8d687316cbe782265237aeeb24a6cba\&quot;,&quot;,
&quot;  \&quot;9756b767c1e0b981ccb2714e736ebeb599410b8ff918db557697d05a3e95f1a4\&quot;,&quot;,
&quot;  \&quot;f2bb1aa783464c2907049a911c2c859fccf3a5d7463f8686ab9da5f7d867659c\&quot;,&quot;,
&quot;  \&quot;33795b37da4325572bc1ba069b6c35f83eca1e3729f565774de3619d5352e048\&quot;,&quot;,
&quot;  \&quot;01f0bc4960305bb1a3f556e9f815a2284e1db2b6f243bde7161b3cba72835b07\&quot;,&quot;,
&quot;  \&quot;7268ed485e7005ca02c177aa69396f20ac9346dccb5732ad823e5e75172ead76\&quot;,&quot;,
&quot;  \&quot;55e405de5fcc2c58b7f4d11b401148be089324d8618d190f02004f9c1865f051\&quot;,&quot;,
&quot;  \&quot;7b6fa02d2992cffa9c2fd82a6d8b335944561ef163aca68aa5060346ff6d69ca\&quot;,&quot;,
&quot;  \&quot;6912658e5f2187a8dd298c0e533673971f9b1275de95618204f834e676df165f\&quot;,&quot;,
&quot;  \&quot;bfa3fa4e336ed1bc74a432ac0a4c916045655f6dbdb6e5fb900430a7a101ae3c\&quot;,&quot;,
&quot;  \&quot;7b333f9179dc5c9f97456063e03711e5541131281f992ff5ca859b29100201db\&quot;,&quot;,
&quot;  \&quot;22878bf3e406460725a3bc8ac7946b3efe7179ad149397226119fb05bc7fb8a6\&quot;,&quot;,
&quot;  \&quot;06b2818f84edd72806e808eb948a078c0712c3245558eb75ec9b7bbe43c867cd\&quot;,&quot;,
&quot;  \&quot;f91b72b53772f496303f48ad736cb4c74d614636b91d062c17d747a7fcfdcb8e\&quot;,&quot;,
&quot;  \&quot;007acda7f60ba036b6dfaf5aa71dd4ab51151548ab7f420fc776ea8dc9528c81\&quot;,&quot;,
&quot;  \&quot;927004e5fc6f9306223e4b5c79fad577fb3c34c52b9bdc9250e01b0731fd7053\&quot;,&quot;,
&quot;  \&quot;5beddc8d4522fcfbc2012fb84f56600efb93a1cf6ee082e358a6e3dfbcbb49ac\&quot;,&quot;,
&quot;  \&quot;7e50edb7e035b15618c9a16e0090f26a2fcc618c5eedd4e362bd62d93177f198\&quot;,&quot;,
&quot;  \&quot;9da24960c16d1bd7c69f476df2af76e92be6e012c69f51a6a83e00715667d0b9\&quot;,&quot;,
&quot;  \&quot;3b69480ee2a0e9c2ca02796e74afc5b887cb88c43c8a4eac18b2b3899ae7741e\&quot;,&quot;,
&quot;  \&quot;115866e2684ddb319bd93860e0c0e6e81743932fb004144eb0467c0f1dd3a0cb\&quot;,&quot;,
&quot;  \&quot;af5145f6f80a026e0221f50d800e5898672482e4c41a5007d7208e0cd370592f\&quot;,&quot;,
&quot;  \&quot;905fd510b41f4db96bf868f6efd46522225847470e2de20e8b96df2f7881f443\&quot;,&quot;,
&quot;  \&quot;6748a2d9bb1c8ea196dc6983ac221c1f3db8f76be51d3372d6bb5e63e415e83c\&quot;,&quot;,
&quot;  \&quot;9735702bec0c72178c951b576ee4ded79185da4c565a1ecb7b8480de0dce0e1d\&quot;,&quot;,
&quot;  \&quot;494c6ffae310750c59550cde6f388ea4502905254d2f96beec60e150c3a13428\&quot;,&quot;,
&quot;  \&quot;237d4d409d6557866fd6db9cf8e674ef4fd521f4cf8c6f19fee27d86cc5bb382\&quot;,&quot;,
&quot;  \&quot;635f21fff7994f66cb634843c52d021d695b0ba54738c0bc1abf77876a82a804\&quot;,&quot;,
&quot;  \&quot;cef0b5bf7636d11cb8a74b63320ad46cf930d6fd27f2e42930314dea9fdbcb43\&quot;,&quot;,
&quot;  \&quot;3649d79457fd369024114f2e6ec1b7cfbbeb9eda67a4a4675a4cc697f1d4d9c1\&quot;,&quot;,
&quot;  \&quot;47bcb277729224632fbc56b858493b55149041a1a7a85d384e4b8dc422bd95d9\&quot;,&quot;,
&quot;  \&quot;dfdc9be73e6a664ee93ee3629e8fc741b7f7fa599b001d2069f493a28a575b1d\&quot;,&quot;,
&quot;  \&quot;2e792ae2ffa1f338f8ccaf05cf7d5a59943b6879eb181e6743669858bc337440\&quot;,&quot;,
&quot;  \&quot;181584e655c87f6d16824b2233a2f5129a051e93929b9588f3047b5482f3a7f6\&quot;,&quot;,
&quot;  \&quot;e142b74ed82948962216191a1d6d11190688917121702155b2aa1a236c368ad5\&quot;,&quot;,
&quot;  \&quot;14a7bd42de614236d4cbba9fadf5c1377110a704bcd8b2dd8818f2fdb9b077b8\&quot;,&quot;,
&quot;  \&quot;f3f810af2b740e8aa45a6c7695b459a28e57f695b5984a7df2cc5cdb7c5e214d\&quot;,&quot;,
&quot;  \&quot;6c3c7964594d6216fef335176e3d5fb6cd15f9746deda47aebdef00bf556030e\&quot;,&quot;,
&quot;  \&quot;0a2bee0e630421cff4779d197b24f125f58683297483e4a53e6b29f48f569642\&quot;,&quot;,
&quot;  \&quot;8197df6fb4acb81bccdcf61378fa354236f5b6eaa000d617001ffb6bb8c76580\&quot;,&quot;,
&quot;  \&quot;3f41511e1f8045fa32ed852ca83a48597b352632e5b7b28904314b90e13c77e6\&quot;,&quot;,
&quot;  \&quot;c872e1a203f4d1d055fb6d53d7e5b71aaf5282efa1cee6eaf2b83707fa4b2c3b\&quot;,&quot;,
&quot;  \&quot;ba2bc464fb0922e3d3c2a4775cc5337457a07a1e08459c6eda8f4c33fc99eda3\&quot;,&quot;,
&quot;  \&quot;5b2b9e5918cd7a23cc0b47f39796b3b674d9d18652a2e2bcb979883451d27b08\&quot;,&quot;,
&quot;  \&quot;ab210a0f949b8c4e801f8b41656368ddec21a0f3548de153f0f5a04326724a20\&quot;,&quot;,
&quot;  \&quot;3e692dc70b98f95361d3df7d9b09a30d1df912fc4abe7f1c3b36d3da163440c2\&quot;,&quot;,
&quot;  \&quot;bf9da480f6248be6c899f8f7a402ca8a38431b3f4fca25307a7a906776cc5661\&quot;,&quot;,
&quot;  \&quot;09d6ca93e838f8ba190b7ef611da9f6d525e21df5e80ec8232b7b9573341ab28\&quot;,&quot;,
&quot;  \&quot;4973615179cdac24c3b71aa4d7eba12bccb645110f113f1a3d99963eeeda9b8d\&quot;,&quot;,
&quot;  \&quot;e183a4bb6ec67b40f2689ceb925de97a451256030c18881f8e11e57195ba6774\&quot;,&quot;,
&quot;  \&quot;eaff86ce5f69a0645c083ef6bb839368bc0bed35bf9269d9f67beb7b3e7a5c19\&quot;,&quot;,
&quot;  \&quot;191213e641d9b7c71e6fe1524d627c3bc783eecc35eeb23f466642dd05cf9aa1\&quot;,&quot;,
&quot;  \&quot;6ba80c37ebe94e6cbfe8866834a8317e5d3a842aa3a8219fa2c47bcee18e5051\&quot;,&quot;,
&quot;  \&quot;d46dd25f650eb3a18ff6d64b6ebbf1ae6efc2e6b981ba6ec0d380a41b46e3367\&quot;,&quot;,
&quot;  \&quot;2263808fc1a3e5b8d25a8c3eeb2cc2ea520b769001a2f8ae2dff656884e0a3e1\&quot;,&quot;,
&quot;  \&quot;e1e216edd03a83836c48e65f49a404d64f841468e0353624d3cbfd915d952630\&quot;&quot;,
&quot;]&quot;
]
}</system-out>
		</testcase>
		<testcase classname="/root/ansible_collections/community/lbry/tests/output/.tmp/integration/lbry_stop-bv3uh3ba-ÅÑŚÌβŁÈ/tests/integration/targets/setup_regtest/tasks/main.yml:106" name="[testhost] testhost: setup_regtest : Start lbrynet daemon chdir=/opt, _raw_params=nohup ./lbrynet start --api 127.0.0.1:5279 --streaming-server 127.0.0.1:5280 --config ~/daemon_settings.yml &amp;" time="2.144378">
			<system-out>{
&quot;changed&quot;: true,
&quot;cmd&quot;: &quot;nohup ./lbrynet start --api 127.0.0.1:5279 --streaming-server 127.0.0.1:5280 --config ~/daemon_settings.yml &amp;&quot;,
&quot;delta&quot;: &quot;0:00:01.905329&quot;,
&quot;end&quot;: &quot;2021-09-08 10:56:49.728726&quot;,
&quot;rc&quot;: 0,
&quot;start&quot;: &quot;2021-09-08 10:56:47.823397&quot;,
&quot;stderr&quot;: &quot;2021-09-08 10:56:48,719 INFO     lbry.extras.daemon.daemon:463: Starting LBRYNet Daemon\n2021-09-08 10:56:48,720 INFO     lbry.extras.daemon.daemon:465: Platform: {\n  \&quot;processor\&quot;: \&quot;x86_64\&quot;,\n  \&quot;python_version\&quot;: \&quot;3.7.10\&quot;,\n  \&quot;platform\&quot;: \&quot;Linux-5.10.25-linuxkit-x86_64-with-debian-buster-sid\&quot;,\n  \&quot;os_release\&quot;: \&quot;5.10.25-linuxkit\&quot;,\n  \&quot;os_system\&quot;: \&quot;Linux\&quot;,\n  \&quot;lbrynet_version\&quot;: \&quot;0.102.0\&quot;,\n  \&quot;version\&quot;: \&quot;0.102.0\&quot;,\n  \&quot;build\&quot;: \&quot;release\&quot;,\n  \&quot;distro\&quot;: {\n    \&quot;id\&quot;: \&quot;ubuntu\&quot;,\n    \&quot;version\&quot;: \&quot;18.04\&quot;,\n    \&quot;version_parts\&quot;: {\n      \&quot;major\&quot;: \&quot;18\&quot;,\n      \&quot;minor\&quot;: \&quot;04\&quot;,\n      \&quot;build_number\&quot;: \&quot;\&quot;\n    },\n    \&quot;like\&quot;: \&quot;debian\&quot;,\n    \&quot;codename\&quot;: \&quot;bionic\&quot;\n  },\n  \&quot;desktop\&quot;: \&quot;Unknown\&quot;\n}\n2021-09-08 10:56:48,721 INFO     lbry.extras.daemon.daemon:475: RPC server listening on TCP 127.0.0.1:5279\n2021-09-08 10:56:48,722 INFO     lbry.extras.daemon.daemon:485: media server listening on TCP 127.0.0.1:5280\n2021-09-08 10:56:48,722 INFO     lbry.extras.daemon.components:76: Loading databases\n2021-09-08 10:56:48,723 INFO     lbry.extras.daemon.components:79: db_revision file not found. Creating it\n2021-09-08 10:56:48,723 INFO     lbry.wallet.database:438: connecting to database: /root/.lbrynet/lbrynet.sqlite\n2021-09-08 10:56:48,726 INFO     lbry.extras.daemon.components:565: detecting external ip\n2021-09-08 10:56:48,726 INFO     lbry.extras.daemon.exchange_rate_manager:215: Starting exchange rate manager&quot;,
&quot;stderr_lines&quot;: [
&quot;2021-09-08 10:56:48,719 INFO     lbry.extras.daemon.daemon:463: Starting LBRYNet Daemon&quot;,
&quot;2021-09-08 10:56:48,720 INFO     lbry.extras.daemon.daemon:465: Platform: {&quot;,
&quot;  \&quot;processor\&quot;: \&quot;x86_64\&quot;,&quot;,
&quot;  \&quot;python_version\&quot;: \&quot;3.7.10\&quot;,&quot;,
&quot;  \&quot;platform\&quot;: \&quot;Linux-5.10.25-linuxkit-x86_64-with-debian-buster-sid\&quot;,&quot;,
&quot;  \&quot;os_release\&quot;: \&quot;5.10.25-linuxkit\&quot;,&quot;,
&quot;  \&quot;os_system\&quot;: \&quot;Linux\&quot;,&quot;,
&quot;  \&quot;lbrynet_version\&quot;: \&quot;0.102.0\&quot;,&quot;,
&quot;  \&quot;version\&quot;: \&quot;0.102.0\&quot;,&quot;,
&quot;  \&quot;build\&quot;: \&quot;release\&quot;,&quot;,
&quot;  \&quot;distro\&quot;: {&quot;,
&quot;    \&quot;id\&quot;: \&quot;ubuntu\&quot;,&quot;,
&quot;    \&quot;version\&quot;: \&quot;18.04\&quot;,&quot;,
&quot;    \&quot;version_parts\&quot;: {&quot;,
&quot;      \&quot;major\&quot;: \&quot;18\&quot;,&quot;,
&quot;      \&quot;minor\&quot;: \&quot;04\&quot;,&quot;,
&quot;      \&quot;build_number\&quot;: \&quot;\&quot;&quot;,
&quot;    },&quot;,
&quot;    \&quot;like\&quot;: \&quot;debian\&quot;,&quot;,
&quot;    \&quot;codename\&quot;: \&quot;bionic\&quot;&quot;,
&quot;  },&quot;,
&quot;  \&quot;desktop\&quot;: \&quot;Unknown\&quot;&quot;,
&quot;}&quot;,
&quot;2021-09-08 10:56:48,721 INFO     lbry.extras.daemon.daemon:475: RPC server listening on TCP 127.0.0.1:5279&quot;,
&quot;2021-09-08 10:56:48,722 INFO     lbry.extras.daemon.daemon:485: media server listening on TCP 127.0.0.1:5280&quot;,
&quot;2021-09-08 10:56:48,722 INFO     lbry.extras.daemon.components:76: Loading databases&quot;,
&quot;2021-09-08 10:56:48,723 INFO     lbry.extras.daemon.components:79: db_revision file not found. Creating it&quot;,
&quot;2021-09-08 10:56:48,723 INFO     lbry.wallet.database:438: connecting to database: /root/.lbrynet/lbrynet.sqlite&quot;,
&quot;2021-09-08 10:56:48,726 INFO     lbry.extras.daemon.components:565: detecting external ip&quot;,
&quot;2021-09-08 10:56:48,726 INFO     lbry.extras.daemon.exchange_rate_manager:215: Starting exchange rate manager&quot;
],
&quot;stdout&quot;: &quot;&quot;,
&quot;stdout_lines&quot;: []
}</system-out>
		</testcase>
		<testcase classname="/root/ansible_collections/community/lbry/tests/output/.tmp/integration/lbry_stop-bv3uh3ba-ÅÑŚÌβŁÈ/tests/integration/targets/setup_regtest/tasks/main.yml:111" name="[testhost] testhost: setup_regtest : Wait for lbrynet to respond port=5279, delay=5, timeout=30" time="5.392098">
			<system-out>{
&quot;changed&quot;: false,
&quot;elapsed&quot;: 5,
&quot;match_groupdict&quot;: {},
&quot;match_groups&quot;: [],
&quot;path&quot;: null,
&quot;port&quot;: 5279,
&quot;search_regex&quot;: null,
&quot;state&quot;: &quot;started&quot;
}</system-out>
		</testcase>
		<testcase classname="/root/ansible_collections/community/lbry/tests/output/.tmp/integration/lbry_stop-bv3uh3ba-ÅÑŚÌβŁÈ/tests/integration/targets/setup_regtest/tasks/main.yml:117" name="[testhost] testhost: setup_regtest : Debug step _raw_params=netstat -tulpen" time="0.260970">
			<system-out>{
&quot;changed&quot;: true,
&quot;cmd&quot;: &quot;netstat -tulpen&quot;,
&quot;delta&quot;: &quot;0:00:00.006349&quot;,
&quot;end&quot;: &quot;2021-09-08 10:56:55.437414&quot;,
&quot;rc&quot;: 0,
&quot;start&quot;: &quot;2021-09-08 10:56:55.431065&quot;,
&quot;stderr&quot;: &quot;&quot;,
&quot;stderr_lines&quot;: [],
&quot;stdout&quot;: &quot;Active Internet connections (only servers)\nProto Recv-Q Send-Q Local Address           Foreign Address         State       User       Inode      PID/Program name    \ntcp        0      0 127.0.0.53:53           0.0.0.0:*               LISTEN      102        114473     -                   \ntcp        0      0 0.0.0.0:22              0.0.0.0:*               LISTEN      0          115245     26/sshd             \ntcp        0      0 127.0.0.1:29245         0.0.0.0:*               LISTEN      0          122310     3125/./lbrycrdd     \ntcp        0      0 127.0.0.1:5279          0.0.0.0:*               LISTEN      0          122448     3197/./lbrynet      \ntcp        0      0 127.0.0.1:5280          0.0.0.0:*               LISTEN      0          122449     3197/./lbrynet      \ntcp6       0      0 :::22                   :::*                    LISTEN      0          115256     26/sshd             \nudp        0      0 0.0.0.0:44696           0.0.0.0:*                           0          122536     3197/./lbrynet      \nudp        0      0 127.0.0.53:53           0.0.0.0:*                           102        114472     -                   \nudp        0      0 0.0.0.0:4444            0.0.0.0:*                           0          122530     3197/./lbrynet      &quot;,
&quot;stdout_lines&quot;: [
&quot;Active Internet connections (only servers)&quot;,
&quot;Proto Recv-Q Send-Q Local Address           Foreign Address         State       User       Inode      PID/Program name    &quot;,
&quot;tcp        0      0 127.0.0.53:53           0.0.0.0:*               LISTEN      102        114473     -                   &quot;,
&quot;tcp        0      0 0.0.0.0:22              0.0.0.0:*               LISTEN      0          115245     26/sshd             &quot;,
&quot;tcp        0      0 127.0.0.1:29245         0.0.0.0:*               LISTEN      0          122310     3125/./lbrycrdd     &quot;,
&quot;tcp        0      0 127.0.0.1:5279          0.0.0.0:*               LISTEN      0          122448     3197/./lbrynet      &quot;,
&quot;tcp        0      0 127.0.0.1:5280          0.0.0.0:*               LISTEN      0          122449     3197/./lbrynet      &quot;,
&quot;tcp6       0      0 :::22                   :::*                    LISTEN      0          115256     26/sshd             &quot;,
&quot;udp        0      0 0.0.0.0:44696           0.0.0.0:*                           0          122536     3197/./lbrynet      &quot;,
&quot;udp        0      0 127.0.0.53:53           0.0.0.0:*                           102        114472     -                   &quot;,
&quot;udp        0      0 0.0.0.0:4444            0.0.0.0:*                           0          122530     3197/./lbrynet      &quot;
]
}</system-out>
		</testcase>
		<testcase classname="/root/ansible_collections/community/lbry/tests/output/.tmp/integration/lbry_stop-bv3uh3ba-ÅÑŚÌβŁÈ/tests/integration/targets/lbry_stop/tasks/main.yml:2" name="[testhost] testhost: lbry_stop : Stop the lbry daemon" time="0.526890">
			<failure message="Error connecting to lbry server: name 'Truex' is not defined" type="failure">{
&quot;changed&quot;: false,
&quot;msg&quot;: &quot;Error connecting to lbry server: name 'Truex' is not defined&quot;
}</failure>
		</testcase>
	</testsuite>
</testsuites>
