<?xml version="1.0" ?>
<testsuites disabled="0" errors="0" failures="1" tests="18" time="147.84810066223145">
	<testsuite disabled="0" errors="0" failures="1" name="lbry_publish-udathvwx" skipped="0" tests="18" time="147.84810066223145">
		<testcase name="[testhost] testhost: Gathering Facts gather_subset=['all'], gather_timeout=10" time="0.783702">
			<system-out>{
&quot;ansible_facts&quot;: {
&quot;ansible_apparmor&quot;: {
&quot;status&quot;: &quot;disabled&quot;
},
&quot;ansible_architecture&quot;: &quot;x86_64&quot;,
&quot;ansible_bios_date&quot;: &quot;03/14/2014&quot;,
&quot;ansible_bios_vendor&quot;: &quot;BHYVE&quot;,
&quot;ansible_bios_version&quot;: &quot;1.00&quot;,
&quot;ansible_board_asset_tag&quot;: &quot;NA&quot;,
&quot;ansible_board_name&quot;: &quot;NA&quot;,
&quot;ansible_board_serial&quot;: &quot;NA&quot;,
&quot;ansible_board_vendor&quot;: &quot;NA&quot;,
&quot;ansible_board_version&quot;: &quot;NA&quot;,
&quot;ansible_chassis_asset_tag&quot;: &quot;None&quot;,
&quot;ansible_chassis_serial&quot;: &quot;None&quot;,
&quot;ansible_chassis_vendor&quot;: &quot;NA&quot;,
&quot;ansible_chassis_version&quot;: &quot;1.0&quot;,
&quot;ansible_cmdline&quot;: {
&quot;console&quot;: &quot;ttyS1&quot;,
&quot;earlyprintk&quot;: &quot;serial&quot;,
&quot;mitigations&quot;: &quot;off&quot;,
&quot;no_stf_barrier&quot;: true,
&quot;noibpb&quot;: true,
&quot;noibrs&quot;: true,
&quot;nospec_store_bypass_disable&quot;: true,
&quot;page_poison&quot;: &quot;1&quot;,
&quot;panic&quot;: &quot;1&quot;,
&quot;vpnkit.connect&quot;: &quot;connect://2/1999&quot;,
&quot;vsyscall&quot;: &quot;emulate&quot;
},
&quot;ansible_date_time&quot;: {
&quot;date&quot;: &quot;2021-09-10&quot;,
&quot;day&quot;: &quot;10&quot;,
&quot;epoch&quot;: &quot;1631262026&quot;,
&quot;hour&quot;: &quot;08&quot;,
&quot;iso8601&quot;: &quot;2021-09-10T08:20:26Z&quot;,
&quot;iso8601_basic&quot;: &quot;20210910T082026718136&quot;,
&quot;iso8601_basic_short&quot;: &quot;20210910T082026&quot;,
&quot;iso8601_micro&quot;: &quot;2021-09-10T08:20:26.718136Z&quot;,
&quot;minute&quot;: &quot;20&quot;,
&quot;month&quot;: &quot;09&quot;,
&quot;second&quot;: &quot;26&quot;,
&quot;time&quot;: &quot;08:20:26&quot;,
&quot;tz&quot;: &quot;UTC&quot;,
&quot;tz_offset&quot;: &quot;+0000&quot;,
&quot;weekday&quot;: &quot;Friday&quot;,
&quot;weekday_number&quot;: &quot;5&quot;,
&quot;weeknumber&quot;: &quot;36&quot;,
&quot;year&quot;: &quot;2021&quot;
},
&quot;ansible_device_links&quot;: {
&quot;ids&quot;: {},
&quot;labels&quot;: {},
&quot;masters&quot;: {},
&quot;uuids&quot;: {}
},
&quot;ansible_devices&quot;: {
&quot;loop0&quot;: {
&quot;holders&quot;: [],
&quot;host&quot;: &quot;&quot;,
&quot;links&quot;: {
&quot;ids&quot;: [],
&quot;labels&quot;: [],
&quot;masters&quot;: [],
&quot;uuids&quot;: []
},
&quot;model&quot;: null,
&quot;partitions&quot;: {},
&quot;removable&quot;: &quot;0&quot;,
&quot;rotational&quot;: &quot;1&quot;,
&quot;sas_address&quot;: null,
&quot;sas_device_handle&quot;: null,
&quot;scheduler_mode&quot;: &quot;mq-deadline&quot;,
&quot;sectors&quot;: &quot;0&quot;,
&quot;sectorsize&quot;: &quot;512&quot;,
&quot;size&quot;: &quot;0.00 Bytes&quot;,
&quot;support_discard&quot;: &quot;0&quot;,
&quot;vendor&quot;: null,
&quot;virtual&quot;: 1
},
&quot;loop1&quot;: {
&quot;holders&quot;: [],
&quot;host&quot;: &quot;&quot;,
&quot;links&quot;: {
&quot;ids&quot;: [],
&quot;labels&quot;: [],
&quot;masters&quot;: [],
&quot;uuids&quot;: []
},
&quot;model&quot;: null,
&quot;partitions&quot;: {},
&quot;removable&quot;: &quot;0&quot;,
&quot;rotational&quot;: &quot;1&quot;,
&quot;sas_address&quot;: null,
&quot;sas_device_handle&quot;: null,
&quot;scheduler_mode&quot;: &quot;mq-deadline&quot;,
&quot;sectors&quot;: &quot;0&quot;,
&quot;sectorsize&quot;: &quot;512&quot;,
&quot;size&quot;: &quot;0.00 Bytes&quot;,
&quot;support_discard&quot;: &quot;0&quot;,
&quot;vendor&quot;: null,
&quot;virtual&quot;: 1
},
&quot;loop2&quot;: {
&quot;holders&quot;: [],
&quot;host&quot;: &quot;&quot;,
&quot;links&quot;: {
&quot;ids&quot;: [],
&quot;labels&quot;: [],
&quot;masters&quot;: [],
&quot;uuids&quot;: []
},
&quot;model&quot;: null,
&quot;partitions&quot;: {},
&quot;removable&quot;: &quot;0&quot;,
&quot;rotational&quot;: &quot;1&quot;,
&quot;sas_address&quot;: null,
&quot;sas_device_handle&quot;: null,
&quot;scheduler_mode&quot;: &quot;mq-deadline&quot;,
&quot;sectors&quot;: &quot;0&quot;,
&quot;sectorsize&quot;: &quot;512&quot;,
&quot;size&quot;: &quot;0.00 Bytes&quot;,
&quot;support_discard&quot;: &quot;0&quot;,
&quot;vendor&quot;: null,
&quot;virtual&quot;: 1
},
&quot;loop3&quot;: {
&quot;holders&quot;: [],
&quot;host&quot;: &quot;&quot;,
&quot;links&quot;: {
&quot;ids&quot;: [],
&quot;labels&quot;: [],
&quot;masters&quot;: [],
&quot;uuids&quot;: []
},
&quot;model&quot;: null,
&quot;partitions&quot;: {},
&quot;removable&quot;: &quot;0&quot;,
&quot;rotational&quot;: &quot;1&quot;,
&quot;sas_address&quot;: null,
&quot;sas_device_handle&quot;: null,
&quot;scheduler_mode&quot;: &quot;mq-deadline&quot;,
&quot;sectors&quot;: &quot;0&quot;,
&quot;sectorsize&quot;: &quot;512&quot;,
&quot;size&quot;: &quot;0.00 Bytes&quot;,
&quot;support_discard&quot;: &quot;0&quot;,
&quot;vendor&quot;: null,
&quot;virtual&quot;: 1
},
&quot;loop4&quot;: {
&quot;holders&quot;: [],
&quot;host&quot;: &quot;&quot;,
&quot;links&quot;: {
&quot;ids&quot;: [],
&quot;labels&quot;: [],
&quot;masters&quot;: [],
&quot;uuids&quot;: []
},
&quot;model&quot;: null,
&quot;partitions&quot;: {},
&quot;removable&quot;: &quot;0&quot;,
&quot;rotational&quot;: &quot;1&quot;,
&quot;sas_address&quot;: null,
&quot;sas_device_handle&quot;: null,
&quot;scheduler_mode&quot;: &quot;mq-deadline&quot;,
&quot;sectors&quot;: &quot;0&quot;,
&quot;sectorsize&quot;: &quot;512&quot;,
&quot;size&quot;: &quot;0.00 Bytes&quot;,
&quot;support_discard&quot;: &quot;0&quot;,
&quot;vendor&quot;: null,
&quot;virtual&quot;: 1
},
&quot;loop5&quot;: {
&quot;holders&quot;: [],
&quot;host&quot;: &quot;&quot;,
&quot;links&quot;: {
&quot;ids&quot;: [],
&quot;labels&quot;: [],
&quot;masters&quot;: [],
&quot;uuids&quot;: []
},
&quot;model&quot;: null,
&quot;partitions&quot;: {},
&quot;removable&quot;: &quot;0&quot;,
&quot;rotational&quot;: &quot;1&quot;,
&quot;sas_address&quot;: null,
&quot;sas_device_handle&quot;: null,
&quot;scheduler_mode&quot;: &quot;mq-deadline&quot;,
&quot;sectors&quot;: &quot;0&quot;,
&quot;sectorsize&quot;: &quot;512&quot;,
&quot;size&quot;: &quot;0.00 Bytes&quot;,
&quot;support_discard&quot;: &quot;0&quot;,
&quot;vendor&quot;: null,
&quot;virtual&quot;: 1
},
&quot;loop6&quot;: {
&quot;holders&quot;: [],
&quot;host&quot;: &quot;&quot;,
&quot;links&quot;: {
&quot;ids&quot;: [],
&quot;labels&quot;: [],
&quot;masters&quot;: [],
&quot;uuids&quot;: []
},
&quot;model&quot;: null,
&quot;partitions&quot;: {},
&quot;removable&quot;: &quot;0&quot;,
&quot;rotational&quot;: &quot;1&quot;,
&quot;sas_address&quot;: null,
&quot;sas_device_handle&quot;: null,
&quot;scheduler_mode&quot;: &quot;mq-deadline&quot;,
&quot;sectors&quot;: &quot;0&quot;,
&quot;sectorsize&quot;: &quot;512&quot;,
&quot;size&quot;: &quot;0.00 Bytes&quot;,
&quot;support_discard&quot;: &quot;0&quot;,
&quot;vendor&quot;: null,
&quot;virtual&quot;: 1
},
&quot;loop7&quot;: {
&quot;holders&quot;: [],
&quot;host&quot;: &quot;&quot;,
&quot;links&quot;: {
&quot;ids&quot;: [],
&quot;labels&quot;: [],
&quot;masters&quot;: [],
&quot;uuids&quot;: []
},
&quot;model&quot;: null,
&quot;partitions&quot;: {},
&quot;removable&quot;: &quot;0&quot;,
&quot;rotational&quot;: &quot;1&quot;,
&quot;sas_address&quot;: null,
&quot;sas_device_handle&quot;: null,
&quot;scheduler_mode&quot;: &quot;mq-deadline&quot;,
&quot;sectors&quot;: &quot;0&quot;,
&quot;sectorsize&quot;: &quot;512&quot;,
&quot;size&quot;: &quot;0.00 Bytes&quot;,
&quot;support_discard&quot;: &quot;0&quot;,
&quot;vendor&quot;: null,
&quot;virtual&quot;: 1
},
&quot;nbd0&quot;: {
&quot;holders&quot;: [],
&quot;host&quot;: &quot;&quot;,
&quot;links&quot;: {
&quot;ids&quot;: [],
&quot;labels&quot;: [],
&quot;masters&quot;: [],
&quot;uuids&quot;: []
},
&quot;model&quot;: null,
&quot;partitions&quot;: {},
&quot;removable&quot;: &quot;0&quot;,
&quot;rotational&quot;: &quot;0&quot;,
&quot;sas_address&quot;: null,
&quot;sas_device_handle&quot;: null,
&quot;scheduler_mode&quot;: &quot;mq-deadline&quot;,
&quot;sectors&quot;: &quot;0&quot;,
&quot;sectorsize&quot;: &quot;512&quot;,
&quot;size&quot;: &quot;0.00 Bytes&quot;,
&quot;support_discard&quot;: &quot;0&quot;,
&quot;vendor&quot;: null,
&quot;virtual&quot;: 1
},
&quot;nbd1&quot;: {
&quot;holders&quot;: [],
&quot;host&quot;: &quot;&quot;,
&quot;links&quot;: {
&quot;ids&quot;: [],
&quot;labels&quot;: [],
&quot;masters&quot;: [],
&quot;uuids&quot;: []
},
&quot;model&quot;: null,
&quot;partitions&quot;: {},
&quot;removable&quot;: &quot;0&quot;,
&quot;rotational&quot;: &quot;0&quot;,
&quot;sas_address&quot;: null,
&quot;sas_device_handle&quot;: null,
&quot;scheduler_mode&quot;: &quot;mq-deadline&quot;,
&quot;sectors&quot;: &quot;0&quot;,
&quot;sectorsize&quot;: &quot;512&quot;,
&quot;size&quot;: &quot;0.00 Bytes&quot;,
&quot;support_discard&quot;: &quot;0&quot;,
&quot;vendor&quot;: null,
&quot;virtual&quot;: 1
},
&quot;nbd10&quot;: {
&quot;holders&quot;: [],
&quot;host&quot;: &quot;&quot;,
&quot;links&quot;: {
&quot;ids&quot;: [],
&quot;labels&quot;: [],
&quot;masters&quot;: [],
&quot;uuids&quot;: []
},
&quot;model&quot;: null,
&quot;partitions&quot;: {},
&quot;removable&quot;: &quot;0&quot;,
&quot;rotational&quot;: &quot;0&quot;,
&quot;sas_address&quot;: null,
&quot;sas_device_handle&quot;: null,
&quot;scheduler_mode&quot;: &quot;mq-deadline&quot;,
&quot;sectors&quot;: &quot;0&quot;,
&quot;sectorsize&quot;: &quot;512&quot;,
&quot;size&quot;: &quot;0.00 Bytes&quot;,
&quot;support_discard&quot;: &quot;0&quot;,
&quot;vendor&quot;: null,
&quot;virtual&quot;: 1
},
&quot;nbd11&quot;: {
&quot;holders&quot;: [],
&quot;host&quot;: &quot;&quot;,
&quot;links&quot;: {
&quot;ids&quot;: [],
&quot;labels&quot;: [],
&quot;masters&quot;: [],
&quot;uuids&quot;: []
},
&quot;model&quot;: null,
&quot;partitions&quot;: {},
&quot;removable&quot;: &quot;0&quot;,
&quot;rotational&quot;: &quot;0&quot;,
&quot;sas_address&quot;: null,
&quot;sas_device_handle&quot;: null,
&quot;scheduler_mode&quot;: &quot;mq-deadline&quot;,
&quot;sectors&quot;: &quot;0&quot;,
&quot;sectorsize&quot;: &quot;512&quot;,
&quot;size&quot;: &quot;0.00 Bytes&quot;,
&quot;support_discard&quot;: &quot;0&quot;,
&quot;vendor&quot;: null,
&quot;virtual&quot;: 1
},
&quot;nbd12&quot;: {
&quot;holders&quot;: [],
&quot;host&quot;: &quot;&quot;,
&quot;links&quot;: {
&quot;ids&quot;: [],
&quot;labels&quot;: [],
&quot;masters&quot;: [],
&quot;uuids&quot;: []
},
&quot;model&quot;: null,
&quot;partitions&quot;: {},
&quot;removable&quot;: &quot;0&quot;,
&quot;rotational&quot;: &quot;0&quot;,
&quot;sas_address&quot;: null,
&quot;sas_device_handle&quot;: null,
&quot;scheduler_mode&quot;: &quot;mq-deadline&quot;,
&quot;sectors&quot;: &quot;0&quot;,
&quot;sectorsize&quot;: &quot;512&quot;,
&quot;size&quot;: &quot;0.00 Bytes&quot;,
&quot;support_discard&quot;: &quot;0&quot;,
&quot;vendor&quot;: null,
&quot;virtual&quot;: 1
},
&quot;nbd13&quot;: {
&quot;holders&quot;: [],
&quot;host&quot;: &quot;&quot;,
&quot;links&quot;: {
&quot;ids&quot;: [],
&quot;labels&quot;: [],
&quot;masters&quot;: [],
&quot;uuids&quot;: []
},
&quot;model&quot;: null,
&quot;partitions&quot;: {},
&quot;removable&quot;: &quot;0&quot;,
&quot;rotational&quot;: &quot;0&quot;,
&quot;sas_address&quot;: null,
&quot;sas_device_handle&quot;: null,
&quot;scheduler_mode&quot;: &quot;mq-deadline&quot;,
&quot;sectors&quot;: &quot;0&quot;,
&quot;sectorsize&quot;: &quot;512&quot;,
&quot;size&quot;: &quot;0.00 Bytes&quot;,
&quot;support_discard&quot;: &quot;0&quot;,
&quot;vendor&quot;: null,
&quot;virtual&quot;: 1
},
&quot;nbd14&quot;: {
&quot;holders&quot;: [],
&quot;host&quot;: &quot;&quot;,
&quot;links&quot;: {
&quot;ids&quot;: [],
&quot;labels&quot;: [],
&quot;masters&quot;: [],
&quot;uuids&quot;: []
},
&quot;model&quot;: null,
&quot;partitions&quot;: {},
&quot;removable&quot;: &quot;0&quot;,
&quot;rotational&quot;: &quot;0&quot;,
&quot;sas_address&quot;: null,
&quot;sas_device_handle&quot;: null,
&quot;scheduler_mode&quot;: &quot;mq-deadline&quot;,
&quot;sectors&quot;: &quot;0&quot;,
&quot;sectorsize&quot;: &quot;512&quot;,
&quot;size&quot;: &quot;0.00 Bytes&quot;,
&quot;support_discard&quot;: &quot;0&quot;,
&quot;vendor&quot;: null,
&quot;virtual&quot;: 1
},
&quot;nbd15&quot;: {
&quot;holders&quot;: [],
&quot;host&quot;: &quot;&quot;,
&quot;links&quot;: {
&quot;ids&quot;: [],
&quot;labels&quot;: [],
&quot;masters&quot;: [],
&quot;uuids&quot;: []
},
&quot;model&quot;: null,
&quot;partitions&quot;: {},
&quot;removable&quot;: &quot;0&quot;,
&quot;rotational&quot;: &quot;0&quot;,
&quot;sas_address&quot;: null,
&quot;sas_device_handle&quot;: null,
&quot;scheduler_mode&quot;: &quot;mq-deadline&quot;,
&quot;sectors&quot;: &quot;0&quot;,
&quot;sectorsize&quot;: &quot;512&quot;,
&quot;size&quot;: &quot;0.00 Bytes&quot;,
&quot;support_discard&quot;: &quot;0&quot;,
&quot;vendor&quot;: null,
&quot;virtual&quot;: 1
},
&quot;nbd2&quot;: {
&quot;holders&quot;: [],
&quot;host&quot;: &quot;&quot;,
&quot;links&quot;: {
&quot;ids&quot;: [],
&quot;labels&quot;: [],
&quot;masters&quot;: [],
&quot;uuids&quot;: []
},
&quot;model&quot;: null,
&quot;partitions&quot;: {},
&quot;removable&quot;: &quot;0&quot;,
&quot;rotational&quot;: &quot;0&quot;,
&quot;sas_address&quot;: null,
&quot;sas_device_handle&quot;: null,
&quot;scheduler_mode&quot;: &quot;mq-deadline&quot;,
&quot;sectors&quot;: &quot;0&quot;,
&quot;sectorsize&quot;: &quot;512&quot;,
&quot;size&quot;: &quot;0.00 Bytes&quot;,
&quot;support_discard&quot;: &quot;0&quot;,
&quot;vendor&quot;: null,
&quot;virtual&quot;: 1
},
&quot;nbd3&quot;: {
&quot;holders&quot;: [],
&quot;host&quot;: &quot;&quot;,
&quot;links&quot;: {
&quot;ids&quot;: [],
&quot;labels&quot;: [],
&quot;masters&quot;: [],
&quot;uuids&quot;: []
},
&quot;model&quot;: null,
&quot;partitions&quot;: {},
&quot;removable&quot;: &quot;0&quot;,
&quot;rotational&quot;: &quot;0&quot;,
&quot;sas_address&quot;: null,
&quot;sas_device_handle&quot;: null,
&quot;scheduler_mode&quot;: &quot;mq-deadline&quot;,
&quot;sectors&quot;: &quot;0&quot;,
&quot;sectorsize&quot;: &quot;512&quot;,
&quot;size&quot;: &quot;0.00 Bytes&quot;,
&quot;support_discard&quot;: &quot;0&quot;,
&quot;vendor&quot;: null,
&quot;virtual&quot;: 1
},
&quot;nbd4&quot;: {
&quot;holders&quot;: [],
&quot;host&quot;: &quot;&quot;,
&quot;links&quot;: {
&quot;ids&quot;: [],
&quot;labels&quot;: [],
&quot;masters&quot;: [],
&quot;uuids&quot;: []
},
&quot;model&quot;: null,
&quot;partitions&quot;: {},
&quot;removable&quot;: &quot;0&quot;,
&quot;rotational&quot;: &quot;0&quot;,
&quot;sas_address&quot;: null,
&quot;sas_device_handle&quot;: null,
&quot;scheduler_mode&quot;: &quot;mq-deadline&quot;,
&quot;sectors&quot;: &quot;0&quot;,
&quot;sectorsize&quot;: &quot;512&quot;,
&quot;size&quot;: &quot;0.00 Bytes&quot;,
&quot;support_discard&quot;: &quot;0&quot;,
&quot;vendor&quot;: null,
&quot;virtual&quot;: 1
},
&quot;nbd5&quot;: {
&quot;holders&quot;: [],
&quot;host&quot;: &quot;&quot;,
&quot;links&quot;: {
&quot;ids&quot;: [],
&quot;labels&quot;: [],
&quot;masters&quot;: [],
&quot;uuids&quot;: []
},
&quot;model&quot;: null,
&quot;partitions&quot;: {},
&quot;removable&quot;: &quot;0&quot;,
&quot;rotational&quot;: &quot;0&quot;,
&quot;sas_address&quot;: null,
&quot;sas_device_handle&quot;: null,
&quot;scheduler_mode&quot;: &quot;mq-deadline&quot;,
&quot;sectors&quot;: &quot;0&quot;,
&quot;sectorsize&quot;: &quot;512&quot;,
&quot;size&quot;: &quot;0.00 Bytes&quot;,
&quot;support_discard&quot;: &quot;0&quot;,
&quot;vendor&quot;: null,
&quot;virtual&quot;: 1
},
&quot;nbd6&quot;: {
&quot;holders&quot;: [],
&quot;host&quot;: &quot;&quot;,
&quot;links&quot;: {
&quot;ids&quot;: [],
&quot;labels&quot;: [],
&quot;masters&quot;: [],
&quot;uuids&quot;: []
},
&quot;model&quot;: null,
&quot;partitions&quot;: {},
&quot;removable&quot;: &quot;0&quot;,
&quot;rotational&quot;: &quot;0&quot;,
&quot;sas_address&quot;: null,
&quot;sas_device_handle&quot;: null,
&quot;scheduler_mode&quot;: &quot;mq-deadline&quot;,
&quot;sectors&quot;: &quot;0&quot;,
&quot;sectorsize&quot;: &quot;512&quot;,
&quot;size&quot;: &quot;0.00 Bytes&quot;,
&quot;support_discard&quot;: &quot;0&quot;,
&quot;vendor&quot;: null,
&quot;virtual&quot;: 1
},
&quot;nbd7&quot;: {
&quot;holders&quot;: [],
&quot;host&quot;: &quot;&quot;,
&quot;links&quot;: {
&quot;ids&quot;: [],
&quot;labels&quot;: [],
&quot;masters&quot;: [],
&quot;uuids&quot;: []
},
&quot;model&quot;: null,
&quot;partitions&quot;: {},
&quot;removable&quot;: &quot;0&quot;,
&quot;rotational&quot;: &quot;0&quot;,
&quot;sas_address&quot;: null,
&quot;sas_device_handle&quot;: null,
&quot;scheduler_mode&quot;: &quot;mq-deadline&quot;,
&quot;sectors&quot;: &quot;0&quot;,
&quot;sectorsize&quot;: &quot;512&quot;,
&quot;size&quot;: &quot;0.00 Bytes&quot;,
&quot;support_discard&quot;: &quot;0&quot;,
&quot;vendor&quot;: null,
&quot;virtual&quot;: 1
},
&quot;nbd8&quot;: {
&quot;holders&quot;: [],
&quot;host&quot;: &quot;&quot;,
&quot;links&quot;: {
&quot;ids&quot;: [],
&quot;labels&quot;: [],
&quot;masters&quot;: [],
&quot;uuids&quot;: []
},
&quot;model&quot;: null,
&quot;partitions&quot;: {},
&quot;removable&quot;: &quot;0&quot;,
&quot;rotational&quot;: &quot;0&quot;,
&quot;sas_address&quot;: null,
&quot;sas_device_handle&quot;: null,
&quot;scheduler_mode&quot;: &quot;mq-deadline&quot;,
&quot;sectors&quot;: &quot;0&quot;,
&quot;sectorsize&quot;: &quot;512&quot;,
&quot;size&quot;: &quot;0.00 Bytes&quot;,
&quot;support_discard&quot;: &quot;0&quot;,
&quot;vendor&quot;: null,
&quot;virtual&quot;: 1
},
&quot;nbd9&quot;: {
&quot;holders&quot;: [],
&quot;host&quot;: &quot;&quot;,
&quot;links&quot;: {
&quot;ids&quot;: [],
&quot;labels&quot;: [],
&quot;masters&quot;: [],
&quot;uuids&quot;: []
},
&quot;model&quot;: null,
&quot;partitions&quot;: {},
&quot;removable&quot;: &quot;0&quot;,
&quot;rotational&quot;: &quot;0&quot;,
&quot;sas_address&quot;: null,
&quot;sas_device_handle&quot;: null,
&quot;scheduler_mode&quot;: &quot;mq-deadline&quot;,
&quot;sectors&quot;: &quot;0&quot;,
&quot;sectorsize&quot;: &quot;512&quot;,
&quot;size&quot;: &quot;0.00 Bytes&quot;,
&quot;support_discard&quot;: &quot;0&quot;,
&quot;vendor&quot;: null,
&quot;virtual&quot;: 1
},
&quot;ram0&quot;: {
&quot;holders&quot;: [],
&quot;host&quot;: &quot;&quot;,
&quot;links&quot;: {
&quot;ids&quot;: [],
&quot;labels&quot;: [],
&quot;masters&quot;: [],
&quot;uuids&quot;: []
},
&quot;model&quot;: null,
&quot;partitions&quot;: {},
&quot;removable&quot;: &quot;0&quot;,
&quot;rotational&quot;: &quot;0&quot;,
&quot;sas_address&quot;: null,
&quot;sas_device_handle&quot;: null,
&quot;scheduler_mode&quot;: &quot;&quot;,
&quot;sectors&quot;: &quot;131072&quot;,
&quot;sectorsize&quot;: &quot;512&quot;,
&quot;size&quot;: &quot;64.00 MB&quot;,
&quot;support_discard&quot;: &quot;0&quot;,
&quot;vendor&quot;: null,
&quot;virtual&quot;: 1
},
&quot;ram1&quot;: {
&quot;holders&quot;: [],
&quot;host&quot;: &quot;&quot;,
&quot;links&quot;: {
&quot;ids&quot;: [],
&quot;labels&quot;: [],
&quot;masters&quot;: [],
&quot;uuids&quot;: []
},
&quot;model&quot;: null,
&quot;partitions&quot;: {},
&quot;removable&quot;: &quot;0&quot;,
&quot;rotational&quot;: &quot;0&quot;,
&quot;sas_address&quot;: null,
&quot;sas_device_handle&quot;: null,
&quot;scheduler_mode&quot;: &quot;&quot;,
&quot;sectors&quot;: &quot;131072&quot;,
&quot;sectorsize&quot;: &quot;512&quot;,
&quot;size&quot;: &quot;64.00 MB&quot;,
&quot;support_discard&quot;: &quot;0&quot;,
&quot;vendor&quot;: null,
&quot;virtual&quot;: 1
},
&quot;ram10&quot;: {
&quot;holders&quot;: [],
&quot;host&quot;: &quot;&quot;,
&quot;links&quot;: {
&quot;ids&quot;: [],
&quot;labels&quot;: [],
&quot;masters&quot;: [],
&quot;uuids&quot;: []
},
&quot;model&quot;: null,
&quot;partitions&quot;: {},
&quot;removable&quot;: &quot;0&quot;,
&quot;rotational&quot;: &quot;0&quot;,
&quot;sas_address&quot;: null,
&quot;sas_device_handle&quot;: null,
&quot;scheduler_mode&quot;: &quot;&quot;,
&quot;sectors&quot;: &quot;131072&quot;,
&quot;sectorsize&quot;: &quot;512&quot;,
&quot;size&quot;: &quot;64.00 MB&quot;,
&quot;support_discard&quot;: &quot;0&quot;,
&quot;vendor&quot;: null,
&quot;virtual&quot;: 1
},
&quot;ram11&quot;: {
&quot;holders&quot;: [],
&quot;host&quot;: &quot;&quot;,
&quot;links&quot;: {
&quot;ids&quot;: [],
&quot;labels&quot;: [],
&quot;masters&quot;: [],
&quot;uuids&quot;: []
},
&quot;model&quot;: null,
&quot;partitions&quot;: {},
&quot;removable&quot;: &quot;0&quot;,
&quot;rotational&quot;: &quot;0&quot;,
&quot;sas_address&quot;: null,
&quot;sas_device_handle&quot;: null,
&quot;scheduler_mode&quot;: &quot;&quot;,
&quot;sectors&quot;: &quot;131072&quot;,
&quot;sectorsize&quot;: &quot;512&quot;,
&quot;size&quot;: &quot;64.00 MB&quot;,
&quot;support_discard&quot;: &quot;0&quot;,
&quot;vendor&quot;: null,
&quot;virtual&quot;: 1
},
&quot;ram12&quot;: {
&quot;holders&quot;: [],
&quot;host&quot;: &quot;&quot;,
&quot;links&quot;: {
&quot;ids&quot;: [],
&quot;labels&quot;: [],
&quot;masters&quot;: [],
&quot;uuids&quot;: []
},
&quot;model&quot;: null,
&quot;partitions&quot;: {},
&quot;removable&quot;: &quot;0&quot;,
&quot;rotational&quot;: &quot;0&quot;,
&quot;sas_address&quot;: null,
&quot;sas_device_handle&quot;: null,
&quot;scheduler_mode&quot;: &quot;&quot;,
&quot;sectors&quot;: &quot;131072&quot;,
&quot;sectorsize&quot;: &quot;512&quot;,
&quot;size&quot;: &quot;64.00 MB&quot;,
&quot;support_discard&quot;: &quot;0&quot;,
&quot;vendor&quot;: null,
&quot;virtual&quot;: 1
},
&quot;ram13&quot;: {
&quot;holders&quot;: [],
&quot;host&quot;: &quot;&quot;,
&quot;links&quot;: {
&quot;ids&quot;: [],
&quot;labels&quot;: [],
&quot;masters&quot;: [],
&quot;uuids&quot;: []
},
&quot;model&quot;: null,
&quot;partitions&quot;: {},
&quot;removable&quot;: &quot;0&quot;,
&quot;rotational&quot;: &quot;0&quot;,
&quot;sas_address&quot;: null,
&quot;sas_device_handle&quot;: null,
&quot;scheduler_mode&quot;: &quot;&quot;,
&quot;sectors&quot;: &quot;131072&quot;,
&quot;sectorsize&quot;: &quot;512&quot;,
&quot;size&quot;: &quot;64.00 MB&quot;,
&quot;support_discard&quot;: &quot;0&quot;,
&quot;vendor&quot;: null,
&quot;virtual&quot;: 1
},
&quot;ram14&quot;: {
&quot;holders&quot;: [],
&quot;host&quot;: &quot;&quot;,
&quot;links&quot;: {
&quot;ids&quot;: [],
&quot;labels&quot;: [],
&quot;masters&quot;: [],
&quot;uuids&quot;: []
},
&quot;model&quot;: null,
&quot;partitions&quot;: {},
&quot;removable&quot;: &quot;0&quot;,
&quot;rotational&quot;: &quot;0&quot;,
&quot;sas_address&quot;: null,
&quot;sas_device_handle&quot;: null,
&quot;scheduler_mode&quot;: &quot;&quot;,
&quot;sectors&quot;: &quot;131072&quot;,
&quot;sectorsize&quot;: &quot;512&quot;,
&quot;size&quot;: &quot;64.00 MB&quot;,
&quot;support_discard&quot;: &quot;0&quot;,
&quot;vendor&quot;: null,
&quot;virtual&quot;: 1
},
&quot;ram15&quot;: {
&quot;holders&quot;: [],
&quot;host&quot;: &quot;&quot;,
&quot;links&quot;: {
&quot;ids&quot;: [],
&quot;labels&quot;: [],
&quot;masters&quot;: [],
&quot;uuids&quot;: []
},
&quot;model&quot;: null,
&quot;partitions&quot;: {},
&quot;removable&quot;: &quot;0&quot;,
&quot;rotational&quot;: &quot;0&quot;,
&quot;sas_address&quot;: null,
&quot;sas_device_handle&quot;: null,
&quot;scheduler_mode&quot;: &quot;&quot;,
&quot;sectors&quot;: &quot;131072&quot;,
&quot;sectorsize&quot;: &quot;512&quot;,
&quot;size&quot;: &quot;64.00 MB&quot;,
&quot;support_discard&quot;: &quot;0&quot;,
&quot;vendor&quot;: null,
&quot;virtual&quot;: 1
},
&quot;ram2&quot;: {
&quot;holders&quot;: [],
&quot;host&quot;: &quot;&quot;,
&quot;links&quot;: {
&quot;ids&quot;: [],
&quot;labels&quot;: [],
&quot;masters&quot;: [],
&quot;uuids&quot;: []
},
&quot;model&quot;: null,
&quot;partitions&quot;: {},
&quot;removable&quot;: &quot;0&quot;,
&quot;rotational&quot;: &quot;0&quot;,
&quot;sas_address&quot;: null,
&quot;sas_device_handle&quot;: null,
&quot;scheduler_mode&quot;: &quot;&quot;,
&quot;sectors&quot;: &quot;131072&quot;,
&quot;sectorsize&quot;: &quot;512&quot;,
&quot;size&quot;: &quot;64.00 MB&quot;,
&quot;support_discard&quot;: &quot;0&quot;,
&quot;vendor&quot;: null,
&quot;virtual&quot;: 1
},
&quot;ram3&quot;: {
&quot;holders&quot;: [],
&quot;host&quot;: &quot;&quot;,
&quot;links&quot;: {
&quot;ids&quot;: [],
&quot;labels&quot;: [],
&quot;masters&quot;: [],
&quot;uuids&quot;: []
},
&quot;model&quot;: null,
&quot;partitions&quot;: {},
&quot;removable&quot;: &quot;0&quot;,
&quot;rotational&quot;: &quot;0&quot;,
&quot;sas_address&quot;: null,
&quot;sas_device_handle&quot;: null,
&quot;scheduler_mode&quot;: &quot;&quot;,
&quot;sectors&quot;: &quot;131072&quot;,
&quot;sectorsize&quot;: &quot;512&quot;,
&quot;size&quot;: &quot;64.00 MB&quot;,
&quot;support_discard&quot;: &quot;0&quot;,
&quot;vendor&quot;: null,
&quot;virtual&quot;: 1
},
&quot;ram4&quot;: {
&quot;holders&quot;: [],
&quot;host&quot;: &quot;&quot;,
&quot;links&quot;: {
&quot;ids&quot;: [],
&quot;labels&quot;: [],
&quot;masters&quot;: [],
&quot;uuids&quot;: []
},
&quot;model&quot;: null,
&quot;partitions&quot;: {},
&quot;removable&quot;: &quot;0&quot;,
&quot;rotational&quot;: &quot;0&quot;,
&quot;sas_address&quot;: null,
&quot;sas_device_handle&quot;: null,
&quot;scheduler_mode&quot;: &quot;&quot;,
&quot;sectors&quot;: &quot;131072&quot;,
&quot;sectorsize&quot;: &quot;512&quot;,
&quot;size&quot;: &quot;64.00 MB&quot;,
&quot;support_discard&quot;: &quot;0&quot;,
&quot;vendor&quot;: null,
&quot;virtual&quot;: 1
},
&quot;ram5&quot;: {
&quot;holders&quot;: [],
&quot;host&quot;: &quot;&quot;,
&quot;links&quot;: {
&quot;ids&quot;: [],
&quot;labels&quot;: [],
&quot;masters&quot;: [],
&quot;uuids&quot;: []
},
&quot;model&quot;: null,
&quot;partitions&quot;: {},
&quot;removable&quot;: &quot;0&quot;,
&quot;rotational&quot;: &quot;0&quot;,
&quot;sas_address&quot;: null,
&quot;sas_device_handle&quot;: null,
&quot;scheduler_mode&quot;: &quot;&quot;,
&quot;sectors&quot;: &quot;131072&quot;,
&quot;sectorsize&quot;: &quot;512&quot;,
&quot;size&quot;: &quot;64.00 MB&quot;,
&quot;support_discard&quot;: &quot;0&quot;,
&quot;vendor&quot;: null,
&quot;virtual&quot;: 1
},
&quot;ram6&quot;: {
&quot;holders&quot;: [],
&quot;host&quot;: &quot;&quot;,
&quot;links&quot;: {
&quot;ids&quot;: [],
&quot;labels&quot;: [],
&quot;masters&quot;: [],
&quot;uuids&quot;: []
},
&quot;model&quot;: null,
&quot;partitions&quot;: {},
&quot;removable&quot;: &quot;0&quot;,
&quot;rotational&quot;: &quot;0&quot;,
&quot;sas_address&quot;: null,
&quot;sas_device_handle&quot;: null,
&quot;scheduler_mode&quot;: &quot;&quot;,
&quot;sectors&quot;: &quot;131072&quot;,
&quot;sectorsize&quot;: &quot;512&quot;,
&quot;size&quot;: &quot;64.00 MB&quot;,
&quot;support_discard&quot;: &quot;0&quot;,
&quot;vendor&quot;: null,
&quot;virtual&quot;: 1
},
&quot;ram7&quot;: {
&quot;holders&quot;: [],
&quot;host&quot;: &quot;&quot;,
&quot;links&quot;: {
&quot;ids&quot;: [],
&quot;labels&quot;: [],
&quot;masters&quot;: [],
&quot;uuids&quot;: []
},
&quot;model&quot;: null,
&quot;partitions&quot;: {},
&quot;removable&quot;: &quot;0&quot;,
&quot;rotational&quot;: &quot;0&quot;,
&quot;sas_address&quot;: null,
&quot;sas_device_handle&quot;: null,
&quot;scheduler_mode&quot;: &quot;&quot;,
&quot;sectors&quot;: &quot;131072&quot;,
&quot;sectorsize&quot;: &quot;512&quot;,
&quot;size&quot;: &quot;64.00 MB&quot;,
&quot;support_discard&quot;: &quot;0&quot;,
&quot;vendor&quot;: null,
&quot;virtual&quot;: 1
},
&quot;ram8&quot;: {
&quot;holders&quot;: [],
&quot;host&quot;: &quot;&quot;,
&quot;links&quot;: {
&quot;ids&quot;: [],
&quot;labels&quot;: [],
&quot;masters&quot;: [],
&quot;uuids&quot;: []
},
&quot;model&quot;: null,
&quot;partitions&quot;: {},
&quot;removable&quot;: &quot;0&quot;,
&quot;rotational&quot;: &quot;0&quot;,
&quot;sas_address&quot;: null,
&quot;sas_device_handle&quot;: null,
&quot;scheduler_mode&quot;: &quot;&quot;,
&quot;sectors&quot;: &quot;131072&quot;,
&quot;sectorsize&quot;: &quot;512&quot;,
&quot;size&quot;: &quot;64.00 MB&quot;,
&quot;support_discard&quot;: &quot;0&quot;,
&quot;vendor&quot;: null,
&quot;virtual&quot;: 1
},
&quot;ram9&quot;: {
&quot;holders&quot;: [],
&quot;host&quot;: &quot;&quot;,
&quot;links&quot;: {
&quot;ids&quot;: [],
&quot;labels&quot;: [],
&quot;masters&quot;: [],
&quot;uuids&quot;: []
},
&quot;model&quot;: null,
&quot;partitions&quot;: {},
&quot;removable&quot;: &quot;0&quot;,
&quot;rotational&quot;: &quot;0&quot;,
&quot;sas_address&quot;: null,
&quot;sas_device_handle&quot;: null,
&quot;scheduler_mode&quot;: &quot;&quot;,
&quot;sectors&quot;: &quot;131072&quot;,
&quot;sectorsize&quot;: &quot;512&quot;,
&quot;size&quot;: &quot;64.00 MB&quot;,
&quot;support_discard&quot;: &quot;0&quot;,
&quot;vendor&quot;: null,
&quot;virtual&quot;: 1
},
&quot;vda&quot;: {
&quot;holders&quot;: [],
&quot;host&quot;: &quot;&quot;,
&quot;links&quot;: {
&quot;ids&quot;: [],
&quot;labels&quot;: [],
&quot;masters&quot;: [],
&quot;uuids&quot;: []
},
&quot;model&quot;: null,
&quot;partitions&quot;: {
&quot;vda1&quot;: {
&quot;holders&quot;: [],
&quot;links&quot;: {
&quot;ids&quot;: [],
&quot;labels&quot;: [],
&quot;masters&quot;: [],
&quot;uuids&quot;: []
},
&quot;sectors&quot;: &quot;124997632&quot;,
&quot;sectorsize&quot;: 512,
&quot;size&quot;: &quot;59.60 GB&quot;,
&quot;start&quot;: &quot;2048&quot;,
&quot;uuid&quot;: null
}
},
&quot;removable&quot;: &quot;0&quot;,
&quot;rotational&quot;: &quot;1&quot;,
&quot;sas_address&quot;: null,
&quot;sas_device_handle&quot;: null,
&quot;scheduler_mode&quot;: &quot;mq-deadline&quot;,
&quot;sectors&quot;: &quot;124999680&quot;,
&quot;sectorsize&quot;: &quot;512&quot;,
&quot;size&quot;: &quot;59.60 GB&quot;,
&quot;support_discard&quot;: &quot;512&quot;,
&quot;vendor&quot;: &quot;0x1af4&quot;,
&quot;virtual&quot;: 1
}
},
&quot;ansible_distribution&quot;: &quot;Ubuntu&quot;,
&quot;ansible_distribution_file_parsed&quot;: true,
&quot;ansible_distribution_file_path&quot;: &quot;/etc/os-release&quot;,
&quot;ansible_distribution_file_variety&quot;: &quot;Debian&quot;,
&quot;ansible_distribution_major_version&quot;: &quot;18&quot;,
&quot;ansible_distribution_release&quot;: &quot;bionic&quot;,
&quot;ansible_distribution_version&quot;: &quot;18.04&quot;,
&quot;ansible_dns&quot;: {
&quot;nameservers&quot;: [
&quot;192.168.65.5&quot;
]
},
&quot;ansible_domain&quot;: &quot;&quot;,
&quot;ansible_effective_group_id&quot;: 0,
&quot;ansible_effective_user_id&quot;: 0,
&quot;ansible_env&quot;: {
&quot;ANSIBLE_CALLBACK_WHITELIST&quot;: &quot;junit&quot;,
&quot;ANSIBLE_COLLECTIONS_PATH&quot;: &quot;/root&quot;,
&quot;ANSIBLE_CONFIG&quot;: &quot;/root/ansible_collections/community/lbry/tests/output/.tmp/integration/lbry_publish-tpoce_ji-ÅÑŚÌβŁÈ/tests/integration/integration.cfg&quot;,
&quot;ANSIBLE_DEPRECATION_WARNINGS&quot;: &quot;false&quot;,
&quot;ANSIBLE_DEVEL_WARNING&quot;: &quot;false&quot;,
&quot;ANSIBLE_FORCE_COLOR&quot;: &quot;true&quot;,
&quot;ANSIBLE_FORCE_HANDLERS&quot;: &quot;true&quot;,
&quot;ANSIBLE_HOST_KEY_CHECKING&quot;: &quot;false&quot;,
&quot;ANSIBLE_HOST_PATTERN_MISMATCH&quot;: &quot;error&quot;,
&quot;ANSIBLE_INVENTORY&quot;: &quot;/dev/null&quot;,
&quot;ANSIBLE_LIBRARY&quot;: &quot;/dev/null&quot;,
&quot;ANSIBLE_PLAYBOOK_DIR&quot;: &quot;/root/ansible_collections/community/lbry/tests/output/.tmp/integration/lbry_publish-tpoce_ji-ÅÑŚÌβŁÈ/tests/integration&quot;,
&quot;ANSIBLE_PYTHON_INTERPRETER&quot;: &quot;/set/ansible_python_interpreter/in/inventory&quot;,
&quot;ANSIBLE_PYTHON_MODULE_RLIMIT_NOFILE&quot;: &quot;1024&quot;,
&quot;ANSIBLE_RETRY_FILES_ENABLED&quot;: &quot;false&quot;,
&quot;ANSIBLE_ROLES_PATH&quot;: &quot;/root/ansible_collections/community/lbry/tests/output/.tmp/integration/lbry_publish-tpoce_ji-ÅÑŚÌβŁÈ/tests/integration/targets&quot;,
&quot;ANSIBLE_TEST_CI&quot;: &quot;&quot;,
&quot;ANSIBLE_TEST_COVERAGE&quot;: &quot;&quot;,
&quot;ANSIBLE_TEST_PYTHON_INTERPRETER&quot;: &quot;/usr/bin/python3.6&quot;,
&quot;ANSIBLE_TEST_PYTHON_VERSION&quot;: &quot;3.6&quot;,
&quot;ANSIBLE_WORKER_SHUTDOWN_POLL_COUNT&quot;: &quot;100&quot;,
&quot;ANSIBLE_WORKER_SHUTDOWN_POLL_DELAY&quot;: &quot;0.1&quot;,
&quot;HOME&quot;: &quot;/root&quot;,
&quot;INVENTORY_PATH&quot;: &quot;/root/ansible_collections/community/lbry/tests/output/.tmp/integration/lbry_publish-tpoce_ji-ÅÑŚÌβŁÈ/tests/integration/inventory&quot;,
&quot;JUNIT_OUTPUT_DIR&quot;: &quot;/root/ansible_collections/community/lbry/tests/output/junit&quot;,
&quot;LC_ALL&quot;: &quot;en_US.UTF-8&quot;,
&quot;OUTPUT_DIR&quot;: &quot;/root/ansible_collections/community/lbry/tests/output/.tmp/output_dir&quot;,
&quot;PAGER&quot;: &quot;/bin/cat&quot;,
&quot;PATH&quot;: &quot;/tmp/python-nh3ztizr-ansible:/root/ansible/test/lib/ansible_test/_data/injector:/root/ansible/bin:/usr/local/sbin:/usr/local/bin:/usr/sbin:/usr/bin:/sbin:/bin&quot;,
&quot;PWD&quot;: &quot;/root/ansible_collections/community/lbry/tests/output/.tmp/integration/lbry_publish-tpoce_ji-ÅÑŚÌβŁÈ/tests/integration&quot;,
&quot;PYTHONPATH&quot;: &quot;/root/ansible/lib&quot;
},
&quot;ansible_fibre_channel_wwn&quot;: [],
&quot;ansible_fips&quot;: false,
&quot;ansible_form_factor&quot;: &quot;Unknown&quot;,
&quot;ansible_fqdn&quot;: &quot;836046e8e41b&quot;,
&quot;ansible_hostname&quot;: &quot;836046e8e41b&quot;,
&quot;ansible_hostnqn&quot;: &quot;&quot;,
&quot;ansible_is_chroot&quot;: false,
&quot;ansible_iscsi_iqn&quot;: &quot;&quot;,
&quot;ansible_kernel&quot;: &quot;5.10.25-linuxkit&quot;,
&quot;ansible_kernel_version&quot;: &quot;#1 SMP Tue Mar 23 09:27:39 UTC 2021&quot;,
&quot;ansible_local&quot;: {},
&quot;ansible_lsb&quot;: {
&quot;codename&quot;: &quot;bionic&quot;,
&quot;description&quot;: &quot;Ubuntu 18.04.5 LTS&quot;,
&quot;id&quot;: &quot;Ubuntu&quot;,
&quot;major_release&quot;: &quot;18&quot;,
&quot;release&quot;: &quot;18.04&quot;
},
&quot;ansible_machine&quot;: &quot;x86_64&quot;,
&quot;ansible_machine_id&quot;: &quot;8bab3c65459e4582b95ca278b459dc10&quot;,
&quot;ansible_memfree_mb&quot;: 6271,
&quot;ansible_memory_mb&quot;: {
&quot;nocache&quot;: {
&quot;free&quot;: 7365,
&quot;used&quot;: 597
},
&quot;real&quot;: {
&quot;free&quot;: 6271,
&quot;total&quot;: 7962,
&quot;used&quot;: 1691
},
&quot;swap&quot;: {
&quot;cached&quot;: 0,
&quot;free&quot;: 2047,
&quot;total&quot;: 2047,
&quot;used&quot;: 0
}
},
&quot;ansible_memtotal_mb&quot;: 7962,
&quot;ansible_mounts&quot;: [
{
&quot;block_available&quot;: 2119759,
&quot;block_size&quot;: 4096,
&quot;block_total&quot;: 15313873,
&quot;block_used&quot;: 13194114,
&quot;device&quot;: &quot;/dev/vda1&quot;,
&quot;fstype&quot;: &quot;ext4&quot;,
&quot;inode_available&quot;: 2659561,
&quot;inode_total&quot;: 3907584,
&quot;inode_used&quot;: 1248023,
&quot;mount&quot;: &quot;/run&quot;,
&quot;options&quot;: &quot;rw,relatime,bind&quot;,
&quot;size_available&quot;: 8682532864,
&quot;size_total&quot;: 62725623808,
&quot;uuid&quot;: &quot;N/A&quot;
},
{
&quot;block_available&quot;: 2119759,
&quot;block_size&quot;: 4096,
&quot;block_total&quot;: 15313873,
&quot;block_used&quot;: 13194114,
&quot;device&quot;: &quot;/dev/vda1&quot;,
&quot;fstype&quot;: &quot;ext4&quot;,
&quot;inode_available&quot;: 2659561,
&quot;inode_total&quot;: 3907584,
&quot;inode_used&quot;: 1248023,
&quot;mount&quot;: &quot;/tmp&quot;,
&quot;options&quot;: &quot;rw,relatime,bind&quot;,
&quot;size_available&quot;: 8682532864,
&quot;size_total&quot;: 62725623808,
&quot;uuid&quot;: &quot;N/A&quot;
},
{
&quot;block_available&quot;: 2119759,
&quot;block_size&quot;: 4096,
&quot;block_total&quot;: 15313873,
&quot;block_used&quot;: 13194114,
&quot;device&quot;: &quot;/dev/vda1&quot;,
&quot;fstype&quot;: &quot;ext4&quot;,
&quot;inode_available&quot;: 2659561,
&quot;inode_total&quot;: 3907584,
&quot;inode_used&quot;: 1248023,
&quot;mount&quot;: &quot;/run/lock&quot;,
&quot;options&quot;: &quot;rw,relatime,bind&quot;,
&quot;size_available&quot;: 8682532864,
&quot;size_total&quot;: 62725623808,
&quot;uuid&quot;: &quot;N/A&quot;
},
{
&quot;block_available&quot;: 2119759,
&quot;block_size&quot;: 4096,
&quot;block_total&quot;: 15313873,
&quot;block_used&quot;: 13194114,
&quot;device&quot;: &quot;/dev/vda1&quot;,
&quot;fstype&quot;: &quot;ext4&quot;,
&quot;inode_available&quot;: 2659561,
&quot;inode_total&quot;: 3907584,
&quot;inode_used&quot;: 1248023,
&quot;mount&quot;: &quot;/etc/resolv.conf&quot;,
&quot;options&quot;: &quot;rw,relatime,bind&quot;,
&quot;size_available&quot;: 8682532864,
&quot;size_total&quot;: 62725623808,
&quot;uuid&quot;: &quot;N/A&quot;
},
{
&quot;block_available&quot;: 2119759,
&quot;block_size&quot;: 4096,
&quot;block_total&quot;: 15313873,
&quot;block_used&quot;: 13194114,
&quot;device&quot;: &quot;/dev/vda1&quot;,
&quot;fstype&quot;: &quot;ext4&quot;,
&quot;inode_available&quot;: 2659561,
&quot;inode_total&quot;: 3907584,
&quot;inode_used&quot;: 1248023,
&quot;mount&quot;: &quot;/etc/hostname&quot;,
&quot;options&quot;: &quot;rw,relatime,bind&quot;,
&quot;size_available&quot;: 8682532864,
&quot;size_total&quot;: 62725623808,
&quot;uuid&quot;: &quot;N/A&quot;
},
{
&quot;block_available&quot;: 2119759,
&quot;block_size&quot;: 4096,
&quot;block_total&quot;: 15313873,
&quot;block_used&quot;: 13194114,
&quot;device&quot;: &quot;/dev/vda1&quot;,
&quot;fstype&quot;: &quot;ext4&quot;,
&quot;inode_available&quot;: 2659561,
&quot;inode_total&quot;: 3907584,
&quot;inode_used&quot;: 1248023,
&quot;mount&quot;: &quot;/etc/hosts&quot;,
&quot;options&quot;: &quot;rw,relatime,bind&quot;,
&quot;size_available&quot;: 8682532864,
&quot;size_total&quot;: 62725623808,
&quot;uuid&quot;: &quot;N/A&quot;
}
],
&quot;ansible_nodename&quot;: &quot;836046e8e41b&quot;,
&quot;ansible_os_family&quot;: &quot;Debian&quot;,
&quot;ansible_pkg_mgr&quot;: &quot;apt&quot;,
&quot;ansible_proc_cmdline&quot;: {
&quot;console&quot;: [
&quot;ttyS0&quot;,
&quot;ttyS1&quot;
],
&quot;earlyprintk&quot;: &quot;serial&quot;,
&quot;mitigations&quot;: &quot;off&quot;,
&quot;no_stf_barrier&quot;: true,
&quot;noibpb&quot;: true,
&quot;noibrs&quot;: true,
&quot;nospec_store_bypass_disable&quot;: true,
&quot;page_poison&quot;: &quot;1&quot;,
&quot;panic&quot;: &quot;1&quot;,
&quot;vpnkit.connect&quot;: &quot;connect://2/1999&quot;,
&quot;vsyscall&quot;: &quot;emulate&quot;
},
&quot;ansible_processor&quot;: [
&quot;0&quot;,
&quot;GenuineIntel&quot;,
&quot;Intel(R) Core(TM) i5-7267U CPU @ 3.10GHz&quot;,
&quot;1&quot;,
&quot;GenuineIntel&quot;,
&quot;Intel(R) Core(TM) i5-7267U CPU @ 3.10GHz&quot;
],
&quot;ansible_processor_cores&quot;: 1,
&quot;ansible_processor_count&quot;: 2,
&quot;ansible_processor_nproc&quot;: 2,
&quot;ansible_processor_threads_per_core&quot;: 1,
&quot;ansible_processor_vcpus&quot;: 2,
&quot;ansible_product_name&quot;: &quot;BHYVE&quot;,
&quot;ansible_product_serial&quot;: &quot;None&quot;,
&quot;ansible_product_uuid&quot;: &quot;87354797-0000-0000-8601-0478246b1b30&quot;,
&quot;ansible_product_version&quot;: &quot;1.0&quot;,
&quot;ansible_python&quot;: {
&quot;executable&quot;: &quot;/tmp/python-nh3ztizr-ansible/python&quot;,
&quot;has_sslcontext&quot;: true,
&quot;type&quot;: &quot;cpython&quot;,
&quot;version&quot;: {
&quot;major&quot;: 3,
&quot;micro&quot;: 9,
&quot;minor&quot;: 6,
&quot;releaselevel&quot;: &quot;final&quot;,
&quot;serial&quot;: 0
},
&quot;version_info&quot;: [
3,
6,
9,
&quot;final&quot;,
0
]
},
&quot;ansible_python_version&quot;: &quot;3.6.9&quot;,
&quot;ansible_real_group_id&quot;: 0,
&quot;ansible_real_user_id&quot;: 0,
&quot;ansible_selinux&quot;: {
&quot;status&quot;: &quot;Missing selinux Python library&quot;
},
&quot;ansible_selinux_python_present&quot;: false,
&quot;ansible_service_mgr&quot;: &quot;systemd&quot;,
&quot;ansible_ssh_host_key_ecdsa_public&quot;: &quot;AAAAE2VjZHNhLXNoYTItbmlzdHAyNTYAAAAIbmlzdHAyNTYAAABBBKXFFhScxe+xztmWiEzCRrS33+gQnEBnUZEdGfZzV849lAQZRcK0YSCjce3dvMs7rV4FulR1UqA9fSJGtUfCO6A=&quot;,
&quot;ansible_ssh_host_key_ecdsa_public_keytype&quot;: &quot;ecdsa-sha2-nistp256&quot;,
&quot;ansible_ssh_host_key_ed25519_public&quot;: &quot;AAAAC3NzaC1lZDI1NTE5AAAAIDQw7DVlh6zXPucmio1fvrd5X1pTIovmDPBbr9oQ7DsF&quot;,
&quot;ansible_ssh_host_key_ed25519_public_keytype&quot;: &quot;ssh-ed25519&quot;,
&quot;ansible_ssh_host_key_rsa_public&quot;: &quot;AAAAB3NzaC1yc2EAAAADAQABAAABAQDXZrK4B3u/pq7Y+YfaFPr+5QEzcN+JLg/RlYXqQtLPjI3E19pNY27mGlaLm726NDbA4ouPIkqCo9y0Rkqyeaprn8EQO2gCqr06qZ7M3o4jaksHxNqo7uVxeFRQhvt3Q566bj/11uGOy01BlBRHi07G+IO9e02bNn55jR8rZURj4navuEgr0+l4CvuSrIbcEMB/qAYFAW4B1oNrsH4g09kIJxY9d3/JsOGUddOkwHwfP1+YmFAPZFruWXi/WPOnlWdaHtW4LCOdJMbHZxAGKiQtdEpWZBmNIdH2JfcVB9vjBv/WJtOgRpPhJEJIIJU6kZvipGxicPz3kj/nBUqyY4M5&quot;,
&quot;ansible_ssh_host_key_rsa_public_keytype&quot;: &quot;ssh-rsa&quot;,
&quot;ansible_swapfree_mb&quot;: 2047,
&quot;ansible_swaptotal_mb&quot;: 2047,
&quot;ansible_system&quot;: &quot;Linux&quot;,
&quot;ansible_system_vendor&quot;: &quot;NA&quot;,
&quot;ansible_uptime_seconds&quot;: 1589,
&quot;ansible_user_dir&quot;: &quot;/root&quot;,
&quot;ansible_user_gecos&quot;: &quot;root&quot;,
&quot;ansible_user_gid&quot;: 0,
&quot;ansible_user_id&quot;: &quot;root&quot;,
&quot;ansible_user_shell&quot;: &quot;/bin/bash&quot;,
&quot;ansible_user_uid&quot;: 0,
&quot;ansible_userspace_architecture&quot;: &quot;x86_64&quot;,
&quot;ansible_userspace_bits&quot;: &quot;64&quot;,
&quot;ansible_virtualization_role&quot;: &quot;guest&quot;,
&quot;ansible_virtualization_type&quot;: &quot;docker&quot;,
&quot;gather_subset&quot;: [
&quot;all&quot;
],
&quot;module_setup&quot;: true
},
&quot;changed&quot;: false,
&quot;deprecations&quot;: [],
&quot;warnings&quot;: []
}</system-out>
		</testcase>
		<testcase classname="/root/ansible_collections/community/lbry/tests/output/.tmp/integration/lbry_publish-tpoce_ji-ÅÑŚÌβŁÈ/tests/integration/targets/setup_regtest/tasks/main.yml:4" name="[testhost] testhost: setup_regtest : Ensure required packages are installed name={{ required_packages }}, state=present" time="65.990381">
			<system-out>{
&quot;cache_update_time&quot;: 1631262032,
&quot;cache_updated&quot;: false,
&quot;changed&quot;: true,
&quot;stderr&quot;: &quot;debconf: delaying package configuration, since apt-utils is not installed\n&quot;,
&quot;stderr_lines&quot;: [
&quot;debconf: delaying package configuration, since apt-utils is not installed&quot;
],
&quot;stdout&quot;: &quot;Reading package lists...\nBuilding dependency tree...\nReading state information...\nThe following additional packages will be installed:\n  build-essential cmake-data dbus fontconfig fontconfig-config\n  fonts-dejavu-core i965-va-driver libaacs0 libarchive13 libasound2\n  libasound2-data libass9 libasyncns0 libavc1394-0 libavcodec57 libavdevice57\n  libavfilter6 libavformat57 libavresample3 libavutil55 libbdplus0 libbluray2\n  libbs2b0 libcaca0 libcairo2 libcdio-cdda2 libcdio-paranoia2 libcdio17\n  libchromaprint1 libcroco3 libcrystalhd3 libdatrie1 libdbus-1-3 libdc1394-22\n  libdrm-amdgpu1 libdrm-common libdrm-intel1 libdrm-nouveau2 libdrm-radeon1\n  libdrm2 libegl-mesa0 libegl1 libfftw3-double3 libflac8 libflite1\n  libfontconfig1 libfribidi0 libgbm1 libgdk-pixbuf2.0-0 libgdk-pixbuf2.0-bin\n  libgdk-pixbuf2.0-common libgl1 libgl1-mesa-dri libglapi-mesa libglvnd0\n  libglx-mesa0 libglx0 libgme0 libgsm1 libiec61883-0 libjack-jackd2-0 libjbig0\n  libjpeg-turbo8 libjpeg8 libjsoncpp1 libllvm10 liblzo2-2 libmp3lame0\n  libmpg123-0 libmysofa0 libnorm1 libnuma1 libogg0 libopenal-data libopenal1\n  libopenjp2-7 libopenmpt0 libopus0 libpango-1.0-0 libpangocairo-1.0-0\n  libpangoft2-1.0-0 libpciaccess0 libpgm-5.2-0 libpixman-1-0 libpostproc54\n  libpulse0 libpython-all-dev libpython-dev libpython-stdlib libraw1394-11\n  librhash0 librsvg2-2 librsvg2-common librubberband2 libsamplerate0\n  libsdl2-2.0-0 libsensors4 libshine3 libslang2 libsnappy1v5 libsndfile1\n  libsndio6.1 libsodium23 libsoxr0 libspeex1 libssh-gcrypt-4 libswresample2\n  libswscale4 libthai-data libthai0 libtheora0 libtiff5 libtwolame0\n  libusb-1.0-0 libuv1 libva-drm2 libva-x11-2 libva2 libvdpau1 libvorbis0a\n  libvorbisenc2 libvorbisfile3 libvpx5 libwavpack1 libwayland-client0\n  libwayland-cursor0 libwayland-egl1 libwayland-egl1-mesa libwayland-server0\n  libwebp6 libwebpmux3 libx11-6 libx11-data libx11-xcb1 libx264-152\n  libx265-146 libxau6 libxcb-dri2-0 libxcb-dri3-0 libxcb-glx0 libxcb-present0\n  libxcb-render0 libxcb-shape0 libxcb-shm0 libxcb-sync1 libxcb-xfixes0 libxcb1\n  libxcursor1 libxdamage1 libxdmcp6 libxext6 libxfixes3 libxi6 libxinerama1\n  libxkbcommon0 libxrandr2 libxrender1 libxshmfence1 libxss1 libxv1\n  libxvidcore4 libxxf86vm1 libzmq5 libzvbi-common libzvbi0 mesa-va-drivers\n  mesa-vdpau-drivers multiarch-support python python-all python-all-dev\n  python-asn1crypto python-cffi-backend python-crypto python-cryptography\n  python-dbus python-dev python-enum34 python-gi python-idna python-ipaddress\n  python-keyring python-keyrings.alt python-minimal python-pip-whl\n  python-pkg-resources python-secretstorage python-setuptools python-six\n  python-wheel python-xdg shared-mime-info va-driver-all vdpau-driver-all\n  x11-common xkb-data\nSuggested packages:\n  cmake-doc ninja-build default-dbus-session-bus | dbus-session-bus ffmpeg-doc\n  i965-va-driver-shaders lrzip libasound2-plugins alsa-utils libbluray-bdj\n  firmware-crystalhd libfftw3-bin libfftw3-dev jackd2 libportaudio2 opus-tools\n  pciutils pulseaudio libraw1394-doc librsvg2-bin lm-sensors sndiod speex\n  python-doc python-tk python-crypto-doc python-cryptography-doc\n  python-cryptography-vectors python-dbus-dbg python-dbus-doc\n  python-enum34-doc python-gi-cairo gnome-keyring libkf5wallet-bin\n  gir1.2-gnomekeyring-1.0 python-fs python-gdata python-keyczar\n  python-secretstorage-doc python-setuptools-doc libvdpau-va-gl1\n  nvidia-vdpau-driver nvidia-legacy-340xx-vdpau-driver\nThe following NEW packages will be installed:\n  build-essential cmake cmake-data dbus ffmpeg fontconfig fontconfig-config\n  fonts-dejavu-core i965-va-driver libaacs0 libarchive13 libasound2\n  libasound2-data libass9 libasyncns0 libavc1394-0 libavcodec57 libavdevice57\n  libavfilter6 libavformat57 libavresample3 libavutil55 libbdplus0 libbluray2\n  libbs2b0 libcaca0 libcairo2 libcdio-cdda2 libcdio-paranoia2 libcdio17\n  libchromaprint1 libcroco3 libcrystalhd3 libdatrie1 libdbus-1-3 libdc1394-22\n  libdrm-amdgpu1 libdrm-common libdrm-intel1 libdrm-nouveau2 libdrm-radeon1\n  libdrm2 libegl-mesa0 libegl1 libfftw3-double3 libflac8 libflite1\n  libfontconfig1 libfribidi0 libgbm1 libgdk-pixbuf2.0-0 libgdk-pixbuf2.0-bin\n  libgdk-pixbuf2.0-common libgl1 libgl1-mesa-dri libglapi-mesa libglvnd0\n  libglx-mesa0 libglx0 libgme0 libgsm1 libiec61883-0 libjack-jackd2-0 libjbig0\n  libjpeg-turbo8 libjpeg8 libjsoncpp1 libllvm10 liblzo2-2 libmp3lame0\n  libmpg123-0 libmysofa0 libnorm1 libnuma1 libogg0 libopenal-data libopenal1\n  libopenjp2-7 libopenmpt0 libopus0 libpango-1.0-0 libpangocairo-1.0-0\n  libpangoft2-1.0-0 libpciaccess0 libpgm-5.2-0 libpixman-1-0 libpostproc54\n  libpulse0 libpython-all-dev libpython-dev libpython-stdlib libraw1394-11\n  librhash0 librsvg2-2 librsvg2-common librubberband2 libsamplerate0\n  libsdl2-2.0-0 libsensors4 libshine3 libslang2 libsnappy-dev libsnappy1v5\n  libsndfile1 libsndio6.1 libsodium23 libsoxr0 libspeex1 libssh-gcrypt-4\n  libswresample2 libswscale4 libthai-data libthai0 libtheora0 libtiff5\n  libtwolame0 libusb-1.0-0 libuv1 libva-drm2 libva-x11-2 libva2 libvdpau1\n  libvorbis0a libvorbisenc2 libvorbisfile3 libvpx5 libwavpack1\n  libwayland-client0 libwayland-cursor0 libwayland-egl1 libwayland-egl1-mesa\n  libwayland-server0 libwebp6 libwebpmux3 libx11-6 libx11-data libx11-xcb1\n  libx264-152 libx265-146 libxau6 libxcb-dri2-0 libxcb-dri3-0 libxcb-glx0\n  libxcb-present0 libxcb-render0 libxcb-shape0 libxcb-shm0 libxcb-sync1\n  libxcb-xfixes0 libxcb1 libxcursor1 libxdamage1 libxdmcp6 libxext6 libxfixes3\n  libxi6 libxinerama1 libxkbcommon0 libxrandr2 libxrender1 libxshmfence1\n  libxss1 libxv1 libxvidcore4 libxxf86vm1 libzmq5 libzvbi-common libzvbi0\n  mesa-va-drivers mesa-vdpau-drivers multiarch-support net-tools python\n  python-all python-all-dev python-asn1crypto python-cffi-backend\n  python-crypto python-cryptography python-dbus python-dev python-enum34\n  python-gi python-idna python-ipaddress python-keyring python-keyrings.alt\n  python-minimal python-pip python-pkg-resources python-secretstorage\n  python-setuptools python-six python-wheel python-xdg shared-mime-info unzip\n  va-driver-all vdpau-driver-all wget x11-common xkb-data zip\nThe following packages will be upgraded:\n  python-pip-whl\n1 upgraded, 203 newly installed, 0 to remove and 126 not upgraded.\nNeed to get 79.0 MB of archives.\nAfter this operation, 556 MB of additional disk space will be used.\nGet:1 http://archive.ubuntu.com/ubuntu bionic-updates/main amd64 multiarch-support amd64 2.27-3ubuntu1.4 [6944 B]\nGet:2 http://archive.ubuntu.com/ubuntu bionic-updates/main amd64 libxau6 amd64 1:1.0.8-1ubuntu1 [7556 B]\nGet:3 http://archive.ubuntu.com/ubuntu bionic/main amd64 libxdmcp6 amd64 1:1.1.2-3 [10.7 kB]\nGet:4 http://archive.ubuntu.com/ubuntu bionic-updates/main amd64 libxcb1 amd64 1.13-2~ubuntu18.04 [45.5 kB]\nGet:5 http://archive.ubuntu.com/ubuntu bionic-updates/main amd64 libx11-data all 2:1.6.4-3ubuntu0.4 [114 kB]\nGet:6 http://archive.ubuntu.com/ubuntu bionic-updates/main amd64 libx11-6 amd64 2:1.6.4-3ubuntu0.4 [572 kB]\nGet:7 http://archive.ubuntu.com/ubuntu bionic/main amd64 libxext6 amd64 2:1.3.3-1 [29.4 kB]\nGet:8 http://archive.ubuntu.com/ubuntu bionic/main amd64 fonts-dejavu-core all 2.37-1 [1041 kB]\nGet:9 http://archive.ubuntu.com/ubuntu bionic/main amd64 fontconfig-config all 2.12.6-0ubuntu2 [55.8 kB]\nGet:10 http://archive.ubuntu.com/ubuntu bionic/main amd64 libfontconfig1 amd64 2.12.6-0ubuntu2 [137 kB]\nGet:11 http://archive.ubuntu.com/ubuntu bionic/main amd64 fontconfig amd64 2.12.6-0ubuntu2 [169 kB]\nGet:12 http://archive.ubuntu.com/ubuntu bionic-updates/main amd64 libjpeg-turbo8 amd64 1.5.2-0ubuntu5.18.04.4 [110 kB]\nGet:13 http://archive.ubuntu.com/ubuntu bionic/main amd64 liblzo2-2 amd64 2.08-1.2 [48.7 kB]\nGet:14 http://archive.ubuntu.com/ubuntu bionic/main amd64 libogg0 amd64 1.3.2-1 [17.2 kB]\nGet:15 http://archive.ubuntu.com/ubuntu bionic/main amd64 libxinerama1 amd64 2:1.1.3-1 [7908 B]\nGet:16 http://archive.ubuntu.com/ubuntu bionic-updates/main amd64 x11-common all 1:7.7+19ubuntu7.1 [22.5 kB]\nGet:17 http://archive.ubuntu.com/ubuntu bionic/main amd64 libxss1 amd64 1:1.2.2-1 [8582 B]\nGet:18 http://archive.ubuntu.com/ubuntu bionic/main amd64 libxxf86vm1 amd64 1:1.1.4-1 [10.6 kB]\nGet:19 http://archive.ubuntu.com/ubuntu bionic/main amd64 python-minimal amd64 2.7.15~rc1-1 [28.1 kB]\nGet:20 http://archive.ubuntu.com/ubuntu bionic/main amd64 libpython-stdlib amd64 2.7.15~rc1-1 [7620 B]\nGet:21 http://archive.ubuntu.com/ubuntu bionic/main amd64 python amd64 2.7.15~rc1-1 [140 kB]\nGet:22 http://archive.ubuntu.com/ubuntu bionic-updates/main amd64 libdbus-1-3 amd64 1.12.2-1ubuntu1.2 [175 kB]\nGet:23 http://archive.ubuntu.com/ubuntu bionic-updates/main amd64 dbus amd64 1.12.2-1ubuntu1.2 [150 kB]\nGet:24 http://archive.ubuntu.com/ubuntu bionic/main amd64 libfribidi0 amd64 0.19.7-2 [24.9 kB]\nGet:25 http://archive.ubuntu.com/ubuntu bionic/main amd64 libslang2 amd64 2.3.1a-3ubuntu1 [424 kB]\nGet:26 http://archive.ubuntu.com/ubuntu bionic/main amd64 shared-mime-info amd64 1.9-2 [426 kB]\nGet:27 http://archive.ubuntu.com/ubuntu bionic-updates/main amd64 xkb-data all 2.23.1-1ubuntu1.18.04.1 [325 kB]\nGet:28 http://archive.ubuntu.com/ubuntu bionic-updates/main amd64 libdrm-common all 2.4.101-2~18.04.1 [5560 B]\nGet:29 http://archive.ubuntu.com/ubuntu bionic-updates/main amd64 libdrm2 amd64 2.4.101-2~18.04.1 [32.3 kB]\nGet:30 http://archive.ubuntu.com/ubuntu bionic-updates/main amd64 libnuma1 amd64 2.0.11-2.1ubuntu0.1 [22.0 kB]\nGet:31 http://archive.ubuntu.com/ubuntu bionic/main amd64 libusb-1.0-0 amd64 2:1.0.21-2 [43.3 kB]\nGet:32 http://archive.ubuntu.com/ubuntu bionic-updates/main amd64 wget amd64 1.19.4-1ubuntu2.2 [316 kB]\nGet:33 http://archive.ubuntu.com/ubuntu bionic/main amd64 build-essential amd64 12.4ubuntu1 [4758 B]\nGet:34 http://archive.ubuntu.com/ubuntu bionic-updates/main amd64 cmake-data all 3.10.2-1ubuntu2.18.04.2 [1332 kB]\nGet:35 http://archive.ubuntu.com/ubuntu bionic-updates/main amd64 libarchive13 amd64 3.2.2-3.1ubuntu0.7 [288 kB]\nGet:36 http://archive.ubuntu.com/ubuntu bionic/main amd64 libjsoncpp1 amd64 1.7.4-3 [73.6 kB]\nGet:37 http://archive.ubuntu.com/ubuntu bionic/main amd64 librhash0 amd64 1.3.6-2 [78.1 kB]\nGet:38 http://archive.ubuntu.com/ubuntu bionic/main amd64 libuv1 amd64 1.18.0-3 [64.4 kB]\nGet:39 http://archive.ubuntu.com/ubuntu bionic-updates/main amd64 cmake amd64 3.10.2-1ubuntu2.18.04.2 [3152 kB]\nGet:40 http://archive.ubuntu.com/ubuntu bionic/universe amd64 libva2 amd64 2.1.0-3 [47.6 kB]\nGet:41 http://archive.ubuntu.com/ubuntu bionic/universe amd64 libva-drm2 amd64 2.1.0-3 [6880 B]\nGet:42 http://archive.ubuntu.com/ubuntu bionic/main amd64 libxfixes3 amd64 1:5.0.3-1 [10.8 kB]\nGet:43 http://archive.ubuntu.com/ubuntu bionic/universe amd64 libva-x11-2 amd64 2.1.0-3 [11.5 kB]\nGet:44 http://archive.ubuntu.com/ubuntu bionic/main amd64 libvdpau1 amd64 1.1.1-3ubuntu1 [25.5 kB]\nGet:45 http://archive.ubuntu.com/ubuntu bionic-updates/universe amd64 libavutil55 amd64 7:3.4.8-0ubuntu0.2 [190 kB]\nGet:46 http://archive.ubuntu.com/ubuntu bionic/main amd64 libpixman-1-0 amd64 0.34.0-2 [229 kB]\nGet:47 http://archive.ubuntu.com/ubuntu bionic-updates/main amd64 libxcb-render0 amd64 1.13-2~ubuntu18.04 [14.7 kB]\nGet:48 http://archive.ubuntu.com/ubuntu bionic-updates/main amd64 libxcb-shm0 amd64 1.13-2~ubuntu18.04 [5600 B]\nGet:49 http://archive.ubuntu.com/ubuntu bionic/main amd64 libxrender1 amd64 1:0.9.10-1 [18.7 kB]\nGet:50 http://archive.ubuntu.com/ubuntu bionic-updates/main amd64 libcairo2 amd64 1.15.10-2ubuntu0.1 [580 kB]\nGet:51 http://archive.ubuntu.com/ubuntu bionic/universe amd64 libcrystalhd3 amd64 1:0.0~git20110715.fdd2f19-12 [45.8 kB]\nGet:52 http://archive.ubuntu.com/ubuntu bionic/universe amd64 libgsm1 amd64 1.0.13-4build1 [22.4 kB]\nGet:53 http://archive.ubuntu.com/ubuntu bionic/main amd64 libmp3lame0 amd64 3.100-2 [136 kB]\nGet:54 http://archive.ubuntu.com/ubuntu bionic-updates/universe amd64 libopenjp2-7 amd64 2.3.0-2build0.18.04.1 [145 kB]\nGet:55 http://archive.ubuntu.com/ubuntu bionic/main amd64 libopus0 amd64 1.1.2-1ubuntu1 [159 kB]\nGet:56 http://archive.ubuntu.com/ubuntu bionic/main amd64 libcroco3 amd64 0.6.12-2 [81.3 kB]\nGet:57 http://archive.ubuntu.com/ubuntu bionic/main amd64 libjpeg8 amd64 8c-2ubuntu8 [2194 B]\nGet:58 http://archive.ubuntu.com/ubuntu bionic/main amd64 libjbig0 amd64 2.1-3.1build1 [26.7 kB]\nGet:59 http://archive.ubuntu.com/ubuntu bionic-updates/main amd64 libtiff5 amd64 4.0.9-5ubuntu0.4 [153 kB]\nGet:60 http://archive.ubuntu.com/ubuntu bionic/main amd64 libgdk-pixbuf2.0-common all 2.36.11-2 [4536 B]\nGet:61 http://archive.ubuntu.com/ubuntu bionic/main amd64 libgdk-pixbuf2.0-0 amd64 2.36.11-2 [165 kB]\nGet:62 http://archive.ubuntu.com/ubuntu bionic/main amd64 libthai-data all 0.1.27-2 [133 kB]\nGet:63 http://archive.ubuntu.com/ubuntu bionic/main amd64 libdatrie1 amd64 0.2.10-7 [17.8 kB]\nGet:64 http://archive.ubuntu.com/ubuntu bionic/main amd64 libthai0 amd64 0.1.27-2 [18.0 kB]\nGet:65 http://archive.ubuntu.com/ubuntu bionic-updates/main amd64 libpango-1.0-0 amd64 1.40.14-1ubuntu0.1 [153 kB]\nGet:66 http://archive.ubuntu.com/ubuntu bionic-updates/main amd64 libpangoft2-1.0-0 amd64 1.40.14-1ubuntu0.1 [33.2 kB]\nGet:67 http://archive.ubuntu.com/ubuntu bionic-updates/main amd64 libpangocairo-1.0-0 amd64 1.40.14-1ubuntu0.1 [20.8 kB]\nGet:68 http://archive.ubuntu.com/ubuntu bionic-updates/main amd64 librsvg2-2 amd64 2.40.20-2ubuntu0.2 [98.6 kB]\nGet:69 http://archive.ubuntu.com/ubuntu bionic/universe amd64 libshine3 amd64 3.1.1-1 [22.9 kB]\nGet:70 http://archive.ubuntu.com/ubuntu bionic/main amd64 libsnappy1v5 amd64 1.1.7-1 [16.0 kB]\nGet:71 http://archive.ubuntu.com/ubuntu bionic/main amd64 libspeex1 amd64 1.2~rc1.2-1ubuntu2 [52.1 kB]\nGet:72 http://archive.ubuntu.com/ubuntu bionic/universe amd64 libsoxr0 amd64 0.1.2-3 [65.9 kB]\nGet:73 http://archive.ubuntu.com/ubuntu bionic-updates/universe amd64 libswresample2 amd64 7:3.4.8-0ubuntu0.2 [55.2 kB]\nGet:74 http://archive.ubuntu.com/ubuntu bionic/main amd64 libtheora0 amd64 1.1.1+dfsg.1-14 [170 kB]\nGet:75 http://archive.ubuntu.com/ubuntu bionic/main amd64 libtwolame0 amd64 0.3.13-3 [46.7 kB]\nGet:76 http://archive.ubuntu.com/ubuntu bionic/main amd64 libvorbis0a amd64 1.3.5-4.2 [86.4 kB]\nGet:77 http://archive.ubuntu.com/ubuntu bionic/main amd64 libvorbisenc2 amd64 1.3.5-4.2 [70.7 kB]\nGet:78 http://archive.ubuntu.com/ubuntu bionic-updates/main amd64 libvpx5 amd64 1.7.0-3ubuntu0.18.04.1 [796 kB]\nGet:79 http://archive.ubuntu.com/ubuntu bionic-updates/main amd64 libwavpack1 amd64 5.1.0-2ubuntu1.5 [76.8 kB]\nGet:80 http://archive.ubuntu.com/ubuntu bionic-updates/main amd64 libwebp6 amd64 0.6.1-2ubuntu0.18.04.1 [186 kB]\nGet:81 http://archive.ubuntu.com/ubuntu bionic-updates/main amd64 libwebpmux3 amd64 0.6.1-2ubuntu0.18.04.1 [19.6 kB]\nGet:82 http://archive.ubuntu.com/ubuntu bionic/universe amd64 libx264-152 amd64 2:0.152.2854+gite9a5903-2 [609 kB]\nGet:83 http://archive.ubuntu.com/ubuntu bionic/universe amd64 libx265-146 amd64 2.6-3 [1026 kB]\nGet:84 http://archive.ubuntu.com/ubuntu bionic/universe amd64 libxvidcore4 amd64 2:1.3.5-1 [200 kB]\nGet:85 http://archive.ubuntu.com/ubuntu bionic/universe amd64 libzvbi-common all 0.2.35-13 [32.1 kB]\nGet:86 http://archive.ubuntu.com/ubuntu bionic/universe amd64 libzvbi0 amd64 0.2.35-13 [235 kB]\nGet:87 http://archive.ubuntu.com/ubuntu bionic-updates/universe amd64 libavcodec57 amd64 7:3.4.8-0ubuntu0.2 [4595 kB]\nGet:88 http://archive.ubuntu.com/ubuntu bionic-updates/main amd64 libasound2-data all 1.1.3-5ubuntu0.6 [38.5 kB]\nGet:89 http://archive.ubuntu.com/ubuntu bionic-updates/main amd64 libasound2 amd64 1.1.3-5ubuntu0.6 [360 kB]\nGet:90 http://archive.ubuntu.com/ubuntu bionic/main amd64 libraw1394-11 amd64 2.1.2-1 [30.7 kB]\nGet:91 http://archive.ubuntu.com/ubuntu bionic/main amd64 libavc1394-0 amd64 0.5.4-4build1 [16.1 kB]\nGet:92 http://archive.ubuntu.com/ubuntu bionic/universe amd64 libass9 amd64 1:0.14.0-1 [88.2 kB]\nGet:93 http://archive.ubuntu.com/ubuntu bionic/universe amd64 libbluray2 amd64 1:1.0.2-3 [141 kB]\nGet:94 http://archive.ubuntu.com/ubuntu bionic/universe amd64 libchromaprint1 amd64 1.4.3-1 [36.8 kB]\nGet:95 http://archive.ubuntu.com/ubuntu bionic/universe amd64 libgme0 amd64 0.6.2-1 [121 kB]\nGet:96 http://archive.ubuntu.com/ubuntu bionic/main amd64 libmpg123-0 amd64 1.25.10-1 [125 kB]\nGet:97 http://archive.ubuntu.com/ubuntu bionic/main amd64 libvorbisfile3 amd64 1.3.5-4.2 [16.0 kB]\nGet:98 http://archive.ubuntu.com/ubuntu bionic/universe amd64 libopenmpt0 amd64 0.3.6-1 [561 kB]\nGet:99 http://archive.ubuntu.com/ubuntu bionic-updates/main amd64 libssh-gcrypt-4 amd64 0.8.0~20170825.94fa1e38-1ubuntu0.7 [172 kB]\nGet:100 http://archive.ubuntu.com/ubuntu bionic-updates/universe amd64 libavformat57 amd64 7:3.4.8-0ubuntu0.2 [953 kB]\nGet:101 http://archive.ubuntu.com/ubuntu bionic-updates/universe amd64 libavresample3 amd64 7:3.4.8-0ubuntu0.2 [52.6 kB]\nGet:102 http://archive.ubuntu.com/ubuntu bionic/universe amd64 libbs2b0 amd64 3.1.0+dfsg-2.2 [10.5 kB]\nGet:103 http://archive.ubuntu.com/ubuntu bionic/universe amd64 libflite1 amd64 2.1-release-1 [12.8 MB]\nGet:104 http://archive.ubuntu.com/ubuntu bionic-updates/universe amd64 libmysofa0 amd64 0.6~dfsg0-3+deb10u1build1 [38.5 kB]\nGet:105 http://archive.ubuntu.com/ubuntu bionic-updates/universe amd64 libpostproc54 amd64 7:3.4.8-0ubuntu0.2 [50.3 kB]\nGet:106 http://archive.ubuntu.com/ubuntu bionic/main amd64 libfftw3-double3 amd64 3.3.7-1 [735 kB]\nGet:107 http://archive.ubuntu.com/ubuntu bionic/main amd64 libsamplerate0 amd64 0.1.9-1 [938 kB]\nGet:108 http://archive.ubuntu.com/ubuntu bionic/universe amd64 librubberband2 amd64 1.8.1-7ubuntu2 [86.7 kB]\nGet:109 http://archive.ubuntu.com/ubuntu bionic-updates/universe amd64 libswscale4 amd64 7:3.4.8-0ubuntu0.2 [150 kB]\nGet:110 http://archive.ubuntu.com/ubuntu bionic/universe amd64 libnorm1 amd64 1.5r6+dfsg1-6 [224 kB]\nGet:111 http://archive.ubuntu.com/ubuntu bionic/universe amd64 libpgm-5.2-0 amd64 5.2.122~dfsg-2 [157 kB]\nGet:112 http://archive.ubuntu.com/ubuntu bionic/main amd64 libsodium23 amd64 1.0.16-2 [143 kB]\nGet:113 http://archive.ubuntu.com/ubuntu bionic-updates/universe amd64 libzmq5 amd64 4.2.5-1ubuntu0.2 [221 kB]\nGet:114 http://archive.ubuntu.com/ubuntu bionic-updates/universe amd64 libavfilter6 amd64 7:3.4.8-0ubuntu0.2 [874 kB]\nGet:115 http://archive.ubuntu.com/ubuntu bionic-updates/main amd64 libcaca0 amd64 0.99.beta19-2ubuntu0.18.04.2 [202 kB]\nGet:116 http://archive.ubuntu.com/ubuntu bionic/main amd64 libcdio17 amd64 1.0.0-2ubuntu2 [58.8 kB]\nGet:117 http://archive.ubuntu.com/ubuntu bionic/main amd64 libcdio-cdda2 amd64 10.2+0.94+2-2build1 [17.7 kB]\nGet:118 http://archive.ubuntu.com/ubuntu bionic/main amd64 libcdio-paranoia2 amd64 10.2+0.94+2-2build1 [17.2 kB]\nGet:119 http://archive.ubuntu.com/ubuntu bionic/universe amd64 libdc1394-22 amd64 2.2.5-1 [77.5 kB]\nGet:120 http://archive.ubuntu.com/ubuntu bionic-updates/main amd64 libglvnd0 amd64 1.0.0-2ubuntu2.3 [47.0 kB]\nGet:121 http://archive.ubuntu.com/ubuntu bionic-updates/main amd64 libglapi-mesa amd64 20.0.8-0ubuntu1~18.04.1 [26.6 kB]\nGet:122 http://archive.ubuntu.com/ubuntu bionic-updates/main amd64 libx11-xcb1 amd64 2:1.6.4-3ubuntu0.4 [9720 B]\nGet:123 http://archive.ubuntu.com/ubuntu bionic-updates/main amd64 libxcb-dri2-0 amd64 1.13-2~ubuntu18.04 [6920 B]\nGet:124 http://archive.ubuntu.com/ubuntu bionic-updates/main amd64 libxcb-dri3-0 amd64 1.13-2~ubuntu18.04 [6568 B]\nGet:125 http://archive.ubuntu.com/ubuntu bionic-updates/main amd64 libxcb-glx0 amd64 1.13-2~ubuntu18.04 [22.1 kB]\nGet:126 http://archive.ubuntu.com/ubuntu bionic-updates/main amd64 libxcb-present0 amd64 1.13-2~ubuntu18.04 [5552 B]\nGet:127 http://archive.ubuntu.com/ubuntu bionic-updates/main amd64 libxcb-sync1 amd64 1.13-2~ubuntu18.04 [8808 B]\nGet:128 http://archive.ubuntu.com/ubuntu bionic/main amd64 libxdamage1 amd64 1:1.1.4-3 [6934 B]\nGet:129 http://archive.ubuntu.com/ubuntu bionic/main amd64 libxshmfence1 amd64 1.3-1 [5028 B]\nGet:130 http://archive.ubuntu.com/ubuntu bionic-updates/main amd64 libdrm-amdgpu1 amd64 2.4.101-2~18.04.1 [18.2 kB]\nGet:131 http://archive.ubuntu.com/ubuntu bionic/main amd64 libpciaccess0 amd64 0.14-1 [17.9 kB]\nGet:132 http://archive.ubuntu.com/ubuntu bionic-updates/main amd64 libdrm-intel1 amd64 2.4.101-2~18.04.1 [60.0 kB]\nGet:133 http://archive.ubuntu.com/ubuntu bionic-updates/main amd64 libdrm-nouveau2 amd64 2.4.101-2~18.04.1 [16.5 kB]\nGet:134 http://archive.ubuntu.com/ubuntu bionic-updates/main amd64 libdrm-radeon1 amd64 2.4.101-2~18.04.1 [21.7 kB]\nGet:135 http://archive.ubuntu.com/ubuntu bionic-updates/main amd64 libllvm10 amd64 1:10.0.0-4ubuntu1~18.04.2 [15.4 MB]\nGet:136 http://archive.ubuntu.com/ubuntu bionic/main amd64 libsensors4 amd64 1:3.4.0-4 [28.8 kB]\nGet:137 http://archive.ubuntu.com/ubuntu bionic-updates/main amd64 libgl1-mesa-dri amd64 20.0.8-0ubuntu1~18.04.1 [9333 kB]\nGet:138 http://archive.ubuntu.com/ubuntu bionic-updates/main amd64 libglx-mesa0 amd64 20.0.8-0ubuntu1~18.04.1 [139 kB]\nGet:139 http://archive.ubuntu.com/ubuntu bionic-updates/main amd64 libglx0 amd64 1.0.0-2ubuntu2.3 [28.1 kB]\nGet:140 http://archive.ubuntu.com/ubuntu bionic-updates/main amd64 libgl1 amd64 1.0.0-2ubuntu2.3 [86.2 kB]\nGet:141 http://archive.ubuntu.com/ubuntu bionic/main amd64 libiec61883-0 amd64 1.2.0-2 [23.5 kB]\nGet:142 http://archive.ubuntu.com/ubuntu bionic/main amd64 libjack-jackd2-0 amd64 1.9.12~dfsg-2 [263 kB]\nGet:143 http://archive.ubuntu.com/ubuntu bionic/universe amd64 libopenal-data all 1:1.18.2-2 [102 kB]\nGet:144 http://archive.ubuntu.com/ubuntu bionic/universe amd64 libsndio6.1 amd64 1.1.0-3 [23.4 kB]\nGet:145 http://archive.ubuntu.com/ubuntu bionic/universe amd64 libopenal1 amd64 1:1.18.2-2 [266 kB]\nGet:146 http://archive.ubuntu.com/ubuntu bionic/main amd64 libasyncns0 amd64 0.8-6 [12.1 kB]\nGet:147 http://archive.ubuntu.com/ubuntu bionic/main amd64 libflac8 amd64 1.3.2-1 [213 kB]\nGet:148 http://archive.ubuntu.com/ubuntu bionic-updates/main amd64 libsndfile1 amd64 1.0.28-4ubuntu0.18.04.2 [170 kB]\nGet:149 http://archive.ubuntu.com/ubuntu bionic-updates/main amd64 libpulse0 amd64 1:11.1-1ubuntu7.11 [266 kB]\nGet:150 http://archive.ubuntu.com/ubuntu bionic-updates/main amd64 libwayland-client0 amd64 1.16.0-1ubuntu1.1~18.04.3 [23.6 kB]\nGet:151 http://archive.ubuntu.com/ubuntu bionic-updates/main amd64 libwayland-cursor0 amd64 1.16.0-1ubuntu1.1~18.04.3 [10.1 kB]\nGet:152 http://archive.ubuntu.com/ubuntu bionic-updates/main amd64 libwayland-server0 amd64 1.16.0-1ubuntu1.1~18.04.3 [29.6 kB]\nGet:153 http://archive.ubuntu.com/ubuntu bionic-updates/main amd64 libgbm1 amd64 20.0.8-0ubuntu1~18.04.1 [27.6 kB]\nGet:154 http://archive.ubuntu.com/ubuntu bionic-updates/main amd64 libxcb-xfixes0 amd64 1.13-2~ubuntu18.04 [9352 B]\nGet:155 http://archive.ubuntu.com/ubuntu bionic-updates/main amd64 libegl-mesa0 amd64 20.0.8-0ubuntu1~18.04.1 [96.3 kB]\nGet:156 http://archive.ubuntu.com/ubuntu bionic-updates/main amd64 libegl1 amd64 1.0.0-2ubuntu2.3 [32.0 kB]\nGet:157 http://archive.ubuntu.com/ubuntu bionic-updates/main amd64 libwayland-egl1 amd64 1.16.0-1ubuntu1.1~18.04.3 [5464 B]\nGet:158 http://archive.ubuntu.com/ubuntu bionic-updates/main amd64 libwayland-egl1-mesa amd64 20.0.8-0ubuntu1~18.04.1 [6444 B]\nGet:159 http://archive.ubuntu.com/ubuntu bionic/main amd64 libxcursor1 amd64 1:1.1.15-1 [19.8 kB]\nGet:160 http://archive.ubuntu.com/ubuntu bionic/main amd64 libxi6 amd64 2:1.7.9-1 [29.2 kB]\nGet:161 http://archive.ubuntu.com/ubuntu bionic-updates/main amd64 libxkbcommon0 amd64 0.8.2-1~ubuntu18.04.1 [97.8 kB]\nGet:162 http://archive.ubuntu.com/ubuntu bionic/main amd64 libxrandr2 amd64 2:1.5.1-1 [18.1 kB]\nGet:163 http://archive.ubuntu.com/ubuntu bionic-updates/universe amd64 libsdl2-2.0-0 amd64 2.0.8+dfsg1-1ubuntu1.18.04.4 [382 kB]\nGet:164 http://archive.ubuntu.com/ubuntu bionic-updates/main amd64 libxcb-shape0 amd64 1.13-2~ubuntu18.04 [5972 B]\nGet:165 http://archive.ubuntu.com/ubuntu bionic/main amd64 libxv1 amd64 2:1.0.11-1 [10.7 kB]\nGet:166 http://archive.ubuntu.com/ubuntu bionic-updates/universe amd64 libavdevice57 amd64 7:3.4.8-0ubuntu0.2 [74.9 kB]\nGet:167 http://archive.ubuntu.com/ubuntu bionic-updates/universe amd64 ffmpeg amd64 7:3.4.8-0ubuntu0.2 [1587 kB]\nGet:168 http://archive.ubuntu.com/ubuntu bionic/universe amd64 libaacs0 amd64 0.9.0-1 [51.4 kB]\nGet:169 http://archive.ubuntu.com/ubuntu bionic/universe amd64 libbdplus0 amd64 0.1.2-2 [46.6 kB]\nGet:170 http://archive.ubuntu.com/ubuntu bionic/main amd64 libgdk-pixbuf2.0-bin amd64 2.36.11-2 [7864 B]\nGet:171 http://archive.ubuntu.com/ubuntu bionic/main amd64 libpython-dev amd64 2.7.15~rc1-1 [7684 B]\nGet:172 http://archive.ubuntu.com/ubuntu bionic/main amd64 libpython-all-dev amd64 2.7.15~rc1-1 [1092 B]\nGet:173 http://archive.ubuntu.com/ubuntu bionic-updates/main amd64 librsvg2-common amd64 2.40.20-2ubuntu0.2 [5064 B]\nGet:174 http://archive.ubuntu.com/ubuntu bionic-updates/universe amd64 mesa-va-drivers amd64 20.0.8-0ubuntu1~18.04.1 [2376 kB]\nGet:175 http://archive.ubuntu.com/ubuntu bionic-updates/main amd64 mesa-vdpau-drivers amd64 20.0.8-0ubuntu1~18.04.1 [2496 kB]\nGet:176 http://archive.ubuntu.com/ubuntu bionic/main amd64 net-tools amd64 1.60+git20161116.90da8a0-1ubuntu1 [194 kB]\nGet:177 http://archive.ubuntu.com/ubuntu bionic/main amd64 python-all amd64 2.7.15~rc1-1 [1076 B]\nGet:178 http://archive.ubuntu.com/ubuntu bionic/main amd64 python-dev amd64 2.7.15~rc1-1 [1256 B]\nGet:179 http://archive.ubuntu.com/ubuntu bionic/main amd64 python-all-dev amd64 2.7.15~rc1-1 [1100 B]\nGet:180 http://archive.ubuntu.com/ubuntu bionic/main amd64 python-asn1crypto all 0.24.0-1 [72.7 kB]\nGet:181 http://archive.ubuntu.com/ubuntu bionic/main amd64 python-cffi-backend amd64 1.11.5-1 [63.4 kB]\nGet:182 http://archive.ubuntu.com/ubuntu bionic/main amd64 python-crypto amd64 2.6.1-8ubuntu2 [244 kB]\nGet:183 http://archive.ubuntu.com/ubuntu bionic/main amd64 python-enum34 all 1.1.6-2 [34.8 kB]\nGet:184 http://archive.ubuntu.com/ubuntu bionic/main amd64 python-idna all 2.6-1 [32.4 kB]\nGet:185 http://archive.ubuntu.com/ubuntu bionic/main amd64 python-ipaddress all 1.0.17-1 [18.2 kB]\nGet:186 http://archive.ubuntu.com/ubuntu bionic/main amd64 python-six all 1.11.0-2 [11.3 kB]\nGet:187 http://archive.ubuntu.com/ubuntu bionic-updates/main amd64 python-cryptography amd64 2.1.4-1ubuntu1.4 [276 kB]\nGet:188 http://archive.ubuntu.com/ubuntu bionic/main amd64 python-dbus amd64 1.2.6-1 [90.2 kB]\nGet:189 http://archive.ubuntu.com/ubuntu bionic-updates/main amd64 python-gi amd64 3.26.1-2ubuntu1 [197 kB]\nGet:190 http://archive.ubuntu.com/ubuntu bionic/main amd64 python-secretstorage all 2.3.1-2 [11.8 kB]\nGet:191 http://archive.ubuntu.com/ubuntu bionic/main amd64 python-keyring all 10.6.0-1 [30.6 kB]\nGet:192 http://archive.ubuntu.com/ubuntu bionic/main amd64 python-keyrings.alt all 3.0-1 [16.7 kB]\nGet:193 http://archive.ubuntu.com/ubuntu bionic-updates/universe amd64 python-pip-whl all 9.0.1-2.3~ubuntu1.18.04.5 [1653 kB]\nGet:194 http://archive.ubuntu.com/ubuntu bionic-updates/universe amd64 python-pip all 9.0.1-2.3~ubuntu1.18.04.5 [151 kB]\nGet:195 http://archive.ubuntu.com/ubuntu bionic/main amd64 python-pkg-resources all 39.0.1-2 [128 kB]\nGet:196 http://archive.ubuntu.com/ubuntu bionic/main amd64 python-setuptools all 39.0.1-2 [329 kB]\nGet:197 http://archive.ubuntu.com/ubuntu bionic/universe amd64 python-wheel all 0.30.0-0.2 [36.4 kB]\nGet:198 http://archive.ubuntu.com/ubuntu bionic-updates/universe amd64 python-xdg all 0.25-4ubuntu1.1 [31.2 kB]\nGet:199 http://archive.ubuntu.com/ubuntu bionic-updates/main amd64 unzip amd64 6.0-21ubuntu1.1 [168 kB]\nGet:200 http://archive.ubuntu.com/ubuntu bionic/universe amd64 i965-va-driver amd64 2.1.0-0ubuntu1 [925 kB]\nGet:201 http://archive.ubuntu.com/ubuntu bionic/universe amd64 va-driver-all amd64 2.1.0-3 [4376 B]\nGet:202 http://archive.ubuntu.com/ubuntu bionic/main amd64 vdpau-driver-all amd64 1.1.1-3ubuntu1 [4674 B]\nGet:203 http://archive.ubuntu.com/ubuntu bionic/main amd64 zip amd64 3.0-11build1 [167 kB]\nGet:204 http://archive.ubuntu.com/ubuntu bionic/main amd64 libsnappy-dev amd64 1.1.7-1 [27.2 kB]\nFetched 79.0 MB in 33s (2405 kB/s)\nSelecting previously unselected package multiarch-support.\r\n(Reading database ... \r(Reading database ... 5%\r(Reading database ... 10%\r(Reading database ... 15%\r(Reading database ... 20%\r(Reading database ... 25%\r(Reading database ... 30%\r(Reading database ... 35%\r(Reading database ... 40%\r(Reading database ... 45%\r(Reading database ... 50%\r(Reading database ... 55%\r(Reading database ... 60%\r(Reading database ... 65%\r(Reading database ... 70%\r(Reading database ... 75%\r(Reading database ... 80%\r(Reading database ... 85%\r(Reading database ... 90%\r(Reading database ... 95%\r(Reading database ... 100%\r(Reading database ... 21086 files and directories currently installed.)\r\nPreparing to unpack .../0-multiarch-support_2.27-3ubuntu1.4_amd64.deb ...\r\nUnpacking multiarch-support (2.27-3ubuntu1.4) ...\r\nSelecting previously unselected package libxau6:amd64.\r\nPreparing to unpack .../1-libxau6_1%3a1.0.8-1ubuntu1_amd64.deb ...\r\nUnpacking libxau6:amd64 (1:1.0.8-1ubuntu1) ...\r\nSelecting previously unselected package libxdmcp6:amd64.\r\nPreparing to unpack .../2-libxdmcp6_1%3a1.1.2-3_amd64.deb ...\r\nUnpacking libxdmcp6:amd64 (1:1.1.2-3) ...\r\nSelecting previously unselected package libxcb1:amd64.\r\nPreparing to unpack .../3-libxcb1_1.13-2~ubuntu18.04_amd64.deb ...\r\nUnpacking libxcb1:amd64 (1.13-2~ubuntu18.04) ...\r\nSelecting previously unselected package libx11-data.\r\nPreparing to unpack .../4-libx11-data_2%3a1.6.4-3ubuntu0.4_all.deb ...\r\nUnpacking libx11-data (2:1.6.4-3ubuntu0.4) ...\r\nSelecting previously unselected package libx11-6:amd64.\r\nPreparing to unpack .../5-libx11-6_2%3a1.6.4-3ubuntu0.4_amd64.deb ...\r\nUnpacking libx11-6:amd64 (2:1.6.4-3ubuntu0.4) ...\r\nSetting up multiarch-support (2.27-3ubuntu1.4) ...\r\nSelecting previously unselected package libxext6:amd64.\r\n(Reading database ... \r(Reading database ... 5%\r(Reading database ... 10%\r(Reading database ... 15%\r(Reading database ... 20%\r(Reading database ... 25%\r(Reading database ... 30%\r(Reading database ... 35%\r(Reading database ... 40%\r(Reading database ... 45%\r(Reading database ... 50%\r(Reading database ... 55%\r(Reading database ... 60%\r(Reading database ... 65%\r(Reading database ... 70%\r(Reading database ... 75%\r(Reading database ... 80%\r(Reading database ... 85%\r(Reading database ... 90%\r(Reading database ... 95%\r(Reading database ... 100%\r(Reading database ... 21371 files and directories currently installed.)\r\nPreparing to unpack .../00-libxext6_2%3a1.3.3-1_amd64.deb ...\r\nUnpacking libxext6:amd64 (2:1.3.3-1) ...\r\nSelecting previously unselected package fonts-dejavu-core.\r\nPreparing to unpack .../01-fonts-dejavu-core_2.37-1_all.deb ...\r\nUnpacking fonts-dejavu-core (2.37-1) ...\r\nSelecting previously unselected package fontconfig-config.\r\nPreparing to unpack .../02-fontconfig-config_2.12.6-0ubuntu2_all.deb ...\r\nUnpacking fontconfig-config (2.12.6-0ubuntu2) ...\r\nSelecting previously unselected package libfontconfig1:amd64.\r\nPreparing to unpack .../03-libfontconfig1_2.12.6-0ubuntu2_amd64.deb ...\r\nUnpacking libfontconfig1:amd64 (2.12.6-0ubuntu2) ...\r\nSelecting previously unselected package fontconfig.\r\nPreparing to unpack .../04-fontconfig_2.12.6-0ubuntu2_amd64.deb ...\r\nUnpacking fontconfig (2.12.6-0ubuntu2) ...\r\nSelecting previously unselected package libjpeg-turbo8:amd64.\r\nPreparing to unpack .../05-libjpeg-turbo8_1.5.2-0ubuntu5.18.04.4_amd64.deb ...\r\nUnpacking libjpeg-turbo8:amd64 (1.5.2-0ubuntu5.18.04.4) ...\r\nSelecting previously unselected package liblzo2-2:amd64.\r\nPreparing to unpack .../06-liblzo2-2_2.08-1.2_amd64.deb ...\r\nUnpacking liblzo2-2:amd64 (2.08-1.2) ...\r\nSelecting previously unselected package libogg0:amd64.\r\nPreparing to unpack .../07-libogg0_1.3.2-1_amd64.deb ...\r\nUnpacking libogg0:amd64 (1.3.2-1) ...\r\nSelecting previously unselected package libxinerama1:amd64.\r\nPreparing to unpack .../08-libxinerama1_2%3a1.1.3-1_amd64.deb ...\r\nUnpacking libxinerama1:amd64 (2:1.1.3-1) ...\r\nSelecting previously unselected package x11-common.\r\nPreparing to unpack .../09-x11-common_1%3a7.7+19ubuntu7.1_all.deb ...\r\ndpkg-query: no packages found matching nux-tools\r\nUnpacking x11-common (1:7.7+19ubuntu7.1) ...\r\nSelecting previously unselected package libxss1:amd64.\r\nPreparing to unpack .../10-libxss1_1%3a1.2.2-1_amd64.deb ...\r\nUnpacking libxss1:amd64 (1:1.2.2-1) ...\r\nSelecting previously unselected package libxxf86vm1:amd64.\r\nPreparing to unpack .../11-libxxf86vm1_1%3a1.1.4-1_amd64.deb ...\r\nUnpacking libxxf86vm1:amd64 (1:1.1.4-1) ...\r\nSelecting previously unselected package python-minimal.\r\nPreparing to unpack .../12-python-minimal_2.7.15~rc1-1_amd64.deb ...\r\nUnpacking python-minimal (2.7.15~rc1-1) ...\r\nSelecting previously unselected package libpython-stdlib:amd64.\r\nPreparing to unpack .../13-libpython-stdlib_2.7.15~rc1-1_amd64.deb ...\r\nUnpacking libpython-stdlib:amd64 (2.7.15~rc1-1) ...\r\nSetting up python-minimal (2.7.15~rc1-1) ...\r\nSelecting previously unselected package python.\r\n(Reading database ... \r(Reading database ... 5%\r(Reading database ... 10%\r(Reading database ... 15%\r(Reading database ... 20%\r(Reading database ... 25%\r(Reading database ... 30%\r(Reading database ... 35%\r(Reading database ... 40%\r(Reading database ... 45%\r(Reading database ... 50%\r(Reading database ... 55%\r(Reading database ... 60%\r(Reading database ... 65%\r(Reading database ... 70%\r(Reading database ... 75%\r(Reading database ... 80%\r(Reading database ... 85%\r(Reading database ... 90%\r(Reading database ... 95%\r(Reading database ... 100%\r(Reading database ... 21620 files and directories currently installed.)\r\nPreparing to unpack .../000-python_2.7.15~rc1-1_amd64.deb ...\r\nUnpacking python (2.7.15~rc1-1) ...\r\nSelecting previously unselected package libdbus-1-3:amd64.\r\nPreparing to unpack .../001-libdbus-1-3_1.12.2-1ubuntu1.2_amd64.deb ...\r\nUnpacking libdbus-1-3:amd64 (1.12.2-1ubuntu1.2) ...\r\nSelecting previously unselected package dbus.\r\nPreparing to unpack .../002-dbus_1.12.2-1ubuntu1.2_amd64.deb ...\r\nUnpacking dbus (1.12.2-1ubuntu1.2) ...\r\nSelecting previously unselected package libfribidi0:amd64.\r\nPreparing to unpack .../003-libfribidi0_0.19.7-2_amd64.deb ...\r\nUnpacking libfribidi0:amd64 (0.19.7-2) ...\r\nSelecting previously unselected package libslang2:amd64.\r\nPreparing to unpack .../004-libslang2_2.3.1a-3ubuntu1_amd64.deb ...\r\nUnpacking libslang2:amd64 (2.3.1a-3ubuntu1) ...\r\nSelecting previously unselected package shared-mime-info.\r\nPreparing to unpack .../005-shared-mime-info_1.9-2_amd64.deb ...\r\nUnpacking shared-mime-info (1.9-2) ...\r\nSelecting previously unselected package xkb-data.\r\nPreparing to unpack .../006-xkb-data_2.23.1-1ubuntu1.18.04.1_all.deb ...\r\nUnpacking xkb-data (2.23.1-1ubuntu1.18.04.1) ...\r\nSelecting previously unselected package libdrm-common.\r\nPreparing to unpack .../007-libdrm-common_2.4.101-2~18.04.1_all.deb ...\r\nUnpacking libdrm-common (2.4.101-2~18.04.1) ...\r\nSelecting previously unselected package libdrm2:amd64.\r\nPreparing to unpack .../008-libdrm2_2.4.101-2~18.04.1_amd64.deb ...\r\nUnpacking libdrm2:amd64 (2.4.101-2~18.04.1) ...\r\nSelecting previously unselected package libnuma1:amd64.\r\nPreparing to unpack .../009-libnuma1_2.0.11-2.1ubuntu0.1_amd64.deb ...\r\nUnpacking libnuma1:amd64 (2.0.11-2.1ubuntu0.1) ...\r\nSelecting previously unselected package libusb-1.0-0:amd64.\r\nPreparing to unpack .../010-libusb-1.0-0_2%3a1.0.21-2_amd64.deb ...\r\nUnpacking libusb-1.0-0:amd64 (2:1.0.21-2) ...\r\nSelecting previously unselected package wget.\r\nPreparing to unpack .../011-wget_1.19.4-1ubuntu2.2_amd64.deb ...\r\nUnpacking wget (1.19.4-1ubuntu2.2) ...\r\nSelecting previously unselected package build-essential.\r\nPreparing to unpack .../012-build-essential_12.4ubuntu1_amd64.deb ...\r\nUnpacking build-essential (12.4ubuntu1) ...\r\nSelecting previously unselected package cmake-data.\r\nPreparing to unpack .../013-cmake-data_3.10.2-1ubuntu2.18.04.2_all.deb ...\r\nUnpacking cmake-data (3.10.2-1ubuntu2.18.04.2) ...\r\nSelecting previously unselected package libarchive13:amd64.\r\nPreparing to unpack .../014-libarchive13_3.2.2-3.1ubuntu0.7_amd64.deb ...\r\nUnpacking libarchive13:amd64 (3.2.2-3.1ubuntu0.7) ...\r\nSelecting previously unselected package libjsoncpp1:amd64.\r\nPreparing to unpack .../015-libjsoncpp1_1.7.4-3_amd64.deb ...\r\nUnpacking libjsoncpp1:amd64 (1.7.4-3) ...\r\nSelecting previously unselected package librhash0:amd64.\r\nPreparing to unpack .../016-librhash0_1.3.6-2_amd64.deb ...\r\nUnpacking librhash0:amd64 (1.3.6-2) ...\r\nSelecting previously unselected package libuv1:amd64.\r\nPreparing to unpack .../017-libuv1_1.18.0-3_amd64.deb ...\r\nUnpacking libuv1:amd64 (1.18.0-3) ...\r\nSelecting previously unselected package cmake.\r\nPreparing to unpack .../018-cmake_3.10.2-1ubuntu2.18.04.2_amd64.deb ...\r\nUnpacking cmake (3.10.2-1ubuntu2.18.04.2) ...\r\nSelecting previously unselected package libva2:amd64.\r\nPreparing to unpack .../019-libva2_2.1.0-3_amd64.deb ...\r\nUnpacking libva2:amd64 (2.1.0-3) ...\r\nSelecting previously unselected package libva-drm2:amd64.\r\nPreparing to unpack .../020-libva-drm2_2.1.0-3_amd64.deb ...\r\nUnpacking libva-drm2:amd64 (2.1.0-3) ...\r\nSelecting previously unselected package libxfixes3:amd64.\r\nPreparing to unpack .../021-libxfixes3_1%
[...]
&quot;  \&quot;c1326ea0319fc6421005841ad2fc33c120196fe56ab13ab30ab2a253804afd8a\&quot;,&quot;,
&quot;  \&quot;9cc8fc4379d843a1a059826e97333a4dbc247f691384922d8fa5d073c6f152ed\&quot;,&quot;,
&quot;  \&quot;50169148807cfd0dc0588c486bf26287e3a0c264250008e47fe063a58759899f\&quot;,&quot;,
&quot;  \&quot;8b5d1dee0107282da8844962b3a479138c5db1487439f573efb116a3a4d5fa46\&quot;,&quot;,
&quot;  \&quot;5063b4a7e3128ef7ddd8aa2440da9b2e71198fbfdde2bd081de891b8d3538a4e\&quot;,&quot;,
&quot;  \&quot;98abdcc25db65092d039d0c5cfedccfd743e5d45e8a8adb281f3e59e16f39cc5\&quot;,&quot;,
&quot;  \&quot;07825709f64f4b80b803b69763a0894c1e13a1bd64a7f907661fc25069389711\&quot;,&quot;,
&quot;  \&quot;77dc91b810836cd8f2560a6c0655611073787fe3d2affc2eec6f2b72cf0b9e0d\&quot;,&quot;,
&quot;  \&quot;2e0732627ff83c187185e8834cf5a864f159b463dc74c19c738ea71f1081c72f\&quot;,&quot;,
&quot;  \&quot;332dc729ea960ecd084eb83757a6e5ea452167199d8ef31c6fb7ce10668b5b38\&quot;,&quot;,
&quot;  \&quot;79c4333ad08947927f2a11f794b5e6841966b50533dbf66f1a440293f311611b\&quot;,&quot;,
&quot;  \&quot;4b319e76959dee3d5ec0e42d3110b0de3f8d7587f3abf90eeac437e182c531ae\&quot;,&quot;,
&quot;  \&quot;5ba74e03ecba6b6e01350a43bd4d8d1c1261b13df468d9d7070e92b5d01e2154\&quot;,&quot;,
&quot;  \&quot;4b10f108fe0df491d8d52dae9970efed197a420390f1f476a4ae039d506cc524\&quot;,&quot;,
&quot;  \&quot;4aa4ba7c0f2badfcf58c0fdcbbab9af6a8476d07f504003bcad1f67be9949eb1\&quot;,&quot;,
&quot;  \&quot;fdda587ad2637c40d1c7a585f9465642eae94547b6097ee8691242dbbcde1f9c\&quot;,&quot;,
&quot;  \&quot;77abcecebe4eb131efe532147c53afb752eb2d17116892db28704d21668421f3\&quot;,&quot;,
&quot;  \&quot;432cfdb683d884eaa04a39a7f9620943876f88ae3a6d3976c531fd8de85f4d4d\&quot;,&quot;,
&quot;  \&quot;2543723faea0fc0104e3fc6922ef6ef66b742fc74c558c14ee4051f3848e0d14\&quot;,&quot;,
&quot;  \&quot;5141b2ef30c36a3c76ea3505def94e80675a0289a99b8823cd408d01c1439f96\&quot;,&quot;,
&quot;  \&quot;4601d02500ccb4a84c9c861c44bfe23066f6580fc9cfd3dc3516c3b62c925bfc\&quot;,&quot;,
&quot;  \&quot;1a158710c5a513ec5e2a4e82542aee630b1b427ab44248bac7cdaf4cb5d88c42\&quot;,&quot;,
&quot;  \&quot;a47c0abecbb15df52d0a745a1307069a323098bc7756a5dbbd189309008928d1\&quot;,&quot;,
&quot;  \&quot;a21252329ecfa0d20a9307c13d4f9833e22f1168644995f4e68809a2b5b00bb7\&quot;,&quot;,
&quot;  \&quot;c8dc755e6f3851c904f703baab5ab33d8876585c090f355c748dc03a934b9d30\&quot;,&quot;,
&quot;  \&quot;235ea7a3640e093516b22fd5c14ed948bbbebca1b5cf540e94d131767f310698\&quot;,&quot;,
&quot;  \&quot;9445deef97520ae19a38a64ff9dee39706683a80215916f39beccb4ed2d0939b\&quot;,&quot;,
&quot;  \&quot;933c822eae472a1b238a2e8c622a376b78beb9ad9d11ad067c58b7273dd7f50e\&quot;,&quot;,
&quot;  \&quot;e5a365235acf067eedf2bfb2e9f0d9368233c206540cfa8726c38139decddcff\&quot;,&quot;,
&quot;  \&quot;d797f58bacc3f5aea6d67e8e385e3233e852b9b443377697911e53fcd3cbb150\&quot;,&quot;,
&quot;  \&quot;4c19e7108d82ecc48c81d6b74f8b7e019a0d17c03d0d1091fd465695baaa4795\&quot;,&quot;,
&quot;  \&quot;b62c26137746637f447d5144a4ca2510e1aa4878d3dee465e6997a04c37812d6\&quot;,&quot;,
&quot;  \&quot;1ef4e155b1be56d15fa8a86824ea8eace5bf97d765ad36872020b5a37600b0ec\&quot;,&quot;,
&quot;  \&quot;853041532b3e542940a38ea56716b0f2e8a2c9148b43184dd95acfcc6d7e1932\&quot;,&quot;,
&quot;  \&quot;a6c6fafc90717fe5717ddabcd6b67fb5840942a1d0ab3a474e5257117fc7bbb3\&quot;,&quot;,
&quot;  \&quot;e4f4e0b57aa7d2e8aeac6501eb07ba28b099dded55445de112c6e38cb5b3e8a5\&quot;,&quot;,
&quot;  \&quot;c8943b8b2a5a228054d581c35b5b6905199bf792ef3cb059a0d4a6d5a088261c\&quot;,&quot;,
&quot;  \&quot;5d3714f50575671a87696d16bb7c1cf6fdbbf13da7df4bb7d4523cc22f742941\&quot;,&quot;,
&quot;  \&quot;00b56ea9086111c1a600610f488e49e308c8dc59b634f04d49b341430fe2e487\&quot;,&quot;,
&quot;  \&quot;7445047a463345767bd80b5b61533044642f6b6f9bc60fac1c339598aab0c499\&quot;,&quot;,
&quot;  \&quot;b13e7b52c2a56d96625124c438c3d75bd110f40373daa45ab069700a92e87365\&quot;,&quot;,
&quot;  \&quot;e5c4e9d8ba05dcbfa6b3d0b3436d89639d5175de87ae144b5cfeb13d00a9fa56\&quot;,&quot;,
&quot;  \&quot;cb0a48fc8ed6ee4125ac79b281c0a00559b49c5a6955af1f5348081e1f9b7ec4\&quot;,&quot;,
&quot;  \&quot;404dd355e89342ac69ace5d862f9a7204ca57f1f0c5206de977487b7fa5b2a9e\&quot;,&quot;,
&quot;  \&quot;ec5eff3263598240cb532064648880bf24cbb0a8aa42da7336c0eaa6c7534417\&quot;,&quot;,
&quot;  \&quot;f2ab39fa275cfdc23a0a08fe89844666dd4a12f6fa69b63c4ea892e5b5821623\&quot;,&quot;,
&quot;  \&quot;e5f103633c982af3d03efa545ee0dcd7f262655b999c12ea6d9ab3663f30e3ce\&quot;,&quot;,
&quot;  \&quot;e9e32019aa1088737259db4a9dae829524d772a51c7b99bc902e1ededb06342b\&quot;,&quot;,
&quot;  \&quot;cf24fa541bd26ae8ba75f67bf0c449541ff2dba0d26873f8194d607c0a4b676a\&quot;,&quot;,
&quot;  \&quot;083dac1bb078d19128b30dc36138588e72053dee4ad36157d7765ea5cd294417\&quot;,&quot;,
&quot;  \&quot;1aea3b7450d0ded9f4cbffdcd080b966d8539be778463f81e2264ba1cf36e63e\&quot;,&quot;,
&quot;  \&quot;698abff52a7883e7e8cc3c1241c17fdd9d5d4c638e4818ccb27dda495ffca19a\&quot;,&quot;,
&quot;  \&quot;8174564263832b4fc8f4fd8ef9163109f190ad4e6bc05a875ac507a8cdc2fd86\&quot;,&quot;,
&quot;  \&quot;ab17808f10d8c1acea314a6254595587e2273b18d8cb45329d766b8c14d4c818\&quot;,&quot;,
&quot;  \&quot;a62ef882083b6582b3bc1227144fd45f7576970645a24f5f7e3d325328f37a15\&quot;,&quot;,
&quot;  \&quot;928c8c9bae9864a16080206a7459b771fd71bc0dcc966834cf6b4196cd2cf24c\&quot;,&quot;,
&quot;  \&quot;54382d519e9e938d53da2cf3ddaba28a30cafbac4e5be2a50ef31c304f5766df\&quot;,&quot;,
&quot;  \&quot;32b8192b6cc624a6d7bf674955a76bdfc5c830fbff1ca8f6c7a6e80f62ffa168\&quot;,&quot;,
&quot;  \&quot;dc2036f67a3265adc69e35d7b534ce37c289a8a0af7e861078af8c05c4c43c17\&quot;,&quot;,
&quot;  \&quot;f7c44ddb524ba54c9323975b074ac6529eb56a24402c36f6804b145f558055c5\&quot;,&quot;,
&quot;  \&quot;bd5e9aebaf2101781a091bf7365f29094d8e45fa988b1bed8e245342403028a9\&quot;,&quot;,
&quot;  \&quot;9395f38e492d884eab21eff24da3e097c33fee7ebe0a8ee6e5179420801c9356\&quot;,&quot;,
&quot;  \&quot;0d601a5a56ced45997f1c9fbe1d009a29efebc2efbfd2f329fd050bac1c9fef3\&quot;,&quot;,
&quot;  \&quot;a3b49c8799d8f448c92967d1e8568299f96b70c806784c22477b5703c9114633\&quot;,&quot;,
&quot;  \&quot;3197ff531866bd7f49f10fe0407f41c5a0202193f5199a8b1179718a574bac92\&quot;,&quot;,
&quot;  \&quot;410ac769d11f2a30a44210bfefe8e14044e6715e830068d2c81b51fae42ea8e4\&quot;,&quot;,
&quot;  \&quot;e64e1ae770327fc6087e34f32e4fe006cbca77e89b1fbef3fd33547bf4ef89ce\&quot;,&quot;,
&quot;  \&quot;32d5634834befcfa56039646e58d57930ea09ae093c1ae1da6fc5c3df97932e3\&quot;,&quot;,
&quot;  \&quot;2bbf76f8e078c973702b1fa5af82e0f7e05b9637d72cfe9bc4dc3c911474edb9\&quot;,&quot;,
&quot;  \&quot;3bccf2f29b100261c5a07f04e4e2c67b3a1c2d8f48281b3448ee6ed01fa8c6c4\&quot;,&quot;,
&quot;  \&quot;bd87f0c5b32e3972ed29c5ac84d5169e619d514e47dd4889a2196db366ea46fd\&quot;,&quot;,
&quot;  \&quot;29c0b8b9f926a2465ce5b52b22a32ed651a92a7f45208eef367dc7d12b136d17\&quot;,&quot;,
&quot;  \&quot;693b030f154815d2b380cf8ac8878551588283e3143380c969d4493d6c8e22ba\&quot;,&quot;,
&quot;  \&quot;e740bbdd7526fed18dae81f07935bb470e69e179d6533d5ea44fb95e96016fb8\&quot;,&quot;,
&quot;  \&quot;4b7b76848439959fea1ad61863a9ab1cd9d863a7a50a2cc1f22d2ff88abc645f\&quot;,&quot;,
&quot;  \&quot;86ab251252b457b830cae0d5fbdf361313f4005b871a014894a852b001f29527\&quot;,&quot;,
&quot;  \&quot;f0b3436543e16d1377961705e0b74a54cf2f02e6854fcd621192269079b263fd\&quot;,&quot;,
&quot;  \&quot;401d87cc9048a3f8a0d79f67caf5ef54252b85e4a8d24aa5e72061912377b29b\&quot;,&quot;,
&quot;  \&quot;91dc30690864bf71e294ccf3b27755848c85bcb9db4b0fdac67df8a2f8dd15fb\&quot;,&quot;,
&quot;  \&quot;daa7d2c7c20a75e23acdb2656ec459c0f7ede4049d95b331dda624d565138b20\&quot;,&quot;,
&quot;  \&quot;bb869f4e30d3af184fdfd3cfbc9126f32809b618d5ccb1401bff2c39f1c91599\&quot;,&quot;,
&quot;  \&quot;7c85367abcd1e890de04344dfcd3ec8b5bf5a9eadd5340963592ab5a51475ea5\&quot;,&quot;,
&quot;  \&quot;f0d93f26735885aa0dc4c43fd321d06ca9b9d991d209f5052986d6f57b6afa6e\&quot;,&quot;,
&quot;  \&quot;d3c5396b91d6b2c6c6eb4f1ebf7d3e30ec107c2213f85d533b7c3e2ec5e3af2b\&quot;,&quot;,
&quot;  \&quot;5138d2e8be072f92609238c720e53e3acf03e9f7e38f83570b810787acfda985\&quot;,&quot;,
&quot;  \&quot;66e5514f35a91f796d7bf04036fcff9ed1cc86b3d6b1ca8613cf168cd270d60f\&quot;,&quot;,
&quot;  \&quot;42d466b65f6b5b302c4288989a67f72f9472a2dff5a1ec51e9475890533b4966\&quot;,&quot;,
&quot;  \&quot;a11458936244612fbcc5b2b534821f2bda503bfc2b135e3a77154d2c2afff217\&quot;,&quot;,
&quot;  \&quot;b861422d5cb641302a304283b889f237891aa0afba8a882e479e2cf61390b449\&quot;,&quot;,
&quot;  \&quot;45a5b9ec5a6b9605feac2b4b18148731bf7ae3bb7cc1c873a17a079224685231\&quot;,&quot;,
&quot;  \&quot;0833e5ea615cd87d16f4b0183bd8411ef2e621ef3efa9f17cd8a759c25e54252\&quot;,&quot;,
&quot;  \&quot;9285c92a1fcedc4a7bc1d6510a3f3405c26070ef5968edcdb5f1de6d9951b67a\&quot;,&quot;,
&quot;  \&quot;59f39b1e3687be5e88643b95c0c3f8073178ade3286fa176424815289131d7d3\&quot;,&quot;,
&quot;  \&quot;9e4204db9e83461d39527a61a4e23abf0db8f69e4a0352197ae19931e4c51eb4\&quot;,&quot;,
&quot;  \&quot;6450d4a5b9e01c63348a16d849d8c596dc3cd2e4d32bf379040458d475ce2274\&quot;,&quot;,
&quot;  \&quot;f7d8469521008062d6a3cb5f62ac86f2970e97b86fcceb8669e328939761557b\&quot;,&quot;,
&quot;  \&quot;3436524506cb3675b1936b698e2544609f3cae00f7e8a7c305af9d0c4befbe7d\&quot;,&quot;,
&quot;  \&quot;7b83ac37e4be3027d8cde4d5c8789ebeb40dc679eb2060ba5087ee5c1fae5319\&quot;&quot;,
&quot;]&quot;
]
}</system-out>
		</testcase>
		<testcase classname="/root/ansible_collections/community/lbry/tests/output/.tmp/integration/lbry_publish-tpoce_ji-ÅÑŚÌβŁÈ/tests/integration/targets/setup_regtest/tasks/main.yml:106" name="[testhost] testhost: setup_regtest : Start lbrynet daemon chdir=/opt, _raw_params=nohup ./lbrynet start --api 127.0.0.1:5279 --streaming-server 127.0.0.1:5280 --config ~/daemon_settings.yml &amp;" time="2.215608">
			<system-out>{
&quot;changed&quot;: true,
&quot;cmd&quot;: &quot;nohup ./lbrynet start --api 127.0.0.1:5279 --streaming-server 127.0.0.1:5280 --config ~/daemon_settings.yml &amp;&quot;,
&quot;delta&quot;: &quot;0:00:01.965307&quot;,
&quot;end&quot;: &quot;2021-09-10 08:22:05.127765&quot;,
&quot;rc&quot;: 0,
&quot;start&quot;: &quot;2021-09-10 08:22:03.162458&quot;,
&quot;stderr&quot;: &quot;2021-09-10 08:22:04,119 INFO     lbry.extras.daemon.daemon:463: Starting LBRYNet Daemon\n2021-09-10 08:22:04,121 INFO     lbry.extras.daemon.daemon:465: Platform: {\n  \&quot;processor\&quot;: \&quot;x86_64\&quot;,\n  \&quot;python_version\&quot;: \&quot;3.7.10\&quot;,\n  \&quot;platform\&quot;: \&quot;Linux-5.10.25-linuxkit-x86_64-with-debian-buster-sid\&quot;,\n  \&quot;os_release\&quot;: \&quot;5.10.25-linuxkit\&quot;,\n  \&quot;os_system\&quot;: \&quot;Linux\&quot;,\n  \&quot;lbrynet_version\&quot;: \&quot;0.102.0\&quot;,\n  \&quot;version\&quot;: \&quot;0.102.0\&quot;,\n  \&quot;build\&quot;: \&quot;release\&quot;,\n  \&quot;distro\&quot;: {\n    \&quot;id\&quot;: \&quot;ubuntu\&quot;,\n    \&quot;version\&quot;: \&quot;18.04\&quot;,\n    \&quot;version_parts\&quot;: {\n      \&quot;major\&quot;: \&quot;18\&quot;,\n      \&quot;minor\&quot;: \&quot;04\&quot;,\n      \&quot;build_number\&quot;: \&quot;\&quot;\n    },\n    \&quot;like\&quot;: \&quot;debian\&quot;,\n    \&quot;codename\&quot;: \&quot;bionic\&quot;\n  },\n  \&quot;desktop\&quot;: \&quot;Unknown\&quot;\n}\n2021-09-10 08:22:04,122 INFO     lbry.extras.daemon.daemon:475: RPC server listening on TCP 127.0.0.1:5279\n2021-09-10 08:22:04,122 INFO     lbry.extras.daemon.daemon:485: media server listening on TCP 127.0.0.1:5280\n2021-09-10 08:22:04,123 INFO     lbry.extras.daemon.components:76: Loading databases\n2021-09-10 08:22:04,123 INFO     lbry.extras.daemon.components:79: db_revision file not found. Creating it\n2021-09-10 08:22:04,123 INFO     lbry.wallet.database:438: connecting to database: /root/.lbrynet/lbrynet.sqlite\n2021-09-10 08:22:04,125 INFO     lbry.extras.daemon.components:565: detecting external ip\n2021-09-10 08:22:04,126 INFO     lbry.extras.daemon.exchange_rate_manager:215: Starting exchange rate manager&quot;,
&quot;stderr_lines&quot;: [
&quot;2021-09-10 08:22:04,119 INFO     lbry.extras.daemon.daemon:463: Starting LBRYNet Daemon&quot;,
&quot;2021-09-10 08:22:04,121 INFO     lbry.extras.daemon.daemon:465: Platform: {&quot;,
&quot;  \&quot;processor\&quot;: \&quot;x86_64\&quot;,&quot;,
&quot;  \&quot;python_version\&quot;: \&quot;3.7.10\&quot;,&quot;,
&quot;  \&quot;platform\&quot;: \&quot;Linux-5.10.25-linuxkit-x86_64-with-debian-buster-sid\&quot;,&quot;,
&quot;  \&quot;os_release\&quot;: \&quot;5.10.25-linuxkit\&quot;,&quot;,
&quot;  \&quot;os_system\&quot;: \&quot;Linux\&quot;,&quot;,
&quot;  \&quot;lbrynet_version\&quot;: \&quot;0.102.0\&quot;,&quot;,
&quot;  \&quot;version\&quot;: \&quot;0.102.0\&quot;,&quot;,
&quot;  \&quot;build\&quot;: \&quot;release\&quot;,&quot;,
&quot;  \&quot;distro\&quot;: {&quot;,
&quot;    \&quot;id\&quot;: \&quot;ubuntu\&quot;,&quot;,
&quot;    \&quot;version\&quot;: \&quot;18.04\&quot;,&quot;,
&quot;    \&quot;version_parts\&quot;: {&quot;,
&quot;      \&quot;major\&quot;: \&quot;18\&quot;,&quot;,
&quot;      \&quot;minor\&quot;: \&quot;04\&quot;,&quot;,
&quot;      \&quot;build_number\&quot;: \&quot;\&quot;&quot;,
&quot;    },&quot;,
&quot;    \&quot;like\&quot;: \&quot;debian\&quot;,&quot;,
&quot;    \&quot;codename\&quot;: \&quot;bionic\&quot;&quot;,
&quot;  },&quot;,
&quot;  \&quot;desktop\&quot;: \&quot;Unknown\&quot;&quot;,
&quot;}&quot;,
&quot;2021-09-10 08:22:04,122 INFO     lbry.extras.daemon.daemon:475: RPC server listening on TCP 127.0.0.1:5279&quot;,
&quot;2021-09-10 08:22:04,122 INFO     lbry.extras.daemon.daemon:485: media server listening on TCP 127.0.0.1:5280&quot;,
&quot;2021-09-10 08:22:04,123 INFO     lbry.extras.daemon.components:76: Loading databases&quot;,
&quot;2021-09-10 08:22:04,123 INFO     lbry.extras.daemon.components:79: db_revision file not found. Creating it&quot;,
&quot;2021-09-10 08:22:04,123 INFO     lbry.wallet.database:438: connecting to database: /root/.lbrynet/lbrynet.sqlite&quot;,
&quot;2021-09-10 08:22:04,125 INFO     lbry.extras.daemon.components:565: detecting external ip&quot;,
&quot;2021-09-10 08:22:04,126 INFO     lbry.extras.daemon.exchange_rate_manager:215: Starting exchange rate manager&quot;
],
&quot;stdout&quot;: &quot;&quot;,
&quot;stdout_lines&quot;: []
}</system-out>
		</testcase>
		<testcase classname="/root/ansible_collections/community/lbry/tests/output/.tmp/integration/lbry_publish-tpoce_ji-ÅÑŚÌβŁÈ/tests/integration/targets/setup_regtest/tasks/main.yml:111" name="[testhost] testhost: setup_regtest : Wait for lbrynet to respond port=5279, delay=5, timeout=30" time="5.387767">
			<system-out>{
&quot;changed&quot;: false,
&quot;elapsed&quot;: 5,
&quot;match_groupdict&quot;: {},
&quot;match_groups&quot;: [],
&quot;path&quot;: null,
&quot;port&quot;: 5279,
&quot;search_regex&quot;: null,
&quot;state&quot;: &quot;started&quot;
}</system-out>
		</testcase>
		<testcase classname="/root/ansible_collections/community/lbry/tests/output/.tmp/integration/lbry_publish-tpoce_ji-ÅÑŚÌβŁÈ/tests/integration/targets/setup_regtest/tasks/main.yml:117" name="[testhost] testhost: setup_regtest : Wait for lbrynet server components to fully load" time="42.456276">
			<system-out>{
&quot;attempts&quot;: 5,
&quot;changed&quot;: false,
&quot;jsonrpc&quot;: &quot;2.0&quot;,
&quot;result&quot;: {
&quot;blob_manager&quot;: {
&quot;connections&quot;: {
&quot;incoming_bps&quot;: {},
&quot;max_incoming_mbs&quot;: 0.0,
&quot;max_outgoing_mbs&quot;: 0.0,
&quot;outgoing_bps&quot;: {},
&quot;total_incoming_mbs&quot;: 0.0,
&quot;total_outgoing_mbs&quot;: 0.0,
&quot;total_received&quot;: 0,
&quot;total_sent&quot;: 0
},
&quot;finished_blobs&quot;: 0
},
&quot;dht&quot;: {
&quot;node_id&quot;: &quot;e4f5c526a82cceec82caf7492df54c08c277ce0a60af91b88f09231d6a31e2361dc86c13d65edbdc9cadd5ef5321983a&quot;,
&quot;peers_in_routing_table&quot;: 53
},
&quot;disk_space&quot;: {
&quot;running&quot;: true,
&quot;space_used&quot;: &quot;0&quot;
},
&quot;ffmpeg_status&quot;: {
&quot;analyze_audio_volume&quot;: true,
&quot;available&quot;: true,
&quot;which&quot;: &quot;/usr/bin/ffmpeg&quot;
},
&quot;file_manager&quot;: {
&quot;managed_files&quot;: 0
},
&quot;hash_announcer&quot;: {
&quot;announce_queue_size&quot;: 0
},
&quot;installation_id&quot;: &quot;frPmCb4XjeMLJMgnkHyghJHuSf7PqFMJL5XSjQKgi2h6UMfmz472Zx3wSL2DrRvqL&quot;,
&quot;is_running&quot;: true,
&quot;skipped_components&quot;: [],
&quot;startup_status&quot;: {
&quot;blob_manager&quot;: true,
&quot;database&quot;: true,
&quot;dht&quot;: true,
&quot;disk_space&quot;: true,
&quot;exchange_rate_manager&quot;: true,
&quot;file_manager&quot;: true,
&quot;hash_announcer&quot;: true,
&quot;libtorrent_component&quot;: true,
&quot;peer_protocol_server&quot;: true,
&quot;upnp&quot;: true,
&quot;wallet&quot;: true,
&quot;wallet_server_payments&quot;: true
},
&quot;upnp&quot;: {
&quot;aioupnp_version&quot;: &quot;0.0.18&quot;,
&quot;dht_redirect_set&quot;: false,
&quot;external_ip&quot;: &quot;2.120.149.149&quot;,
&quot;gateway&quot;: &quot;No gateway found&quot;,
&quot;peer_redirect_set&quot;: false,
&quot;redirects&quot;: {}
},
&quot;wallet&quot;: {
&quot;available_servers&quot;: 1,
&quot;best_blockhash&quot;: &quot;e2518bd301be771ab606daa0ae26686808210856f57665e12bafd36da2e6fc5e&quot;,
&quot;blocks&quot;: 1026586,
&quot;blocks_behind&quot;: 0,
&quot;connected&quot;: &quot;spv18.lbry.com:50001&quot;,
&quot;connected_features&quot;: {
&quot;daily_fee&quot;: &quot;0&quot;,
&quot;description&quot;: &quot;&quot;,
&quot;donation_address&quot;: &quot;&quot;,
&quot;genesis_hash&quot;: &quot;9c89283ba0f3227f6c03b70216b9f665f0118d5e0fa729cedf4fb34d6a34f463&quot;,
&quot;hash_function&quot;: &quot;sha256&quot;,
&quot;hosts&quot;: {},
&quot;payment_address&quot;: &quot;&quot;,
&quot;protocol_max&quot;: &quot;0.199.0&quot;,
&quot;protocol_min&quot;: &quot;0.54.0&quot;,
&quot;pruning&quot;: null,
&quot;server_version&quot;: &quot;0.102.0&quot;,
&quot;trending_algorithm&quot;: &quot;variable_decay&quot;
},
&quot;headers_synchronization_progress&quot;: 100,
&quot;known_servers&quot;: 5,
&quot;servers&quot;: [
{
&quot;availability&quot;: true,
&quot;host&quot;: &quot;spv18.lbry.com&quot;,
&quot;latency&quot;: 0.04826980999996522,
&quot;port&quot;: 50001
}
]
},
&quot;wallet_server_payments&quot;: {
&quot;max_fee&quot;: &quot;0.0&quot;,
&quot;running&quot;: false
}
}
}</system-out>
		</testcase>
		<testcase classname="/root/ansible_collections/community/lbry/tests/output/.tmp/integration/lbry_publish-tpoce_ji-ÅÑŚÌβŁÈ/tests/integration/targets/setup_regtest/tasks/main.yml:124" name="[testhost] testhost: setup_regtest : Create a new wallet and default account wallet_id=mywallet, state=present, create_account=True" time="0.945677">
			<system-out>{
&quot;changed&quot;: false,
&quot;jsonrpc&quot;: &quot;2.0&quot;,
&quot;result&quot;: {
&quot;id&quot;: &quot;mywallet&quot;,
&quot;name&quot;: &quot;My Wallet&quot;
}
}</system-out>
		</testcase>
		<testcase classname="/root/ansible_collections/community/lbry/tests/output/.tmp/integration/lbry_publish-tpoce_ji-ÅÑŚÌβŁÈ/tests/integration/targets/setup_regtest/tasks/main.yml:130" name="[testhost] testhost: setup_regtest : Send credits to wallet creates=mywallet.success, chdir=/opt, _raw_params=lbrycrd-cli sendtoaddress mywallet 100 &amp;&amp; touch mywallet.success" time="0.261973">
			<failure message="non-zero return code" type="failure">{
&quot;changed&quot;: true,
&quot;cmd&quot;: &quot;lbrycrd-cli sendtoaddress mywallet 100 &amp;&amp; touch mywallet.success&quot;,
&quot;delta&quot;: &quot;0:00:00.002326&quot;,
&quot;end&quot;: &quot;2021-09-10 08:22:54.301666&quot;,
&quot;msg&quot;: &quot;non-zero return code&quot;,
&quot;rc&quot;: 127,
&quot;start&quot;: &quot;2021-09-10 08:22:54.299340&quot;,
&quot;stderr&quot;: &quot;/bin/sh: 1: lbrycrd-cli: not found&quot;,
&quot;stderr_lines&quot;: [
&quot;/bin/sh: 1: lbrycrd-cli: not found&quot;
],
&quot;stdout&quot;: &quot;&quot;,
&quot;stdout_lines&quot;: []
}</failure>
		</testcase>
	</testsuite>
</testsuites>
